[I 2025-05-23 20:42:26,331] Trial 4 finished with value: 5253.562484577971 and parameters: {'changepoint_prior_scale': 0.08321915184501555, 'seasonality_prior_scale': 0.5157463384983229, 'n_changepoints': 18}. Best is trial 1 with value: 4766.554881076104.
C:\LocalHost\OptiBack\modulo_demanda\Algoritmo_Prophet\forecast_model.py:103: FutureWarning: suggest_loguniform has been deprecated in v3.0.0. This feature will be removed in v6.0.0. See https://github.com/optuna/optuna/releases/tag/v3.0.0. Use suggest_float(..., log=True) instead.
  cps = trial.suggest_loguniform("changepoint_prior_scale", 0.001, 0.5)
C:\LocalHost\OptiBack\modulo_demanda\Algoritmo_Prophet\forecast_model.py:104: FutureWarning: suggest_loguniform has been deprecated in v3.0.0. This feature will be removed in v6.0.0. See https://github.com/optuna/optuna/releases/tag/v3.0.0. Use suggest_float(..., log=True) instead.
  sps = trial.suggest_loguniform("seasonality_prior_scale", 0.01, 10.0)
  0%|          | 0/2 [00:00<?, ?it/s] 50%|#####     | 1/2 [00:00<00:00,  1.11it/s]100%|##########| 2/2 [00:01<00:00,  1.35it/s]100%|##########| 2/2 [00:01<00:00,  1.31it/s]
[I 2025-05-23 20:42:28,790] Trial 5 finished with value: 5203.928339726744 and parameters: {'changepoint_prior_scale': 0.038949929389878214, 'seasonality_prior_scale': 1.7714969732213521, 'n_changepoints': 7}. Best is trial 1 with value: 4766.554881076104.
C:\LocalHost\OptiBack\modulo_demanda\Algoritmo_Prophet\forecast_model.py:103: FutureWarning: suggest_loguniform has been deprecated in v3.0.0. This feature will be removed in v6.0.0. See https://github.com/optuna/optuna/releases/tag/v3.0.0. Use suggest_float(..., log=True) instead.
  cps = trial.suggest_loguniform("changepoint_prior_scale", 0.001, 0.5)
C:\LocalHost\OptiBack\modulo_demanda\Algoritmo_Prophet\forecast_model.py:104: FutureWarning: suggest_loguniform has been deprecated in v3.0.0. This feature will be removed in v6.0.0. See https://github.com/optuna/optuna/releases/tag/v3.0.0. Use suggest_float(..., log=True) instead.
  sps = trial.suggest_loguniform("seasonality_prior_scale", 0.01, 10.0)
  0%|          | 0/2 [00:00<?, ?it/s] 50%|#####     | 1/2 [00:01<00:01,  1.73s/it]100%|##########| 2/2 [00:02<00:00,  1.06s/it]100%|##########| 2/2 [00:02<00:00,  1.16s/it]
[I 2025-05-23 20:42:32,003] Trial 6 finished with value: 4856.712296767102 and parameters: {'changepoint_prior_scale': 0.018598841390886307, 'seasonality_prior_scale': 3.5239931729490137, 'n_changepoints': 20}. Best is trial 1 with value: 4766.554881076104.
C:\LocalHost\OptiBack\modulo_demanda\Algoritmo_Prophet\forecast_model.py:103: FutureWarning: suggest_loguniform has been deprecated in v3.0.0. This feature will be removed in v6.0.0. See https://github.com/optuna/optuna/releases/tag/v3.0.0. Use suggest_float(..., log=True) instead.
  cps = trial.suggest_loguniform("changepoint_prior_scale", 0.001, 0.5)
C:\LocalHost\OptiBack\modulo_demanda\Algoritmo_Prophet\forecast_model.py:104: FutureWarning: suggest_loguniform has been deprecated in v3.0.0. This feature will be removed in v6.0.0. See https://github.com/optuna/optuna/releases/tag/v3.0.0. Use suggest_float(..., log=True) instead.
  sps = trial.suggest_loguniform("seasonality_prior_scale", 0.01, 10.0)
  0%|          | 0/2 [00:00<?, ?it/s] 50%|#####     | 1/2 [00:02<00:02,  3.00s/it]100%|##########| 2/2 [00:03<00:00,  1.60s/it]100%|##########| 2/2 [00:03<00:00,  1.81s/it]
[I 2025-05-23 20:42:36,545] Trial 7 finished with value: 4103.911781901565 and parameters: {'changepoint_prior_scale': 0.2908590485969221, 'seasonality_prior_scale': 0.06814491207290364, 'n_changepoints': 43}. Best is trial 7 with value: 4103.911781901565.
C:\LocalHost\OptiBack\modulo_demanda\Algoritmo_Prophet\forecast_model.py:103: FutureWarning: suggest_loguniform has been deprecated in v3.0.0. This feature will be removed in v6.0.0. See https://github.com/optuna/optuna/releases/tag/v3.0.0. Use suggest_float(..., log=True) instead.
  cps = trial.suggest_loguniform("changepoint_prior_scale", 0.001, 0.5)
C:\LocalHost\OptiBack\modulo_demanda\Algoritmo_Prophet\forecast_model.py:104: FutureWarning: suggest_loguniform has been deprecated in v3.0.0. This feature will be removed in v6.0.0. See https://github.com/optuna/optuna/releases/tag/v3.0.0. Use suggest_float(..., log=True) instead.
  sps = trial.suggest_loguniform("seasonality_prior_scale", 0.01, 10.0)
  0%|          | 0/2 [00:00<?, ?it/s] 50%|#####     | 1/2 [00:02<00:02,  2.05s/it]100%|##########| 2/2 [00:02<00:00,  1.20s/it]100%|##########| 2/2 [00:02<00:00,  1.33s/it]
[I 2025-05-23 20:42:40,168] Trial 8 finished with value: 4905.662480096452 and parameters: {'changepoint_prior_scale': 0.0232747605400302, 'seasonality_prior_scale': 4.263823845429066, 'n_changepoints': 37}. Best is trial 7 with value: 4103.911781901565.
C:\LocalHost\OptiBack\modulo_demanda\Algoritmo_Prophet\forecast_model.py:103: FutureWarning: suggest_loguniform has been deprecated in v3.0.0. This feature will be removed in v6.0.0. See https://github.com/optuna/optuna/releases/tag/v3.0.0. Use suggest_float(..., log=True) instead.
  cps = trial.suggest_loguniform("changepoint_prior_scale", 0.001, 0.5)
C:\LocalHost\OptiBack\modulo_demanda\Algoritmo_Prophet\forecast_model.py:104: FutureWarning: suggest_loguniform has been deprecated in v3.0.0. This feature will be removed in v6.0.0. See https://github.com/optuna/optuna/releases/tag/v3.0.0. Use suggest_float(..., log=True) instead.
  sps = trial.suggest_loguniform("seasonality_prior_scale", 0.01, 10.0)
  0%|          | 0/2 [00:00<?, ?it/s] 50%|#####     | 1/2 [00:01<00:01,  1.38s/it]100%|##########| 2/2 [00:02<00:00,  1.03it/s]100%|##########| 2/2 [00:02<00:00,  1.03s/it]
[I 2025-05-23 20:42:43,024] Trial 9 finished with value: 4869.975227734895 and parameters: {'changepoint_prior_scale': 0.00899188243899046, 'seasonality_prior_scale': 1.2244321247268124, 'n_changepoints': 34}. Best is trial 7 with value: 4103.911781901565.
  0%|          | 0/2 [00:00<?, ?it/s] 50%|#####     | 1/2 [00:03<00:03,  3.31s/it]100%|##########| 2/2 [00:04<00:00,  1.82s/it]100%|##########| 2/2 [00:04<00:00,  2.04s/it]
Rendimiento para la combinación BMX_310-BMX_TRADICIONAL-BMX_3001:
  horizon           mse         rmse  ...     mdape     smape  coverage
0 21 days  1.047957e+07  3237.216991  ...  0.147979  0.132074  0.166667
1 28 days  1.489645e+07  3859.592189  ...  0.147979  0.148402  0.333333
2 35 days  1.838837e+07  4288.165901  ...  0.172883  0.171448  0.333333
3 42 days  1.516990e+07  3894.855712  ...  0.121544  0.145542  0.500000
4 49 days  7.516989e+06  2741.712717  ...  0.103644  0.101733  0.500000

[5 rows x 8 columns]
          ds          yhat    yhat_lower    yhat_upper          y     cutoff
0 2022-10-24  24551.922862  22250.968270  26755.157478  21870.375 2022-10-17
1 2022-10-31  20997.509901  18654.021463  23356.026461  18415.000 2022-10-17
2 2022-11-07  22402.640824  20222.994344  24763.393255  18825.000 2022-10-17
3 2022-11-14  22500.895989  20317.522826  24987.231629  15130.500 2022-10-17
4 2022-11-21  22756.025540  20359.523141  25107.986699  21022.875 2022-10-17
Contenido de df_prophet antes de model.fit:
            ds          y  day_of_week  week_of_year  month
0   2021-01-04   8019.875            0             1      1
1   2021-01-11   6782.500            0             2      1
2   2021-01-18   9727.125            0             3      1
3   2021-01-25  13114.000            0             4      1
4   2021-02-01   7556.500            0             5      2
..         ...        ...          ...           ...    ...
151 2023-11-27   6755.875            0            48     11
152 2023-12-04   7389.750            0            49     12
153 2023-12-11   9413.000            0            50     12
154 2023-12-18  10184.625            0            51     12
155 2023-12-25   8204.500            0            52     12

[156 rows x 5 columns]
[I 2025-05-23 20:42:47,975] A new study created in memory with name: no-name-8508f1f9-4104-4f74-a7e1-9c5d461e40a2
C:\LocalHost\OptiBack\modulo_demanda\Algoritmo_Prophet\forecast_model.py:103: FutureWarning: suggest_loguniform has been deprecated in v3.0.0. This feature will be removed in v6.0.0. See https://github.com/optuna/optuna/releases/tag/v3.0.0. Use suggest_float(..., log=True) instead.
  cps = trial.suggest_loguniform("changepoint_prior_scale", 0.001, 0.5)
C:\LocalHost\OptiBack\modulo_demanda\Algoritmo_Prophet\forecast_model.py:104: FutureWarning: suggest_loguniform has been deprecated in v3.0.0. This feature will be removed in v6.0.0. See https://github.com/optuna/optuna/releases/tag/v3.0.0. Use suggest_float(..., log=True) instead.
  sps = trial.suggest_loguniform("seasonality_prior_scale", 0.01, 10.0)
  0%|          | 0/2 [00:00<?, ?it/s] 50%|#####     | 1/2 [00:01<00:01,  1.01s/it]100%|##########| 2/2 [00:01<00:00,  1.25it/s]100%|##########| 2/2 [00:01<00:00,  1.20it/s]
[I 2025-05-23 20:42:50,504] Trial 0 finished with value: 3099.5839214906987 and parameters: {'changepoint_prior_scale': 0.08963810303082417, 'seasonality_prior_scale': 0.01105568658057375, 'n_changepoints': 10}. Best is trial 0 with value: 3099.5839214906987.
C:\LocalHost\OptiBack\modulo_demanda\Algoritmo_Prophet\forecast_model.py:103: FutureWarning: suggest_loguniform has been deprecated in v3.0.0. This feature will be removed in v6.0.0. See https://github.com/optuna/optuna/releases/tag/v3.0.0. Use suggest_float(..., log=True) instead.
  cps = trial.suggest_loguniform("changepoint_prior_scale", 0.001, 0.5)
C:\LocalHost\OptiBack\modulo_demanda\Algoritmo_Prophet\forecast_model.py:104: FutureWarning: suggest_loguniform has been deprecated in v3.0.0. This feature will be removed in v6.0.0. See https://github.com/optuna/optuna/releases/tag/v3.0.0. Use suggest_float(..., log=True) instead.
  sps = trial.suggest_loguniform("seasonality_prior_scale", 0.01, 10.0)
  0%|          | 0/2 [00:00<?, ?it/s] 50%|#####     | 1/2 [00:02<00:02,  2.39s/it]100%|##########| 2/2 [00:03<00:00,  1.45s/it]100%|##########| 2/2 [00:03<00:00,  1.59s/it]
[I 2025-05-23 20:42:54,815] Trial 1 finished with value: 2173.3900772742536 and parameters: {'changepoint_prior_scale': 0.41229507777787533, 'seasonality_prior_scale': 0.1696509388657334, 'n_changepoints': 23}. Best is trial 1 with value: 2173.3900772742536.
C:\LocalHost\OptiBack\modulo_demanda\Algoritmo_Prophet\forecast_model.py:103: FutureWarning: suggest_loguniform has been deprecated in v3.0.0. This feature will be removed in v6.0.0. See https://github.com/optuna/optuna/releases/tag/v3.0.0. Use suggest_float(..., log=True) instead.
  cps = trial.suggest_loguniform("changepoint_prior_scale", 0.001, 0.5)
C:\LocalHost\OptiBack\modulo_demanda\Algoritmo_Prophet\forecast_model.py:104: FutureWarning: suggest_loguniform has been deprecated in v3.0.0. This feature will be removed in v6.0.0. See https://github.com/optuna/optuna/releases/tag/v3.0.0. Use suggest_float(..., log=True) instead.
  sps = trial.suggest_loguniform("seasonality_prior_scale", 0.01, 10.0)
  0%|          | 0/2 [00:00<?, ?it/s] 50%|#####     | 1/2 [00:01<00:01,  1.62s/it]100%|##########| 2/2 [00:02<00:00,  1.09s/it]100%|##########| 2/2 [00:02<00:00,  1.17s/it]
[I 2025-05-23 20:42:58,096] Trial 2 finished with value: 2532.4089165917703 and parameters: {'changepoint_prior_scale': 0.019532717099290085, 'seasonality_prior_scale': 0.010984046398363574, 'n_changepoints': 33}. Best is trial 1 with value: 2173.3900772742536.
C:\LocalHost\OptiBack\modulo_demanda\Algoritmo_Prophet\forecast_model.py:103: FutureWarning: suggest_loguniform has been deprecated in v3.0.0. This feature will be removed in v6.0.0. See https://github.com/optuna/optuna/releases/tag/v3.0.0. Use suggest_float(..., log=True) instead.
  cps = trial.suggest_loguniform("changepoint_prior_scale", 0.001, 0.5)
C:\LocalHost\OptiBack\modulo_demanda\Algoritmo_Prophet\forecast_model.py:104: FutureWarning: suggest_loguniform has been deprecated in v3.0.0. This feature will be removed in v6.0.0. See https://github.com/optuna/optuna/releases/tag/v3.0.0. Use suggest_float(..., log=True) instead.
  sps = trial.suggest_loguniform("seasonality_prior_scale", 0.01, 10.0)
Optimization terminated abnormally. Falling back to Newton.
  0%|          | 0/2 [00:00<?, ?it/s] 50%|#####     | 1/2 [00:01<00:01,  1.04s/it]100%|##########| 2/2 [00:01<00:00,  1.13it/s]100%|##########| 2/2 [00:01<00:00,  1.10it/s]
[I 2025-05-23 20:43:01,511] Trial 3 finished with value: 2413.286321362821 and parameters: {'changepoint_prior_scale': 0.0013896554811500038, 'seasonality_prior_scale': 0.3380308997128528, 'n_changepoints': 15}. Best is trial 1 with value: 2173.3900772742536.
C:\LocalHost\OptiBack\modulo_demanda\Algoritmo_Prophet\forecast_model.py:103: FutureWarning: suggest_loguniform has been deprecated in v3.0.0. This feature will be removed in v6.0.0. See https://github.com/optuna/optuna/releases/tag/v3.0.0. Use suggest_float(..., log=True) instead.
  cps = trial.suggest_loguniform("changepoint_prior_scale", 0.001, 0.5)
C:\LocalHost\OptiBack\modulo_demanda\Algoritmo_Prophet\forecast_model.py:104: FutureWarning: suggest_loguniform has been deprecated in v3.0.0. This feature will be removed in v6.0.0. See https://github.com/optuna/optuna/releases/tag/v3.0.0. Use suggest_float(..., log=True) instead.
  sps = trial.suggest_loguniform("seasonality_prior_scale", 0.01, 10.0)
  0%|          | 0/2 [00:00<?, ?it/s] 50%|#####     | 1/2 [00:01<00:01,  1.94s/it]100%|##########| 2/2 [00:03<00:00,  1.46s/it]100%|##########| 2/2 [00:03<00:00,  1.53s/it]
[I 2025-05-23 20:43:05,736] Trial 4 finished with value: 2218.224334559754 and parameters: {'changepoint_prior_scale': 0.009335978849808302, 'seasonality_prior_scale': 0.7400510810426991, 'n_changepoints': 31}. Best is trial 1 with value: 2173.3900772742536.
C:\LocalHost\OptiBack\modulo_demanda\Algoritmo_Prophet\forecast_model.py:103: FutureWarning: suggest_loguniform has been deprecated in v3.0.0. This feature will be removed in v6.0.0. See https://github.com/optuna/optuna/releases/tag/v3.0.0. Use suggest_float(..., log=True) instead.
  cps = trial.suggest_loguniform("changepoint_prior_scale", 0.001, 0.5)
C:\LocalHost\OptiBack\modulo_demanda\Algoritmo_Prophet\forecast_model.py:104: FutureWarning: suggest_loguniform has been deprecated in v3.0.0. This feature will be removed in v6.0.0. See https://github.com/optuna/optuna/releases/tag/v3.0.0. Use suggest_float(..., log=True) instead.
  sps = trial.suggest_loguniform("seasonality_prior_scale", 0.01, 10.0)
  0%|          | 0/2 [00:00<?, ?it/s] 50%|#####     | 1/2 [00:02<00:02,  2.44s/it]100%|##########| 2/2 [00:03<00:00,  1.39s/it]100%|##########| 2/2 [00:03<00:00,  1.54s/it]
[I 2025-05-23 20:43:10,036] Trial 5 finished with value: 2211.222225416109 and parameters: {'changepoint_prior_scale': 0.09399996279073965, 'seasonality_prior_scale': 0.060093803339836986, 'n_changepoints': 29}. Best is trial 1 with value: 2173.3900772742536.
C:\LocalHost\OptiBack\modulo_demanda\Algoritmo_Prophet\forecast_model.py:103: FutureWarning: suggest_loguniform has been deprecated in v3.0.0. This feature will be removed in v6.0.0. See https://github.com/optuna/optuna/releases/tag/v3.0.0. Use suggest_float(..., log=True) instead.
  cps = trial.suggest_loguniform("changepoint_prior_scale", 0.001, 0.5)
C:\LocalHost\OptiBack\modulo_demanda\Algoritmo_Prophet\forecast_model.py:104: FutureWarning: suggest_loguniform has been deprecated in v3.0.0. This feature will be removed in v6.0.0. See https://github.com/optuna/optuna/releases/tag/v3.0.0. Use suggest_float(..., log=True) instead.
  sps = trial.suggest_loguniform("seasonality_prior_scale", 0.01, 10.0)
  0%|          | 0/2 [00:00<?, ?it/s] 50%|#####     | 1/2 [00:01<00:01,  1.67s/it]100%|##########| 2/2 [00:02<00:00,  1.16s/it]100%|##########| 2/2 [00:02<00:00,  1.24s/it]
[I 2025-05-23 20:43:13,348] Trial 6 finished with value: 2199.8803670525995 and parameters: {'changepoint_prior_scale': 0.050914378775649693, 'seasonality_prior_scale': 0.9089457595165488, 'n_changepoints': 33}. Best is trial 1 with value: 2173.3900772742536.
C:\LocalHost\OptiBack\modulo_demanda\Algoritmo_Prophet\forecast_model.py:103: FutureWarning: suggest_loguniform has been deprecated in v3.0.0. This feature will be removed in v6.0.0. See https://github.com/optuna/optuna/releases/tag/v3.0.0. Use suggest_float(..., log=True) instead.
  cps = trial.suggest_loguniform("changepoint_prior_scale", 0.001, 0.5)
C:\LocalHost\OptiBack\modulo_demanda\Algoritmo_Prophet\forecast_model.py:104: FutureWarning: suggest_loguniform has been deprecated in v3.0.0. This feature will be removed in v6.0.0. See https://github.com/optuna/optuna/releases/tag/v3.0.0. Use suggest_float(..., log=True) instead.
  sps = trial.suggest_loguniform("seasonality_prior_scale", 0.01, 10.0)
Optimization terminated abnormally. Falling back to Newton.
  0%|          | 0/2 [00:00<?, ?it/s] 50%|#####     | 1/2 [00:01<00:01,  1.41s/it]Optimization terminated abnormally. Falling back to Newton.
100%|##########| 2/2 [00:02<00:00,  1.39s/it]100%|##########| 2/2 [00:02<00:00,  1.39s/it]
[I 2025-05-23 20:43:18,237] Trial 7 finished with value: 2109.7323525828547 and parameters: {'changepoint_prior_scale': 0.001097904683351972, 'seasonality_prior_scale': 0.1821835117016003, 'n_changepoints': 26}. Best is trial 7 with value: 2109.7323525828547.
C:\LocalHost\OptiBack\modulo_demanda\Algoritmo_Prophet\forecast_model.py:103: FutureWarning: suggest_loguniform has been deprecated in v3.0.0. This feature will be removed in v6.0.0. See https://github.com/optuna/optuna/releases/tag/v3.0.0. Use suggest_float(..., log=True) instead.
  cps = trial.suggest_loguniform("changepoint_prior_scale", 0.001, 0.5)
C:\LocalHost\OptiBack\modulo_demanda\Algoritmo_Prophet\forecast_model.py:104: FutureWarning: suggest_loguniform has been deprecated in v3.0.0. This feature will be removed in v6.0.0. See https://github.com/optuna/optuna/releases/tag/v3.0.0. Use suggest_float(..., log=True) instead.
  sps = trial.suggest_loguniform("seasonality_prior_scale", 0.01, 10.0)
  0%|          | 0/2 [00:00<?, ?it/s] 50%|#####     | 1/2 [00:01<00:01,  1.05s/it]100%|##########| 2/2 [00:01<00:00,  1.33it/s]100%|##########| 2/2 [00:01<00:00,  1.25it/s]
[I 2025-05-23 20:43:20,839] Trial 8 finished with value: 2486.722729160986 and parameters: {'changepoint_prior_scale': 0.14024451829477882, 'seasonality_prior_scale': 6.68012721279215, 'n_changepoints': 7}. Best is trial 7 with value: 2109.7323525828547.
C:\LocalHost\OptiBack\modulo_demanda\Algoritmo_Prophet\forecast_model.py:103: FutureWarning: suggest_loguniform has been deprecated in v3.0.0. This feature will be removed in v6.0.0. See https://github.com/optuna/optuna/releases/tag/v3.0.0. Use suggest_float(..., log=True) instead.
  cps = trial.suggest_loguniform("changepoint_prior_scale", 0.001, 0.5)
C:\LocalHost\OptiBack\modulo_demanda\Algoritmo_Prophet\forecast_model.py:104: FutureWarning: suggest_loguniform has been deprecated in v3.0.0. This feature will be removed in v6.0.0. See https://github.com/optuna/optuna/releases/tag/v3.0.0. Use suggest_float(..., log=True) instead.
  sps = trial.suggest_loguniform("seasonality_prior_scale", 0.01, 10.0)
  0%|          | 0/2 [00:00<?, ?it/s] 50%|#####     | 1/2 [00:01<00:01,  1.98s/it]100%|##########| 2/2 [00:02<00:00,  1.19s/it]100%|##########| 2/2 [00:02<00:00,  1.31s/it]
