[I 2025-05-23 20:25:35,356] Trial 4 finished with value: 124.0529226535428 and parameters: {'changepoint_prior_scale': 0.010922268221961285, 'seasonality_prior_scale': 0.04255437491352219, 'n_changepoints': 27}. Best is trial 0 with value: 93.47532229056469.
C:\LocalHost\OptiBack\modulo_demanda\Algoritmo_Prophet\forecast_model.py:103: FutureWarning: suggest_loguniform has been deprecated in v3.0.0. This feature will be removed in v6.0.0. See https://github.com/optuna/optuna/releases/tag/v3.0.0. Use suggest_float(..., log=True) instead.
  cps = trial.suggest_loguniform("changepoint_prior_scale", 0.001, 0.5)
C:\LocalHost\OptiBack\modulo_demanda\Algoritmo_Prophet\forecast_model.py:104: FutureWarning: suggest_loguniform has been deprecated in v3.0.0. This feature will be removed in v6.0.0. See https://github.com/optuna/optuna/releases/tag/v3.0.0. Use suggest_float(..., log=True) instead.
  sps = trial.suggest_loguniform("seasonality_prior_scale", 0.01, 10.0)
Optimization terminated abnormally. Falling back to Newton.
  0%|          | 0/2 [00:00<?, ?it/s] 50%|#####     | 1/2 [00:01<00:01,  1.10s/it]Optimization terminated abnormally. Falling back to Newton.
100%|##########| 2/2 [00:02<00:00,  1.45s/it]100%|##########| 2/2 [00:02<00:00,  1.40s/it]
[I 2025-05-23 20:25:40,850] Trial 5 finished with value: 136.77164271252198 and parameters: {'changepoint_prior_scale': 0.0024076848576633095, 'seasonality_prior_scale': 1.1314221971731884, 'n_changepoints': 43}. Best is trial 0 with value: 93.47532229056469.
C:\LocalHost\OptiBack\modulo_demanda\Algoritmo_Prophet\forecast_model.py:103: FutureWarning: suggest_loguniform has been deprecated in v3.0.0. This feature will be removed in v6.0.0. See https://github.com/optuna/optuna/releases/tag/v3.0.0. Use suggest_float(..., log=True) instead.
  cps = trial.suggest_loguniform("changepoint_prior_scale", 0.001, 0.5)
C:\LocalHost\OptiBack\modulo_demanda\Algoritmo_Prophet\forecast_model.py:104: FutureWarning: suggest_loguniform has been deprecated in v3.0.0. This feature will be removed in v6.0.0. See https://github.com/optuna/optuna/releases/tag/v3.0.0. Use suggest_float(..., log=True) instead.
  sps = trial.suggest_loguniform("seasonality_prior_scale", 0.01, 10.0)
  0%|          | 0/2 [00:00<?, ?it/s] 50%|#####     | 1/2 [00:03<00:03,  3.05s/it]100%|##########| 2/2 [00:03<00:00,  1.62s/it]100%|##########| 2/2 [00:03<00:00,  1.84s/it]
[I 2025-05-23 20:25:45,474] Trial 6 finished with value: 60.65984039250604 and parameters: {'changepoint_prior_scale': 0.3245993459421328, 'seasonality_prior_scale': 1.3957455664520757, 'n_changepoints': 49}. Best is trial 6 with value: 60.65984039250604.
C:\LocalHost\OptiBack\modulo_demanda\Algoritmo_Prophet\forecast_model.py:103: FutureWarning: suggest_loguniform has been deprecated in v3.0.0. This feature will be removed in v6.0.0. See https://github.com/optuna/optuna/releases/tag/v3.0.0. Use suggest_float(..., log=True) instead.
  cps = trial.suggest_loguniform("changepoint_prior_scale", 0.001, 0.5)
C:\LocalHost\OptiBack\modulo_demanda\Algoritmo_Prophet\forecast_model.py:104: FutureWarning: suggest_loguniform has been deprecated in v3.0.0. This feature will be removed in v6.0.0. See https://github.com/optuna/optuna/releases/tag/v3.0.0. Use suggest_float(..., log=True) instead.
  sps = trial.suggest_loguniform("seasonality_prior_scale", 0.01, 10.0)
  0%|          | 0/2 [00:00<?, ?it/s] 50%|#####     | 1/2 [00:01<00:01,  1.01s/it]Optimization terminated abnormally. Falling back to Newton.
100%|##########| 2/2 [00:02<00:00,  1.15s/it]100%|##########| 2/2 [00:02<00:00,  1.13s/it]
[I 2025-05-23 20:25:48,542] Trial 7 finished with value: 139.2878290939897 and parameters: {'changepoint_prior_scale': 0.001817578118205518, 'seasonality_prior_scale': 4.12092359559053, 'n_changepoints': 12}. Best is trial 6 with value: 60.65984039250604.
C:\LocalHost\OptiBack\modulo_demanda\Algoritmo_Prophet\forecast_model.py:103: FutureWarning: suggest_loguniform has been deprecated in v3.0.0. This feature will be removed in v6.0.0. See https://github.com/optuna/optuna/releases/tag/v3.0.0. Use suggest_float(..., log=True) instead.
  cps = trial.suggest_loguniform("changepoint_prior_scale", 0.001, 0.5)
C:\LocalHost\OptiBack\modulo_demanda\Algoritmo_Prophet\forecast_model.py:104: FutureWarning: suggest_loguniform has been deprecated in v3.0.0. This feature will be removed in v6.0.0. See https://github.com/optuna/optuna/releases/tag/v3.0.0. Use suggest_float(..., log=True) instead.
  sps = trial.suggest_loguniform("seasonality_prior_scale", 0.01, 10.0)
  0%|          | 0/2 [00:00<?, ?it/s] 50%|#####     | 1/2 [00:01<00:01,  1.90s/it]100%|##########| 2/2 [00:02<00:00,  1.22s/it]100%|##########| 2/2 [00:02<00:00,  1.32s/it]
[I 2025-05-23 20:25:52,856] Trial 8 finished with value: 60.26458831424464 and parameters: {'changepoint_prior_scale': 0.43269270891293293, 'seasonality_prior_scale': 1.5700550933882929, 'n_changepoints': 26}. Best is trial 8 with value: 60.26458831424464.
C:\LocalHost\OptiBack\modulo_demanda\Algoritmo_Prophet\forecast_model.py:103: FutureWarning: suggest_loguniform has been deprecated in v3.0.0. This feature will be removed in v6.0.0. See https://github.com/optuna/optuna/releases/tag/v3.0.0. Use suggest_float(..., log=True) instead.
  cps = trial.suggest_loguniform("changepoint_prior_scale", 0.001, 0.5)
C:\LocalHost\OptiBack\modulo_demanda\Algoritmo_Prophet\forecast_model.py:104: FutureWarning: suggest_loguniform has been deprecated in v3.0.0. This feature will be removed in v6.0.0. See https://github.com/optuna/optuna/releases/tag/v3.0.0. Use suggest_float(..., log=True) instead.
  sps = trial.suggest_loguniform("seasonality_prior_scale", 0.01, 10.0)
  0%|          | 0/2 [00:00<?, ?it/s] 50%|#####     | 1/2 [00:03<00:03,  3.01s/it]100%|##########| 2/2 [00:03<00:00,  1.66s/it]100%|##########| 2/2 [00:03<00:00,  1.86s/it]
[I 2025-05-23 20:25:57,674] Trial 9 finished with value: 60.60805363368914 and parameters: {'changepoint_prior_scale': 0.2500616175087877, 'seasonality_prior_scale': 0.0430487248842569, 'n_changepoints': 25}. Best is trial 8 with value: 60.26458831424464.
  0%|          | 0/2 [00:00<?, ?it/s] 50%|#####     | 1/2 [00:02<00:02,  2.82s/it]100%|##########| 2/2 [00:03<00:00,  1.57s/it]100%|##########| 2/2 [00:03<00:00,  1.76s/it]
Rendimiento para la combinación BMX_2-BMX_AUTOSERVICIOS-BMX_3001:
  horizon          mse       rmse  ...     mdape     smape  coverage
0 21 days  1902.710234  43.620067  ...  0.092757  0.146673  0.500000
1 28 days  1797.299055  42.394564  ...  0.103372  0.147313  0.666667
2 35 days  1518.617460  38.969443  ...  0.101174  0.122666  0.666667
3 42 days   832.432890  28.851913  ...  0.101174  0.089074  0.833333
4 49 days   667.703721  25.839964  ...  0.061880  0.069885  0.833333

[5 rows x 8 columns]
          ds        yhat  yhat_lower  yhat_upper      y     cutoff
0 2022-10-24  201.280403  164.820950  239.609740  214.0 2022-10-17
1 2022-10-31  244.465952  208.586574  280.302541  185.0 2022-10-17
2 2022-11-07  173.161652  139.095327  211.002046  243.0 2022-10-17
3 2022-11-14  211.650759  174.546107  248.457686  188.0 2022-10-17
4 2022-11-21  164.561230  128.721101  200.714460  180.0 2022-10-17
Contenido de df_prophet antes de model.fit:
            ds        y  day_of_week  week_of_year  month
0   2021-01-04   44.750            0             1      1
1   2021-01-11   40.875            0             2      1
2   2021-01-18   42.625            0             3      1
3   2021-01-25   40.750            0             4      1
4   2021-02-01   45.375            0             5      2
..         ...      ...          ...           ...    ...
151 2023-11-27   63.500            0            48     11
152 2023-12-04   87.875            0            49     12
153 2023-12-11  113.250            0            50     12
154 2023-12-18   96.500            0            51     12
155 2023-12-25  124.250            0            52     12

[156 rows x 5 columns]
[I 2025-05-23 20:26:02,577] A new study created in memory with name: no-name-8f167221-e0b7-408d-8e63-4daa80666056
C:\LocalHost\OptiBack\modulo_demanda\Algoritmo_Prophet\forecast_model.py:103: FutureWarning: suggest_loguniform has been deprecated in v3.0.0. This feature will be removed in v6.0.0. See https://github.com/optuna/optuna/releases/tag/v3.0.0. Use suggest_float(..., log=True) instead.
  cps = trial.suggest_loguniform("changepoint_prior_scale", 0.001, 0.5)
C:\LocalHost\OptiBack\modulo_demanda\Algoritmo_Prophet\forecast_model.py:104: FutureWarning: suggest_loguniform has been deprecated in v3.0.0. This feature will be removed in v6.0.0. See https://github.com/optuna/optuna/releases/tag/v3.0.0. Use suggest_float(..., log=True) instead.
  sps = trial.suggest_loguniform("seasonality_prior_scale", 0.01, 10.0)
  0%|          | 0/2 [00:00<?, ?it/s] 50%|#####     | 1/2 [00:01<00:01,  1.39s/it]100%|##########| 2/2 [00:01<00:00,  1.13it/s]100%|##########| 2/2 [00:01<00:00,  1.04it/s]
[I 2025-05-23 20:26:05,392] Trial 0 finished with value: 77.69707993677164 and parameters: {'changepoint_prior_scale': 0.3640947845373943, 'seasonality_prior_scale': 0.6742083629033859, 'n_changepoints': 8}. Best is trial 0 with value: 77.69707993677164.
C:\LocalHost\OptiBack\modulo_demanda\Algoritmo_Prophet\forecast_model.py:103: FutureWarning: suggest_loguniform has been deprecated in v3.0.0. This feature will be removed in v6.0.0. See https://github.com/optuna/optuna/releases/tag/v3.0.0. Use suggest_float(..., log=True) instead.
  cps = trial.suggest_loguniform("changepoint_prior_scale", 0.001, 0.5)
C:\LocalHost\OptiBack\modulo_demanda\Algoritmo_Prophet\forecast_model.py:104: FutureWarning: suggest_loguniform has been deprecated in v3.0.0. This feature will be removed in v6.0.0. See https://github.com/optuna/optuna/releases/tag/v3.0.0. Use suggest_float(..., log=True) instead.
  sps = trial.suggest_loguniform("seasonality_prior_scale", 0.01, 10.0)
  0%|          | 0/2 [00:00<?, ?it/s] 50%|#####     | 1/2 [00:02<00:02,  2.18s/it]100%|##########| 2/2 [00:02<00:00,  1.27s/it]100%|##########| 2/2 [00:02<00:00,  1.41s/it]
[I 2025-05-23 20:26:08,990] Trial 1 finished with value: 69.31501203744182 and parameters: {'changepoint_prior_scale': 0.24980059877059752, 'seasonality_prior_scale': 0.5674821138098072, 'n_changepoints': 27}. Best is trial 1 with value: 69.31501203744182.
C:\LocalHost\OptiBack\modulo_demanda\Algoritmo_Prophet\forecast_model.py:103: FutureWarning: suggest_loguniform has been deprecated in v3.0.0. This feature will be removed in v6.0.0. See https://github.com/optuna/optuna/releases/tag/v3.0.0. Use suggest_float(..., log=True) instead.
  cps = trial.suggest_loguniform("changepoint_prior_scale", 0.001, 0.5)
C:\LocalHost\OptiBack\modulo_demanda\Algoritmo_Prophet\forecast_model.py:104: FutureWarning: suggest_loguniform has been deprecated in v3.0.0. This feature will be removed in v6.0.0. See https://github.com/optuna/optuna/releases/tag/v3.0.0. Use suggest_float(..., log=True) instead.
  sps = trial.suggest_loguniform("seasonality_prior_scale", 0.01, 10.0)
  0%|          | 0/2 [00:00<?, ?it/s] 50%|#####     | 1/2 [00:01<00:01,  1.29s/it]100%|##########| 2/2 [00:01<00:00,  1.13it/s]100%|##########| 2/2 [00:01<00:00,  1.06it/s]
[I 2025-05-23 20:26:11,852] Trial 2 finished with value: 56.489297364531964 and parameters: {'changepoint_prior_scale': 0.005212296411282513, 'seasonality_prior_scale': 0.053366787690472026, 'n_changepoints': 24}. Best is trial 2 with value: 56.489297364531964.
C:\LocalHost\OptiBack\modulo_demanda\Algoritmo_Prophet\forecast_model.py:103: FutureWarning: suggest_loguniform has been deprecated in v3.0.0. This feature will be removed in v6.0.0. See https://github.com/optuna/optuna/releases/tag/v3.0.0. Use suggest_float(..., log=True) instead.
  cps = trial.suggest_loguniform("changepoint_prior_scale", 0.001, 0.5)
C:\LocalHost\OptiBack\modulo_demanda\Algoritmo_Prophet\forecast_model.py:104: FutureWarning: suggest_loguniform has been deprecated in v3.0.0. This feature will be removed in v6.0.0. See https://github.com/optuna/optuna/releases/tag/v3.0.0. Use suggest_float(..., log=True) instead.
  sps = trial.suggest_loguniform("seasonality_prior_scale", 0.01, 10.0)
Optimization terminated abnormally. Falling back to Newton.
  0%|          | 0/2 [00:00<?, ?it/s] 50%|#####     | 1/2 [00:01<00:01,  1.16s/it]Optimization terminated abnormally. Falling back to Newton.
100%|##########| 2/2 [00:02<00:00,  1.45s/it]100%|##########| 2/2 [00:02<00:00,  1.41s/it]
[I 2025-05-23 20:26:16,538] Trial 3 finished with value: 71.59876985279041 and parameters: {'changepoint_prior_scale': 0.0016871082948787801, 'seasonality_prior_scale': 4.650562285031016, 'n_changepoints': 32}. Best is trial 2 with value: 56.489297364531964.
C:\LocalHost\OptiBack\modulo_demanda\Algoritmo_Prophet\forecast_model.py:103: FutureWarning: suggest_loguniform has been deprecated in v3.0.0. This feature will be removed in v6.0.0. See https://github.com/optuna/optuna/releases/tag/v3.0.0. Use suggest_float(..., log=True) instead.
  cps = trial.suggest_loguniform("changepoint_prior_scale", 0.001, 0.5)
C:\LocalHost\OptiBack\modulo_demanda\Algoritmo_Prophet\forecast_model.py:104: FutureWarning: suggest_loguniform has been deprecated in v3.0.0. This feature will be removed in v6.0.0. See https://github.com/optuna/optuna/releases/tag/v3.0.0. Use suggest_float(..., log=True) instead.
  sps = trial.suggest_loguniform("seasonality_prior_scale", 0.01, 10.0)
Optimization terminated abnormally. Falling back to Newton.
  0%|          | 0/2 [00:00<?, ?it/s] 50%|#####     | 1/2 [00:01<00:01,  1.33s/it]Optimization terminated abnormally. Falling back to Newton.
100%|##########| 2/2 [00:02<00:00,  1.42s/it]100%|##########| 2/2 [00:02<00:00,  1.40s/it]
[I 2025-05-23 20:26:21,208] Trial 4 finished with value: 61.40457625036159 and parameters: {'changepoint_prior_scale': 0.0011956055517700769, 'seasonality_prior_scale': 0.46943266411142, 'n_changepoints': 48}. Best is trial 2 with value: 56.489297364531964.
C:\LocalHost\OptiBack\modulo_demanda\Algoritmo_Prophet\forecast_model.py:103: FutureWarning: suggest_loguniform has been deprecated in v3.0.0. This feature will be removed in v6.0.0. See https://github.com/optuna/optuna/releases/tag/v3.0.0. Use suggest_float(..., log=True) instead.
  cps = trial.suggest_loguniform("changepoint_prior_scale", 0.001, 0.5)
C:\LocalHost\OptiBack\modulo_demanda\Algoritmo_Prophet\forecast_model.py:104: FutureWarning: suggest_loguniform has been deprecated in v3.0.0. This feature will be removed in v6.0.0. See https://github.com/optuna/optuna/releases/tag/v3.0.0. Use suggest_float(..., log=True) instead.
  sps = trial.suggest_loguniform("seasonality_prior_scale", 0.01, 10.0)
  0%|          | 0/2 [00:00<?, ?it/s] 50%|#####     | 1/2 [00:02<00:02,  2.64s/it]100%|##########| 2/2 [00:03<00:00,  1.45s/it]100%|##########| 2/2 [00:03<00:00,  1.63s/it]
[I 2025-05-23 20:26:25,415] Trial 5 finished with value: 82.53829986802384 and parameters: {'changepoint_prior_scale': 0.4282018349081824, 'seasonality_prior_scale': 0.8238704215603152, 'n_changepoints': 23}. Best is trial 2 with value: 56.489297364531964.
C:\LocalHost\OptiBack\modulo_demanda\Algoritmo_Prophet\forecast_model.py:103: FutureWarning: suggest_loguniform has been deprecated in v3.0.0. This feature will be removed in v6.0.0. See https://github.com/optuna/optuna/releases/tag/v3.0.0. Use suggest_float(..., log=True) instead.
  cps = trial.suggest_loguniform("changepoint_prior_scale", 0.001, 0.5)
C:\LocalHost\OptiBack\modulo_demanda\Algoritmo_Prophet\forecast_model.py:104: FutureWarning: suggest_loguniform has been deprecated in v3.0.0. This feature will be removed in v6.0.0. See https://github.com/optuna/optuna/releases/tag/v3.0.0. Use suggest_float(..., log=True) instead.
  sps = trial.suggest_loguniform("seasonality_prior_scale", 0.01, 10.0)
  0%|          | 0/2 [00:00<?, ?it/s] 50%|#####     | 1/2 [00:02<00:02,  2.21s/it]100%|##########| 2/2 [00:02<00:00,  1.26s/it]100%|##########| 2/2 [00:02<00:00,  1.41s/it]
[I 2025-05-23 20:26:29,147] Trial 6 finished with value: 63.34747036936883 and parameters: {'changepoint_prior_scale': 0.15712817905060272, 'seasonality_prior_scale': 0.7517070584435024, 'n_changepoints': 35}. Best is trial 2 with value: 56.489297364531964.
C:\LocalHost\OptiBack\modulo_demanda\Algoritmo_Prophet\forecast_model.py:103: FutureWarning: suggest_loguniform has been deprecated in v3.0.0. This feature will be removed in v6.0.0. See https://github.com/optuna/optuna/releases/tag/v3.0.0. Use suggest_float(..., log=True) instead.
  cps = trial.suggest_loguniform("changepoint_prior_scale", 0.001, 0.5)
C:\LocalHost\OptiBack\modulo_demanda\Algoritmo_Prophet\forecast_model.py:104: FutureWarning: suggest_loguniform has been deprecated in v3.0.0. This feature will be removed in v6.0.0. See https://github.com/optuna/optuna/releases/tag/v3.0.0. Use suggest_float(..., log=True) instead.
  sps = trial.suggest_loguniform("seasonality_prior_scale", 0.01, 10.0)
  0%|          | 0/2 [00:00<?, ?it/s] 50%|#####     | 1/2 [00:01<00:01,  1.39s/it]100%|##########| 2/2 [00:02<00:00,  1.03it/s]100%|##########| 2/2 [00:02<00:00,  1.03s/it]
[I 2025-05-23 20:26:32,086] Trial 7 finished with value: 59.91206836451381 and parameters: {'changepoint_prior_scale': 0.030022604458203327, 'seasonality_prior_scale': 0.2110570748449645, 'n_changepoints': 23}. Best is trial 2 with value: 56.489297364531964.
C:\LocalHost\OptiBack\modulo_demanda\Algoritmo_Prophet\forecast_model.py:103: FutureWarning: suggest_loguniform has been deprecated in v3.0.0. This feature will be removed in v6.0.0. See https://github.com/optuna/optuna/releases/tag/v3.0.0. Use suggest_float(..., log=True) instead.
  cps = trial.suggest_loguniform("changepoint_prior_scale", 0.001, 0.5)
C:\LocalHost\OptiBack\modulo_demanda\Algoritmo_Prophet\forecast_model.py:104: FutureWarning: suggest_loguniform has been deprecated in v3.0.0. This feature will be removed in v6.0.0. See https://github.com/optuna/optuna/releases/tag/v3.0.0. Use suggest_float(..., log=True) instead.
  sps = trial.suggest_loguniform("seasonality_prior_scale", 0.01, 10.0)
  0%|          | 0/2 [00:00<?, ?it/s] 50%|#####     | 1/2 [00:03<00:03,  3.45s/it]100%|##########| 2/2 [00:04<00:00,  1.85s/it]100%|##########| 2/2 [00:04<00:00,  2.09s/it]
[I 2025-05-23 20:26:37,264] Trial 8 finished with value: 61.91116560797612 and parameters: {'changepoint_prior_scale': 0.113010747332912, 'seasonality_prior_scale': 0.28384294206293587, 'n_changepoints': 40}. Best is trial 2 with value: 56.489297364531964.
C:\LocalHost\OptiBack\modulo_demanda\Algoritmo_Prophet\forecast_model.py:103: FutureWarning: suggest_loguniform has been deprecated in v3.0.0. This feature will be removed in v6.0.0. See https://github.com/optuna/optuna/releases/tag/v3.0.0. Use suggest_float(..., log=True) instead.
  cps = trial.suggest_loguniform("changepoint_prior_scale", 0.001, 0.5)
C:\LocalHost\OptiBack\modulo_demanda\Algoritmo_Prophet\forecast_model.py:104: FutureWarning: suggest_loguniform has been deprecated in v3.0.0. This feature will be removed in v6.0.0. See https://github.com/optuna/optuna/releases/tag/v3.0.0. Use suggest_float(..., log=True) instead.
  sps = trial.suggest_loguniform("seasonality_prior_scale", 0.01, 10.0)
  0%|          | 0/2 [00:00<?, ?it/s] 50%|#####     | 1/2 [00:00<00:00,  1.09it/s]100%|##########| 2/2 [00:01<00:00,  1.37it/s]100%|##########| 2/2 [00:01<00:00,  1.32it/s]
