[I 2025-05-23 20:37:20,493] Trial 9 finished with value: 141.67716552194722 and parameters: {'changepoint_prior_scale': 0.20136002893547245, 'seasonality_prior_scale': 0.8794990570801433, 'n_changepoints': 21}. Best is trial 7 with value: 82.0590284865583.
  0%|          | 0/2 [00:00<?, ?it/s] 50%|#####     | 1/2 [00:01<00:01,  1.38s/it]100%|##########| 2/2 [00:02<00:00,  1.05it/s]100%|##########| 2/2 [00:02<00:00,  1.02s/it]
Rendimiento para la combinación BMX_310-BMX_HOGAR-BMX_3001:
  horizon          mse       rmse  ...     mdape     smape  coverage
0 21 days  3809.296857  61.719501  ...  0.137284  0.166759  0.666667
1 28 days  4146.589245  64.394016  ...  0.146151  0.182813  0.666667
2 35 days  6673.655884  81.692447  ...  0.146151  0.186801  0.666667
3 42 days  7490.068346  86.545181  ...  0.146151  0.201737  0.666667
4 49 days  6948.273707  83.356306  ...  0.083943  0.170101  0.666667

[5 rows x 8 columns]
          ds        yhat  yhat_lower  yhat_upper        y     cutoff
0 2022-10-24  311.471217  235.300605  390.808635  265.875 2022-10-17
1 2022-10-31  312.941189  230.193462  393.275998  198.875 2022-10-17
2 2022-11-07  343.601664  270.410174  427.050031  266.000 2022-10-17
3 2022-11-14  334.228724  258.201086  416.518177  282.125 2022-10-17
4 2022-11-21  328.777598  249.393512  405.150927  493.125 2022-10-17
Contenido de df_prophet antes de model.fit:
            ds     y  day_of_week  week_of_year  month
0   2021-01-04  27.0            0             1      1
1   2021-01-11  10.0            0             2      1
2   2021-01-18  12.0            0             3      1
3   2021-01-25  14.0            0             4      1
4   2021-02-01  10.0            0             5      2
..         ...   ...          ...           ...    ...
151 2023-11-27  98.0            0            48     11
152 2023-12-04  85.0            0            49     12
153 2023-12-11  50.0            0            50     12
154 2023-12-18  89.0            0            51     12
155 2023-12-25  34.0            0            52     12

[156 rows x 5 columns]
[I 2025-05-23 20:37:23,478] A new study created in memory with name: no-name-84749ff2-3289-49e8-9683-b7ffdb332482
C:\LocalHost\OptiBack\modulo_demanda\Algoritmo_Prophet\forecast_model.py:103: FutureWarning: suggest_loguniform has been deprecated in v3.0.0. This feature will be removed in v6.0.0. See https://github.com/optuna/optuna/releases/tag/v3.0.0. Use suggest_float(..., log=True) instead.
  cps = trial.suggest_loguniform("changepoint_prior_scale", 0.001, 0.5)
C:\LocalHost\OptiBack\modulo_demanda\Algoritmo_Prophet\forecast_model.py:104: FutureWarning: suggest_loguniform has been deprecated in v3.0.0. This feature will be removed in v6.0.0. See https://github.com/optuna/optuna/releases/tag/v3.0.0. Use suggest_float(..., log=True) instead.
  sps = trial.suggest_loguniform("seasonality_prior_scale", 0.01, 10.0)
  0%|          | 0/2 [00:00<?, ?it/s] 50%|#####     | 1/2 [00:00<00:00,  1.23it/s]100%|##########| 2/2 [00:01<00:00,  1.32it/s]100%|##########| 2/2 [00:01<00:00,  1.31it/s]
[I 2025-05-23 20:37:25,919] Trial 0 finished with value: 29.740498953616036 and parameters: {'changepoint_prior_scale': 0.005651942796044338, 'seasonality_prior_scale': 3.214920317402853, 'n_changepoints': 5}. Best is trial 0 with value: 29.740498953616036.
C:\LocalHost\OptiBack\modulo_demanda\Algoritmo_Prophet\forecast_model.py:103: FutureWarning: suggest_loguniform has been deprecated in v3.0.0. This feature will be removed in v6.0.0. See https://github.com/optuna/optuna/releases/tag/v3.0.0. Use suggest_float(..., log=True) instead.
  cps = trial.suggest_loguniform("changepoint_prior_scale", 0.001, 0.5)
C:\LocalHost\OptiBack\modulo_demanda\Algoritmo_Prophet\forecast_model.py:104: FutureWarning: suggest_loguniform has been deprecated in v3.0.0. This feature will be removed in v6.0.0. See https://github.com/optuna/optuna/releases/tag/v3.0.0. Use suggest_float(..., log=True) instead.
  sps = trial.suggest_loguniform("seasonality_prior_scale", 0.01, 10.0)
  0%|          | 0/2 [00:00<?, ?it/s] 50%|#####     | 1/2 [00:01<00:01,  1.27s/it]100%|##########| 2/2 [00:02<00:00,  1.02s/it]100%|##########| 2/2 [00:02<00:00,  1.05s/it]
[I 2025-05-23 20:37:28,979] Trial 1 finished with value: 31.36204177044622 and parameters: {'changepoint_prior_scale': 0.1664155025528131, 'seasonality_prior_scale': 3.720192973935479, 'n_changepoints': 33}. Best is trial 0 with value: 29.740498953616036.
C:\LocalHost\OptiBack\modulo_demanda\Algoritmo_Prophet\forecast_model.py:103: FutureWarning: suggest_loguniform has been deprecated in v3.0.0. This feature will be removed in v6.0.0. See https://github.com/optuna/optuna/releases/tag/v3.0.0. Use suggest_float(..., log=True) instead.
  cps = trial.suggest_loguniform("changepoint_prior_scale", 0.001, 0.5)
C:\LocalHost\OptiBack\modulo_demanda\Algoritmo_Prophet\forecast_model.py:104: FutureWarning: suggest_loguniform has been deprecated in v3.0.0. This feature will be removed in v6.0.0. See https://github.com/optuna/optuna/releases/tag/v3.0.0. Use suggest_float(..., log=True) instead.
  sps = trial.suggest_loguniform("seasonality_prior_scale", 0.01, 10.0)
  0%|          | 0/2 [00:00<?, ?it/s] 50%|#####     | 1/2 [00:01<00:01,  1.69s/it]100%|##########| 2/2 [00:02<00:00,  1.05s/it]100%|##########| 2/2 [00:02<00:00,  1.15s/it]
[I 2025-05-23 20:37:32,075] Trial 2 finished with value: 25.169315146055578 and parameters: {'changepoint_prior_scale': 0.05056558712443667, 'seasonality_prior_scale': 0.04151967875833309, 'n_changepoints': 31}. Best is trial 2 with value: 25.169315146055578.
C:\LocalHost\OptiBack\modulo_demanda\Algoritmo_Prophet\forecast_model.py:103: FutureWarning: suggest_loguniform has been deprecated in v3.0.0. This feature will be removed in v6.0.0. See https://github.com/optuna/optuna/releases/tag/v3.0.0. Use suggest_float(..., log=True) instead.
  cps = trial.suggest_loguniform("changepoint_prior_scale", 0.001, 0.5)
C:\LocalHost\OptiBack\modulo_demanda\Algoritmo_Prophet\forecast_model.py:104: FutureWarning: suggest_loguniform has been deprecated in v3.0.0. This feature will be removed in v6.0.0. See https://github.com/optuna/optuna/releases/tag/v3.0.0. Use suggest_float(..., log=True) instead.
  sps = trial.suggest_loguniform("seasonality_prior_scale", 0.01, 10.0)
  0%|          | 0/2 [00:00<?, ?it/s] 50%|#####     | 1/2 [00:00<00:00,  1.01it/s]100%|##########| 2/2 [00:01<00:00,  1.31it/s]100%|##########| 2/2 [00:01<00:00,  1.25it/s]
[I 2025-05-23 20:37:34,481] Trial 3 finished with value: 42.958504487209204 and parameters: {'changepoint_prior_scale': 0.0010911784553568904, 'seasonality_prior_scale': 3.620308805845493, 'n_changepoints': 9}. Best is trial 2 with value: 25.169315146055578.
C:\LocalHost\OptiBack\modulo_demanda\Algoritmo_Prophet\forecast_model.py:103: FutureWarning: suggest_loguniform has been deprecated in v3.0.0. This feature will be removed in v6.0.0. See https://github.com/optuna/optuna/releases/tag/v3.0.0. Use suggest_float(..., log=True) instead.
  cps = trial.suggest_loguniform("changepoint_prior_scale", 0.001, 0.5)
C:\LocalHost\OptiBack\modulo_demanda\Algoritmo_Prophet\forecast_model.py:104: FutureWarning: suggest_loguniform has been deprecated in v3.0.0. This feature will be removed in v6.0.0. See https://github.com/optuna/optuna/releases/tag/v3.0.0. Use suggest_float(..., log=True) instead.
  sps = trial.suggest_loguniform("seasonality_prior_scale", 0.01, 10.0)
  0%|          | 0/2 [00:00<?, ?it/s] 50%|#####     | 1/2 [00:01<00:01,  1.34s/it]100%|##########| 2/2 [00:02<00:00,  1.03it/s]100%|##########| 2/2 [00:02<00:00,  1.02s/it]
[I 2025-05-23 20:37:37,380] Trial 4 finished with value: 33.37104378113036 and parameters: {'changepoint_prior_scale': 0.1678070922464177, 'seasonality_prior_scale': 8.228893522465473, 'n_changepoints': 17}. Best is trial 2 with value: 25.169315146055578.
C:\LocalHost\OptiBack\modulo_demanda\Algoritmo_Prophet\forecast_model.py:103: FutureWarning: suggest_loguniform has been deprecated in v3.0.0. This feature will be removed in v6.0.0. See https://github.com/optuna/optuna/releases/tag/v3.0.0. Use suggest_float(..., log=True) instead.
  cps = trial.suggest_loguniform("changepoint_prior_scale", 0.001, 0.5)
C:\LocalHost\OptiBack\modulo_demanda\Algoritmo_Prophet\forecast_model.py:104: FutureWarning: suggest_loguniform has been deprecated in v3.0.0. This feature will be removed in v6.0.0. See https://github.com/optuna/optuna/releases/tag/v3.0.0. Use suggest_float(..., log=True) instead.
  sps = trial.suggest_loguniform("seasonality_prior_scale", 0.01, 10.0)
  0%|          | 0/2 [00:00<?, ?it/s] 50%|#####     | 1/2 [00:01<00:01,  1.06s/it]100%|##########| 2/2 [00:01<00:00,  1.18it/s]100%|##########| 2/2 [00:01<00:00,  1.13it/s]
[I 2025-05-23 20:37:40,020] Trial 5 finished with value: 30.140450500207944 and parameters: {'changepoint_prior_scale': 0.09555401517808124, 'seasonality_prior_scale': 0.9279952770146933, 'n_changepoints': 8}. Best is trial 2 with value: 25.169315146055578.
C:\LocalHost\OptiBack\modulo_demanda\Algoritmo_Prophet\forecast_model.py:103: FutureWarning: suggest_loguniform has been deprecated in v3.0.0. This feature will be removed in v6.0.0. See https://github.com/optuna/optuna/releases/tag/v3.0.0. Use suggest_float(..., log=True) instead.
  cps = trial.suggest_loguniform("changepoint_prior_scale", 0.001, 0.5)
C:\LocalHost\OptiBack\modulo_demanda\Algoritmo_Prophet\forecast_model.py:104: FutureWarning: suggest_loguniform has been deprecated in v3.0.0. This feature will be removed in v6.0.0. See https://github.com/optuna/optuna/releases/tag/v3.0.0. Use suggest_float(..., log=True) instead.
  sps = trial.suggest_loguniform("seasonality_prior_scale", 0.01, 10.0)
  0%|          | 0/2 [00:00<?, ?it/s] 50%|#####     | 1/2 [00:01<00:01,  1.78s/it]100%|##########| 2/2 [00:02<00:00,  1.13s/it]100%|##########| 2/2 [00:02<00:00,  1.23s/it]
[I 2025-05-23 20:37:43,494] Trial 6 finished with value: 25.291420822605506 and parameters: {'changepoint_prior_scale': 0.4153494495811188, 'seasonality_prior_scale': 0.1039794099889997, 'n_changepoints': 43}. Best is trial 2 with value: 25.169315146055578.
C:\LocalHost\OptiBack\modulo_demanda\Algoritmo_Prophet\forecast_model.py:103: FutureWarning: suggest_loguniform has been deprecated in v3.0.0. This feature will be removed in v6.0.0. See https://github.com/optuna/optuna/releases/tag/v3.0.0. Use suggest_float(..., log=True) instead.
  cps = trial.suggest_loguniform("changepoint_prior_scale", 0.001, 0.5)
C:\LocalHost\OptiBack\modulo_demanda\Algoritmo_Prophet\forecast_model.py:104: FutureWarning: suggest_loguniform has been deprecated in v3.0.0. This feature will be removed in v6.0.0. See https://github.com/optuna/optuna/releases/tag/v3.0.0. Use suggest_float(..., log=True) instead.
  sps = trial.suggest_loguniform("seasonality_prior_scale", 0.01, 10.0)
  0%|          | 0/2 [00:00<?, ?it/s] 50%|#####     | 1/2 [00:01<00:01,  1.01s/it]100%|##########| 2/2 [00:01<00:00,  1.35it/s]100%|##########| 2/2 [00:01<00:00,  1.28it/s]
[I 2025-05-23 20:37:46,003] Trial 7 finished with value: 28.62946972260855 and parameters: {'changepoint_prior_scale': 0.01964491650159885, 'seasonality_prior_scale': 1.4923451457110104, 'n_changepoints': 18}. Best is trial 2 with value: 25.169315146055578.
C:\LocalHost\OptiBack\modulo_demanda\Algoritmo_Prophet\forecast_model.py:103: FutureWarning: suggest_loguniform has been deprecated in v3.0.0. This feature will be removed in v6.0.0. See https://github.com/optuna/optuna/releases/tag/v3.0.0. Use suggest_float(..., log=True) instead.
  cps = trial.suggest_loguniform("changepoint_prior_scale", 0.001, 0.5)
C:\LocalHost\OptiBack\modulo_demanda\Algoritmo_Prophet\forecast_model.py:104: FutureWarning: suggest_loguniform has been deprecated in v3.0.0. This feature will be removed in v6.0.0. See https://github.com/optuna/optuna/releases/tag/v3.0.0. Use suggest_float(..., log=True) instead.
  sps = trial.suggest_loguniform("seasonality_prior_scale", 0.01, 10.0)
  0%|          | 0/2 [00:00<?, ?it/s] 50%|#####     | 1/2 [00:01<00:01,  1.12s/it]100%|##########| 2/2 [00:01<00:00,  1.31it/s]100%|##########| 2/2 [00:01<00:00,  1.23it/s]
[I 2025-05-23 20:37:48,608] Trial 8 finished with value: 28.10120003134222 and parameters: {'changepoint_prior_scale': 0.0038368658991842185, 'seasonality_prior_scale': 0.8334128721900532, 'n_changepoints': 29}. Best is trial 2 with value: 25.169315146055578.
C:\LocalHost\OptiBack\modulo_demanda\Algoritmo_Prophet\forecast_model.py:103: FutureWarning: suggest_loguniform has been deprecated in v3.0.0. This feature will be removed in v6.0.0. See https://github.com/optuna/optuna/releases/tag/v3.0.0. Use suggest_float(..., log=True) instead.
  cps = trial.suggest_loguniform("changepoint_prior_scale", 0.001, 0.5)
C:\LocalHost\OptiBack\modulo_demanda\Algoritmo_Prophet\forecast_model.py:104: FutureWarning: suggest_loguniform has been deprecated in v3.0.0. This feature will be removed in v6.0.0. See https://github.com/optuna/optuna/releases/tag/v3.0.0. Use suggest_float(..., log=True) instead.
  sps = trial.suggest_loguniform("seasonality_prior_scale", 0.01, 10.0)
  0%|          | 0/2 [00:00<?, ?it/s] 50%|#####     | 1/2 [00:01<00:01,  1.23s/it]100%|##########| 2/2 [00:01<00:00,  1.08it/s]100%|##########| 2/2 [00:01<00:00,  1.03it/s]
[I 2025-05-23 20:37:51,468] Trial 9 finished with value: 25.359616125636677 and parameters: {'changepoint_prior_scale': 0.021148672272465308, 'seasonality_prior_scale': 0.07425483876806777, 'n_changepoints': 45}. Best is trial 2 with value: 25.169315146055578.
  0%|          | 0/2 [00:00<?, ?it/s] 50%|#####     | 1/2 [00:01<00:01,  1.63s/it]100%|##########| 2/2 [00:02<00:00,  1.09s/it]100%|##########| 2/2 [00:02<00:00,  1.17s/it]
Rendimiento para la combinación BMX_310-BMX_HOGAR-BMX_3207:
  horizon         mse       rmse  ...     mdape     smape  coverage
0 21 days  201.389880  14.191190  ...  0.334054  0.462350       1.0
1 28 days  229.476897  15.148495  ...  0.334054  0.408240       1.0
2 35 days  214.142587  14.633612  ...  0.430205  0.671343       1.0
3 42 days  126.384606  11.242091  ...  0.309690  0.584504       1.0
4 49 days  109.241265  10.451855  ...  0.309690  0.659118       1.0

[5 rows x 8 columns]
          ds       yhat  yhat_lower  yhat_upper     y     cutoff
0 2022-10-24   9.435269  -16.545570   35.519609  13.0 2022-10-17
1 2022-10-31  27.982619   -2.448007   52.982629  39.0 2022-10-17
2 2022-11-07  37.556555    9.687407   66.344055  54.0 2022-10-17
3 2022-11-14  30.769663    2.894256   60.502978  25.0 2022-10-17
4 2022-11-21  -1.295464  -29.952393   26.632028   2.0 2022-10-17
Contenido de df_prophet antes de model.fit:
            ds        y  day_of_week  week_of_year  month
0   2021-01-04   42.500            0             1      1
1   2021-01-11   44.375            0             2      1
2   2021-01-18   40.750            0             3      1
3   2021-01-25   39.500            0             4      1
4   2021-02-01   50.500            0             5      2
..         ...      ...          ...           ...    ...
151 2023-11-27  148.000            0            48     11
152 2023-12-04  172.000            0            49     12
153 2023-12-11  193.000            0            50     12
154 2023-12-18  278.375            0            51     12
155 2023-12-25  208.000            0            52     12

[156 rows x 5 columns]
[I 2025-05-23 20:37:54,697] A new study created in memory with name: no-name-3f81c6a6-d2bb-4378-bcc3-2c568748f979
C:\LocalHost\OptiBack\modulo_demanda\Algoritmo_Prophet\forecast_model.py:103: FutureWarning: suggest_loguniform has been deprecated in v3.0.0. This feature will be removed in v6.0.0. See https://github.com/optuna/optuna/releases/tag/v3.0.0. Use suggest_float(..., log=True) instead.
  cps = trial.suggest_loguniform("changepoint_prior_scale", 0.001, 0.5)
C:\LocalHost\OptiBack\modulo_demanda\Algoritmo_Prophet\forecast_model.py:104: FutureWarning: suggest_loguniform has been deprecated in v3.0.0. This feature will be removed in v6.0.0. See https://github.com/optuna/optuna/releases/tag/v3.0.0. Use suggest_float(..., log=True) instead.
  sps = trial.suggest_loguniform("seasonality_prior_scale", 0.01, 10.0)
  0%|          | 0/2 [00:00<?, ?it/s] 50%|#####     | 1/2 [00:01<00:01,  1.01s/it]100%|##########| 2/2 [00:01<00:00,  1.36it/s]100%|##########| 2/2 [00:01<00:00,  1.29it/s]
[I 2025-05-23 20:37:57,182] Trial 0 finished with value: 109.85542085426063 and parameters: {'changepoint_prior_scale': 0.015932193066244417, 'seasonality_prior_scale': 2.8915996320840516, 'n_changepoints': 6}. Best is trial 0 with value: 109.85542085426063.
C:\LocalHost\OptiBack\modulo_demanda\Algoritmo_Prophet\forecast_model.py:103: FutureWarning: suggest_loguniform has been deprecated in v3.0.0. This feature will be removed in v6.0.0. See https://github.com/optuna/optuna/releases/tag/v3.0.0. Use suggest_float(..., log=True) instead.
  cps = trial.suggest_loguniform("changepoint_prior_scale", 0.001, 0.5)
C:\LocalHost\OptiBack\modulo_demanda\Algoritmo_Prophet\forecast_model.py:104: FutureWarning: suggest_loguniform has been deprecated in v3.0.0. This feature will be removed in v6.0.0. See https://github.com/optuna/optuna/releases/tag/v3.0.0. Use suggest_float(..., log=True) instead.
  sps = trial.suggest_loguniform("seasonality_prior_scale", 0.01, 10.0)
  0%|          | 0/2 [00:00<?, ?it/s] 50%|#####     | 1/2 [00:01<00:01,  1.34s/it]100%|##########| 2/2 [00:02<00:00,  1.08s/it]100%|##########| 2/2 [00:02<00:00,  1.12s/it]
[I 2025-05-23 20:38:00,223] Trial 1 finished with value: 108.51575801527316 and parameters: {'changepoint_prior_scale': 0.011364715855330682, 'seasonality_prior_scale': 0.6006871243618154, 'n_changepoints': 44}. Best is trial 1 with value: 108.51575801527316.
C:\LocalHost\OptiBack\modulo_demanda\Algoritmo_Prophet\forecast_model.py:103: FutureWarning: suggest_loguniform has been deprecated in v3.0.0. This feature will be removed in v6.0.0. See https://github.com/optuna/optuna/releases/tag/v3.0.0. Use suggest_float(..., log=True) instead.
  cps = trial.suggest_loguniform("changepoint_prior_scale", 0.001, 0.5)
C:\LocalHost\OptiBack\modulo_demanda\Algoritmo_Prophet\forecast_model.py:104: FutureWarning: suggest_loguniform has been deprecated in v3.0.0. This feature will be removed in v6.0.0. See https://github.com/optuna/optuna/releases/tag/v3.0.0. Use suggest_float(..., log=True) instead.
  sps = trial.suggest_loguniform("seasonality_prior_scale", 0.01, 10.0)
Optimization terminated abnormally. Falling back to Newton.
  0%|          | 0/2 [00:00<?, ?it/s] 50%|#####     | 1/2 [00:01<00:01,  1.19s/it]Optimization terminated abnormally. Falling back to Newton.
100%|##########| 2/2 [00:02<00:00,  1.32s/it]100%|##########| 2/2 [00:02<00:00,  1.30s/it]
[I 2025-05-23 20:38:04,465] Trial 2 finished with value: 98.75484137535891 and parameters: {'changepoint_prior_scale': 0.001032604841524153, 'seasonality_prior_scale': 0.047487967567290276, 'n_changepoints': 29}. Best is trial 2 with value: 98.75484137535891.
C:\LocalHost\OptiBack\modulo_demanda\Algoritmo_Prophet\forecast_model.py:103: FutureWarning: suggest_loguniform has been deprecated in v3.0.0. This feature will be removed in v6.0.0. See https://github.com/optuna/optuna/releases/tag/v3.0.0. Use suggest_float(..., log=True) instead.
  cps = trial.suggest_loguniform("changepoint_prior_scale", 0.001, 0.5)
C:\LocalHost\OptiBack\modulo_demanda\Algoritmo_Prophet\forecast_model.py:104: FutureWarning: suggest_loguniform has been deprecated in v3.0.0. This feature will be removed in v6.0.0. See https://github.com/optuna/optuna/releases/tag/v3.0.0. Use suggest_float(..., log=True) instead.
  sps = trial.suggest_loguniform("seasonality_prior_scale", 0.01, 10.0)
  0%|          | 0/2 [00:00<?, ?it/s] 50%|#####     | 1/2 [00:01<00:01,  1.03s/it]100%|##########| 2/2 [00:01<00:00,  1.14it/s]100%|##########| 2/2 [00:01<00:00,  1.11it/s]
[I 2025-05-23 20:38:07,284] Trial 3 finished with value: 117.3781256386791 and parameters: {'changepoint_prior_scale': 0.00473190034327061, 'seasonality_prior_scale': 7.430503406114456, 'n_changepoints': 12}. Best is trial 2 with value: 98.75484137535891.
C:\LocalHost\OptiBack\modulo_demanda\Algoritmo_Prophet\forecast_model.py:103: FutureWarning: suggest_loguniform has been deprecated in v3.0.0. This feature will be removed in v6.0.0. See https://github.com/optuna/optuna/releases/tag/v3.0.0. Use suggest_float(..., log=True) instead.
  cps = trial.suggest_loguniform("changepoint_prior_scale", 0.001, 0.5)
C:\LocalHost\OptiBack\modulo_demanda\Algoritmo_Prophet\forecast_model.py:104: FutureWarning: suggest_loguniform has been deprecated in v3.0.0. This feature will be removed in v6.0.0. See https://github.com/optuna/optuna/releases/tag/v3.0.0. Use suggest_float(..., log=True) instead.
  sps = trial.suggest_loguniform("seasonality_prior_scale", 0.01, 10.0)
  0%|          | 0/2 [00:00<?, ?it/s] 50%|#####     | 1/2 [00:01<00:01,  1.31s/it]100%|##########| 2/2 [00:01<00:00,  1.08it/s]100%|##########| 2/2 [00:01<00:00,  1.01it/s]
