[I 2025-05-23 20:33:03,311] Trial 9 finished with value: 140.66853893401296 and parameters: {'changepoint_prior_scale': 0.0012678378679651667, 'seasonality_prior_scale': 4.743465333955853, 'n_changepoints': 42}. Best is trial 7 with value: 80.19418998888612.
  0%|          | 0/2 [00:00<?, ?it/s] 50%|#####     | 1/2 [00:02<00:02,  2.70s/it]100%|##########| 2/2 [00:03<00:00,  1.53s/it]100%|##########| 2/2 [00:03<00:00,  1.71s/it]
Rendimiento para la combinación BMX_2-BMX_TRADICIONAL-BMX_3402:
  horizon          mse       rmse  ...     mdape     smape  coverage
0 21 days  5748.075245  75.816062  ...  0.090545  0.085598  0.500000
1 28 days  6794.215219  82.427030  ...  0.090441  0.094319  0.500000
2 35 days  6098.639796  78.093788  ...  0.085179  0.092352  0.500000
3 42 days  6344.361166  79.651498  ...  0.110133  0.099682  0.333333
4 49 days  3649.543678  60.411453  ...  0.075698  0.076906  0.500000

[5 rows x 8 columns]
          ds        yhat  yhat_lower  yhat_upper        y     cutoff
0 2022-10-24  831.841338  783.366246  883.286233  729.125 2022-10-17
1 2022-10-31  732.090195  681.697962  780.512405  621.375 2022-10-17
2 2022-11-07  730.797789  683.021083  781.709544  631.250 2022-10-17
3 2022-11-14  693.532956  644.516506  740.988674  559.625 2022-10-17
4 2022-11-21  703.692829  651.484650  752.379869  623.000 2022-10-17
Contenido de df_prophet antes de model.fit:
            ds          y  day_of_week  week_of_year  month
0   2021-01-04  15485.625            0             1      1
1   2021-01-11  15094.500            0             2      1
2   2021-01-18  15407.000            0             3      1
3   2021-01-25  20646.125            0             4      1
4   2021-02-01  14561.375            0             5      2
..         ...        ...          ...           ...    ...
151 2023-11-27  13387.125            0            48     11
152 2023-12-04  13994.625            0            49     12
153 2023-12-11  18811.125            0            50     12
154 2023-12-18  15974.750            0            51     12
155 2023-12-25  15225.375            0            52     12

[156 rows x 5 columns]
[I 2025-05-23 20:33:07,972] A new study created in memory with name: no-name-d873b983-8b50-48e1-b8c8-d034f0868858
C:\LocalHost\OptiBack\modulo_demanda\Algoritmo_Prophet\forecast_model.py:103: FutureWarning: suggest_loguniform has been deprecated in v3.0.0. This feature will be removed in v6.0.0. See https://github.com/optuna/optuna/releases/tag/v3.0.0. Use suggest_float(..., log=True) instead.
  cps = trial.suggest_loguniform("changepoint_prior_scale", 0.001, 0.5)
C:\LocalHost\OptiBack\modulo_demanda\Algoritmo_Prophet\forecast_model.py:104: FutureWarning: suggest_loguniform has been deprecated in v3.0.0. This feature will be removed in v6.0.0. See https://github.com/optuna/optuna/releases/tag/v3.0.0. Use suggest_float(..., log=True) instead.
  sps = trial.suggest_loguniform("seasonality_prior_scale", 0.01, 10.0)
  0%|          | 0/2 [00:00<?, ?it/s] 50%|#####     | 1/2 [00:01<00:01,  1.24s/it]100%|##########| 2/2 [00:01<00:00,  1.12it/s]100%|##########| 2/2 [00:01<00:00,  1.06it/s]
[I 2025-05-23 20:33:10,898] Trial 0 finished with value: 2307.189274392371 and parameters: {'changepoint_prior_scale': 0.007425671334459746, 'seasonality_prior_scale': 0.15251182527473373, 'n_changepoints': 23}. Best is trial 0 with value: 2307.189274392371.
C:\LocalHost\OptiBack\modulo_demanda\Algoritmo_Prophet\forecast_model.py:103: FutureWarning: suggest_loguniform has been deprecated in v3.0.0. This feature will be removed in v6.0.0. See https://github.com/optuna/optuna/releases/tag/v3.0.0. Use suggest_float(..., log=True) instead.
  cps = trial.suggest_loguniform("changepoint_prior_scale", 0.001, 0.5)
C:\LocalHost\OptiBack\modulo_demanda\Algoritmo_Prophet\forecast_model.py:104: FutureWarning: suggest_loguniform has been deprecated in v3.0.0. This feature will be removed in v6.0.0. See https://github.com/optuna/optuna/releases/tag/v3.0.0. Use suggest_float(..., log=True) instead.
  sps = trial.suggest_loguniform("seasonality_prior_scale", 0.01, 10.0)
  0%|          | 0/2 [00:00<?, ?it/s] 50%|#####     | 1/2 [00:01<00:01,  1.93s/it]100%|##########| 2/2 [00:02<00:00,  1.15s/it]100%|##########| 2/2 [00:02<00:00,  1.27s/it]
[I 2025-05-23 20:33:14,327] Trial 1 finished with value: 2391.1320942415878 and parameters: {'changepoint_prior_scale': 0.039477620171693976, 'seasonality_prior_scale': 0.013268704446945894, 'n_changepoints': 46}. Best is trial 0 with value: 2307.189274392371.
C:\LocalHost\OptiBack\modulo_demanda\Algoritmo_Prophet\forecast_model.py:103: FutureWarning: suggest_loguniform has been deprecated in v3.0.0. This feature will be removed in v6.0.0. See https://github.com/optuna/optuna/releases/tag/v3.0.0. Use suggest_float(..., log=True) instead.
  cps = trial.suggest_loguniform("changepoint_prior_scale", 0.001, 0.5)
C:\LocalHost\OptiBack\modulo_demanda\Algoritmo_Prophet\forecast_model.py:104: FutureWarning: suggest_loguniform has been deprecated in v3.0.0. This feature will be removed in v6.0.0. See https://github.com/optuna/optuna/releases/tag/v3.0.0. Use suggest_float(..., log=True) instead.
  sps = trial.suggest_loguniform("seasonality_prior_scale", 0.01, 10.0)
  0%|          | 0/2 [00:00<?, ?it/s] 50%|#####     | 1/2 [00:01<00:01,  1.42s/it]100%|##########| 2/2 [00:02<00:00,  1.09s/it]100%|##########| 2/2 [00:02<00:00,  1.14s/it]
[I 2025-05-23 20:33:17,626] Trial 2 finished with value: 2358.7187318747087 and parameters: {'changepoint_prior_scale': 0.009127744132885371, 'seasonality_prior_scale': 1.2074602675672608, 'n_changepoints': 38}. Best is trial 0 with value: 2307.189274392371.
C:\LocalHost\OptiBack\modulo_demanda\Algoritmo_Prophet\forecast_model.py:103: FutureWarning: suggest_loguniform has been deprecated in v3.0.0. This feature will be removed in v6.0.0. See https://github.com/optuna/optuna/releases/tag/v3.0.0. Use suggest_float(..., log=True) instead.
  cps = trial.suggest_loguniform("changepoint_prior_scale", 0.001, 0.5)
C:\LocalHost\OptiBack\modulo_demanda\Algoritmo_Prophet\forecast_model.py:104: FutureWarning: suggest_loguniform has been deprecated in v3.0.0. This feature will be removed in v6.0.0. See https://github.com/optuna/optuna/releases/tag/v3.0.0. Use suggest_float(..., log=True) instead.
  sps = trial.suggest_loguniform("seasonality_prior_scale", 0.01, 10.0)
  0%|          | 0/2 [00:00<?, ?it/s] 50%|#####     | 1/2 [00:01<00:01,  1.93s/it]100%|##########| 2/2 [00:02<00:00,  1.15s/it]100%|##########| 2/2 [00:02<00:00,  1.27s/it]
[I 2025-05-23 20:33:21,210] Trial 3 finished with value: 2301.228938012318 and parameters: {'changepoint_prior_scale': 0.0487272133750016, 'seasonality_prior_scale': 1.5339458352681155, 'n_changepoints': 35}. Best is trial 3 with value: 2301.228938012318.
C:\LocalHost\OptiBack\modulo_demanda\Algoritmo_Prophet\forecast_model.py:103: FutureWarning: suggest_loguniform has been deprecated in v3.0.0. This feature will be removed in v6.0.0. See https://github.com/optuna/optuna/releases/tag/v3.0.0. Use suggest_float(..., log=True) instead.
  cps = trial.suggest_loguniform("changepoint_prior_scale", 0.001, 0.5)
C:\LocalHost\OptiBack\modulo_demanda\Algoritmo_Prophet\forecast_model.py:104: FutureWarning: suggest_loguniform has been deprecated in v3.0.0. This feature will be removed in v6.0.0. See https://github.com/optuna/optuna/releases/tag/v3.0.0. Use suggest_float(..., log=True) instead.
  sps = trial.suggest_loguniform("seasonality_prior_scale", 0.01, 10.0)
Optimization terminated abnormally. Falling back to Newton.
  0%|          | 0/2 [00:00<?, ?it/s] 50%|#####     | 1/2 [00:01<00:01,  1.54s/it]Optimization terminated abnormally. Falling back to Newton.
100%|##########| 2/2 [00:03<00:00,  1.50s/it]100%|##########| 2/2 [00:03<00:00,  1.51s/it]
[I 2025-05-23 20:33:26,368] Trial 4 finished with value: 2325.200038380107 and parameters: {'changepoint_prior_scale': 0.0015537681427351285, 'seasonality_prior_scale': 1.424504011205604, 'n_changepoints': 37}. Best is trial 3 with value: 2301.228938012318.
C:\LocalHost\OptiBack\modulo_demanda\Algoritmo_Prophet\forecast_model.py:103: FutureWarning: suggest_loguniform has been deprecated in v3.0.0. This feature will be removed in v6.0.0. See https://github.com/optuna/optuna/releases/tag/v3.0.0. Use suggest_float(..., log=True) instead.
  cps = trial.suggest_loguniform("changepoint_prior_scale", 0.001, 0.5)
C:\LocalHost\OptiBack\modulo_demanda\Algoritmo_Prophet\forecast_model.py:104: FutureWarning: suggest_loguniform has been deprecated in v3.0.0. This feature will be removed in v6.0.0. See https://github.com/optuna/optuna/releases/tag/v3.0.0. Use suggest_float(..., log=True) instead.
  sps = trial.suggest_loguniform("seasonality_prior_scale", 0.01, 10.0)
  0%|          | 0/2 [00:00<?, ?it/s] 50%|#####     | 1/2 [00:01<00:01,  1.26s/it]100%|##########| 2/2 [00:01<00:00,  1.08it/s]100%|##########| 2/2 [00:01<00:00,  1.02it/s]
[I 2025-05-23 20:33:29,176] Trial 5 finished with value: 2355.4720553773845 and parameters: {'changepoint_prior_scale': 0.011380169125567913, 'seasonality_prior_scale': 1.206435085999682, 'n_changepoints': 32}. Best is trial 3 with value: 2301.228938012318.
C:\LocalHost\OptiBack\modulo_demanda\Algoritmo_Prophet\forecast_model.py:103: FutureWarning: suggest_loguniform has been deprecated in v3.0.0. This feature will be removed in v6.0.0. See https://github.com/optuna/optuna/releases/tag/v3.0.0. Use suggest_float(..., log=True) instead.
  cps = trial.suggest_loguniform("changepoint_prior_scale", 0.001, 0.5)
C:\LocalHost\OptiBack\modulo_demanda\Algoritmo_Prophet\forecast_model.py:104: FutureWarning: suggest_loguniform has been deprecated in v3.0.0. This feature will be removed in v6.0.0. See https://github.com/optuna/optuna/releases/tag/v3.0.0. Use suggest_float(..., log=True) instead.
  sps = trial.suggest_loguniform("seasonality_prior_scale", 0.01, 10.0)
  0%|          | 0/2 [00:00<?, ?it/s] 50%|#####     | 1/2 [00:02<00:02,  2.37s/it]100%|##########| 2/2 [00:03<00:00,  1.41s/it]100%|##########| 2/2 [00:03<00:00,  1.55s/it]
[I 2025-05-23 20:33:33,477] Trial 6 finished with value: 2268.00455931125 and parameters: {'changepoint_prior_scale': 0.07387313941980475, 'seasonality_prior_scale': 0.02582785074681932, 'n_changepoints': 47}. Best is trial 6 with value: 2268.00455931125.
C:\LocalHost\OptiBack\modulo_demanda\Algoritmo_Prophet\forecast_model.py:103: FutureWarning: suggest_loguniform has been deprecated in v3.0.0. This feature will be removed in v6.0.0. See https://github.com/optuna/optuna/releases/tag/v3.0.0. Use suggest_float(..., log=True) instead.
  cps = trial.suggest_loguniform("changepoint_prior_scale", 0.001, 0.5)
C:\LocalHost\OptiBack\modulo_demanda\Algoritmo_Prophet\forecast_model.py:104: FutureWarning: suggest_loguniform has been deprecated in v3.0.0. This feature will be removed in v6.0.0. See https://github.com/optuna/optuna/releases/tag/v3.0.0. Use suggest_float(..., log=True) instead.
  sps = trial.suggest_loguniform("seasonality_prior_scale", 0.01, 10.0)
  0%|          | 0/2 [00:00<?, ?it/s] 50%|#####     | 1/2 [00:01<00:01,  1.12s/it]100%|##########| 2/2 [00:01<00:00,  1.18it/s]100%|##########| 2/2 [00:01<00:00,  1.13it/s]
[I 2025-05-23 20:33:36,296] Trial 7 finished with value: 2294.886390277911 and parameters: {'changepoint_prior_scale': 0.01325609062565471, 'seasonality_prior_scale': 0.10349137997980044, 'n_changepoints': 13}. Best is trial 6 with value: 2268.00455931125.
C:\LocalHost\OptiBack\modulo_demanda\Algoritmo_Prophet\forecast_model.py:103: FutureWarning: suggest_loguniform has been deprecated in v3.0.0. This feature will be removed in v6.0.0. See https://github.com/optuna/optuna/releases/tag/v3.0.0. Use suggest_float(..., log=True) instead.
  cps = trial.suggest_loguniform("changepoint_prior_scale", 0.001, 0.5)
C:\LocalHost\OptiBack\modulo_demanda\Algoritmo_Prophet\forecast_model.py:104: FutureWarning: suggest_loguniform has been deprecated in v3.0.0. This feature will be removed in v6.0.0. See https://github.com/optuna/optuna/releases/tag/v3.0.0. Use suggest_float(..., log=True) instead.
  sps = trial.suggest_loguniform("seasonality_prior_scale", 0.01, 10.0)
  0%|          | 0/2 [00:00<?, ?it/s] 50%|#####     | 1/2 [00:01<00:01,  1.21s/it]100%|##########| 2/2 [00:01<00:00,  1.12it/s]100%|##########| 2/2 [00:01<00:00,  1.07it/s]
[I 2025-05-23 20:33:39,172] Trial 8 finished with value: 2414.3035241120206 and parameters: {'changepoint_prior_scale': 0.026973568966053126, 'seasonality_prior_scale': 6.127172430655978, 'n_changepoints': 12}. Best is trial 6 with value: 2268.00455931125.
C:\LocalHost\OptiBack\modulo_demanda\Algoritmo_Prophet\forecast_model.py:103: FutureWarning: suggest_loguniform has been deprecated in v3.0.0. This feature will be removed in v6.0.0. See https://github.com/optuna/optuna/releases/tag/v3.0.0. Use suggest_float(..., log=True) instead.
  cps = trial.suggest_loguniform("changepoint_prior_scale", 0.001, 0.5)
C:\LocalHost\OptiBack\modulo_demanda\Algoritmo_Prophet\forecast_model.py:104: FutureWarning: suggest_loguniform has been deprecated in v3.0.0. This feature will be removed in v6.0.0. See https://github.com/optuna/optuna/releases/tag/v3.0.0. Use suggest_float(..., log=True) instead.
  sps = trial.suggest_loguniform("seasonality_prior_scale", 0.01, 10.0)
  0%|          | 0/2 [00:00<?, ?it/s] 50%|#####     | 1/2 [00:01<00:01,  1.80s/it]100%|##########| 2/2 [00:02<00:00,  1.03s/it]100%|##########| 2/2 [00:02<00:00,  1.15s/it]
[I 2025-05-23 20:33:42,509] Trial 9 finished with value: 2272.762073388233 and parameters: {'changepoint_prior_scale': 0.0647688746846108, 'seasonality_prior_scale': 1.0033521011191977, 'n_changepoints': 43}. Best is trial 6 with value: 2268.00455931125.
  0%|          | 0/2 [00:00<?, ?it/s] 50%|#####     | 1/2 [00:02<00:02,  2.32s/it]100%|##########| 2/2 [00:03<00:00,  1.39s/it]100%|##########| 2/2 [00:03<00:00,  1.53s/it]
Rendimiento para la combinación BMX_2-BMX_TRADICIONAL-BMX_3931:
  horizon           mse         rmse  ...     mdape     smape  coverage
0 21 days  7.047349e+06  2654.684349  ...  0.140374  0.129885  0.333333
1 28 days  7.856729e+06  2802.985649  ...  0.117574  0.118925  0.500000
2 35 days  6.898728e+06  2626.542895  ...  0.072974  0.101212  0.666667
3 42 days  6.989521e+06  2643.770263  ...  0.088624  0.106439  0.500000
4 49 days  7.179314e+06  2679.424172  ...  0.088624  0.110192  0.500000

[5 rows x 8 columns]
          ds          yhat    yhat_lower    yhat_upper         y     cutoff
0 2022-10-24  19802.235523  18146.094319  21530.278460  17698.50 2022-10-17
1 2022-10-31  17049.055323  15349.442558  18666.813260  14427.75 2022-10-17
2 2022-11-07  17810.834020  16074.008020  19437.167947  16595.00 2022-10-17
3 2022-11-14  16899.687113  15127.764795  18739.798180  16382.25 2022-10-17
4 2022-11-21  15594.491522  14002.231008  17227.094858  19599.25 2022-10-17
Contenido de df_prophet antes de model.fit:
            ds       y  day_of_week  week_of_year  month
0   2021-01-04  1216.0            0             1      1
1   2021-01-11  1465.0            0             2      1
2   2021-01-18  1513.0            0             3      1
3   2021-01-25  1480.0            0             4      1
4   2021-02-01  2233.0            0             5      2
..         ...     ...          ...           ...    ...
151 2023-11-27  2723.0            0            48     11
152 2023-12-04  4326.0            0            49     12
153 2023-12-11  3895.0            0            50     12
154 2023-12-18  4572.0            0            51     12
155 2023-12-25  6116.0            0            52     12

[156 rows x 5 columns]
[I 2025-05-23 20:33:46,682] A new study created in memory with name: no-name-66a99ebc-2d5f-44ed-8062-09476edfbfc9
C:\LocalHost\OptiBack\modulo_demanda\Algoritmo_Prophet\forecast_model.py:103: FutureWarning: suggest_loguniform has been deprecated in v3.0.0. This feature will be removed in v6.0.0. See https://github.com/optuna/optuna/releases/tag/v3.0.0. Use suggest_float(..., log=True) instead.
  cps = trial.suggest_loguniform("changepoint_prior_scale", 0.001, 0.5)
C:\LocalHost\OptiBack\modulo_demanda\Algoritmo_Prophet\forecast_model.py:104: FutureWarning: suggest_loguniform has been deprecated in v3.0.0. This feature will be removed in v6.0.0. See https://github.com/optuna/optuna/releases/tag/v3.0.0. Use suggest_float(..., log=True) instead.
  sps = trial.suggest_loguniform("seasonality_prior_scale", 0.01, 10.0)
Optimization terminated abnormally. Falling back to Newton.
  0%|          | 0/2 [00:00<?, ?it/s] 50%|#####     | 1/2 [00:01<00:01,  1.49s/it]100%|##########| 2/2 [00:02<00:00,  1.18s/it]100%|##########| 2/2 [00:02<00:00,  1.22s/it]
[I 2025-05-23 20:33:51,656] Trial 0 finished with value: 790.9584518710418 and parameters: {'changepoint_prior_scale': 0.002223977148398816, 'seasonality_prior_scale': 1.6506741358407782, 'n_changepoints': 21}. Best is trial 0 with value: 790.9584518710418.
C:\LocalHost\OptiBack\modulo_demanda\Algoritmo_Prophet\forecast_model.py:103: FutureWarning: suggest_loguniform has been deprecated in v3.0.0. This feature will be removed in v6.0.0. See https://github.com/optuna/optuna/releases/tag/v3.0.0. Use suggest_float(..., log=True) instead.
  cps = trial.suggest_loguniform("changepoint_prior_scale", 0.001, 0.5)
C:\LocalHost\OptiBack\modulo_demanda\Algoritmo_Prophet\forecast_model.py:104: FutureWarning: suggest_loguniform has been deprecated in v3.0.0. This feature will be removed in v6.0.0. See https://github.com/optuna/optuna/releases/tag/v3.0.0. Use suggest_float(..., log=True) instead.
  sps = trial.suggest_loguniform("seasonality_prior_scale", 0.01, 10.0)
Optimization terminated abnormally. Falling back to Newton.
  0%|          | 0/2 [00:00<?, ?it/s] 50%|#####     | 1/2 [00:01<00:01,  1.05s/it]100%|##########| 2/2 [00:01<00:00,  1.15it/s]100%|##########| 2/2 [00:01<00:00,  1.11it/s]
[I 2025-05-23 20:33:55,435] Trial 1 finished with value: 752.0902235002015 and parameters: {'changepoint_prior_scale': 0.004906587133363145, 'seasonality_prior_scale': 0.22893367228753234, 'n_changepoints': 23}. Best is trial 1 with value: 752.0902235002015.
C:\LocalHost\OptiBack\modulo_demanda\Algoritmo_Prophet\forecast_model.py:103: FutureWarning: suggest_loguniform has been deprecated in v3.0.0. This feature will be removed in v6.0.0. See https://github.com/optuna/optuna/releases/tag/v3.0.0. Use suggest_float(..., log=True) instead.
  cps = trial.suggest_loguniform("changepoint_prior_scale", 0.001, 0.5)
C:\LocalHost\OptiBack\modulo_demanda\Algoritmo_Prophet\forecast_model.py:104: FutureWarning: suggest_loguniform has been deprecated in v3.0.0. This feature will be removed in v6.0.0. See https://github.com/optuna/optuna/releases/tag/v3.0.0. Use suggest_float(..., log=True) instead.
  sps = trial.suggest_loguniform("seasonality_prior_scale", 0.01, 10.0)
  0%|          | 0/2 [00:00<?, ?it/s] 50%|#####     | 1/2 [00:01<00:01,  1.43s/it]100%|##########| 2/2 [00:02<00:00,  1.04s/it]100%|##########| 2/2 [00:02<00:00,  1.10s/it]
[I 2025-05-23 20:33:58,522] Trial 2 finished with value: 790.3353375240331 and parameters: {'changepoint_prior_scale': 0.02570219938448009, 'seasonality_prior_scale': 0.5173230996382185, 'n_changepoints': 24}. Best is trial 1 with value: 752.0902235002015.
C:\LocalHost\OptiBack\modulo_demanda\Algoritmo_Prophet\forecast_model.py:103: FutureWarning: suggest_loguniform has been deprecated in v3.0.0. This feature will be removed in v6.0.0. See https://github.com/optuna/optuna/releases/tag/v3.0.0. Use suggest_float(..., log=True) instead.
  cps = trial.suggest_loguniform("changepoint_prior_scale", 0.001, 0.5)
C:\LocalHost\OptiBack\modulo_demanda\Algoritmo_Prophet\forecast_model.py:104: FutureWarning: suggest_loguniform has been deprecated in v3.0.0. This feature will be removed in v6.0.0. See https://github.com/optuna/optuna/releases/tag/v3.0.0. Use suggest_float(..., log=True) instead.
  sps = trial.suggest_loguniform("seasonality_prior_scale", 0.01, 10.0)
  0%|          | 0/2 [00:00<?, ?it/s] 50%|#####     | 1/2 [00:02<00:02,  2.81s/it]100%|##########| 2/2 [00:03<00:00,  1.63s/it]100%|##########| 2/2 [00:03<00:00,  1.81s/it]
[I 2025-05-23 20:34:03,548] Trial 3 finished with value: 980.1569989351352 and parameters: {'changepoint_prior_scale': 0.08876949144822378, 'seasonality_prior_scale': 3.629538716506229, 'n_changepoints': 34}. Best is trial 1 with value: 752.0902235002015.
C:\LocalHost\OptiBack\modulo_demanda\Algoritmo_Prophet\forecast_model.py:103: FutureWarning: suggest_loguniform has been deprecated in v3.0.0. This feature will be removed in v6.0.0. See https://github.com/optuna/optuna/releases/tag/v3.0.0. Use suggest_float(..., log=True) instead.
  cps = trial.suggest_loguniform("changepoint_prior_scale", 0.001, 0.5)
C:\LocalHost\OptiBack\modulo_demanda\Algoritmo_Prophet\forecast_model.py:104: FutureWarning: suggest_loguniform has been deprecated in v3.0.0. This feature will be removed in v6.0.0. See https://github.com/optuna/optuna/releases/tag/v3.0.0. Use suggest_float(..., log=True) instead.
  sps = trial.suggest_loguniform("seasonality_prior_scale", 0.01, 10.0)
  0%|          | 0/2 [00:00<?, ?it/s] 50%|#####     | 1/2 [00:02<00:02,  2.30s/it]100%|##########| 2/2 [00:02<00:00,  1.31s/it]100%|##########| 2/2 [00:02<00:00,  1.46s/it]
