[I 2025-05-23 20:30:47,388] Trial 9 finished with value: 485.06444347024245 and parameters: {'changepoint_prior_scale': 0.04192119267193335, 'seasonality_prior_scale': 0.01004198775655341, 'n_changepoints': 26}. Best is trial 4 with value: 370.86568848079185.
  0%|          | 0/2 [00:00<?, ?it/s] 50%|#####     | 1/2 [00:02<00:02,  2.83s/it]100%|##########| 2/2 [00:03<00:00,  1.56s/it]100%|##########| 2/2 [00:03<00:00,  1.75s/it]
Rendimiento para la combinación BMX_2-BMX_OXXO-BMX_3931:
  horizon            mse        rmse  ...     mdape     smape  coverage
0 21 days   62023.867215  249.045914  ...  0.080438  0.136352  0.500000
1 28 days  155935.303404  394.886444  ...  0.209726  0.242069  0.166667
2 35 days  160142.953524  400.178652  ...  0.209726  0.263586  0.000000
3 42 days  159281.157369  399.100435  ...  0.207245  0.267941  0.000000
4 49 days  121203.338522  348.142699  ...  0.201238  0.246664  0.000000

[5 rows x 8 columns]
          ds        yhat  yhat_lower  yhat_upper        y     cutoff
0 2022-10-24  781.336300  706.354074  864.105907  811.125 2022-10-17
1 2022-10-31  691.439662  604.668146  775.060900  663.250 2022-10-17
2 2022-11-07  689.762959  611.151369  770.925666  782.375 2022-10-17
3 2022-11-14  622.050462  537.404960  707.284875  770.250 2022-10-17
4 2022-11-21  634.524639  551.625666  720.150047  750.375 2022-10-17
Contenido de df_prophet antes de model.fit:
            ds          y  day_of_week  week_of_year  month
0   2021-01-04  31399.000            0             1      1
1   2021-01-11  24342.000            0             2      1
2   2021-01-18  29908.000            0             3      1
3   2021-01-25  37264.125            0             4      1
4   2021-02-01  33508.250            0             5      2
..         ...        ...          ...           ...    ...
151 2023-11-27  29397.875            0            48     11
152 2023-12-04  29347.500            0            49     12
153 2023-12-11  28290.750            0            50     12
154 2023-12-18  34358.625            0            51     12
155 2023-12-25  31072.500            0            52     12

[156 rows x 5 columns]
[I 2025-05-23 20:30:51,788] A new study created in memory with name: no-name-a09ee442-a993-4b77-83a1-bc3c95bb32f2
C:\LocalHost\OptiBack\modulo_demanda\Algoritmo_Prophet\forecast_model.py:103: FutureWarning: suggest_loguniform has been deprecated in v3.0.0. This feature will be removed in v6.0.0. See https://github.com/optuna/optuna/releases/tag/v3.0.0. Use suggest_float(..., log=True) instead.
  cps = trial.suggest_loguniform("changepoint_prior_scale", 0.001, 0.5)
C:\LocalHost\OptiBack\modulo_demanda\Algoritmo_Prophet\forecast_model.py:104: FutureWarning: suggest_loguniform has been deprecated in v3.0.0. This feature will be removed in v6.0.0. See https://github.com/optuna/optuna/releases/tag/v3.0.0. Use suggest_float(..., log=True) instead.
  sps = trial.suggest_loguniform("seasonality_prior_scale", 0.01, 10.0)
Optimization terminated abnormally. Falling back to Newton.
  0%|          | 0/2 [00:00<?, ?it/s] 50%|#####     | 1/2 [00:00<00:00,  1.09it/s]100%|##########| 2/2 [00:01<00:00,  1.35it/s]100%|##########| 2/2 [00:01<00:00,  1.30it/s]
[I 2025-05-23 20:30:55,110] Trial 0 finished with value: 5395.120950012249 and parameters: {'changepoint_prior_scale': 0.0017122668865382868, 'seasonality_prior_scale': 3.4031528138395104, 'n_changepoints': 18}. Best is trial 0 with value: 5395.120950012249.
C:\LocalHost\OptiBack\modulo_demanda\Algoritmo_Prophet\forecast_model.py:103: FutureWarning: suggest_loguniform has been deprecated in v3.0.0. This feature will be removed in v6.0.0. See https://github.com/optuna/optuna/releases/tag/v3.0.0. Use suggest_float(..., log=True) instead.
  cps = trial.suggest_loguniform("changepoint_prior_scale", 0.001, 0.5)
C:\LocalHost\OptiBack\modulo_demanda\Algoritmo_Prophet\forecast_model.py:104: FutureWarning: suggest_loguniform has been deprecated in v3.0.0. This feature will be removed in v6.0.0. See https://github.com/optuna/optuna/releases/tag/v3.0.0. Use suggest_float(..., log=True) instead.
  sps = trial.suggest_loguniform("seasonality_prior_scale", 0.01, 10.0)
Optimization terminated abnormally. Falling back to Newton.
  0%|          | 0/2 [00:00<?, ?it/s] 50%|#####     | 1/2 [00:00<00:00,  1.07it/s]100%|##########| 2/2 [00:01<00:00,  1.22it/s]100%|##########| 2/2 [00:01<00:00,  1.19it/s]
[I 2025-05-23 20:30:59,397] Trial 1 finished with value: 3708.546554677575 and parameters: {'changepoint_prior_scale': 0.0017161899257239484, 'seasonality_prior_scale': 0.11247474850276133, 'n_changepoints': 15}. Best is trial 1 with value: 3708.546554677575.
C:\LocalHost\OptiBack\modulo_demanda\Algoritmo_Prophet\forecast_model.py:103: FutureWarning: suggest_loguniform has been deprecated in v3.0.0. This feature will be removed in v6.0.0. See https://github.com/optuna/optuna/releases/tag/v3.0.0. Use suggest_float(..., log=True) instead.
  cps = trial.suggest_loguniform("changepoint_prior_scale", 0.001, 0.5)
C:\LocalHost\OptiBack\modulo_demanda\Algoritmo_Prophet\forecast_model.py:104: FutureWarning: suggest_loguniform has been deprecated in v3.0.0. This feature will be removed in v6.0.0. See https://github.com/optuna/optuna/releases/tag/v3.0.0. Use suggest_float(..., log=True) instead.
  sps = trial.suggest_loguniform("seasonality_prior_scale", 0.01, 10.0)
  0%|          | 0/2 [00:00<?, ?it/s] 50%|#####     | 1/2 [00:03<00:03,  3.91s/it]100%|##########| 2/2 [00:04<00:00,  2.07s/it]100%|##########| 2/2 [00:04<00:00,  2.35s/it]
[I 2025-05-23 20:31:05,334] Trial 2 finished with value: 4678.790199385556 and parameters: {'changepoint_prior_scale': 0.1400701128593552, 'seasonality_prior_scale': 0.168169727967238, 'n_changepoints': 46}. Best is trial 1 with value: 3708.546554677575.
C:\LocalHost\OptiBack\modulo_demanda\Algoritmo_Prophet\forecast_model.py:103: FutureWarning: suggest_loguniform has been deprecated in v3.0.0. This feature will be removed in v6.0.0. See https://github.com/optuna/optuna/releases/tag/v3.0.0. Use suggest_float(..., log=True) instead.
  cps = trial.suggest_loguniform("changepoint_prior_scale", 0.001, 0.5)
C:\LocalHost\OptiBack\modulo_demanda\Algoritmo_Prophet\forecast_model.py:104: FutureWarning: suggest_loguniform has been deprecated in v3.0.0. This feature will be removed in v6.0.0. See https://github.com/optuna/optuna/releases/tag/v3.0.0. Use suggest_float(..., log=True) instead.
  sps = trial.suggest_loguniform("seasonality_prior_scale", 0.01, 10.0)
  0%|          | 0/2 [00:00<?, ?it/s] 50%|#####     | 1/2 [00:02<00:02,  2.42s/it]100%|##########| 2/2 [00:03<00:00,  1.43s/it]100%|##########| 2/2 [00:03<00:00,  1.58s/it]
[I 2025-05-23 20:31:09,430] Trial 3 finished with value: 6928.185955200381 and parameters: {'changepoint_prior_scale': 0.47412830786212334, 'seasonality_prior_scale': 0.08045754873642062, 'n_changepoints': 22}. Best is trial 1 with value: 3708.546554677575.
C:\LocalHost\OptiBack\modulo_demanda\Algoritmo_Prophet\forecast_model.py:103: FutureWarning: suggest_loguniform has been deprecated in v3.0.0. This feature will be removed in v6.0.0. See https://github.com/optuna/optuna/releases/tag/v3.0.0. Use suggest_float(..., log=True) instead.
  cps = trial.suggest_loguniform("changepoint_prior_scale", 0.001, 0.5)
C:\LocalHost\OptiBack\modulo_demanda\Algoritmo_Prophet\forecast_model.py:104: FutureWarning: suggest_loguniform has been deprecated in v3.0.0. This feature will be removed in v6.0.0. See https://github.com/optuna/optuna/releases/tag/v3.0.0. Use suggest_float(..., log=True) instead.
  sps = trial.suggest_loguniform("seasonality_prior_scale", 0.01, 10.0)
  0%|          | 0/2 [00:00<?, ?it/s] 50%|#####     | 1/2 [00:01<00:01,  1.06s/it]100%|##########| 2/2 [00:01<00:00,  1.20it/s]100%|##########| 2/2 [00:01<00:00,  1.15it/s]
[I 2025-05-23 20:31:12,007] Trial 4 finished with value: 4889.252663560709 and parameters: {'changepoint_prior_scale': 0.005792558452236488, 'seasonality_prior_scale': 2.120394348739874, 'n_changepoints': 7}. Best is trial 1 with value: 3708.546554677575.
C:\LocalHost\OptiBack\modulo_demanda\Algoritmo_Prophet\forecast_model.py:103: FutureWarning: suggest_loguniform has been deprecated in v3.0.0. This feature will be removed in v6.0.0. See https://github.com/optuna/optuna/releases/tag/v3.0.0. Use suggest_float(..., log=True) instead.
  cps = trial.suggest_loguniform("changepoint_prior_scale", 0.001, 0.5)
C:\LocalHost\OptiBack\modulo_demanda\Algoritmo_Prophet\forecast_model.py:104: FutureWarning: suggest_loguniform has been deprecated in v3.0.0. This feature will be removed in v6.0.0. See https://github.com/optuna/optuna/releases/tag/v3.0.0. Use suggest_float(..., log=True) instead.
  sps = trial.suggest_loguniform("seasonality_prior_scale", 0.01, 10.0)
  0%|          | 0/2 [00:00<?, ?it/s] 50%|#####     | 1/2 [00:02<00:02,  2.19s/it]100%|##########| 2/2 [00:03<00:00,  1.45s/it]100%|##########| 2/2 [00:03<00:00,  1.56s/it]
[I 2025-05-23 20:31:16,680] Trial 5 finished with value: 4071.2481518367676 and parameters: {'changepoint_prior_scale': 0.023889968764437376, 'seasonality_prior_scale': 0.676161150132929, 'n_changepoints': 47}. Best is trial 1 with value: 3708.546554677575.
C:\LocalHost\OptiBack\modulo_demanda\Algoritmo_Prophet\forecast_model.py:103: FutureWarning: suggest_loguniform has been deprecated in v3.0.0. This feature will be removed in v6.0.0. See https://github.com/optuna/optuna/releases/tag/v3.0.0. Use suggest_float(..., log=True) instead.
  cps = trial.suggest_loguniform("changepoint_prior_scale", 0.001, 0.5)
C:\LocalHost\OptiBack\modulo_demanda\Algoritmo_Prophet\forecast_model.py:104: FutureWarning: suggest_loguniform has been deprecated in v3.0.0. This feature will be removed in v6.0.0. See https://github.com/optuna/optuna/releases/tag/v3.0.0. Use suggest_float(..., log=True) instead.
  sps = trial.suggest_loguniform("seasonality_prior_scale", 0.01, 10.0)
  0%|          | 0/2 [00:00<?, ?it/s] 50%|#####     | 1/2 [00:01<00:01,  1.47s/it]100%|##########| 2/2 [00:02<00:00,  1.02it/s]100%|##########| 2/2 [00:02<00:00,  1.05s/it]
[I 2025-05-23 20:31:19,713] Trial 6 finished with value: 4224.901681772268 and parameters: {'changepoint_prior_scale': 0.09685069600626844, 'seasonality_prior_scale': 0.07183032642003857, 'n_changepoints': 33}. Best is trial 1 with value: 3708.546554677575.
C:\LocalHost\OptiBack\modulo_demanda\Algoritmo_Prophet\forecast_model.py:103: FutureWarning: suggest_loguniform has been deprecated in v3.0.0. This feature will be removed in v6.0.0. See https://github.com/optuna/optuna/releases/tag/v3.0.0. Use suggest_float(..., log=True) instead.
  cps = trial.suggest_loguniform("changepoint_prior_scale", 0.001, 0.5)
C:\LocalHost\OptiBack\modulo_demanda\Algoritmo_Prophet\forecast_model.py:104: FutureWarning: suggest_loguniform has been deprecated in v3.0.0. This feature will be removed in v6.0.0. See https://github.com/optuna/optuna/releases/tag/v3.0.0. Use suggest_float(..., log=True) instead.
  sps = trial.suggest_loguniform("seasonality_prior_scale", 0.01, 10.0)
  0%|          | 0/2 [00:00<?, ?it/s] 50%|#####     | 1/2 [00:01<00:01,  1.24s/it]100%|##########| 2/2 [00:01<00:00,  1.09it/s]100%|##########| 2/2 [00:01<00:00,  1.04it/s]
[I 2025-05-23 20:31:22,677] Trial 7 finished with value: 5169.205465388096 and parameters: {'changepoint_prior_scale': 0.07765437056191057, 'seasonality_prior_scale': 1.8239628249405464, 'n_changepoints': 19}. Best is trial 1 with value: 3708.546554677575.
C:\LocalHost\OptiBack\modulo_demanda\Algoritmo_Prophet\forecast_model.py:103: FutureWarning: suggest_loguniform has been deprecated in v3.0.0. This feature will be removed in v6.0.0. See https://github.com/optuna/optuna/releases/tag/v3.0.0. Use suggest_float(..., log=True) instead.
  cps = trial.suggest_loguniform("changepoint_prior_scale", 0.001, 0.5)
C:\LocalHost\OptiBack\modulo_demanda\Algoritmo_Prophet\forecast_model.py:104: FutureWarning: suggest_loguniform has been deprecated in v3.0.0. This feature will be removed in v6.0.0. See https://github.com/optuna/optuna/releases/tag/v3.0.0. Use suggest_float(..., log=True) instead.
  sps = trial.suggest_loguniform("seasonality_prior_scale", 0.01, 10.0)
  0%|          | 0/2 [00:00<?, ?it/s] 50%|#####     | 1/2 [00:01<00:01,  1.48s/it]100%|##########| 2/2 [00:02<00:00,  1.15s/it]100%|##########| 2/2 [00:02<00:00,  1.20s/it]
[I 2025-05-23 20:31:26,081] Trial 8 finished with value: 5943.052127294469 and parameters: {'changepoint_prior_scale': 0.2609538931889947, 'seasonality_prior_scale': 0.010606549738685906, 'n_changepoints': 12}. Best is trial 1 with value: 3708.546554677575.
C:\LocalHost\OptiBack\modulo_demanda\Algoritmo_Prophet\forecast_model.py:103: FutureWarning: suggest_loguniform has been deprecated in v3.0.0. This feature will be removed in v6.0.0. See https://github.com/optuna/optuna/releases/tag/v3.0.0. Use suggest_float(..., log=True) instead.
  cps = trial.suggest_loguniform("changepoint_prior_scale", 0.001, 0.5)
C:\LocalHost\OptiBack\modulo_demanda\Algoritmo_Prophet\forecast_model.py:104: FutureWarning: suggest_loguniform has been deprecated in v3.0.0. This feature will be removed in v6.0.0. See https://github.com/optuna/optuna/releases/tag/v3.0.0. Use suggest_float(..., log=True) instead.
  sps = trial.suggest_loguniform("seasonality_prior_scale", 0.01, 10.0)
  0%|          | 0/2 [00:00<?, ?it/s] 50%|#####     | 1/2 [00:01<00:01,  1.63s/it]100%|##########| 2/2 [00:02<00:00,  1.01s/it]100%|##########| 2/2 [00:02<00:00,  1.10s/it]
[I 2025-05-23 20:31:29,182] Trial 9 finished with value: 5910.843111929616 and parameters: {'changepoint_prior_scale': 0.014722710899734582, 'seasonality_prior_scale': 9.808077030150809, 'n_changepoints': 33}. Best is trial 1 with value: 3708.546554677575.
Optimization terminated abnormally. Falling back to Newton.
  0%|          | 0/2 [00:00<?, ?it/s] 50%|#####     | 1/2 [00:00<00:00,  1.05it/s]100%|##########| 2/2 [00:01<00:00,  1.22it/s]100%|##########| 2/2 [00:01<00:00,  1.19it/s]
Rendimiento para la combinación BMX_2-BMX_TRADICIONAL-BMX_3001:
  horizon           mse         rmse  ...     mdape     smape  coverage
0 21 days  2.648802e+07  5146.651548  ...  0.061973  0.093671  0.666667
1 28 days  2.043912e+07  4520.964412  ...  0.061973  0.095859  0.666667
2 35 days  3.532423e+07  5943.419219  ...  0.061973  0.133435  0.666667
3 42 days  3.560246e+07  5966.779379  ...  0.078932  0.135029  0.500000
4 49 days  3.025616e+07  5500.559576  ...  0.072076  0.117704  0.666667

[5 rows x 8 columns]
          ds          yhat    yhat_lower    yhat_upper          y     cutoff
0 2022-10-24  38817.543836  35767.676007  41566.383151  38568.375 2022-10-17
1 2022-10-31  32709.197156  29708.945538  35504.080414  31754.375 2022-10-17
2 2022-11-07  33955.427929  31108.726074  36857.505341  35435.750 2022-10-17
3 2022-11-14  34151.231959  31175.219288  36906.207237  27426.375 2022-10-17
4 2022-11-21  35621.901983  32673.772600  38596.058204  23349.625 2022-10-17
Contenido de df_prophet antes de model.fit:
            ds         y  day_of_week  week_of_year  month
0   2021-01-04  1717.000            0             1      1
1   2021-01-11  1428.000            0             2      1
2   2021-01-18  1584.500            0             3      1
3   2021-01-25  1788.750            0             4      1
4   2021-02-01  2078.500            0             5      2
..         ...       ...          ...           ...    ...
151 2023-11-27  2066.000            0            48     11
152 2023-12-04  2284.375            0            49     12
153 2023-12-11  1881.500            0            50     12
154 2023-12-18  2315.375            0            51     12
155 2023-12-25  1932.750            0            52     12

[156 rows x 5 columns]
[I 2025-05-23 20:31:33,460] A new study created in memory with name: no-name-d9c6d3cf-35f4-4cf9-a799-c93fa1eec11d
C:\LocalHost\OptiBack\modulo_demanda\Algoritmo_Prophet\forecast_model.py:103: FutureWarning: suggest_loguniform has been deprecated in v3.0.0. This feature will be removed in v6.0.0. See https://github.com/optuna/optuna/releases/tag/v3.0.0. Use suggest_float(..., log=True) instead.
  cps = trial.suggest_loguniform("changepoint_prior_scale", 0.001, 0.5)
C:\LocalHost\OptiBack\modulo_demanda\Algoritmo_Prophet\forecast_model.py:104: FutureWarning: suggest_loguniform has been deprecated in v3.0.0. This feature will be removed in v6.0.0. See https://github.com/optuna/optuna/releases/tag/v3.0.0. Use suggest_float(..., log=True) instead.
  sps = trial.suggest_loguniform("seasonality_prior_scale", 0.01, 10.0)
  0%|          | 0/2 [00:00<?, ?it/s] 50%|#####     | 1/2 [00:01<00:01,  1.70s/it]100%|##########| 2/2 [00:02<00:00,  1.25s/it]100%|##########| 2/2 [00:02<00:00,  1.32s/it]
[I 2025-05-23 20:31:37,236] Trial 0 finished with value: 332.0065475587406 and parameters: {'changepoint_prior_scale': 0.04102100258199633, 'seasonality_prior_scale': 0.0940042943454142, 'n_changepoints': 24}. Best is trial 0 with value: 332.0065475587406.
C:\LocalHost\OptiBack\modulo_demanda\Algoritmo_Prophet\forecast_model.py:103: FutureWarning: suggest_loguniform has been deprecated in v3.0.0. This feature will be removed in v6.0.0. See https://github.com/optuna/optuna/releases/tag/v3.0.0. Use suggest_float(..., log=True) instead.
  cps = trial.suggest_loguniform("changepoint_prior_scale", 0.001, 0.5)
C:\LocalHost\OptiBack\modulo_demanda\Algoritmo_Prophet\forecast_model.py:104: FutureWarning: suggest_loguniform has been deprecated in v3.0.0. This feature will be removed in v6.0.0. See https://github.com/optuna/optuna/releases/tag/v3.0.0. Use suggest_float(..., log=True) instead.
  sps = trial.suggest_loguniform("seasonality_prior_scale", 0.01, 10.0)
  0%|          | 0/2 [00:00<?, ?it/s] 50%|#####     | 1/2 [00:01<00:01,  1.14s/it]100%|##########| 2/2 [00:01<00:00,  1.08it/s]100%|##########| 2/2 [00:01<00:00,  1.04it/s]
[I 2025-05-23 20:31:40,552] Trial 1 finished with value: 417.3324497747186 and parameters: {'changepoint_prior_scale': 0.013247027917802596, 'seasonality_prior_scale': 0.012499950323376446, 'n_changepoints': 24}. Best is trial 0 with value: 332.0065475587406.
C:\LocalHost\OptiBack\modulo_demanda\Algoritmo_Prophet\forecast_model.py:103: FutureWarning: suggest_loguniform has been deprecated in v3.0.0. This feature will be removed in v6.0.0. See https://github.com/optuna/optuna/releases/tag/v3.0.0. Use suggest_float(..., log=True) instead.
  cps = trial.suggest_loguniform("changepoint_prior_scale", 0.001, 0.5)
C:\LocalHost\OptiBack\modulo_demanda\Algoritmo_Prophet\forecast_model.py:104: FutureWarning: suggest_loguniform has been deprecated in v3.0.0. This feature will be removed in v6.0.0. See https://github.com/optuna/optuna/releases/tag/v3.0.0. Use suggest_float(..., log=True) instead.
  sps = trial.suggest_loguniform("seasonality_prior_scale", 0.01, 10.0)
Optimization terminated abnormally. Falling back to Newton.
  0%|          | 0/2 [00:00<?, ?it/s] 50%|#####     | 1/2 [00:02<00:02,  2.02s/it]100%|##########| 2/2 [00:03<00:00,  1.41s/it]100%|##########| 2/2 [00:03<00:00,  1.51s/it]
[I 2025-05-23 20:31:47,130] Trial 2 finished with value: 408.41106128377055 and parameters: {'changepoint_prior_scale': 0.008193010833278688, 'seasonality_prior_scale': 4.932831771422331, 'n_changepoints': 41}. Best is trial 0 with value: 332.0065475587406.
C:\LocalHost\OptiBack\modulo_demanda\Algoritmo_Prophet\forecast_model.py:103: FutureWarning: suggest_loguniform has been deprecated in v3.0.0. This feature will be removed in v6.0.0. See https://github.com/optuna/optuna/releases/tag/v3.0.0. Use suggest_float(..., log=True) instead.
  cps = trial.suggest_loguniform("changepoint_prior_scale", 0.001, 0.5)
C:\LocalHost\OptiBack\modulo_demanda\Algoritmo_Prophet\forecast_model.py:104: FutureWarning: suggest_loguniform has been deprecated in v3.0.0. This feature will be removed in v6.0.0. See https://github.com/optuna/optuna/releases/tag/v3.0.0. Use suggest_float(..., log=True) instead.
  sps = trial.suggest_loguniform("seasonality_prior_scale", 0.01, 10.0)
  0%|          | 0/2 [00:00<?, ?it/s] 50%|#####     | 1/2 [00:01<00:01,  1.83s/it]100%|##########| 2/2 [00:02<00:00,  1.16s/it]100%|##########| 2/2 [00:02<00:00,  1.26s/it]
[I 2025-05-23 20:31:51,427] Trial 3 finished with value: 353.02178146701806 and parameters: {'changepoint_prior_scale': 0.006959120445104947, 'seasonality_prior_scale': 0.01825681946634932, 'n_changepoints': 28}. Best is trial 0 with value: 332.0065475587406.
C:\LocalHost\OptiBack\modulo_demanda\Algoritmo_Prophet\forecast_model.py:103: FutureWarning: suggest_loguniform has been deprecated in v3.0.0. This feature will be removed in v6.0.0. See https://github.com/optuna/optuna/releases/tag/v3.0.0. Use suggest_float(..., log=True) instead.
  cps = trial.suggest_loguniform("changepoint_prior_scale", 0.001, 0.5)
C:\LocalHost\OptiBack\modulo_demanda\Algoritmo_Prophet\forecast_model.py:104: FutureWarning: suggest_loguniform has been deprecated in v3.0.0. This feature will be removed in v6.0.0. See https://github.com/optuna/optuna/releases/tag/v3.0.0. Use suggest_float(..., log=True) instead.
  sps = trial.suggest_loguniform("seasonality_prior_scale", 0.01, 10.0)
  0%|          | 0/2 [00:00<?, ?it/s] 50%|#####     | 1/2 [00:05<00:05,  5.07s/it]100%|##########| 2/2 [00:05<00:00,  2.40s/it]100%|##########| 2/2 [00:05<00:00,  2.80s/it]
