[I 2025-05-23 20:51:56,175] Trial 9 finished with value: 222.46457182576708 and parameters: {'changepoint_prior_scale': 0.2086320385607232, 'seasonality_prior_scale': 0.015499273578044209, 'n_changepoints': 49}. Best is trial 9 with value: 222.46457182576708.
  0%|          | 0/2 [00:00<?, ?it/s] 50%|#####     | 1/2 [00:05<00:05,  5.37s/it]100%|##########| 2/2 [00:06<00:00,  2.61s/it]100%|##########| 2/2 [00:06<00:00,  3.02s/it]
Rendimiento para la combinación BMX_6-BMX_TRADICIONAL-BMX_3931:
  horizon           mse        rmse  ...     mdape     smape  coverage
0 21 days  28090.035342  167.600821  ...  0.063420  0.057460  0.666667
1 28 days  20088.344569  141.733357  ...  0.047328  0.050049  0.833333
2 35 days  34316.571106  185.247324  ...  0.051298  0.066158  0.666667
3 42 days  42639.633667  206.493665  ...  0.064434  0.074303  0.500000
4 49 days  61331.686060  247.652349  ...  0.095121  0.094538  0.166667

[5 rows x 8 columns]
          ds         yhat   yhat_lower   yhat_upper         y     cutoff
0 2022-10-24  2356.446630  2174.164137  2537.501028  2108.247 2022-10-17
1 2022-10-31  2382.965723  2210.227830  2575.765236  2249.249 2022-10-17
2 2022-11-07  2468.472915  2281.885361  2648.873445  2218.959 2022-10-17
3 2022-11-14  2325.165106  2140.000824  2513.115932  2248.666 2022-10-17
4 2022-11-21  2369.995666  2185.106514  2549.839318  2441.956 2022-10-17
Contenido de df_prophet antes de model.fit:
            ds        y  day_of_week  week_of_year  month
0   2021-01-04  128.355            0             1      1
1   2021-01-11  129.510            0             2      1
2   2021-01-18  103.062            0             3      1
3   2021-01-25  119.404            0             4      1
4   2021-02-01  131.563            0             5      2
..         ...      ...          ...           ...    ...
151 2023-11-27   90.002            0            48     11
152 2023-12-04   72.001            0            49     12
153 2023-12-11   69.833            0            50     12
154 2023-12-18   75.334            0            51     12
155 2023-12-25   47.668            0            52     12

[156 rows x 5 columns]
[I 2025-05-23 20:52:03,268] A new study created in memory with name: no-name-d945fb5a-4cdf-4671-8e85-7fcc988c42e7
C:\LocalHost\OptiBack\modulo_demanda\Algoritmo_Prophet\forecast_model.py:103: FutureWarning: suggest_loguniform has been deprecated in v3.0.0. This feature will be removed in v6.0.0. See https://github.com/optuna/optuna/releases/tag/v3.0.0. Use suggest_float(..., log=True) instead.
  cps = trial.suggest_loguniform("changepoint_prior_scale", 0.001, 0.5)
C:\LocalHost\OptiBack\modulo_demanda\Algoritmo_Prophet\forecast_model.py:104: FutureWarning: suggest_loguniform has been deprecated in v3.0.0. This feature will be removed in v6.0.0. See https://github.com/optuna/optuna/releases/tag/v3.0.0. Use suggest_float(..., log=True) instead.
  sps = trial.suggest_loguniform("seasonality_prior_scale", 0.01, 10.0)
  0%|          | 0/2 [00:00<?, ?it/s] 50%|#####     | 1/2 [00:01<00:01,  1.26s/it]100%|##########| 2/2 [00:01<00:00,  1.06it/s]100%|##########| 2/2 [00:01<00:00,  1.01it/s]
[I 2025-05-23 20:52:06,090] Trial 0 finished with value: 14.536166867661297 and parameters: {'changepoint_prior_scale': 0.3471905075300482, 'seasonality_prior_scale': 0.4048787010975781, 'n_changepoints': 10}. Best is trial 0 with value: 14.536166867661297.
C:\LocalHost\OptiBack\modulo_demanda\Algoritmo_Prophet\forecast_model.py:103: FutureWarning: suggest_loguniform has been deprecated in v3.0.0. This feature will be removed in v6.0.0. See https://github.com/optuna/optuna/releases/tag/v3.0.0. Use suggest_float(..., log=True) instead.
  cps = trial.suggest_loguniform("changepoint_prior_scale", 0.001, 0.5)
C:\LocalHost\OptiBack\modulo_demanda\Algoritmo_Prophet\forecast_model.py:104: FutureWarning: suggest_loguniform has been deprecated in v3.0.0. This feature will be removed in v6.0.0. See https://github.com/optuna/optuna/releases/tag/v3.0.0. Use suggest_float(..., log=True) instead.
  sps = trial.suggest_loguniform("seasonality_prior_scale", 0.01, 10.0)
  0%|          | 0/2 [00:00<?, ?it/s] 50%|#####     | 1/2 [00:01<00:01,  1.78s/it]100%|##########| 2/2 [00:02<00:00,  1.08s/it]100%|##########| 2/2 [00:02<00:00,  1.19s/it]
[I 2025-05-23 20:52:09,287] Trial 1 finished with value: 18.183497623660834 and parameters: {'changepoint_prior_scale': 0.05102401914202486, 'seasonality_prior_scale': 4.5735180154913015, 'n_changepoints': 19}. Best is trial 0 with value: 14.536166867661297.
C:\LocalHost\OptiBack\modulo_demanda\Algoritmo_Prophet\forecast_model.py:103: FutureWarning: suggest_loguniform has been deprecated in v3.0.0. This feature will be removed in v6.0.0. See https://github.com/optuna/optuna/releases/tag/v3.0.0. Use suggest_float(..., log=True) instead.
  cps = trial.suggest_loguniform("changepoint_prior_scale", 0.001, 0.5)
C:\LocalHost\OptiBack\modulo_demanda\Algoritmo_Prophet\forecast_model.py:104: FutureWarning: suggest_loguniform has been deprecated in v3.0.0. This feature will be removed in v6.0.0. See https://github.com/optuna/optuna/releases/tag/v3.0.0. Use suggest_float(..., log=True) instead.
  sps = trial.suggest_loguniform("seasonality_prior_scale", 0.01, 10.0)
Optimization terminated abnormally. Falling back to Newton.
  0%|          | 0/2 [00:00<?, ?it/s] 50%|#####     | 1/2 [00:01<00:01,  1.28s/it]100%|##########| 2/2 [00:01<00:00,  1.21it/s]100%|##########| 2/2 [00:01<00:00,  1.12it/s]
[I 2025-05-23 20:52:13,300] Trial 2 finished with value: 41.993490088872626 and parameters: {'changepoint_prior_scale': 0.001569921335646234, 'seasonality_prior_scale': 5.815705645841554, 'n_changepoints': 26}. Best is trial 0 with value: 14.536166867661297.
C:\LocalHost\OptiBack\modulo_demanda\Algoritmo_Prophet\forecast_model.py:103: FutureWarning: suggest_loguniform has been deprecated in v3.0.0. This feature will be removed in v6.0.0. See https://github.com/optuna/optuna/releases/tag/v3.0.0. Use suggest_float(..., log=True) instead.
  cps = trial.suggest_loguniform("changepoint_prior_scale", 0.001, 0.5)
C:\LocalHost\OptiBack\modulo_demanda\Algoritmo_Prophet\forecast_model.py:104: FutureWarning: suggest_loguniform has been deprecated in v3.0.0. This feature will be removed in v6.0.0. See https://github.com/optuna/optuna/releases/tag/v3.0.0. Use suggest_float(..., log=True) instead.
  sps = trial.suggest_loguniform("seasonality_prior_scale", 0.01, 10.0)
  0%|          | 0/2 [00:00<?, ?it/s] 50%|#####     | 1/2 [00:01<00:01,  1.69s/it]100%|##########| 2/2 [00:02<00:00,  1.09s/it]100%|##########| 2/2 [00:02<00:00,  1.18s/it]
[I 2025-05-23 20:52:16,689] Trial 3 finished with value: 13.338506747027136 and parameters: {'changepoint_prior_scale': 0.09420887530521743, 'seasonality_prior_scale': 0.010525981277426077, 'n_changepoints': 35}. Best is trial 3 with value: 13.338506747027136.
C:\LocalHost\OptiBack\modulo_demanda\Algoritmo_Prophet\forecast_model.py:103: FutureWarning: suggest_loguniform has been deprecated in v3.0.0. This feature will be removed in v6.0.0. See https://github.com/optuna/optuna/releases/tag/v3.0.0. Use suggest_float(..., log=True) instead.
  cps = trial.suggest_loguniform("changepoint_prior_scale", 0.001, 0.5)
C:\LocalHost\OptiBack\modulo_demanda\Algoritmo_Prophet\forecast_model.py:104: FutureWarning: suggest_loguniform has been deprecated in v3.0.0. This feature will be removed in v6.0.0. See https://github.com/optuna/optuna/releases/tag/v3.0.0. Use suggest_float(..., log=True) instead.
  sps = trial.suggest_loguniform("seasonality_prior_scale", 0.01, 10.0)
Optimization terminated abnormally. Falling back to Newton.
  0%|          | 0/2 [00:00<?, ?it/s] 50%|#####     | 1/2 [00:01<00:01,  1.31s/it]Optimization terminated abnormally. Falling back to Newton.
100%|##########| 2/2 [00:02<00:00,  1.33s/it]100%|##########| 2/2 [00:02<00:00,  1.33s/it]
[I 2025-05-23 20:52:28,392] Trial 4 finished with value: 20.380972872397958 and parameters: {'changepoint_prior_scale': 0.001017125440618431, 'seasonality_prior_scale': 3.669108953318401, 'n_changepoints': 27}. Best is trial 3 with value: 13.338506747027136.
C:\LocalHost\OptiBack\modulo_demanda\Algoritmo_Prophet\forecast_model.py:103: FutureWarning: suggest_loguniform has been deprecated in v3.0.0. This feature will be removed in v6.0.0. See https://github.com/optuna/optuna/releases/tag/v3.0.0. Use suggest_float(..., log=True) instead.
  cps = trial.suggest_loguniform("changepoint_prior_scale", 0.001, 0.5)
C:\LocalHost\OptiBack\modulo_demanda\Algoritmo_Prophet\forecast_model.py:104: FutureWarning: suggest_loguniform has been deprecated in v3.0.0. This feature will be removed in v6.0.0. See https://github.com/optuna/optuna/releases/tag/v3.0.0. Use suggest_float(..., log=True) instead.
  sps = trial.suggest_loguniform("seasonality_prior_scale", 0.01, 10.0)
Optimization terminated abnormally. Falling back to Newton.
  0%|          | 0/2 [00:00<?, ?it/s] 50%|#####     | 1/2 [00:02<00:02,  2.74s/it]Optimization terminated abnormally. Falling back to Newton.
100%|##########| 2/2 [00:06<00:00,  3.16s/it]100%|##########| 2/2 [00:06<00:00,  3.10s/it]
[I 2025-05-23 20:52:36,742] Trial 5 finished with value: 16.220851627748267 and parameters: {'changepoint_prior_scale': 0.002939959803412734, 'seasonality_prior_scale': 0.2503157757604537, 'n_changepoints': 48}. Best is trial 3 with value: 13.338506747027136.
C:\LocalHost\OptiBack\modulo_demanda\Algoritmo_Prophet\forecast_model.py:103: FutureWarning: suggest_loguniform has been deprecated in v3.0.0. This feature will be removed in v6.0.0. See https://github.com/optuna/optuna/releases/tag/v3.0.0. Use suggest_float(..., log=True) instead.
  cps = trial.suggest_loguniform("changepoint_prior_scale", 0.001, 0.5)
C:\LocalHost\OptiBack\modulo_demanda\Algoritmo_Prophet\forecast_model.py:104: FutureWarning: suggest_loguniform has been deprecated in v3.0.0. This feature will be removed in v6.0.0. See https://github.com/optuna/optuna/releases/tag/v3.0.0. Use suggest_float(..., log=True) instead.
  sps = trial.suggest_loguniform("seasonality_prior_scale", 0.01, 10.0)
  0%|          | 0/2 [00:00<?, ?it/s] 50%|#####     | 1/2 [00:00<00:00,  1.07it/s]100%|##########| 2/2 [00:01<00:00,  1.27it/s]100%|##########| 2/2 [00:01<00:00,  1.23it/s]
[I 2025-05-23 20:52:39,517] Trial 6 finished with value: 16.249760948829596 and parameters: {'changepoint_prior_scale': 0.003963767378748159, 'seasonality_prior_scale': 0.9834671927302151, 'n_changepoints': 9}. Best is trial 3 with value: 13.338506747027136.
C:\LocalHost\OptiBack\modulo_demanda\Algoritmo_Prophet\forecast_model.py:103: FutureWarning: suggest_loguniform has been deprecated in v3.0.0. This feature will be removed in v6.0.0. See https://github.com/optuna/optuna/releases/tag/v3.0.0. Use suggest_float(..., log=True) instead.
  cps = trial.suggest_loguniform("changepoint_prior_scale", 0.001, 0.5)
C:\LocalHost\OptiBack\modulo_demanda\Algoritmo_Prophet\forecast_model.py:104: FutureWarning: suggest_loguniform has been deprecated in v3.0.0. This feature will be removed in v6.0.0. See https://github.com/optuna/optuna/releases/tag/v3.0.0. Use suggest_float(..., log=True) instead.
  sps = trial.suggest_loguniform("seasonality_prior_scale", 0.01, 10.0)
  0%|          | 0/2 [00:00<?, ?it/s] 50%|#####     | 1/2 [00:01<00:01,  1.67s/it]100%|##########| 2/2 [00:02<00:00,  1.00s/it]100%|##########| 2/2 [00:02<00:00,  1.10s/it]
[I 2025-05-23 20:52:42,911] Trial 7 finished with value: 15.332683083060184 and parameters: {'changepoint_prior_scale': 0.0035110417057707885, 'seasonality_prior_scale': 0.03106013584838214, 'n_changepoints': 45}. Best is trial 3 with value: 13.338506747027136.
C:\LocalHost\OptiBack\modulo_demanda\Algoritmo_Prophet\forecast_model.py:103: FutureWarning: suggest_loguniform has been deprecated in v3.0.0. This feature will be removed in v6.0.0. See https://github.com/optuna/optuna/releases/tag/v3.0.0. Use suggest_float(..., log=True) instead.
  cps = trial.suggest_loguniform("changepoint_prior_scale", 0.001, 0.5)
C:\LocalHost\OptiBack\modulo_demanda\Algoritmo_Prophet\forecast_model.py:104: FutureWarning: suggest_loguniform has been deprecated in v3.0.0. This feature will be removed in v6.0.0. See https://github.com/optuna/optuna/releases/tag/v3.0.0. Use suggest_float(..., log=True) instead.
  sps = trial.suggest_loguniform("seasonality_prior_scale", 0.01, 10.0)
  0%|          | 0/2 [00:00<?, ?it/s] 50%|#####     | 1/2 [00:01<00:01,  1.09s/it]100%|##########| 2/2 [00:01<00:00,  1.19it/s]100%|##########| 2/2 [00:01<00:00,  1.14it/s]
[I 2025-05-23 20:52:45,649] Trial 8 finished with value: 14.209809450556845 and parameters: {'changepoint_prior_scale': 0.009568129688984961, 'seasonality_prior_scale': 0.01661545717406348, 'n_changepoints': 30}. Best is trial 3 with value: 13.338506747027136.
C:\LocalHost\OptiBack\modulo_demanda\Algoritmo_Prophet\forecast_model.py:103: FutureWarning: suggest_loguniform has been deprecated in v3.0.0. This feature will be removed in v6.0.0. See https://github.com/optuna/optuna/releases/tag/v3.0.0. Use suggest_float(..., log=True) instead.
  cps = trial.suggest_loguniform("changepoint_prior_scale", 0.001, 0.5)
C:\LocalHost\OptiBack\modulo_demanda\Algoritmo_Prophet\forecast_model.py:104: FutureWarning: suggest_loguniform has been deprecated in v3.0.0. This feature will be removed in v6.0.0. See https://github.com/optuna/optuna/releases/tag/v3.0.0. Use suggest_float(..., log=True) instead.
  sps = trial.suggest_loguniform("seasonality_prior_scale", 0.01, 10.0)
  0%|          | 0/2 [00:00<?, ?it/s] 50%|#####     | 1/2 [00:01<00:01,  1.47s/it]100%|##########| 2/2 [00:02<00:00,  1.09s/it]100%|##########| 2/2 [00:02<00:00,  1.15s/it]
[I 2025-05-23 20:52:49,083] Trial 9 finished with value: 18.521319730771864 and parameters: {'changepoint_prior_scale': 0.014933573966587687, 'seasonality_prior_scale': 8.029255019150416, 'n_changepoints': 28}. Best is trial 3 with value: 13.338506747027136.
  0%|          | 0/2 [00:00<?, ?it/s] 50%|#####     | 1/2 [00:01<00:01,  1.35s/it]100%|##########| 2/2 [00:02<00:00,  1.05it/s]100%|##########| 2/2 [00:02<00:00,  1.01s/it]
Rendimiento para la combinación BMX_997-BMX_HOGAR-BMX_3001:
  horizon         mse       rmse  ...     mdape     smape  coverage
0 21 days   89.709929   9.471533  ...  0.058225  0.089309  0.833333
1 28 days  143.807819  11.991990  ...  0.093228  0.127753  0.666667
2 35 days   91.426607   9.561726  ...  0.093228  0.105982  0.833333
3 42 days  101.022458  10.050993  ...  0.105720  0.108106  0.833333
4 49 days   66.442049   8.151199  ...  0.097984  0.101376  1.000000

[5 rows x 8 columns]
          ds       yhat  yhat_lower  yhat_upper       y     cutoff
0 2022-10-24  77.538380   64.320709   90.676921  77.512 2022-10-17
1 2022-10-31  78.046369   64.491185   92.055552  73.851 2022-10-17
2 2022-11-07  71.042437   57.023186   83.939962  81.360 2022-10-17
3 2022-11-14  70.680867   57.738539   83.968662  88.687 2022-10-17
4 2022-11-21  86.682359   73.516214  100.916940  91.515 2022-10-17
Contenido de df_prophet antes de model.fit:
            ds       y  day_of_week  week_of_year  month
0   2021-01-04  73.000            0             1      1
1   2021-01-11  87.006            0             2      1
2   2021-01-18  77.175            0             3      1
3   2021-01-25  92.013            0             4      1
4   2021-02-01  91.003            0             5      2
..         ...     ...          ...           ...    ...
151 2023-11-27  56.011            0            48     11
152 2023-12-04  72.022            0            49     12
153 2023-12-11  64.002            0            50     12
154 2023-12-18  92.020            0            51     12
155 2023-12-25  67.008            0            52     12

[156 rows x 5 columns]
[I 2025-05-23 20:52:52,138] A new study created in memory with name: no-name-bdd2677d-afd8-4517-90fa-e18876542ea9
C:\LocalHost\OptiBack\modulo_demanda\Algoritmo_Prophet\forecast_model.py:103: FutureWarning: suggest_loguniform has been deprecated in v3.0.0. This feature will be removed in v6.0.0. See https://github.com/optuna/optuna/releases/tag/v3.0.0. Use suggest_float(..., log=True) instead.
  cps = trial.suggest_loguniform("changepoint_prior_scale", 0.001, 0.5)
C:\LocalHost\OptiBack\modulo_demanda\Algoritmo_Prophet\forecast_model.py:104: FutureWarning: suggest_loguniform has been deprecated in v3.0.0. This feature will be removed in v6.0.0. See https://github.com/optuna/optuna/releases/tag/v3.0.0. Use suggest_float(..., log=True) instead.
  sps = trial.suggest_loguniform("seasonality_prior_scale", 0.01, 10.0)
  0%|          | 0/2 [00:00<?, ?it/s] 50%|#####     | 1/2 [00:02<00:02,  2.43s/it]100%|##########| 2/2 [00:02<00:00,  1.33s/it]100%|##########| 2/2 [00:02<00:00,  1.50s/it]
[I 2025-05-23 20:52:56,151] Trial 0 finished with value: 21.246123598366342 and parameters: {'changepoint_prior_scale': 0.3092002127777314, 'seasonality_prior_scale': 4.476040649370875, 'n_changepoints': 15}. Best is trial 0 with value: 21.246123598366342.
C:\LocalHost\OptiBack\modulo_demanda\Algoritmo_Prophet\forecast_model.py:103: FutureWarning: suggest_loguniform has been deprecated in v3.0.0. This feature will be removed in v6.0.0. See https://github.com/optuna/optuna/releases/tag/v3.0.0. Use suggest_float(..., log=True) instead.
  cps = trial.suggest_loguniform("changepoint_prior_scale", 0.001, 0.5)
C:\LocalHost\OptiBack\modulo_demanda\Algoritmo_Prophet\forecast_model.py:104: FutureWarning: suggest_loguniform has been deprecated in v3.0.0. This feature will be removed in v6.0.0. See https://github.com/optuna/optuna/releases/tag/v3.0.0. Use suggest_float(..., log=True) instead.
  sps = trial.suggest_loguniform("seasonality_prior_scale", 0.01, 10.0)
  0%|          | 0/2 [00:00<?, ?it/s] 50%|#####     | 1/2 [00:01<00:01,  1.59s/it]Optimization terminated abnormally. Falling back to Newton.
100%|##########| 2/2 [00:03<00:00,  1.98s/it]100%|##########| 2/2 [00:03<00:00,  1.92s/it]
[I 2025-05-23 20:53:01,315] Trial 1 finished with value: 21.87296333641372 and parameters: {'changepoint_prior_scale': 0.0024736641607334014, 'seasonality_prior_scale': 1.7512732075367083, 'n_changepoints': 29}. Best is trial 0 with value: 21.246123598366342.
C:\LocalHost\OptiBack\modulo_demanda\Algoritmo_Prophet\forecast_model.py:103: FutureWarning: suggest_loguniform has been deprecated in v3.0.0. This feature will be removed in v6.0.0. See https://github.com/optuna/optuna/releases/tag/v3.0.0. Use suggest_float(..., log=True) instead.
  cps = trial.suggest_loguniform("changepoint_prior_scale", 0.001, 0.5)
C:\LocalHost\OptiBack\modulo_demanda\Algoritmo_Prophet\forecast_model.py:104: FutureWarning: suggest_loguniform has been deprecated in v3.0.0. This feature will be removed in v6.0.0. See https://github.com/optuna/optuna/releases/tag/v3.0.0. Use suggest_float(..., log=True) instead.
  sps = trial.suggest_loguniform("seasonality_prior_scale", 0.01, 10.0)
  0%|          | 0/2 [00:00<?, ?it/s] 50%|#####     | 1/2 [00:01<00:01,  1.19s/it]Optimization terminated abnormally. Falling back to Newton.
100%|##########| 2/2 [00:02<00:00,  1.48s/it]100%|##########| 2/2 [00:02<00:00,  1.43s/it]
[I 2025-05-23 20:53:05,076] Trial 2 finished with value: 13.198650888294692 and parameters: {'changepoint_prior_scale': 0.0032626628292217923, 'seasonality_prior_scale': 0.010049203761567121, 'n_changepoints': 40}. Best is trial 2 with value: 13.198650888294692.
C:\LocalHost\OptiBack\modulo_demanda\Algoritmo_Prophet\forecast_model.py:103: FutureWarning: suggest_loguniform has been deprecated in v3.0.0. This feature will be removed in v6.0.0. See https://github.com/optuna/optuna/releases/tag/v3.0.0. Use suggest_float(..., log=True) instead.
  cps = trial.suggest_loguniform("changepoint_prior_scale", 0.001, 0.5)
C:\LocalHost\OptiBack\modulo_demanda\Algoritmo_Prophet\forecast_model.py:104: FutureWarning: suggest_loguniform has been deprecated in v3.0.0. This feature will be removed in v6.0.0. See https://github.com/optuna/optuna/releases/tag/v3.0.0. Use suggest_float(..., log=True) instead.
  sps = trial.suggest_loguniform("seasonality_prior_scale", 0.01, 10.0)
  0%|          | 0/2 [00:00<?, ?it/s] 50%|#####     | 1/2 [00:02<00:02,  2.24s/it]Optimization terminated abnormally. Falling back to Newton.
100%|##########| 2/2 [00:04<00:00,  2.20s/it]100%|##########| 2/2 [00:04<00:00,  2.21s/it]
[I 2025-05-23 20:53:10,675] Trial 3 finished with value: 18.48326525319825 and parameters: {'changepoint_prior_scale': 0.002064413109406594, 'seasonality_prior_scale': 0.024143650812314607, 'n_changepoints': 49}. Best is trial 2 with value: 13.198650888294692.
C:\LocalHost\OptiBack\modulo_demanda\Algoritmo_Prophet\forecast_model.py:103: FutureWarning: suggest_loguniform has been deprecated in v3.0.0. This feature will be removed in v6.0.0. See https://github.com/optuna/optuna/releases/tag/v3.0.0. Use suggest_float(..., log=True) instead.
  cps = trial.suggest_loguniform("changepoint_prior_scale", 0.001, 0.5)
C:\LocalHost\OptiBack\modulo_demanda\Algoritmo_Prophet\forecast_model.py:104: FutureWarning: suggest_loguniform has been deprecated in v3.0.0. This feature will be removed in v6.0.0. See https://github.com/optuna/optuna/releases/tag/v3.0.0. Use suggest_float(..., log=True) instead.
  sps = trial.suggest_loguniform("seasonality_prior_scale", 0.01, 10.0)
  0%|          | 0/2 [00:00<?, ?it/s] 50%|#####     | 1/2 [00:02<00:02,  2.56s/it]100%|##########| 2/2 [00:03<00:00,  1.51s/it]100%|##########| 2/2 [00:03<00:00,  1.67s/it]
