[I 2025-05-23 20:40:29,150] Trial 4 finished with value: 997.0246830875192 and parameters: {'changepoint_prior_scale': 0.3569377822628929, 'seasonality_prior_scale': 0.2944846599825814, 'n_changepoints': 8}. Best is trial 4 with value: 997.0246830875192.
C:\LocalHost\OptiBack\modulo_demanda\Algoritmo_Prophet\forecast_model.py:103: FutureWarning: suggest_loguniform has been deprecated in v3.0.0. This feature will be removed in v6.0.0. See https://github.com/optuna/optuna/releases/tag/v3.0.0. Use suggest_float(..., log=True) instead.
  cps = trial.suggest_loguniform("changepoint_prior_scale", 0.001, 0.5)
C:\LocalHost\OptiBack\modulo_demanda\Algoritmo_Prophet\forecast_model.py:104: FutureWarning: suggest_loguniform has been deprecated in v3.0.0. This feature will be removed in v6.0.0. See https://github.com/optuna/optuna/releases/tag/v3.0.0. Use suggest_float(..., log=True) instead.
  sps = trial.suggest_loguniform("seasonality_prior_scale", 0.01, 10.0)
  0%|          | 0/2 [00:00<?, ?it/s] 50%|#####     | 1/2 [00:01<00:01,  1.37s/it]100%|##########| 2/2 [00:02<00:00,  1.01s/it]100%|##########| 2/2 [00:02<00:00,  1.06s/it]
[I 2025-05-23 20:40:32,522] Trial 5 finished with value: 949.9068236492393 and parameters: {'changepoint_prior_scale': 0.019240065112423817, 'seasonality_prior_scale': 0.23551868162866127, 'n_changepoints': 19}. Best is trial 5 with value: 949.9068236492393.
C:\LocalHost\OptiBack\modulo_demanda\Algoritmo_Prophet\forecast_model.py:103: FutureWarning: suggest_loguniform has been deprecated in v3.0.0. This feature will be removed in v6.0.0. See https://github.com/optuna/optuna/releases/tag/v3.0.0. Use suggest_float(..., log=True) instead.
  cps = trial.suggest_loguniform("changepoint_prior_scale", 0.001, 0.5)
C:\LocalHost\OptiBack\modulo_demanda\Algoritmo_Prophet\forecast_model.py:104: FutureWarning: suggest_loguniform has been deprecated in v3.0.0. This feature will be removed in v6.0.0. See https://github.com/optuna/optuna/releases/tag/v3.0.0. Use suggest_float(..., log=True) instead.
  sps = trial.suggest_loguniform("seasonality_prior_scale", 0.01, 10.0)
  0%|          | 0/2 [00:00<?, ?it/s] 50%|#####     | 1/2 [00:01<00:01,  1.24s/it]100%|##########| 2/2 [00:02<00:00,  1.04s/it]100%|##########| 2/2 [00:02<00:00,  1.07s/it]
[I 2025-05-23 20:40:35,599] Trial 6 finished with value: 1683.4778028941944 and parameters: {'changepoint_prior_scale': 0.06969985282749903, 'seasonality_prior_scale': 0.011707083009438337, 'n_changepoints': 23}. Best is trial 5 with value: 949.9068236492393.
C:\LocalHost\OptiBack\modulo_demanda\Algoritmo_Prophet\forecast_model.py:103: FutureWarning: suggest_loguniform has been deprecated in v3.0.0. This feature will be removed in v6.0.0. See https://github.com/optuna/optuna/releases/tag/v3.0.0. Use suggest_float(..., log=True) instead.
  cps = trial.suggest_loguniform("changepoint_prior_scale", 0.001, 0.5)
C:\LocalHost\OptiBack\modulo_demanda\Algoritmo_Prophet\forecast_model.py:104: FutureWarning: suggest_loguniform has been deprecated in v3.0.0. This feature will be removed in v6.0.0. See https://github.com/optuna/optuna/releases/tag/v3.0.0. Use suggest_float(..., log=True) instead.
  sps = trial.suggest_loguniform("seasonality_prior_scale", 0.01, 10.0)
  0%|          | 0/2 [00:00<?, ?it/s] 50%|#####     | 1/2 [00:01<00:01,  1.16s/it]100%|##########| 2/2 [00:01<00:00,  1.14it/s]100%|##########| 2/2 [00:01<00:00,  1.09it/s]
[I 2025-05-23 20:40:38,383] Trial 7 finished with value: 946.7362278152139 and parameters: {'changepoint_prior_scale': 0.006721664213422727, 'seasonality_prior_scale': 0.1310984216106135, 'n_changepoints': 26}. Best is trial 7 with value: 946.7362278152139.
C:\LocalHost\OptiBack\modulo_demanda\Algoritmo_Prophet\forecast_model.py:103: FutureWarning: suggest_loguniform has been deprecated in v3.0.0. This feature will be removed in v6.0.0. See https://github.com/optuna/optuna/releases/tag/v3.0.0. Use suggest_float(..., log=True) instead.
  cps = trial.suggest_loguniform("changepoint_prior_scale", 0.001, 0.5)
C:\LocalHost\OptiBack\modulo_demanda\Algoritmo_Prophet\forecast_model.py:104: FutureWarning: suggest_loguniform has been deprecated in v3.0.0. This feature will be removed in v6.0.0. See https://github.com/optuna/optuna/releases/tag/v3.0.0. Use suggest_float(..., log=True) instead.
  sps = trial.suggest_loguniform("seasonality_prior_scale", 0.01, 10.0)
  0%|          | 0/2 [00:00<?, ?it/s] 50%|#####     | 1/2 [00:01<00:01,  1.35s/it]100%|##########| 2/2 [00:01<00:00,  1.13it/s]100%|##########| 2/2 [00:01<00:00,  1.04it/s]
[I 2025-05-23 20:40:41,065] Trial 8 finished with value: 991.5980198469562 and parameters: {'changepoint_prior_scale': 0.01871541897677656, 'seasonality_prior_scale': 0.033049489956725776, 'n_changepoints': 18}. Best is trial 7 with value: 946.7362278152139.
C:\LocalHost\OptiBack\modulo_demanda\Algoritmo_Prophet\forecast_model.py:103: FutureWarning: suggest_loguniform has been deprecated in v3.0.0. This feature will be removed in v6.0.0. See https://github.com/optuna/optuna/releases/tag/v3.0.0. Use suggest_float(..., log=True) instead.
  cps = trial.suggest_loguniform("changepoint_prior_scale", 0.001, 0.5)
C:\LocalHost\OptiBack\modulo_demanda\Algoritmo_Prophet\forecast_model.py:104: FutureWarning: suggest_loguniform has been deprecated in v3.0.0. This feature will be removed in v6.0.0. See https://github.com/optuna/optuna/releases/tag/v3.0.0. Use suggest_float(..., log=True) instead.
  sps = trial.suggest_loguniform("seasonality_prior_scale", 0.01, 10.0)
  0%|          | 0/2 [00:00<?, ?it/s] 50%|#####     | 1/2 [00:01<00:01,  1.62s/it]100%|##########| 2/2 [00:02<00:00,  1.02s/it]100%|##########| 2/2 [00:02<00:00,  1.11s/it]
[I 2025-05-23 20:40:44,253] Trial 9 finished with value: 939.2449222249074 and parameters: {'changepoint_prior_scale': 0.023084370046318373, 'seasonality_prior_scale': 0.11675571450351463, 'n_changepoints': 29}. Best is trial 9 with value: 939.2449222249074.
  0%|          | 0/2 [00:00<?, ?it/s] 50%|#####     | 1/2 [00:01<00:01,  1.72s/it]100%|##########| 2/2 [00:02<00:00,  1.07s/it]100%|##########| 2/2 [00:02<00:00,  1.17s/it]
Rendimiento para la combinación BMX_310-BMX_OXXO-BMX_3207:
  horizon           mse         rmse  ...     mdape     smape  coverage
0 21 days  8.196433e+05   905.341541  ...  0.220935  0.213618  0.500000
1 28 days  6.864067e+05   828.496652  ...  0.220935  0.202589  0.500000
2 35 days  1.212577e+06  1101.170909  ...  0.328746  0.248331  0.500000
3 42 days  1.222941e+06  1105.866796  ...  0.374751  0.304116  0.333333
4 49 days  1.204582e+06  1097.534552  ...  0.265335  0.294152  0.333333

[5 rows x 8 columns]
          ds         yhat   yhat_lower   yhat_upper         y     cutoff
0 2022-10-24  3484.377085  2869.892187  4106.301115  3333.000 2022-10-17
1 2022-10-31  2925.767049  2283.296097  3522.180132  2238.875 2022-10-17
2 2022-11-07  3283.603960  2690.075403  3845.857305  3308.500 2022-10-17
3 2022-11-14  3396.589255  2820.263524  4038.578739  2349.625 2022-10-17
4 2022-11-21  3023.248251  2385.107099  3633.858701  2494.625 2022-10-17
Contenido de df_prophet antes de model.fit:
            ds    y  day_of_week  week_of_year  month
0   2021-01-04  5.0            0             1      1
1   2021-01-11  4.0            0             2      1
2   2021-01-18  4.0            0             3      1
3   2021-01-25  4.0            0             4      1
4   2021-02-01  4.0            0             5      2
..         ...  ...          ...           ...    ...
151 2023-11-27  1.0            0            48     11
152 2023-12-04  4.0            0            49     12
153 2023-12-11  0.0            0            50     12
154 2023-12-18  3.0            0            51     12
155 2023-12-25  2.0            0            52     12

[156 rows x 5 columns]
[I 2025-05-23 20:40:47,587] A new study created in memory with name: no-name-90e90426-8b5a-4eee-b138-5f864bb29678
C:\LocalHost\OptiBack\modulo_demanda\Algoritmo_Prophet\forecast_model.py:103: FutureWarning: suggest_loguniform has been deprecated in v3.0.0. This feature will be removed in v6.0.0. See https://github.com/optuna/optuna/releases/tag/v3.0.0. Use suggest_float(..., log=True) instead.
  cps = trial.suggest_loguniform("changepoint_prior_scale", 0.001, 0.5)
C:\LocalHost\OptiBack\modulo_demanda\Algoritmo_Prophet\forecast_model.py:104: FutureWarning: suggest_loguniform has been deprecated in v3.0.0. This feature will be removed in v6.0.0. See https://github.com/optuna/optuna/releases/tag/v3.0.0. Use suggest_float(..., log=True) instead.
  sps = trial.suggest_loguniform("seasonality_prior_scale", 0.01, 10.0)
  0%|          | 0/2 [00:00<?, ?it/s] 50%|#####     | 1/2 [00:01<00:01,  1.68s/it]100%|##########| 2/2 [00:02<00:00,  1.14s/it]100%|##########| 2/2 [00:02<00:00,  1.22s/it]
[I 2025-05-23 20:40:51,109] Trial 0 finished with value: 2.020231145227137 and parameters: {'changepoint_prior_scale': 0.20047483065422686, 'seasonality_prior_scale': 0.6769159867265321, 'n_changepoints': 48}. Best is trial 0 with value: 2.020231145227137.
C:\LocalHost\OptiBack\modulo_demanda\Algoritmo_Prophet\forecast_model.py:103: FutureWarning: suggest_loguniform has been deprecated in v3.0.0. This feature will be removed in v6.0.0. See https://github.com/optuna/optuna/releases/tag/v3.0.0. Use suggest_float(..., log=True) instead.
  cps = trial.suggest_loguniform("changepoint_prior_scale", 0.001, 0.5)
C:\LocalHost\OptiBack\modulo_demanda\Algoritmo_Prophet\forecast_model.py:104: FutureWarning: suggest_loguniform has been deprecated in v3.0.0. This feature will be removed in v6.0.0. See https://github.com/optuna/optuna/releases/tag/v3.0.0. Use suggest_float(..., log=True) instead.
  sps = trial.suggest_loguniform("seasonality_prior_scale", 0.01, 10.0)
  0%|          | 0/2 [00:00<?, ?it/s] 50%|#####     | 1/2 [00:01<00:01,  1.38s/it]100%|##########| 2/2 [00:02<00:00,  1.05it/s]100%|##########| 2/2 [00:02<00:00,  1.02s/it]
[I 2025-05-23 20:40:53,948] Trial 1 finished with value: 1.8800044481552418 and parameters: {'changepoint_prior_scale': 0.09353671728449113, 'seasonality_prior_scale': 0.06523561370305639, 'n_changepoints': 23}. Best is trial 1 with value: 1.8800044481552418.
C:\LocalHost\OptiBack\modulo_demanda\Algoritmo_Prophet\forecast_model.py:103: FutureWarning: suggest_loguniform has been deprecated in v3.0.0. This feature will be removed in v6.0.0. See https://github.com/optuna/optuna/releases/tag/v3.0.0. Use suggest_float(..., log=True) instead.
  cps = trial.suggest_loguniform("changepoint_prior_scale", 0.001, 0.5)
C:\LocalHost\OptiBack\modulo_demanda\Algoritmo_Prophet\forecast_model.py:104: FutureWarning: suggest_loguniform has been deprecated in v3.0.0. This feature will be removed in v6.0.0. See https://github.com/optuna/optuna/releases/tag/v3.0.0. Use suggest_float(..., log=True) instead.
  sps = trial.suggest_loguniform("seasonality_prior_scale", 0.01, 10.0)
  0%|          | 0/2 [00:00<?, ?it/s] 50%|#####     | 1/2 [00:01<00:01,  1.50s/it]100%|##########| 2/2 [00:02<00:00,  1.02s/it]100%|##########| 2/2 [00:02<00:00,  1.10s/it]
[I 2025-05-23 20:40:57,189] Trial 2 finished with value: 1.6846960305010712 and parameters: {'changepoint_prior_scale': 0.3789509367087211, 'seasonality_prior_scale': 0.1602237863465203, 'n_changepoints': 28}. Best is trial 2 with value: 1.6846960305010712.
C:\LocalHost\OptiBack\modulo_demanda\Algoritmo_Prophet\forecast_model.py:103: FutureWarning: suggest_loguniform has been deprecated in v3.0.0. This feature will be removed in v6.0.0. See https://github.com/optuna/optuna/releases/tag/v3.0.0. Use suggest_float(..., log=True) instead.
  cps = trial.suggest_loguniform("changepoint_prior_scale", 0.001, 0.5)
C:\LocalHost\OptiBack\modulo_demanda\Algoritmo_Prophet\forecast_model.py:104: FutureWarning: suggest_loguniform has been deprecated in v3.0.0. This feature will be removed in v6.0.0. See https://github.com/optuna/optuna/releases/tag/v3.0.0. Use suggest_float(..., log=True) instead.
  sps = trial.suggest_loguniform("seasonality_prior_scale", 0.01, 10.0)
Optimization terminated abnormally. Falling back to Newton.
  0%|          | 0/2 [00:00<?, ?it/s] 50%|#####     | 1/2 [00:00<00:00,  1.05it/s]Optimization terminated abnormally. Falling back to Newton.
100%|##########| 2/2 [00:02<00:00,  1.37s/it]100%|##########| 2/2 [00:02<00:00,  1.31s/it]
[I 2025-05-23 20:41:01,500] Trial 3 finished with value: 1.8212942967991366 and parameters: {'changepoint_prior_scale': 0.0014925654815296963, 'seasonality_prior_scale': 0.02827946783138518, 'n_changepoints': 20}. Best is trial 2 with value: 1.6846960305010712.
C:\LocalHost\OptiBack\modulo_demanda\Algoritmo_Prophet\forecast_model.py:103: FutureWarning: suggest_loguniform has been deprecated in v3.0.0. This feature will be removed in v6.0.0. See https://github.com/optuna/optuna/releases/tag/v3.0.0. Use suggest_float(..., log=True) instead.
  cps = trial.suggest_loguniform("changepoint_prior_scale", 0.001, 0.5)
C:\LocalHost\OptiBack\modulo_demanda\Algoritmo_Prophet\forecast_model.py:104: FutureWarning: suggest_loguniform has been deprecated in v3.0.0. This feature will be removed in v6.0.0. See https://github.com/optuna/optuna/releases/tag/v3.0.0. Use suggest_float(..., log=True) instead.
  sps = trial.suggest_loguniform("seasonality_prior_scale", 0.01, 10.0)
  0%|          | 0/2 [00:00<?, ?it/s] 50%|#####     | 1/2 [00:01<00:01,  1.44s/it]100%|##########| 2/2 [00:02<00:00,  1.04s/it]100%|##########| 2/2 [00:02<00:00,  1.10s/it]
[I 2025-05-23 20:41:04,852] Trial 4 finished with value: 3.17643278575538 and parameters: {'changepoint_prior_scale': 0.009331528567872966, 'seasonality_prior_scale': 9.58489268866205, 'n_changepoints': 14}. Best is trial 2 with value: 1.6846960305010712.
C:\LocalHost\OptiBack\modulo_demanda\Algoritmo_Prophet\forecast_model.py:103: FutureWarning: suggest_loguniform has been deprecated in v3.0.0. This feature will be removed in v6.0.0. See https://github.com/optuna/optuna/releases/tag/v3.0.0. Use suggest_float(..., log=True) instead.
  cps = trial.suggest_loguniform("changepoint_prior_scale", 0.001, 0.5)
C:\LocalHost\OptiBack\modulo_demanda\Algoritmo_Prophet\forecast_model.py:104: FutureWarning: suggest_loguniform has been deprecated in v3.0.0. This feature will be removed in v6.0.0. See https://github.com/optuna/optuna/releases/tag/v3.0.0. Use suggest_float(..., log=True) instead.
  sps = trial.suggest_loguniform("seasonality_prior_scale", 0.01, 10.0)
  0%|          | 0/2 [00:00<?, ?it/s] 50%|#####     | 1/2 [00:01<00:01,  1.42s/it]100%|##########| 2/2 [00:02<00:00,  1.18s/it]100%|##########| 2/2 [00:02<00:00,  1.22s/it]
[I 2025-05-23 20:41:08,287] Trial 5 finished with value: 2.0547826574031776 and parameters: {'changepoint_prior_scale': 0.11248921695332134, 'seasonality_prior_scale': 0.6311851917950095, 'n_changepoints': 24}. Best is trial 2 with value: 1.6846960305010712.
C:\LocalHost\OptiBack\modulo_demanda\Algoritmo_Prophet\forecast_model.py:103: FutureWarning: suggest_loguniform has been deprecated in v3.0.0. This feature will be removed in v6.0.0. See https://github.com/optuna/optuna/releases/tag/v3.0.0. Use suggest_float(..., log=True) instead.
  cps = trial.suggest_loguniform("changepoint_prior_scale", 0.001, 0.5)
C:\LocalHost\OptiBack\modulo_demanda\Algoritmo_Prophet\forecast_model.py:104: FutureWarning: suggest_loguniform has been deprecated in v3.0.0. This feature will be removed in v6.0.0. See https://github.com/optuna/optuna/releases/tag/v3.0.0. Use suggest_float(..., log=True) instead.
  sps = trial.suggest_loguniform("seasonality_prior_scale", 0.01, 10.0)
  0%|          | 0/2 [00:00<?, ?it/s] 50%|#####     | 1/2 [00:01<00:01,  1.25s/it]100%|##########| 2/2 [00:01<00:00,  1.16it/s]100%|##########| 2/2 [00:01<00:00,  1.09it/s]
[I 2025-05-23 20:41:11,181] Trial 6 finished with value: 2.22969396472812 and parameters: {'changepoint_prior_scale': 0.05442144635436488, 'seasonality_prior_scale': 1.3996974012530627, 'n_changepoints': 17}. Best is trial 2 with value: 1.6846960305010712.
C:\LocalHost\OptiBack\modulo_demanda\Algoritmo_Prophet\forecast_model.py:103: FutureWarning: suggest_loguniform has been deprecated in v3.0.0. This feature will be removed in v6.0.0. See https://github.com/optuna/optuna/releases/tag/v3.0.0. Use suggest_float(..., log=True) instead.
  cps = trial.suggest_loguniform("changepoint_prior_scale", 0.001, 0.5)
C:\LocalHost\OptiBack\modulo_demanda\Algoritmo_Prophet\forecast_model.py:104: FutureWarning: suggest_loguniform has been deprecated in v3.0.0. This feature will be removed in v6.0.0. See https://github.com/optuna/optuna/releases/tag/v3.0.0. Use suggest_float(..., log=True) instead.
  sps = trial.suggest_loguniform("seasonality_prior_scale", 0.01, 10.0)
  0%|          | 0/2 [00:00<?, ?it/s] 50%|#####     | 1/2 [00:02<00:02,  2.77s/it]100%|##########| 2/2 [00:03<00:00,  1.52s/it]100%|##########| 2/2 [00:03<00:00,  1.71s/it]
[I 2025-05-23 20:41:15,569] Trial 7 finished with value: 1.8722803011610503 and parameters: {'changepoint_prior_scale': 0.26336793019782523, 'seasonality_prior_scale': 0.7500271203017413, 'n_changepoints': 45}. Best is trial 2 with value: 1.6846960305010712.
C:\LocalHost\OptiBack\modulo_demanda\Algoritmo_Prophet\forecast_model.py:103: FutureWarning: suggest_loguniform has been deprecated in v3.0.0. This feature will be removed in v6.0.0. See https://github.com/optuna/optuna/releases/tag/v3.0.0. Use suggest_float(..., log=True) instead.
  cps = trial.suggest_loguniform("changepoint_prior_scale", 0.001, 0.5)
C:\LocalHost\OptiBack\modulo_demanda\Algoritmo_Prophet\forecast_model.py:104: FutureWarning: suggest_loguniform has been deprecated in v3.0.0. This feature will be removed in v6.0.0. See https://github.com/optuna/optuna/releases/tag/v3.0.0. Use suggest_float(..., log=True) instead.
  sps = trial.suggest_loguniform("seasonality_prior_scale", 0.01, 10.0)
  0%|          | 0/2 [00:00<?, ?it/s] 50%|#####     | 1/2 [00:00<00:00,  1.01it/s]100%|##########| 2/2 [00:01<00:00,  1.35it/s]100%|##########| 2/2 [00:01<00:00,  1.29it/s]
[I 2025-05-23 20:41:18,185] Trial 8 finished with value: 2.0990661246994438 and parameters: {'changepoint_prior_scale': 0.10734097549595005, 'seasonality_prior_scale': 0.8854860834911752, 'n_changepoints': 6}. Best is trial 2 with value: 1.6846960305010712.
C:\LocalHost\OptiBack\modulo_demanda\Algoritmo_Prophet\forecast_model.py:103: FutureWarning: suggest_loguniform has been deprecated in v3.0.0. This feature will be removed in v6.0.0. See https://github.com/optuna/optuna/releases/tag/v3.0.0. Use suggest_float(..., log=True) instead.
  cps = trial.suggest_loguniform("changepoint_prior_scale", 0.001, 0.5)
C:\LocalHost\OptiBack\modulo_demanda\Algoritmo_Prophet\forecast_model.py:104: FutureWarning: suggest_loguniform has been deprecated in v3.0.0. This feature will be removed in v6.0.0. See https://github.com/optuna/optuna/releases/tag/v3.0.0. Use suggest_float(..., log=True) instead.
  sps = trial.suggest_loguniform("seasonality_prior_scale", 0.01, 10.0)
  0%|          | 0/2 [00:00<?, ?it/s] 50%|#####     | 1/2 [00:01<00:01,  1.06s/it]100%|##########| 2/2 [00:01<00:00,  1.07it/s]100%|##########| 2/2 [00:01<00:00,  1.05it/s]
