Combinación BMX_1727-BMX_AUTOSERVICIOS-BMX_3203 descartada por tener menos de 100 registros.
Combinación BMX_1727-BMX_HOGAR-BMX_3207 descartada por tener menos de 100 registros.
Combinación BMX_1727-BMX_HOGAR-BMX_3402 descartada por tener menos de 100 registros.
Combinación BMX_1727-BMX_OXXO-BMX_3001 descartada por tener más del 10.0% de ceros.
Combinación BMX_1727-BMX_OXXO-BMX_3207 descartada por tener más del 10.0% de ceros.
Combinación BMX_1727-BMX_OXXO-BMX_3402 descartada por tener más del 10.0% de ceros.
Combinación BMX_1727-BMX_OXXO-BMX_3931 descartada por tener más del 10.0% de ceros.
Combinación BMX_1727-BMX_OXXO-BMX_3203 descartada por tener menos de 100 registros.
Combinación BMX_1727-BMX_TRADICIONAL-BMX_3001 descartada por tener más del 10.0% de ceros.
Combinación BMX_1727-BMX_TRADICIONAL-BMX_3207 descartada por tener más del 10.0% de ceros.
Combinación BMX_1727-BMX_TRADICIONAL-BMX_3402 descartada por tener más del 10.0% de ceros.
Combinación BMX_1727-BMX_TRADICIONAL-BMX_3931 descartada por tener más del 10.0% de ceros.
Combinación BMX_1727-BMX_TRADICIONAL-BMX_3203 descartada por tener menos de 100 registros.
Combinación BMX_2-BMX_AUTOSERVICIOS-BMX_3207 descartada por tener menos de 100 registros.
Combinación BMX_2-BMX_AUTOSERVICIOS-BMX_3402 descartada por tener menos de 100 registros.
Combinación BMX_2-BMX_AUTOSERVICIOS-BMX_3931 descartada por tener menos de 100 registros.
Combinación BMX_2-BMX_AUTOSERVICIOS-BMX_3203 descartada por tener menos de 100 registros.
Combinación BMX_2-BMX_HOGAR-BMX_3207 descartada por tener más del 10.0% de ceros.
Combinación BMX_2-BMX_HOGAR-BMX_3402 descartada por tener menos de 100 registros.
Combinación BMX_2-BMX_OXXO-BMX_3203 descartada por tener menos de 100 registros.
Combinación BMX_2-BMX_TRADICIONAL-BMX_3203 descartada por tener menos de 100 registros.
Combinación BMX_310-BMX_AUTOSERVICIOS-BMX_3203 descartada por tener menos de 100 registros.
Combinación BMX_310-BMX_HOGAR-BMX_3402 descartada por tener menos de 100 registros.
Combinación BMX_310-BMX_OXXO-BMX_3203 descartada por tener menos de 100 registros.
Combinación BMX_310-BMX_TRADICIONAL-BMX_3203 descartada por tener menos de 100 registros.
Combinación BMX_6-BMX_AUTOSERVICIOS-BMX_3001 descartada por tener menos de 100 registros.
Combinación BMX_6-BMX_AUTOSERVICIOS-BMX_3207 descartada por tener menos de 100 registros.
Combinación BMX_6-BMX_AUTOSERVICIOS-BMX_3402 descartada por tener menos de 100 registros.
Combinación BMX_6-BMX_AUTOSERVICIOS-BMX_3931 descartada por tener menos de 100 registros.
Combinación BMX_6-BMX_AUTOSERVICIOS-BMX_3203 descartada por tener menos de 100 registros.
Combinación BMX_6-BMX_HOGAR-BMX_3207 descartada por tener más del 10.0% de ceros.
Combinación BMX_6-BMX_HOGAR-BMX_3402 descartada por tener menos de 100 registros.
Combinación BMX_6-BMX_OXXO-BMX_3402 descartada por tener más del 10.0% de ceros.
Combinación BMX_6-BMX_OXXO-BMX_3203 descartada por tener menos de 100 registros.
Combinación BMX_6-BMX_TRADICIONAL-BMX_3203 descartada por tener menos de 100 registros.
Combinación BMX_997-BMX_AUTOSERVICIOS-BMX_3001 descartada por tener menos de 100 registros.
Combinación BMX_997-BMX_AUTOSERVICIOS-BMX_3207 descartada por tener menos de 100 registros.
Combinación BMX_997-BMX_AUTOSERVICIOS-BMX_3402 descartada por tener menos de 100 registros.
Combinación BMX_997-BMX_AUTOSERVICIOS-BMX_3931 descartada por tener menos de 100 registros.
Combinación BMX_997-BMX_AUTOSERVICIOS-BMX_3203 descartada por tener menos de 100 registros.
Combinación BMX_997-BMX_HOGAR-BMX_3207 descartada por tener menos de 100 registros.
Combinación BMX_997-BMX_HOGAR-BMX_3402 descartada por tener menos de 100 registros.
Combinación BMX_997-BMX_OXXO-BMX_3001 descartada por tener más del 10.0% de ceros.
Combinación BMX_997-BMX_OXXO-BMX_3207 descartada por tener menos de 100 registros.
Combinación BMX_997-BMX_OXXO-BMX_3402 descartada por tener más del 10.0% de ceros.
Combinación BMX_997-BMX_OXXO-BMX_3931 descartada por tener más del 10.0% de ceros.
Combinación BMX_997-BMX_OXXO-BMX_3203 descartada por tener menos de 100 registros.
Combinación BMX_997-BMX_TRADICIONAL-BMX_3203 descartada por tener menos de 100 registros.
Total de combinaciones válidas: 52
Contenido de df_prophet antes de model.fit:
            ds      y  day_of_week  week_of_year  month
0   2021-01-04  435.0            0             1      1
1   2021-01-11  809.0            0             2      1
2   2021-01-18  641.0            0             3      1
3   2021-01-25  777.0            0             4      1
4   2021-02-01  770.0            0             5      2
..         ...    ...          ...           ...    ...
151 2023-11-27  507.0            0            48     11
152 2023-12-04  718.0            0            49     12
153 2023-12-11  462.0            0            50     12
154 2023-12-18  554.0            0            51     12
155 2023-12-25  751.0            0            52     12

[156 rows x 5 columns]
[I 2025-05-23 20:20:14,228] A new study created in memory with name: no-name-9bee684d-2127-48b7-8b5a-e75331544c7a
C:\LocalHost\OptiBack\modulo_demanda\Algoritmo_Prophet\forecast_model.py:103: FutureWarning: suggest_loguniform has been deprecated in v3.0.0. This feature will be removed in v6.0.0. See https://github.com/optuna/optuna/releases/tag/v3.0.0. Use suggest_float(..., log=True) instead.
  cps = trial.suggest_loguniform("changepoint_prior_scale", 0.001, 0.5)
C:\LocalHost\OptiBack\modulo_demanda\Algoritmo_Prophet\forecast_model.py:104: FutureWarning: suggest_loguniform has been deprecated in v3.0.0. This feature will be removed in v6.0.0. See https://github.com/optuna/optuna/releases/tag/v3.0.0. Use suggest_float(..., log=True) instead.
  sps = trial.suggest_loguniform("seasonality_prior_scale", 0.01, 10.0)
  0%|          | 0/2 [00:00<?, ?it/s] 50%|#####     | 1/2 [00:01<00:01,  1.41s/it]Optimization terminated abnormally. Falling back to Newton.
100%|##########| 2/2 [00:03<00:00,  1.62s/it]100%|##########| 2/2 [00:03<00:00,  1.59s/it]
[I 2025-05-23 20:20:19,160] Trial 0 finished with value: 228.61373415492753 and parameters: {'changepoint_prior_scale': 0.00337829871896594, 'seasonality_prior_scale': 0.4567674911900522, 'n_changepoints': 21}. Best is trial 0 with value: 228.61373415492753.
C:\LocalHost\OptiBack\modulo_demanda\Algoritmo_Prophet\forecast_model.py:103: FutureWarning: suggest_loguniform has been deprecated in v3.0.0. This feature will be removed in v6.0.0. See https://github.com/optuna/optuna/releases/tag/v3.0.0. Use suggest_float(..., log=True) instead.
  cps = trial.suggest_loguniform("changepoint_prior_scale", 0.001, 0.5)
C:\LocalHost\OptiBack\modulo_demanda\Algoritmo_Prophet\forecast_model.py:104: FutureWarning: suggest_loguniform has been deprecated in v3.0.0. This feature will be removed in v6.0.0. See https://github.com/optuna/optuna/releases/tag/v3.0.0. Use suggest_float(..., log=True) instead.
  sps = trial.suggest_loguniform("seasonality_prior_scale", 0.01, 10.0)
  0%|          | 0/2 [00:00<?, ?it/s] 50%|#####     | 1/2 [00:01<00:01,  1.39s/it]Optimization terminated abnormally. Falling back to Newton.
100%|##########| 2/2 [00:03<00:00,  1.57s/it]100%|##########| 2/2 [00:03<00:00,  1.54s/it]
[I 2025-05-23 20:20:23,757] Trial 1 finished with value: 227.9064594668527 and parameters: {'changepoint_prior_scale': 0.007697921714855544, 'seasonality_prior_scale': 0.24445456918501446, 'n_changepoints': 19}. Best is trial 1 with value: 227.9064594668527.
C:\LocalHost\OptiBack\modulo_demanda\Algoritmo_Prophet\forecast_model.py:103: FutureWarning: suggest_loguniform has been deprecated in v3.0.0. This feature will be removed in v6.0.0. See https://github.com/optuna/optuna/releases/tag/v3.0.0. Use suggest_float(..., log=True) instead.
  cps = trial.suggest_loguniform("changepoint_prior_scale", 0.001, 0.5)
C:\LocalHost\OptiBack\modulo_demanda\Algoritmo_Prophet\forecast_model.py:104: FutureWarning: suggest_loguniform has been deprecated in v3.0.0. This feature will be removed in v6.0.0. See https://github.com/optuna/optuna/releases/tag/v3.0.0. Use suggest_float(..., log=True) instead.
  sps = trial.suggest_loguniform("seasonality_prior_scale", 0.01, 10.0)
  0%|          | 0/2 [00:00<?, ?it/s] 50%|#####     | 1/2 [00:02<00:02,  2.44s/it]100%|##########| 2/2 [00:03<00:00,  1.46s/it]100%|##########| 2/2 [00:03<00:00,  1.61s/it]
[I 2025-05-23 20:20:28,679] Trial 2 finished with value: 270.35139333924974 and parameters: {'changepoint_prior_scale': 0.16673155137620632, 'seasonality_prior_scale': 2.658158555160279, 'n_changepoints': 18}. Best is trial 1 with value: 227.9064594668527.
C:\LocalHost\OptiBack\modulo_demanda\Algoritmo_Prophet\forecast_model.py:103: FutureWarning: suggest_loguniform has been deprecated in v3.0.0. This feature will be removed in v6.0.0. See https://github.com/optuna/optuna/releases/tag/v3.0.0. Use suggest_float(..., log=True) instead.
  cps = trial.suggest_loguniform("changepoint_prior_scale", 0.001, 0.5)
C:\LocalHost\OptiBack\modulo_demanda\Algoritmo_Prophet\forecast_model.py:104: FutureWarning: suggest_loguniform has been deprecated in v3.0.0. This feature will be removed in v6.0.0. See https://github.com/optuna/optuna/releases/tag/v3.0.0. Use suggest_float(..., log=True) instead.
  sps = trial.suggest_loguniform("seasonality_prior_scale", 0.01, 10.0)
  0%|          | 0/2 [00:00<?, ?it/s] 50%|#####     | 1/2 [00:03<00:03,  3.32s/it]100%|##########| 2/2 [00:04<00:00,  1.87s/it]100%|##########| 2/2 [00:04<00:00,  2.09s/it]
[I 2025-05-23 20:20:34,558] Trial 3 finished with value: 299.6267019709393 and parameters: {'changepoint_prior_scale': 0.3836553212085182, 'seasonality_prior_scale': 0.32556893999947023, 'n_changepoints': 35}. Best is trial 1 with value: 227.9064594668527.
C:\LocalHost\OptiBack\modulo_demanda\Algoritmo_Prophet\forecast_model.py:103: FutureWarning: suggest_loguniform has been deprecated in v3.0.0. This feature will be removed in v6.0.0. See https://github.com/optuna/optuna/releases/tag/v3.0.0. Use suggest_float(..., log=True) instead.
  cps = trial.suggest_loguniform("changepoint_prior_scale", 0.001, 0.5)
C:\LocalHost\OptiBack\modulo_demanda\Algoritmo_Prophet\forecast_model.py:104: FutureWarning: suggest_loguniform has been deprecated in v3.0.0. This feature will be removed in v6.0.0. See https://github.com/optuna/optuna/releases/tag/v3.0.0. Use suggest_float(..., log=True) instead.
  sps = trial.suggest_loguniform("seasonality_prior_scale", 0.01, 10.0)
  0%|          | 0/2 [00:00<?, ?it/s] 50%|#####     | 1/2 [00:01<00:01,  1.78s/it]Optimization terminated abnormally. Falling back to Newton.
100%|##########| 2/2 [00:03<00:00,  1.76s/it]100%|##########| 2/2 [00:03<00:00,  1.76s/it]
[I 2025-05-23 20:20:39,710] Trial 4 finished with value: 178.64054997557292 and parameters: {'changepoint_prior_scale': 0.004801582203636634, 'seasonality_prior_scale': 0.011018498302295714, 'n_changepoints': 39}. Best is trial 4 with value: 178.64054997557292.
C:\LocalHost\OptiBack\modulo_demanda\Algoritmo_Prophet\forecast_model.py:103: FutureWarning: suggest_loguniform has been deprecated in v3.0.0. This feature will be removed in v6.0.0. See https://github.com/optuna/optuna/releases/tag/v3.0.0. Use suggest_float(..., log=True) instead.
  cps = trial.suggest_loguniform("changepoint_prior_scale", 0.001, 0.5)
C:\LocalHost\OptiBack\modulo_demanda\Algoritmo_Prophet\forecast_model.py:104: FutureWarning: suggest_loguniform has been deprecated in v3.0.0. This feature will be removed in v6.0.0. See https://github.com/optuna/optuna/releases/tag/v3.0.0. Use suggest_float(..., log=True) instead.
  sps = trial.suggest_loguniform("seasonality_prior_scale", 0.01, 10.0)
  0%|          | 0/2 [00:00<?, ?it/s] 50%|#####     | 1/2 [00:01<00:01,  1.72s/it]Optimization terminated abnormally. Falling back to Newton.
100%|##########| 2/2 [00:03<00:00,  1.60s/it]100%|##########| 2/2 [00:03<00:00,  1.62s/it]
[I 2025-05-23 20:20:44,603] Trial 5 finished with value: 216.21065872651195 and parameters: {'changepoint_prior_scale': 0.0023658547988432716, 'seasonality_prior_scale': 0.048616957981055135, 'n_changepoints': 6}. Best is trial 4 with value: 178.64054997557292.
C:\LocalHost\OptiBack\modulo_demanda\Algoritmo_Prophet\forecast_model.py:103: FutureWarning: suggest_loguniform has been deprecated in v3.0.0. This feature will be removed in v6.0.0. See https://github.com/optuna/optuna/releases/tag/v3.0.0. Use suggest_float(..., log=True) instead.
  cps = trial.suggest_loguniform("changepoint_prior_scale", 0.001, 0.5)
C:\LocalHost\OptiBack\modulo_demanda\Algoritmo_Prophet\forecast_model.py:104: FutureWarning: suggest_loguniform has been deprecated in v3.0.0. This feature will be removed in v6.0.0. See https://github.com/optuna/optuna/releases/tag/v3.0.0. Use suggest_float(..., log=True) instead.
  sps = trial.suggest_loguniform("seasonality_prior_scale", 0.01, 10.0)
  0%|          | 0/2 [00:00<?, ?it/s] 50%|#####     | 1/2 [00:02<00:02,  2.48s/it]100%|##########| 2/2 [00:03<00:00,  1.50s/it]100%|##########| 2/2 [00:03<00:00,  1.65s/it]
[I 2025-05-23 20:20:49,321] Trial 6 finished with value: 227.19277004050892 and parameters: {'changepoint_prior_scale': 0.022413387709562346, 'seasonality_prior_scale': 4.27442018967027, 'n_changepoints': 25}. Best is trial 4 with value: 178.64054997557292.
C:\LocalHost\OptiBack\modulo_demanda\Algoritmo_Prophet\forecast_model.py:103: FutureWarning: suggest_loguniform has been deprecated in v3.0.0. This feature will be removed in v6.0.0. See https://github.com/optuna/optuna/releases/tag/v3.0.0. Use suggest_float(..., log=True) instead.
  cps = trial.suggest_loguniform("changepoint_prior_scale", 0.001, 0.5)
C:\LocalHost\OptiBack\modulo_demanda\Algoritmo_Prophet\forecast_model.py:104: FutureWarning: suggest_loguniform has been deprecated in v3.0.0. This feature will be removed in v6.0.0. See https://github.com/optuna/optuna/releases/tag/v3.0.0. Use suggest_float(..., log=True) instead.
  sps = trial.suggest_loguniform("seasonality_prior_scale", 0.01, 10.0)
  0%|          | 0/2 [00:00<?, ?it/s] 50%|#####     | 1/2 [00:04<00:04,  4.00s/it]100%|##########| 2/2 [00:04<00:00,  2.09s/it]100%|##########| 2/2 [00:04<00:00,  2.38s/it]
[I 2025-05-23 20:20:55,714] Trial 7 finished with value: 275.216863014794 and parameters: {'changepoint_prior_scale': 0.4195434332161158, 'seasonality_prior_scale': 0.0525965849410747, 'n_changepoints': 46}. Best is trial 4 with value: 178.64054997557292.
C:\LocalHost\OptiBack\modulo_demanda\Algoritmo_Prophet\forecast_model.py:103: FutureWarning: suggest_loguniform has been deprecated in v3.0.0. This feature will be removed in v6.0.0. See https://github.com/optuna/optuna/releases/tag/v3.0.0. Use suggest_float(..., log=True) instead.
  cps = trial.suggest_loguniform("changepoint_prior_scale", 0.001, 0.5)
C:\LocalHost\OptiBack\modulo_demanda\Algoritmo_Prophet\forecast_model.py:104: FutureWarning: suggest_loguniform has been deprecated in v3.0.0. This feature will be removed in v6.0.0. See https://github.com/optuna/optuna/releases/tag/v3.0.0. Use suggest_float(..., log=True) instead.
  sps = trial.suggest_loguniform("seasonality_prior_scale", 0.01, 10.0)
  0%|          | 0/2 [00:00<?, ?it/s] 50%|#####     | 1/2 [00:01<00:01,  1.59s/it]100%|##########| 2/2 [00:02<00:00,  1.05s/it]100%|##########| 2/2 [00:02<00:00,  1.13s/it]
[I 2025-05-23 20:20:59,343] Trial 8 finished with value: 243.26994702310975 and parameters: {'changepoint_prior_scale': 0.2250704709420427, 'seasonality_prior_scale': 0.012759112147767667, 'n_changepoints': 16}. Best is trial 4 with value: 178.64054997557292.
C:\LocalHost\OptiBack\modulo_demanda\Algoritmo_Prophet\forecast_model.py:103: FutureWarning: suggest_loguniform has been deprecated in v3.0.0. This feature will be removed in v6.0.0. See https://github.com/optuna/optuna/releases/tag/v3.0.0. Use suggest_float(..., log=True) instead.
  cps = trial.suggest_loguniform("changepoint_prior_scale", 0.001, 0.5)
C:\LocalHost\OptiBack\modulo_demanda\Algoritmo_Prophet\forecast_model.py:104: FutureWarning: suggest_loguniform has been deprecated in v3.0.0. This feature will be removed in v6.0.0. See https://github.com/optuna/optuna/releases/tag/v3.0.0. Use suggest_float(..., log=True) instead.
  sps = trial.suggest_loguniform("seasonality_prior_scale", 0.01, 10.0)
  0%|          | 0/2 [00:00<?, ?it/s] 50%|#####     | 1/2 [00:05<00:05,  5.08s/it]100%|##########| 2/2 [00:05<00:00,  2.57s/it]100%|##########| 2/2 [00:05<00:00,  2.95s/it]
[I 2025-05-23 20:21:06,502] Trial 9 finished with value: 315.0126199496506 and parameters: {'changepoint_prior_scale': 0.4376258255646863, 'seasonality_prior_scale': 1.2355395457153948, 'n_changepoints': 42}. Best is trial 4 with value: 178.64054997557292.
  0%|          | 0/2 [00:00<?, ?it/s] 50%|#####     | 1/2 [00:01<00:01,  1.22s/it]Optimization terminated abnormally. Falling back to Newton.
100%|##########| 2/2 [00:02<00:00,  1.28s/it]100%|##########| 2/2 [00:02<00:00,  1.27s/it]
Rendimiento para la combinación BMX_1727-BMX_AUTOSERVICIOS-BMX_3001:
  horizon           mse        rmse  ...     mdape     smape  coverage
0 21 days  22227.601610  149.089240  ...  0.129085  0.163998  0.833333
1 28 days  25022.047907  158.183589  ...  0.184889  0.189240  0.833333
2 35 days  52339.468107  228.778207  ...  0.253677  0.443033  0.666667
3 42 days  80093.646330  283.008209  ...  0.322427  0.542033  0.500000
4 49 days  83870.582994  289.604183  ...  0.302671  0.539981  0.333333

[5 rows x 8 columns]
          ds        yhat  yhat_lower  yhat_upper      y     cutoff
0 2022-10-24  664.905779  511.488962  829.423606  614.0 2022-10-17
1 2022-10-31  608.051892  451.326634  763.421254  668.0 2022-10-17
2 2022-11-07  684.678648  524.213569  837.028683  607.0 2022-10-17
3 2022-11-14  697.276108  546.928083  860.370182  550.0 2022-10-17
4 2022-11-21  456.443595  303.370608  606.448188   59.0 2022-10-17
Contenido de df_prophet antes de model.fit:
            ds      y  day_of_week  week_of_year  month
0   2021-01-04  123.0            0             1      1
1   2021-01-11   98.0            0             2      1
2   2021-01-18  107.0            0             3      1
3   2021-01-25  121.0            0             4      1
4   2021-02-01   98.0            0             5      2
..         ...    ...          ...           ...    ...
151 2023-11-27   49.0            0            48     11
152 2023-12-04  111.0            0            49     12
153 2023-12-11  112.0            0            50     12
154 2023-12-18  114.0            0            51     12
155 2023-12-25   75.0            0            52     12

[156 rows x 5 columns]
[I 2025-05-23 20:21:09,914] A new study created in memory with name: no-name-dbaccf7d-eb90-4f1e-89c2-ffa562027f9c
C:\LocalHost\OptiBack\modulo_demanda\Algoritmo_Prophet\forecast_model.py:103: FutureWarning: suggest_loguniform has been deprecated in v3.0.0. This feature will be removed in v6.0.0. See https://github.com/optuna/optuna/releases/tag/v3.0.0. Use suggest_float(..., log=True) instead.
  cps = trial.suggest_loguniform("changepoint_prior_scale", 0.001, 0.5)
C:\LocalHost\OptiBack\modulo_demanda\Algoritmo_Prophet\forecast_model.py:104: FutureWarning: suggest_loguniform has been deprecated in v3.0.0. This feature will be removed in v6.0.0. See https://github.com/optuna/optuna/releases/tag/v3.0.0. Use suggest_float(..., log=True) instead.
  sps = trial.suggest_loguniform("seasonality_prior_scale", 0.01, 10.0)
  0%|          | 0/2 [00:00<?, ?it/s] 50%|#####     | 1/2 [00:05<00:05,  5.03s/it]Optimization terminated abnormally. Falling back to Newton.
100%|##########| 2/2 [00:06<00:00,  2.72s/it]100%|##########| 2/2 [00:06<00:00,  3.07s/it]
[I 2025-05-23 20:21:16,792] Trial 0 finished with value: 59.73875501492009 and parameters: {'changepoint_prior_scale': 0.0024533307085751136, 'seasonality_prior_scale': 2.0852936733519014, 'n_changepoints': 20}. Best is trial 0 with value: 59.73875501492009.
C:\LocalHost\OptiBack\modulo_demanda\Algoritmo_Prophet\forecast_model.py:103: FutureWarning: suggest_loguniform has been deprecated in v3.0.0. This feature will be removed in v6.0.0. See https://github.com/optuna/optuna/releases/tag/v3.0.0. Use suggest_float(..., log=True) instead.
  cps = trial.suggest_loguniform("changepoint_prior_scale", 0.001, 0.5)
C:\LocalHost\OptiBack\modulo_demanda\Algoritmo_Prophet\forecast_model.py:104: FutureWarning: suggest_loguniform has been deprecated in v3.0.0. This feature will be removed in v6.0.0. See https://github.com/optuna/optuna/releases/tag/v3.0.0. Use suggest_float(..., log=True) instead.
  sps = trial.suggest_loguniform("seasonality_prior_scale", 0.01, 10.0)
  0%|          | 0/2 [00:00<?, ?it/s] 50%|#####     | 1/2 [00:01<00:01,  1.05s/it]100%|##########| 2/2 [00:01<00:00,  1.22it/s]100%|##########| 2/2 [00:01<00:00,  1.17it/s]
