[I 2025-05-23 20:47:44,834] Trial 9 finished with value: 317.20687816492307 and parameters: {'changepoint_prior_scale': 0.03140819008275018, 'seasonality_prior_scale': 0.1649587228952976, 'n_changepoints': 12}. Best is trial 6 with value: 297.99312550572256.
  0%|          | 0/2 [00:00<?, ?it/s] 50%|#####     | 1/2 [00:01<00:01,  1.30s/it]100%|##########| 2/2 [00:01<00:00,  1.17it/s]100%|##########| 2/2 [00:01<00:00,  1.09it/s]
Rendimiento para la combinación BMX_6-BMX_OXXO-BMX_3001:
  horizon            mse        rmse  ...     mdape     smape  coverage
0 21 days   74949.801134  273.769613  ...  0.210400  0.166428  0.500000
1 28 days   78787.400870  280.690935  ...  0.242552  0.185843  0.500000
2 35 days  163587.247156  404.459203  ...  0.333765  0.303037  0.333333
3 42 days  237742.901067  487.588865  ...  0.418756  0.382108  0.166667
4 49 days  278641.354119  527.864901  ...  0.427625  0.396906  0.000000

[5 rows x 8 columns]
          ds         yhat   yhat_lower   yhat_upper         y     cutoff
0 2022-10-24  1242.877483  1027.514115  1454.214481  1112.874 2022-10-17
1 2022-10-31  1087.085528   874.320934  1305.644149  1063.917 2022-10-17
2 2022-11-07  1159.675101   951.678054  1375.310908  1182.000 2022-10-17
3 2022-11-14  1200.146323   987.142754  1413.516101   851.958 2022-10-17
4 2022-11-21  1329.392727  1112.842649  1537.923628   624.000 2022-10-17
Contenido de df_prophet antes de model.fit:
            ds     y  day_of_week  week_of_year  month
0   2021-01-04  67.0            0             1      1
1   2021-01-11  40.0            0             2      1
2   2021-01-18  26.0            0             3      1
3   2021-01-25  38.0            0             4      1
4   2021-02-01  34.0            0             5      2
..         ...   ...          ...           ...    ...
151 2023-11-27  43.0            0            48     11
152 2023-12-04  53.0            0            49     12
153 2023-12-11  52.0            0            50     12
154 2023-12-18  59.0            0            51     12
155 2023-12-25  36.0            0            52     12

[156 rows x 5 columns]
[I 2025-05-23 20:47:47,571] A new study created in memory with name: no-name-9a142cf1-c532-4ef7-84e7-98185f632150
C:\LocalHost\OptiBack\modulo_demanda\Algoritmo_Prophet\forecast_model.py:103: FutureWarning: suggest_loguniform has been deprecated in v3.0.0. This feature will be removed in v6.0.0. See https://github.com/optuna/optuna/releases/tag/v3.0.0. Use suggest_float(..., log=True) instead.
  cps = trial.suggest_loguniform("changepoint_prior_scale", 0.001, 0.5)
C:\LocalHost\OptiBack\modulo_demanda\Algoritmo_Prophet\forecast_model.py:104: FutureWarning: suggest_loguniform has been deprecated in v3.0.0. This feature will be removed in v6.0.0. See https://github.com/optuna/optuna/releases/tag/v3.0.0. Use suggest_float(..., log=True) instead.
  sps = trial.suggest_loguniform("seasonality_prior_scale", 0.01, 10.0)
  0%|          | 0/2 [00:00<?, ?it/s] 50%|#####     | 1/2 [00:00<00:00,  1.03it/s]100%|##########| 2/2 [00:01<00:00,  1.36it/s]100%|##########| 2/2 [00:01<00:00,  1.30it/s]
[I 2025-05-23 20:47:50,021] Trial 0 finished with value: 22.42606691368398 and parameters: {'changepoint_prior_scale': 0.0035351506689576344, 'seasonality_prior_scale': 0.03215167269092727, 'n_changepoints': 7}. Best is trial 0 with value: 22.42606691368398.
C:\LocalHost\OptiBack\modulo_demanda\Algoritmo_Prophet\forecast_model.py:103: FutureWarning: suggest_loguniform has been deprecated in v3.0.0. This feature will be removed in v6.0.0. See https://github.com/optuna/optuna/releases/tag/v3.0.0. Use suggest_float(..., log=True) instead.
  cps = trial.suggest_loguniform("changepoint_prior_scale", 0.001, 0.5)
C:\LocalHost\OptiBack\modulo_demanda\Algoritmo_Prophet\forecast_model.py:104: FutureWarning: suggest_loguniform has been deprecated in v3.0.0. This feature will be removed in v6.0.0. See https://github.com/optuna/optuna/releases/tag/v3.0.0. Use suggest_float(..., log=True) instead.
  sps = trial.suggest_loguniform("seasonality_prior_scale", 0.01, 10.0)
  0%|          | 0/2 [00:00<?, ?it/s] 50%|#####     | 1/2 [00:01<00:01,  1.23s/it]100%|##########| 2/2 [00:01<00:00,  1.09it/s]100%|##########| 2/2 [00:01<00:00,  1.03it/s]
[I 2025-05-23 20:47:52,850] Trial 1 finished with value: 23.702396201400767 and parameters: {'changepoint_prior_scale': 0.21806621799196604, 'seasonality_prior_scale': 0.17675018308836898, 'n_changepoints': 11}. Best is trial 0 with value: 22.42606691368398.
C:\LocalHost\OptiBack\modulo_demanda\Algoritmo_Prophet\forecast_model.py:103: FutureWarning: suggest_loguniform has been deprecated in v3.0.0. This feature will be removed in v6.0.0. See https://github.com/optuna/optuna/releases/tag/v3.0.0. Use suggest_float(..., log=True) instead.
  cps = trial.suggest_loguniform("changepoint_prior_scale", 0.001, 0.5)
C:\LocalHost\OptiBack\modulo_demanda\Algoritmo_Prophet\forecast_model.py:104: FutureWarning: suggest_loguniform has been deprecated in v3.0.0. This feature will be removed in v6.0.0. See https://github.com/optuna/optuna/releases/tag/v3.0.0. Use suggest_float(..., log=True) instead.
  sps = trial.suggest_loguniform("seasonality_prior_scale", 0.01, 10.0)
  0%|          | 0/2 [00:00<?, ?it/s] 50%|#####     | 1/2 [00:01<00:01,  1.22s/it]100%|##########| 2/2 [00:01<00:00,  1.08it/s]100%|##########| 2/2 [00:01<00:00,  1.03it/s]
[I 2025-05-23 20:47:55,764] Trial 2 finished with value: 22.534380739640206 and parameters: {'changepoint_prior_scale': 0.0012852256000348854, 'seasonality_prior_scale': 0.022029133432660032, 'n_changepoints': 9}. Best is trial 0 with value: 22.42606691368398.
C:\LocalHost\OptiBack\modulo_demanda\Algoritmo_Prophet\forecast_model.py:103: FutureWarning: suggest_loguniform has been deprecated in v3.0.0. This feature will be removed in v6.0.0. See https://github.com/optuna/optuna/releases/tag/v3.0.0. Use suggest_float(..., log=True) instead.
  cps = trial.suggest_loguniform("changepoint_prior_scale", 0.001, 0.5)
C:\LocalHost\OptiBack\modulo_demanda\Algoritmo_Prophet\forecast_model.py:104: FutureWarning: suggest_loguniform has been deprecated in v3.0.0. This feature will be removed in v6.0.0. See https://github.com/optuna/optuna/releases/tag/v3.0.0. Use suggest_float(..., log=True) instead.
  sps = trial.suggest_loguniform("seasonality_prior_scale", 0.01, 10.0)
  0%|          | 0/2 [00:00<?, ?it/s] 50%|#####     | 1/2 [00:00<00:00,  1.02it/s]100%|##########| 2/2 [00:01<00:00,  1.29it/s]100%|##########| 2/2 [00:01<00:00,  1.24it/s]
[I 2025-05-23 20:47:58,229] Trial 3 finished with value: 25.520473152703826 and parameters: {'changepoint_prior_scale': 0.004567448622888095, 'seasonality_prior_scale': 7.62297589814895, 'n_changepoints': 20}. Best is trial 0 with value: 22.42606691368398.
C:\LocalHost\OptiBack\modulo_demanda\Algoritmo_Prophet\forecast_model.py:103: FutureWarning: suggest_loguniform has been deprecated in v3.0.0. This feature will be removed in v6.0.0. See https://github.com/optuna/optuna/releases/tag/v3.0.0. Use suggest_float(..., log=True) instead.
  cps = trial.suggest_loguniform("changepoint_prior_scale", 0.001, 0.5)
C:\LocalHost\OptiBack\modulo_demanda\Algoritmo_Prophet\forecast_model.py:104: FutureWarning: suggest_loguniform has been deprecated in v3.0.0. This feature will be removed in v6.0.0. See https://github.com/optuna/optuna/releases/tag/v3.0.0. Use suggest_float(..., log=True) instead.
  sps = trial.suggest_loguniform("seasonality_prior_scale", 0.01, 10.0)
  0%|          | 0/2 [00:00<?, ?it/s] 50%|#####     | 1/2 [00:00<00:00,  1.20it/s]100%|##########| 2/2 [00:01<00:00,  1.37it/s]100%|##########| 2/2 [00:01<00:00,  1.34it/s]
[I 2025-05-23 20:48:00,608] Trial 4 finished with value: 23.302694010297394 and parameters: {'changepoint_prior_scale': 0.0035524364334767835, 'seasonality_prior_scale': 0.2637464707627172, 'n_changepoints': 5}. Best is trial 0 with value: 22.42606691368398.
C:\LocalHost\OptiBack\modulo_demanda\Algoritmo_Prophet\forecast_model.py:103: FutureWarning: suggest_loguniform has been deprecated in v3.0.0. This feature will be removed in v6.0.0. See https://github.com/optuna/optuna/releases/tag/v3.0.0. Use suggest_float(..., log=True) instead.
  cps = trial.suggest_loguniform("changepoint_prior_scale", 0.001, 0.5)
C:\LocalHost\OptiBack\modulo_demanda\Algoritmo_Prophet\forecast_model.py:104: FutureWarning: suggest_loguniform has been deprecated in v3.0.0. This feature will be removed in v6.0.0. See https://github.com/optuna/optuna/releases/tag/v3.0.0. Use suggest_float(..., log=True) instead.
  sps = trial.suggest_loguniform("seasonality_prior_scale", 0.01, 10.0)
  0%|          | 0/2 [00:00<?, ?it/s] 50%|#####     | 1/2 [00:01<00:01,  1.09s/it]100%|##########| 2/2 [00:01<00:00,  1.18it/s]100%|##########| 2/2 [00:01<00:00,  1.13it/s]
[I 2025-05-23 20:48:03,508] Trial 5 finished with value: 23.76018807712801 and parameters: {'changepoint_prior_scale': 0.0039028375945506927, 'seasonality_prior_scale': 0.05058518189047361, 'n_changepoints': 16}. Best is trial 0 with value: 22.42606691368398.
C:\LocalHost\OptiBack\modulo_demanda\Algoritmo_Prophet\forecast_model.py:103: FutureWarning: suggest_loguniform has been deprecated in v3.0.0. This feature will be removed in v6.0.0. See https://github.com/optuna/optuna/releases/tag/v3.0.0. Use suggest_float(..., log=True) instead.
  cps = trial.suggest_loguniform("changepoint_prior_scale", 0.001, 0.5)
C:\LocalHost\OptiBack\modulo_demanda\Algoritmo_Prophet\forecast_model.py:104: FutureWarning: suggest_loguniform has been deprecated in v3.0.0. This feature will be removed in v6.0.0. See https://github.com/optuna/optuna/releases/tag/v3.0.0. Use suggest_float(..., log=True) instead.
  sps = trial.suggest_loguniform("seasonality_prior_scale", 0.01, 10.0)
  0%|          | 0/2 [00:00<?, ?it/s] 50%|#####     | 1/2 [00:01<00:01,  1.14s/it]100%|##########| 2/2 [00:01<00:00,  1.18it/s]100%|##########| 2/2 [00:01<00:00,  1.12it/s]
[I 2025-05-23 20:48:06,131] Trial 6 finished with value: 22.211307802546695 and parameters: {'changepoint_prior_scale': 0.02399255538638321, 'seasonality_prior_scale': 0.12540622193333026, 'n_changepoints': 12}. Best is trial 6 with value: 22.211307802546695.
C:\LocalHost\OptiBack\modulo_demanda\Algoritmo_Prophet\forecast_model.py:103: FutureWarning: suggest_loguniform has been deprecated in v3.0.0. This feature will be removed in v6.0.0. See https://github.com/optuna/optuna/releases/tag/v3.0.0. Use suggest_float(..., log=True) instead.
  cps = trial.suggest_loguniform("changepoint_prior_scale", 0.001, 0.5)
C:\LocalHost\OptiBack\modulo_demanda\Algoritmo_Prophet\forecast_model.py:104: FutureWarning: suggest_loguniform has been deprecated in v3.0.0. This feature will be removed in v6.0.0. See https://github.com/optuna/optuna/releases/tag/v3.0.0. Use suggest_float(..., log=True) instead.
  sps = trial.suggest_loguniform("seasonality_prior_scale", 0.01, 10.0)
  0%|          | 0/2 [00:00<?, ?it/s] 50%|#####     | 1/2 [00:01<00:01,  1.09s/it]100%|##########| 2/2 [00:01<00:00,  1.19it/s]100%|##########| 2/2 [00:01<00:00,  1.14it/s]
[I 2025-05-23 20:48:08,882] Trial 7 finished with value: 25.25301680922093 and parameters: {'changepoint_prior_scale': 0.0019649418297452335, 'seasonality_prior_scale': 0.06338603083250917, 'n_changepoints': 21}. Best is trial 6 with value: 22.211307802546695.
C:\LocalHost\OptiBack\modulo_demanda\Algoritmo_Prophet\forecast_model.py:103: FutureWarning: suggest_loguniform has been deprecated in v3.0.0. This feature will be removed in v6.0.0. See https://github.com/optuna/optuna/releases/tag/v3.0.0. Use suggest_float(..., log=True) instead.
  cps = trial.suggest_loguniform("changepoint_prior_scale", 0.001, 0.5)
C:\LocalHost\OptiBack\modulo_demanda\Algoritmo_Prophet\forecast_model.py:104: FutureWarning: suggest_loguniform has been deprecated in v3.0.0. This feature will be removed in v6.0.0. See https://github.com/optuna/optuna/releases/tag/v3.0.0. Use suggest_float(..., log=True) instead.
  sps = trial.suggest_loguniform("seasonality_prior_scale", 0.01, 10.0)
  0%|          | 0/2 [00:00<?, ?it/s] 50%|#####     | 1/2 [00:01<00:01,  1.44s/it]100%|##########| 2/2 [00:02<00:00,  1.04it/s]100%|##########| 2/2 [00:02<00:00,  1.03s/it]
[I 2025-05-23 20:48:11,977] Trial 8 finished with value: 21.99169920903879 and parameters: {'changepoint_prior_scale': 0.03615584476769003, 'seasonality_prior_scale': 0.03974878012342715, 'n_changepoints': 31}. Best is trial 8 with value: 21.99169920903879.
C:\LocalHost\OptiBack\modulo_demanda\Algoritmo_Prophet\forecast_model.py:103: FutureWarning: suggest_loguniform has been deprecated in v3.0.0. This feature will be removed in v6.0.0. See https://github.com/optuna/optuna/releases/tag/v3.0.0. Use suggest_float(..., log=True) instead.
  cps = trial.suggest_loguniform("changepoint_prior_scale", 0.001, 0.5)
C:\LocalHost\OptiBack\modulo_demanda\Algoritmo_Prophet\forecast_model.py:104: FutureWarning: suggest_loguniform has been deprecated in v3.0.0. This feature will be removed in v6.0.0. See https://github.com/optuna/optuna/releases/tag/v3.0.0. Use suggest_float(..., log=True) instead.
  sps = trial.suggest_loguniform("seasonality_prior_scale", 0.01, 10.0)
  0%|          | 0/2 [00:00<?, ?it/s] 50%|#####     | 1/2 [00:00<00:00,  1.23it/s]100%|##########| 2/2 [00:01<00:00,  1.36it/s]100%|##########| 2/2 [00:01<00:00,  1.33it/s]
[I 2025-05-23 20:48:14,463] Trial 9 finished with value: 23.02985573716647 and parameters: {'changepoint_prior_scale': 0.008668083489477278, 'seasonality_prior_scale': 2.173011752651401, 'n_changepoints': 8}. Best is trial 8 with value: 21.99169920903879.
  0%|          | 0/2 [00:00<?, ?it/s] 50%|#####     | 1/2 [00:01<00:01,  1.52s/it]100%|##########| 2/2 [00:02<00:00,  1.01it/s]100%|##########| 2/2 [00:02<00:00,  1.07s/it]
Rendimiento para la combinación BMX_6-BMX_OXXO-BMX_3207:
  horizon         mse       rmse  ...     mdape     smape  coverage
0 21 days  156.740182  12.519592  ...  0.309418  0.309700  0.666667
1 28 days   82.428586   9.079019  ...  0.168157  0.190166  0.833333
2 35 days  159.572188  12.632189  ...  0.296631  0.265834  0.666667
3 42 days  389.353511  19.732043  ...  0.529026  0.365663  0.500000
4 49 days  667.779928  25.841438  ...  0.673328  0.557261  0.166667

[5 rows x 8 columns]
          ds       yhat  yhat_lower  yhat_upper     y     cutoff
0 2022-10-24  43.407126   26.339408   59.818346  25.0 2022-10-17
1 2022-10-31  26.950612    9.577895   45.080106  33.0 2022-10-17
2 2022-11-07  23.508944    7.861769   40.246023  42.0 2022-10-17
3 2022-11-14  32.076954   16.495981   47.397799  32.0 2022-10-17
4 2022-11-21  34.922703   19.803030   51.364804  23.0 2022-10-17
Contenido de df_prophet antes de model.fit:
            ds       y  day_of_week  week_of_year  month
0   2021-01-04  13.000            0             1      1
1   2021-01-11  10.000            0             2      1
2   2021-01-18   5.000            0             3      1
3   2021-01-25  22.000            0             4      1
4   2021-02-01  10.000            0             5      2
..         ...     ...          ...           ...    ...
151 2023-11-27   6.000            0            48     11
152 2023-12-04   5.000            0            49     12
153 2023-12-11   5.000            0            50     12
154 2023-12-18   8.917            0            51     12
155 2023-12-25   7.000            0            52     12

[156 rows x 5 columns]
[I 2025-05-23 20:48:17,586] A new study created in memory with name: no-name-1cb4f4e8-8118-4315-a5aa-1aa5fda3fd4f
C:\LocalHost\OptiBack\modulo_demanda\Algoritmo_Prophet\forecast_model.py:103: FutureWarning: suggest_loguniform has been deprecated in v3.0.0. This feature will be removed in v6.0.0. See https://github.com/optuna/optuna/releases/tag/v3.0.0. Use suggest_float(..., log=True) instead.
  cps = trial.suggest_loguniform("changepoint_prior_scale", 0.001, 0.5)
C:\LocalHost\OptiBack\modulo_demanda\Algoritmo_Prophet\forecast_model.py:104: FutureWarning: suggest_loguniform has been deprecated in v3.0.0. This feature will be removed in v6.0.0. See https://github.com/optuna/optuna/releases/tag/v3.0.0. Use suggest_float(..., log=True) instead.
  sps = trial.suggest_loguniform("seasonality_prior_scale", 0.01, 10.0)
  0%|          | 0/2 [00:00<?, ?it/s] 50%|#####     | 1/2 [00:01<00:01,  1.24s/it]100%|##########| 2/2 [00:01<00:00,  1.21it/s]100%|##########| 2/2 [00:01<00:00,  1.13it/s]
[I 2025-05-23 20:48:20,148] Trial 0 finished with value: 6.9690087135745395 and parameters: {'changepoint_prior_scale': 0.002533375559572095, 'seasonality_prior_scale': 3.254616887237636, 'n_changepoints': 29}. Best is trial 0 with value: 6.9690087135745395.
C:\LocalHost\OptiBack\modulo_demanda\Algoritmo_Prophet\forecast_model.py:103: FutureWarning: suggest_loguniform has been deprecated in v3.0.0. This feature will be removed in v6.0.0. See https://github.com/optuna/optuna/releases/tag/v3.0.0. Use suggest_float(..., log=True) instead.
  cps = trial.suggest_loguniform("changepoint_prior_scale", 0.001, 0.5)
C:\LocalHost\OptiBack\modulo_demanda\Algoritmo_Prophet\forecast_model.py:104: FutureWarning: suggest_loguniform has been deprecated in v3.0.0. This feature will be removed in v6.0.0. See https://github.com/optuna/optuna/releases/tag/v3.0.0. Use suggest_float(..., log=True) instead.
  sps = trial.suggest_loguniform("seasonality_prior_scale", 0.01, 10.0)
Optimization terminated abnormally. Falling back to Newton.
  0%|          | 0/2 [00:00<?, ?it/s] 50%|#####     | 1/2 [00:01<00:01,  1.29s/it]Optimization terminated abnormally. Falling back to Newton.
100%|##########| 2/2 [00:03<00:00,  1.56s/it]100%|##########| 2/2 [00:03<00:00,  1.52s/it]
[I 2025-05-23 20:48:25,101] Trial 1 finished with value: 7.157190903615693 and parameters: {'changepoint_prior_scale': 0.003398410639886359, 'seasonality_prior_scale': 1.5079729279217393, 'n_changepoints': 46}. Best is trial 0 with value: 6.9690087135745395.
C:\LocalHost\OptiBack\modulo_demanda\Algoritmo_Prophet\forecast_model.py:103: FutureWarning: suggest_loguniform has been deprecated in v3.0.0. This feature will be removed in v6.0.0. See https://github.com/optuna/optuna/releases/tag/v3.0.0. Use suggest_float(..., log=True) instead.
  cps = trial.suggest_loguniform("changepoint_prior_scale", 0.001, 0.5)
C:\LocalHost\OptiBack\modulo_demanda\Algoritmo_Prophet\forecast_model.py:104: FutureWarning: suggest_loguniform has been deprecated in v3.0.0. This feature will be removed in v6.0.0. See https://github.com/optuna/optuna/releases/tag/v3.0.0. Use suggest_float(..., log=True) instead.
  sps = trial.suggest_loguniform("seasonality_prior_scale", 0.01, 10.0)
  0%|          | 0/2 [00:00<?, ?it/s] 50%|#####     | 1/2 [00:02<00:02,  2.54s/it]100%|##########| 2/2 [00:03<00:00,  1.41s/it]100%|##########| 2/2 [00:03<00:00,  1.58s/it]
[I 2025-05-23 20:48:29,099] Trial 2 finished with value: 7.334965378346667 and parameters: {'changepoint_prior_scale': 0.2068509690782, 'seasonality_prior_scale': 2.749307833572917, 'n_changepoints': 36}. Best is trial 0 with value: 6.9690087135745395.
C:\LocalHost\OptiBack\modulo_demanda\Algoritmo_Prophet\forecast_model.py:103: FutureWarning: suggest_loguniform has been deprecated in v3.0.0. This feature will be removed in v6.0.0. See https://github.com/optuna/optuna/releases/tag/v3.0.0. Use suggest_float(..., log=True) instead.
  cps = trial.suggest_loguniform("changepoint_prior_scale", 0.001, 0.5)
C:\LocalHost\OptiBack\modulo_demanda\Algoritmo_Prophet\forecast_model.py:104: FutureWarning: suggest_loguniform has been deprecated in v3.0.0. This feature will be removed in v6.0.0. See https://github.com/optuna/optuna/releases/tag/v3.0.0. Use suggest_float(..., log=True) instead.
  sps = trial.suggest_loguniform("seasonality_prior_scale", 0.01, 10.0)
  0%|          | 0/2 [00:00<?, ?it/s] 50%|#####     | 1/2 [00:01<00:01,  1.44s/it]100%|##########| 2/2 [00:01<00:00,  1.10it/s]100%|##########| 2/2 [00:01<00:00,  1.01it/s]
[I 2025-05-23 20:48:31,913] Trial 3 finished with value: 6.827981781937688 and parameters: {'changepoint_prior_scale': 0.003912902049901156, 'seasonality_prior_scale': 0.2010012780767124, 'n_changepoints': 31}. Best is trial 3 with value: 6.827981781937688.
C:\LocalHost\OptiBack\modulo_demanda\Algoritmo_Prophet\forecast_model.py:103: FutureWarning: suggest_loguniform has been deprecated in v3.0.0. This feature will be removed in v6.0.0. See https://github.com/optuna/optuna/releases/tag/v3.0.0. Use suggest_float(..., log=True) instead.
  cps = trial.suggest_loguniform("changepoint_prior_scale", 0.001, 0.5)
C:\LocalHost\OptiBack\modulo_demanda\Algoritmo_Prophet\forecast_model.py:104: FutureWarning: suggest_loguniform has been deprecated in v3.0.0. This feature will be removed in v6.0.0. See https://github.com/optuna/optuna/releases/tag/v3.0.0. Use suggest_float(..., log=True) instead.
  sps = trial.suggest_loguniform("seasonality_prior_scale", 0.01, 10.0)
  0%|          | 0/2 [00:00<?, ?it/s] 50%|#####     | 1/2 [00:01<00:01,  1.38s/it]100%|##########| 2/2 [00:02<00:00,  1.04it/s]100%|##########| 2/2 [00:02<00:00,  1.03s/it]
