[I 2025-05-23 20:31:58,440] Trial 4 finished with value: 525.7124575015256 and parameters: {'changepoint_prior_scale': 0.444558383435771, 'seasonality_prior_scale': 0.01746115009313235, 'n_changepoints': 47}. Best is trial 0 with value: 332.0065475587406.
C:\LocalHost\OptiBack\modulo_demanda\Algoritmo_Prophet\forecast_model.py:103: FutureWarning: suggest_loguniform has been deprecated in v3.0.0. This feature will be removed in v6.0.0. See https://github.com/optuna/optuna/releases/tag/v3.0.0. Use suggest_float(..., log=True) instead.
  cps = trial.suggest_loguniform("changepoint_prior_scale", 0.001, 0.5)
C:\LocalHost\OptiBack\modulo_demanda\Algoritmo_Prophet\forecast_model.py:104: FutureWarning: suggest_loguniform has been deprecated in v3.0.0. This feature will be removed in v6.0.0. See https://github.com/optuna/optuna/releases/tag/v3.0.0. Use suggest_float(..., log=True) instead.
  sps = trial.suggest_loguniform("seasonality_prior_scale", 0.01, 10.0)
  0%|          | 0/2 [00:00<?, ?it/s] 50%|#####     | 1/2 [00:03<00:03,  3.81s/it]100%|##########| 2/2 [00:04<00:00,  2.18s/it]100%|##########| 2/2 [00:04<00:00,  2.42s/it]
[I 2025-05-23 20:32:04,395] Trial 5 finished with value: 409.42191448379873 and parameters: {'changepoint_prior_scale': 0.2316528117194721, 'seasonality_prior_scale': 2.6561781648854654, 'n_changepoints': 29}. Best is trial 0 with value: 332.0065475587406.
C:\LocalHost\OptiBack\modulo_demanda\Algoritmo_Prophet\forecast_model.py:103: FutureWarning: suggest_loguniform has been deprecated in v3.0.0. This feature will be removed in v6.0.0. See https://github.com/optuna/optuna/releases/tag/v3.0.0. Use suggest_float(..., log=True) instead.
  cps = trial.suggest_loguniform("changepoint_prior_scale", 0.001, 0.5)
C:\LocalHost\OptiBack\modulo_demanda\Algoritmo_Prophet\forecast_model.py:104: FutureWarning: suggest_loguniform has been deprecated in v3.0.0. This feature will be removed in v6.0.0. See https://github.com/optuna/optuna/releases/tag/v3.0.0. Use suggest_float(..., log=True) instead.
  sps = trial.suggest_loguniform("seasonality_prior_scale", 0.01, 10.0)
  0%|          | 0/2 [00:00<?, ?it/s] 50%|#####     | 1/2 [00:01<00:01,  1.49s/it]100%|##########| 2/2 [00:02<00:00,  1.09it/s]100%|##########| 2/2 [00:02<00:00,  1.00s/it]
[I 2025-05-23 20:32:07,149] Trial 6 finished with value: 328.7954521060286 and parameters: {'changepoint_prior_scale': 0.039616687875630996, 'seasonality_prior_scale': 0.20017371855360866, 'n_changepoints': 24}. Best is trial 6 with value: 328.7954521060286.
C:\LocalHost\OptiBack\modulo_demanda\Algoritmo_Prophet\forecast_model.py:103: FutureWarning: suggest_loguniform has been deprecated in v3.0.0. This feature will be removed in v6.0.0. See https://github.com/optuna/optuna/releases/tag/v3.0.0. Use suggest_float(..., log=True) instead.
  cps = trial.suggest_loguniform("changepoint_prior_scale", 0.001, 0.5)
C:\LocalHost\OptiBack\modulo_demanda\Algoritmo_Prophet\forecast_model.py:104: FutureWarning: suggest_loguniform has been deprecated in v3.0.0. This feature will be removed in v6.0.0. See https://github.com/optuna/optuna/releases/tag/v3.0.0. Use suggest_float(..., log=True) instead.
  sps = trial.suggest_loguniform("seasonality_prior_scale", 0.01, 10.0)
  0%|          | 0/2 [00:00<?, ?it/s] 50%|#####     | 1/2 [00:01<00:01,  1.75s/it]100%|##########| 2/2 [00:02<00:00,  1.12s/it]100%|##########| 2/2 [00:02<00:00,  1.21s/it]
[I 2025-05-23 20:32:10,439] Trial 7 finished with value: 459.015693471726 and parameters: {'changepoint_prior_scale': 0.1169218247077761, 'seasonality_prior_scale': 0.02016565124294248, 'n_changepoints': 37}. Best is trial 6 with value: 328.7954521060286.
C:\LocalHost\OptiBack\modulo_demanda\Algoritmo_Prophet\forecast_model.py:103: FutureWarning: suggest_loguniform has been deprecated in v3.0.0. This feature will be removed in v6.0.0. See https://github.com/optuna/optuna/releases/tag/v3.0.0. Use suggest_float(..., log=True) instead.
  cps = trial.suggest_loguniform("changepoint_prior_scale", 0.001, 0.5)
C:\LocalHost\OptiBack\modulo_demanda\Algoritmo_Prophet\forecast_model.py:104: FutureWarning: suggest_loguniform has been deprecated in v3.0.0. This feature will be removed in v6.0.0. See https://github.com/optuna/optuna/releases/tag/v3.0.0. Use suggest_float(..., log=True) instead.
  sps = trial.suggest_loguniform("seasonality_prior_scale", 0.01, 10.0)
  0%|          | 0/2 [00:00<?, ?it/s] 50%|#####     | 1/2 [00:01<00:01,  1.52s/it]100%|##########| 2/2 [00:02<00:00,  1.05s/it]100%|##########| 2/2 [00:02<00:00,  1.12s/it]
[I 2025-05-23 20:32:13,922] Trial 8 finished with value: 401.4250425635957 and parameters: {'changepoint_prior_scale': 0.005356677833402796, 'seasonality_prior_scale': 3.3570620239538504, 'n_changepoints': 10}. Best is trial 6 with value: 328.7954521060286.
C:\LocalHost\OptiBack\modulo_demanda\Algoritmo_Prophet\forecast_model.py:103: FutureWarning: suggest_loguniform has been deprecated in v3.0.0. This feature will be removed in v6.0.0. See https://github.com/optuna/optuna/releases/tag/v3.0.0. Use suggest_float(..., log=True) instead.
  cps = trial.suggest_loguniform("changepoint_prior_scale", 0.001, 0.5)
C:\LocalHost\OptiBack\modulo_demanda\Algoritmo_Prophet\forecast_model.py:104: FutureWarning: suggest_loguniform has been deprecated in v3.0.0. This feature will be removed in v6.0.0. See https://github.com/optuna/optuna/releases/tag/v3.0.0. Use suggest_float(..., log=True) instead.
  sps = trial.suggest_loguniform("seasonality_prior_scale", 0.01, 10.0)
Optimization terminated abnormally. Falling back to Newton.
  0%|          | 0/2 [00:00<?, ?it/s] 50%|#####     | 1/2 [00:00<00:00,  1.01it/s]100%|##########| 2/2 [00:01<00:00,  1.26it/s]100%|##########| 2/2 [00:01<00:00,  1.22it/s]
[I 2025-05-23 20:32:17,314] Trial 9 finished with value: 375.3919667574959 and parameters: {'changepoint_prior_scale': 0.16976682258934225, 'seasonality_prior_scale': 0.07091817886605516, 'n_changepoints': 5}. Best is trial 6 with value: 328.7954521060286.
  0%|          | 0/2 [00:00<?, ?it/s] 50%|#####     | 1/2 [00:01<00:01,  1.46s/it]100%|##########| 2/2 [00:02<00:00,  1.03it/s]100%|##########| 2/2 [00:02<00:00,  1.05s/it]
Rendimiento para la combinación BMX_2-BMX_TRADICIONAL-BMX_3207:
  horizon            mse        rmse  ...     mdape     smape  coverage
0 21 days   28477.025332  168.751371  ...  0.056908  0.062681  0.666667
1 28 days   28061.910645  167.516897  ...  0.056908  0.061198  0.666667
2 35 days  119258.447279  345.338164  ...  0.064840  0.121104  0.500000
3 42 days  111719.718988  334.244998  ...  0.040179  0.109739  0.666667
4 49 days  120434.055388  347.036101  ...  0.076944  0.126557  0.500000

[5 rows x 8 columns]
          ds         yhat   yhat_lower   yhat_upper         y     cutoff
0 2022-10-24  2411.167630  2222.597741  2589.550474  2343.125 2022-10-17
1 2022-10-31  2309.285875  2117.521180  2489.490887  2053.750 2022-10-17
2 2022-11-07  2214.396959  2030.505262  2404.177539  2321.875 2022-10-17
3 2022-11-14  2059.748181  1887.380510  2250.402626  2015.375 2022-10-17
4 2022-11-21  2098.339850  1906.053162  2294.591469  1359.625 2022-10-17
Contenido de df_prophet antes de model.fit:
            ds        y  day_of_week  week_of_year  month
0   2021-01-04  651.000            0             1      1
1   2021-01-11  649.000            0             2      1
2   2021-01-18  714.000            0             3      1
3   2021-01-25  589.000            0             4      1
4   2021-02-01  720.000            0             5      2
..         ...      ...          ...           ...    ...
151 2023-11-27  678.125            0            48     11
152 2023-12-04  622.875            0            49     12
153 2023-12-11  694.375            0            50     12
154 2023-12-18  698.625            0            51     12
155 2023-12-25  602.125            0            52     12

[156 rows x 5 columns]
[I 2025-05-23 20:32:20,396] A new study created in memory with name: no-name-c6161f43-a250-401d-87b3-db92bf3b068d
C:\LocalHost\OptiBack\modulo_demanda\Algoritmo_Prophet\forecast_model.py:103: FutureWarning: suggest_loguniform has been deprecated in v3.0.0. This feature will be removed in v6.0.0. See https://github.com/optuna/optuna/releases/tag/v3.0.0. Use suggest_float(..., log=True) instead.
  cps = trial.suggest_loguniform("changepoint_prior_scale", 0.001, 0.5)
C:\LocalHost\OptiBack\modulo_demanda\Algoritmo_Prophet\forecast_model.py:104: FutureWarning: suggest_loguniform has been deprecated in v3.0.0. This feature will be removed in v6.0.0. See https://github.com/optuna/optuna/releases/tag/v3.0.0. Use suggest_float(..., log=True) instead.
  sps = trial.suggest_loguniform("seasonality_prior_scale", 0.01, 10.0)
Optimization terminated abnormally. Falling back to Newton.
  0%|          | 0/2 [00:00<?, ?it/s] 50%|#####     | 1/2 [00:01<00:01,  1.13s/it]Optimization terminated abnormally. Falling back to Newton.
100%|##########| 2/2 [00:02<00:00,  1.38s/it]100%|##########| 2/2 [00:02<00:00,  1.34s/it]
[I 2025-05-23 20:32:25,199] Trial 0 finished with value: 137.79918464220833 and parameters: {'changepoint_prior_scale': 0.0018142485909850008, 'seasonality_prior_scale': 0.1566869880795291, 'n_changepoints': 22}. Best is trial 0 with value: 137.79918464220833.
C:\LocalHost\OptiBack\modulo_demanda\Algoritmo_Prophet\forecast_model.py:103: FutureWarning: suggest_loguniform has been deprecated in v3.0.0. This feature will be removed in v6.0.0. See https://github.com/optuna/optuna/releases/tag/v3.0.0. Use suggest_float(..., log=True) instead.
  cps = trial.suggest_loguniform("changepoint_prior_scale", 0.001, 0.5)
C:\LocalHost\OptiBack\modulo_demanda\Algoritmo_Prophet\forecast_model.py:104: FutureWarning: suggest_loguniform has been deprecated in v3.0.0. This feature will be removed in v6.0.0. See https://github.com/optuna/optuna/releases/tag/v3.0.0. Use suggest_float(..., log=True) instead.
  sps = trial.suggest_loguniform("seasonality_prior_scale", 0.01, 10.0)
  0%|          | 0/2 [00:00<?, ?it/s] 50%|#####     | 1/2 [00:01<00:01,  1.76s/it]100%|##########| 2/2 [00:02<00:00,  1.30s/it]100%|##########| 2/2 [00:02<00:00,  1.37s/it]
[I 2025-05-23 20:32:29,334] Trial 1 finished with value: 135.43796869932785 and parameters: {'changepoint_prior_scale': 0.011589073006339183, 'seasonality_prior_scale': 0.3751868511627761, 'n_changepoints': 32}. Best is trial 1 with value: 135.43796869932785.
C:\LocalHost\OptiBack\modulo_demanda\Algoritmo_Prophet\forecast_model.py:103: FutureWarning: suggest_loguniform has been deprecated in v3.0.0. This feature will be removed in v6.0.0. See https://github.com/optuna/optuna/releases/tag/v3.0.0. Use suggest_float(..., log=True) instead.
  cps = trial.suggest_loguniform("changepoint_prior_scale", 0.001, 0.5)
C:\LocalHost\OptiBack\modulo_demanda\Algoritmo_Prophet\forecast_model.py:104: FutureWarning: suggest_loguniform has been deprecated in v3.0.0. This feature will be removed in v6.0.0. See https://github.com/optuna/optuna/releases/tag/v3.0.0. Use suggest_float(..., log=True) instead.
  sps = trial.suggest_loguniform("seasonality_prior_scale", 0.01, 10.0)
  0%|          | 0/2 [00:00<?, ?it/s] 50%|#####     | 1/2 [00:01<00:01,  1.06s/it]100%|##########| 2/2 [00:01<00:00,  1.11it/s]100%|##########| 2/2 [00:01<00:00,  1.08it/s]
[I 2025-05-23 20:32:32,366] Trial 2 finished with value: 88.79518192827896 and parameters: {'changepoint_prior_scale': 0.06914511577272758, 'seasonality_prior_scale': 1.6965229564942887, 'n_changepoints': 5}. Best is trial 2 with value: 88.79518192827896.
C:\LocalHost\OptiBack\modulo_demanda\Algoritmo_Prophet\forecast_model.py:103: FutureWarning: suggest_loguniform has been deprecated in v3.0.0. This feature will be removed in v6.0.0. See https://github.com/optuna/optuna/releases/tag/v3.0.0. Use suggest_float(..., log=True) instead.
  cps = trial.suggest_loguniform("changepoint_prior_scale", 0.001, 0.5)
C:\LocalHost\OptiBack\modulo_demanda\Algoritmo_Prophet\forecast_model.py:104: FutureWarning: suggest_loguniform has been deprecated in v3.0.0. This feature will be removed in v6.0.0. See https://github.com/optuna/optuna/releases/tag/v3.0.0. Use suggest_float(..., log=True) instead.
  sps = trial.suggest_loguniform("seasonality_prior_scale", 0.01, 10.0)
  0%|          | 0/2 [00:00<?, ?it/s] 50%|#####     | 1/2 [00:01<00:01,  1.79s/it]100%|##########| 2/2 [00:02<00:00,  1.21s/it]100%|##########| 2/2 [00:02<00:00,  1.30s/it]
[I 2025-05-23 20:32:36,270] Trial 3 finished with value: 87.51727868414531 and parameters: {'changepoint_prior_scale': 0.09916639495517705, 'seasonality_prior_scale': 4.974870621794938, 'n_changepoints': 12}. Best is trial 3 with value: 87.51727868414531.
C:\LocalHost\OptiBack\modulo_demanda\Algoritmo_Prophet\forecast_model.py:103: FutureWarning: suggest_loguniform has been deprecated in v3.0.0. This feature will be removed in v6.0.0. See https://github.com/optuna/optuna/releases/tag/v3.0.0. Use suggest_float(..., log=True) instead.
  cps = trial.suggest_loguniform("changepoint_prior_scale", 0.001, 0.5)
C:\LocalHost\OptiBack\modulo_demanda\Algoritmo_Prophet\forecast_model.py:104: FutureWarning: suggest_loguniform has been deprecated in v3.0.0. This feature will be removed in v6.0.0. See https://github.com/optuna/optuna/releases/tag/v3.0.0. Use suggest_float(..., log=True) instead.
  sps = trial.suggest_loguniform("seasonality_prior_scale", 0.01, 10.0)
  0%|          | 0/2 [00:00<?, ?it/s] 50%|#####     | 1/2 [00:00<00:00,  1.18it/s]100%|##########| 2/2 [00:01<00:00,  1.11it/s]100%|##########| 2/2 [00:01<00:00,  1.12it/s]
[I 2025-05-23 20:32:39,480] Trial 4 finished with value: 91.9270879699559 and parameters: {'changepoint_prior_scale': 0.0017551029379732073, 'seasonality_prior_scale': 0.1575771244524911, 'n_changepoints': 5}. Best is trial 3 with value: 87.51727868414531.
C:\LocalHost\OptiBack\modulo_demanda\Algoritmo_Prophet\forecast_model.py:103: FutureWarning: suggest_loguniform has been deprecated in v3.0.0. This feature will be removed in v6.0.0. See https://github.com/optuna/optuna/releases/tag/v3.0.0. Use suggest_float(..., log=True) instead.
  cps = trial.suggest_loguniform("changepoint_prior_scale", 0.001, 0.5)
C:\LocalHost\OptiBack\modulo_demanda\Algoritmo_Prophet\forecast_model.py:104: FutureWarning: suggest_loguniform has been deprecated in v3.0.0. This feature will be removed in v6.0.0. See https://github.com/optuna/optuna/releases/tag/v3.0.0. Use suggest_float(..., log=True) instead.
  sps = trial.suggest_loguniform("seasonality_prior_scale", 0.01, 10.0)
  0%|          | 0/2 [00:00<?, ?it/s] 50%|#####     | 1/2 [00:01<00:01,  1.86s/it]100%|##########| 2/2 [00:02<00:00,  1.08s/it]100%|##########| 2/2 [00:02<00:00,  1.20s/it]
[I 2025-05-23 20:32:42,805] Trial 5 finished with value: 108.40917528120539 and parameters: {'changepoint_prior_scale': 0.052785360930787215, 'seasonality_prior_scale': 0.1452059913529042, 'n_changepoints': 30}. Best is trial 3 with value: 87.51727868414531.
C:\LocalHost\OptiBack\modulo_demanda\Algoritmo_Prophet\forecast_model.py:103: FutureWarning: suggest_loguniform has been deprecated in v3.0.0. This feature will be removed in v6.0.0. See https://github.com/optuna/optuna/releases/tag/v3.0.0. Use suggest_float(..., log=True) instead.
  cps = trial.suggest_loguniform("changepoint_prior_scale", 0.001, 0.5)
C:\LocalHost\OptiBack\modulo_demanda\Algoritmo_Prophet\forecast_model.py:104: FutureWarning: suggest_loguniform has been deprecated in v3.0.0. This feature will be removed in v6.0.0. See https://github.com/optuna/optuna/releases/tag/v3.0.0. Use suggest_float(..., log=True) instead.
  sps = trial.suggest_loguniform("seasonality_prior_scale", 0.01, 10.0)
  0%|          | 0/2 [00:00<?, ?it/s] 50%|#####     | 1/2 [00:02<00:02,  2.32s/it]100%|##########| 2/2 [00:03<00:00,  1.38s/it]100%|##########| 2/2 [00:03<00:00,  1.52s/it]
[I 2025-05-23 20:32:46,824] Trial 6 finished with value: 124.53325235384308 and parameters: {'changepoint_prior_scale': 0.06805713434980307, 'seasonality_prior_scale': 0.014165072621069209, 'n_changepoints': 49}. Best is trial 3 with value: 87.51727868414531.
C:\LocalHost\OptiBack\modulo_demanda\Algoritmo_Prophet\forecast_model.py:103: FutureWarning: suggest_loguniform has been deprecated in v3.0.0. This feature will be removed in v6.0.0. See https://github.com/optuna/optuna/releases/tag/v3.0.0. Use suggest_float(..., log=True) instead.
  cps = trial.suggest_loguniform("changepoint_prior_scale", 0.001, 0.5)
C:\LocalHost\OptiBack\modulo_demanda\Algoritmo_Prophet\forecast_model.py:104: FutureWarning: suggest_loguniform has been deprecated in v3.0.0. This feature will be removed in v6.0.0. See https://github.com/optuna/optuna/releases/tag/v3.0.0. Use suggest_float(..., log=True) instead.
  sps = trial.suggest_loguniform("seasonality_prior_scale", 0.01, 10.0)
  0%|          | 0/2 [00:00<?, ?it/s] 50%|#####     | 1/2 [00:02<00:02,  2.19s/it]100%|##########| 2/2 [00:02<00:00,  1.28s/it]100%|##########| 2/2 [00:02<00:00,  1.42s/it]
[I 2025-05-23 20:32:50,582] Trial 7 finished with value: 80.19418998888612 and parameters: {'changepoint_prior_scale': 0.20405652771052907, 'seasonality_prior_scale': 2.777872283060433, 'n_changepoints': 49}. Best is trial 7 with value: 80.19418998888612.
C:\LocalHost\OptiBack\modulo_demanda\Algoritmo_Prophet\forecast_model.py:103: FutureWarning: suggest_loguniform has been deprecated in v3.0.0. This feature will be removed in v6.0.0. See https://github.com/optuna/optuna/releases/tag/v3.0.0. Use suggest_float(..., log=True) instead.
  cps = trial.suggest_loguniform("changepoint_prior_scale", 0.001, 0.5)
C:\LocalHost\OptiBack\modulo_demanda\Algoritmo_Prophet\forecast_model.py:104: FutureWarning: suggest_loguniform has been deprecated in v3.0.0. This feature will be removed in v6.0.0. See https://github.com/optuna/optuna/releases/tag/v3.0.0. Use suggest_float(..., log=True) instead.
  sps = trial.suggest_loguniform("seasonality_prior_scale", 0.01, 10.0)
Optimization terminated abnormally. Falling back to Newton.
  0%|          | 0/2 [00:00<?, ?it/s] 50%|#####     | 1/2 [00:01<00:01,  1.41s/it]Optimization terminated abnormally. Falling back to Newton.
100%|##########| 2/2 [00:03<00:00,  1.63s/it]100%|##########| 2/2 [00:03<00:00,  1.60s/it]
[I 2025-05-23 20:32:56,620] Trial 8 finished with value: 140.54810004671126 and parameters: {'changepoint_prior_scale': 0.005917894458629523, 'seasonality_prior_scale': 2.206464791079492, 'n_changepoints': 37}. Best is trial 7 with value: 80.19418998888612.
C:\LocalHost\OptiBack\modulo_demanda\Algoritmo_Prophet\forecast_model.py:103: FutureWarning: suggest_loguniform has been deprecated in v3.0.0. This feature will be removed in v6.0.0. See https://github.com/optuna/optuna/releases/tag/v3.0.0. Use suggest_float(..., log=True) instead.
  cps = trial.suggest_loguniform("changepoint_prior_scale", 0.001, 0.5)
C:\LocalHost\OptiBack\modulo_demanda\Algoritmo_Prophet\forecast_model.py:104: FutureWarning: suggest_loguniform has been deprecated in v3.0.0. This feature will be removed in v6.0.0. See https://github.com/optuna/optuna/releases/tag/v3.0.0. Use suggest_float(..., log=True) instead.
  sps = trial.suggest_loguniform("seasonality_prior_scale", 0.01, 10.0)
Optimization terminated abnormally. Falling back to Newton.
  0%|          | 0/2 [00:00<?, ?it/s] 50%|#####     | 1/2 [00:01<00:01,  1.52s/it]Optimization terminated abnormally. Falling back to Newton.
100%|##########| 2/2 [00:04<00:00,  2.22s/it]100%|##########| 2/2 [00:04<00:00,  2.12s/it]
