[I 2025-05-23 20:44:24,758] Trial 4 finished with value: 556.6541121652847 and parameters: {'changepoint_prior_scale': 0.0024428265496880216, 'seasonality_prior_scale': 7.601305670941424, 'n_changepoints': 38}. Best is trial 1 with value: 525.089135660758.
C:\LocalHost\OptiBack\modulo_demanda\Algoritmo_Prophet\forecast_model.py:103: FutureWarning: suggest_loguniform has been deprecated in v3.0.0. This feature will be removed in v6.0.0. See https://github.com/optuna/optuna/releases/tag/v3.0.0. Use suggest_float(..., log=True) instead.
  cps = trial.suggest_loguniform("changepoint_prior_scale", 0.001, 0.5)
C:\LocalHost\OptiBack\modulo_demanda\Algoritmo_Prophet\forecast_model.py:104: FutureWarning: suggest_loguniform has been deprecated in v3.0.0. This feature will be removed in v6.0.0. See https://github.com/optuna/optuna/releases/tag/v3.0.0. Use suggest_float(..., log=True) instead.
  sps = trial.suggest_loguniform("seasonality_prior_scale", 0.01, 10.0)
  0%|          | 0/2 [00:00<?, ?it/s] 50%|#####     | 1/2 [00:01<00:01,  1.11s/it]100%|##########| 2/2 [00:01<00:00,  1.14it/s]100%|##########| 2/2 [00:01<00:00,  1.10it/s]
[I 2025-05-23 20:44:27,653] Trial 5 finished with value: 590.0111056199619 and parameters: {'changepoint_prior_scale': 0.002507791146737469, 'seasonality_prior_scale': 0.19482308153322153, 'n_changepoints': 29}. Best is trial 1 with value: 525.089135660758.
C:\LocalHost\OptiBack\modulo_demanda\Algoritmo_Prophet\forecast_model.py:103: FutureWarning: suggest_loguniform has been deprecated in v3.0.0. This feature will be removed in v6.0.0. See https://github.com/optuna/optuna/releases/tag/v3.0.0. Use suggest_float(..., log=True) instead.
  cps = trial.suggest_loguniform("changepoint_prior_scale", 0.001, 0.5)
C:\LocalHost\OptiBack\modulo_demanda\Algoritmo_Prophet\forecast_model.py:104: FutureWarning: suggest_loguniform has been deprecated in v3.0.0. This feature will be removed in v6.0.0. See https://github.com/optuna/optuna/releases/tag/v3.0.0. Use suggest_float(..., log=True) instead.
  sps = trial.suggest_loguniform("seasonality_prior_scale", 0.01, 10.0)
  0%|          | 0/2 [00:00<?, ?it/s] 50%|#####     | 1/2 [00:01<00:01,  1.39s/it]100%|##########| 2/2 [00:02<00:00,  1.07it/s]100%|##########| 2/2 [00:02<00:00,  1.00s/it]
[I 2025-05-23 20:44:30,584] Trial 6 finished with value: 594.9637297828257 and parameters: {'changepoint_prior_scale': 0.0036715371433526296, 'seasonality_prior_scale': 0.016927089899652834, 'n_changepoints': 27}. Best is trial 1 with value: 525.089135660758.
C:\LocalHost\OptiBack\modulo_demanda\Algoritmo_Prophet\forecast_model.py:103: FutureWarning: suggest_loguniform has been deprecated in v3.0.0. This feature will be removed in v6.0.0. See https://github.com/optuna/optuna/releases/tag/v3.0.0. Use suggest_float(..., log=True) instead.
  cps = trial.suggest_loguniform("changepoint_prior_scale", 0.001, 0.5)
C:\LocalHost\OptiBack\modulo_demanda\Algoritmo_Prophet\forecast_model.py:104: FutureWarning: suggest_loguniform has been deprecated in v3.0.0. This feature will be removed in v6.0.0. See https://github.com/optuna/optuna/releases/tag/v3.0.0. Use suggest_float(..., log=True) instead.
  sps = trial.suggest_loguniform("seasonality_prior_scale", 0.01, 10.0)
  0%|          | 0/2 [00:00<?, ?it/s] 50%|#####     | 1/2 [00:01<00:01,  1.09s/it]100%|##########| 2/2 [00:01<00:00,  1.24it/s]100%|##########| 2/2 [00:01<00:00,  1.17it/s]
[I 2025-05-23 20:44:33,260] Trial 7 finished with value: 642.9970311920098 and parameters: {'changepoint_prior_scale': 0.007037191905453386, 'seasonality_prior_scale': 1.853409336497589, 'n_changepoints': 13}. Best is trial 1 with value: 525.089135660758.
C:\LocalHost\OptiBack\modulo_demanda\Algoritmo_Prophet\forecast_model.py:103: FutureWarning: suggest_loguniform has been deprecated in v3.0.0. This feature will be removed in v6.0.0. See https://github.com/optuna/optuna/releases/tag/v3.0.0. Use suggest_float(..., log=True) instead.
  cps = trial.suggest_loguniform("changepoint_prior_scale", 0.001, 0.5)
C:\LocalHost\OptiBack\modulo_demanda\Algoritmo_Prophet\forecast_model.py:104: FutureWarning: suggest_loguniform has been deprecated in v3.0.0. This feature will be removed in v6.0.0. See https://github.com/optuna/optuna/releases/tag/v3.0.0. Use suggest_float(..., log=True) instead.
  sps = trial.suggest_loguniform("seasonality_prior_scale", 0.01, 10.0)
  0%|          | 0/2 [00:00<?, ?it/s] 50%|#####     | 1/2 [00:01<00:01,  1.83s/it]100%|##########| 2/2 [00:02<00:00,  1.19s/it]100%|##########| 2/2 [00:02<00:00,  1.29s/it]
[I 2025-05-23 20:44:36,649] Trial 8 finished with value: 656.1322740552121 and parameters: {'changepoint_prior_scale': 0.1409751562041584, 'seasonality_prior_scale': 0.9235247886751624, 'n_changepoints': 25}. Best is trial 1 with value: 525.089135660758.
C:\LocalHost\OptiBack\modulo_demanda\Algoritmo_Prophet\forecast_model.py:103: FutureWarning: suggest_loguniform has been deprecated in v3.0.0. This feature will be removed in v6.0.0. See https://github.com/optuna/optuna/releases/tag/v3.0.0. Use suggest_float(..., log=True) instead.
  cps = trial.suggest_loguniform("changepoint_prior_scale", 0.001, 0.5)
C:\LocalHost\OptiBack\modulo_demanda\Algoritmo_Prophet\forecast_model.py:104: FutureWarning: suggest_loguniform has been deprecated in v3.0.0. This feature will be removed in v6.0.0. See https://github.com/optuna/optuna/releases/tag/v3.0.0. Use suggest_float(..., log=True) instead.
  sps = trial.suggest_loguniform("seasonality_prior_scale", 0.01, 10.0)
  0%|          | 0/2 [00:00<?, ?it/s] 50%|#####     | 1/2 [00:02<00:02,  2.59s/it]100%|##########| 2/2 [00:03<00:00,  1.54s/it]100%|##########| 2/2 [00:03<00:00,  1.70s/it]
[I 2025-05-23 20:44:41,079] Trial 9 finished with value: 674.1074379283459 and parameters: {'changepoint_prior_scale': 0.03147050526700727, 'seasonality_prior_scale': 3.5359544026134753, 'n_changepoints': 40}. Best is trial 1 with value: 525.089135660758.
  0%|          | 0/2 [00:00<?, ?it/s] 50%|#####     | 1/2 [00:01<00:01,  1.20s/it]100%|##########| 2/2 [00:01<00:00,  1.15it/s]100%|##########| 2/2 [00:01<00:00,  1.09it/s]
Rendimiento para la combinación BMX_310-BMX_TRADICIONAL-BMX_3931:
  horizon            mse        rmse  ...     mdape     smape  coverage
0 21 days  493007.491449  702.144922  ...  0.140773  0.130885       0.5
1 28 days  459391.441957  677.784215  ...  0.119773  0.131589       0.5
2 35 days  679410.040570  824.263332  ...  0.119773  0.158124       0.5
3 42 days  583762.028208  764.043211  ...  0.106542  0.139158       0.5
4 49 days  719346.806625  848.143152  ...  0.106542  0.145483       0.5

[5 rows x 8 columns]
          ds         yhat   yhat_lower   yhat_upper         y     cutoff
0 2022-10-24  4623.154150  4349.661295  4872.497109  4562.500 2022-10-17
1 2022-10-31  5074.727962  4807.889942  5354.827828  4014.375 2022-10-17
2 2022-11-07  4925.756827  4652.154710  5214.812703  4002.500 2022-10-17
3 2022-11-14  4447.678584  4168.076423  4724.817710  3868.375 2022-10-17
4 2022-11-21  3298.182917  3006.426878  3551.743490  4843.375 2022-10-17
Contenido de df_prophet antes de model.fit:
            ds         y  day_of_week  week_of_year  month
0   2021-01-04  1131.647            0             1      1
1   2021-01-11   966.275            0             2      1
2   2021-01-18  1071.430            0             3      1
3   2021-01-25  1107.515            0             4      1
4   2021-02-01  1134.356            0             5      2
..         ...       ...          ...           ...    ...
151 2023-11-27   975.448            0            48     11
152 2023-12-04   960.726            0            49     12
153 2023-12-11  1081.962            0            50     12
154 2023-12-18  1145.709            0            51     12
155 2023-12-25   815.056            0            52     12

[156 rows x 5 columns]
[I 2025-05-23 20:44:43,924] A new study created in memory with name: no-name-31422f50-78cf-4a72-8921-2bbdded993fd
C:\LocalHost\OptiBack\modulo_demanda\Algoritmo_Prophet\forecast_model.py:103: FutureWarning: suggest_loguniform has been deprecated in v3.0.0. This feature will be removed in v6.0.0. See https://github.com/optuna/optuna/releases/tag/v3.0.0. Use suggest_float(..., log=True) instead.
  cps = trial.suggest_loguniform("changepoint_prior_scale", 0.001, 0.5)
C:\LocalHost\OptiBack\modulo_demanda\Algoritmo_Prophet\forecast_model.py:104: FutureWarning: suggest_loguniform has been deprecated in v3.0.0. This feature will be removed in v6.0.0. See https://github.com/optuna/optuna/releases/tag/v3.0.0. Use suggest_float(..., log=True) instead.
  sps = trial.suggest_loguniform("seasonality_prior_scale", 0.01, 10.0)
  0%|          | 0/2 [00:00<?, ?it/s] 50%|#####     | 1/2 [00:01<00:01,  1.04s/it]100%|##########| 2/2 [00:01<00:00,  1.23it/s]100%|##########| 2/2 [00:01<00:00,  1.18it/s]
[I 2025-05-23 20:44:46,725] Trial 0 finished with value: 543.6558290195685 and parameters: {'changepoint_prior_scale': 0.0012522118511480655, 'seasonality_prior_scale': 4.890984296967782, 'n_changepoints': 9}. Best is trial 0 with value: 543.6558290195685.
C:\LocalHost\OptiBack\modulo_demanda\Algoritmo_Prophet\forecast_model.py:103: FutureWarning: suggest_loguniform has been deprecated in v3.0.0. This feature will be removed in v6.0.0. See https://github.com/optuna/optuna/releases/tag/v3.0.0. Use suggest_float(..., log=True) instead.
  cps = trial.suggest_loguniform("changepoint_prior_scale", 0.001, 0.5)
C:\LocalHost\OptiBack\modulo_demanda\Algoritmo_Prophet\forecast_model.py:104: FutureWarning: suggest_loguniform has been deprecated in v3.0.0. This feature will be removed in v6.0.0. See https://github.com/optuna/optuna/releases/tag/v3.0.0. Use suggest_float(..., log=True) instead.
  sps = trial.suggest_loguniform("seasonality_prior_scale", 0.01, 10.0)
  0%|          | 0/2 [00:00<?, ?it/s] 50%|#####     | 1/2 [00:04<00:04,  4.36s/it]100%|##########| 2/2 [00:05<00:00,  2.22s/it]100%|##########| 2/2 [00:05<00:00,  2.54s/it]
[I 2025-05-23 20:44:53,259] Trial 1 finished with value: 417.5420356086163 and parameters: {'changepoint_prior_scale': 0.1517729880029516, 'seasonality_prior_scale': 0.055872392611980265, 'n_changepoints': 21}. Best is trial 1 with value: 417.5420356086163.
C:\LocalHost\OptiBack\modulo_demanda\Algoritmo_Prophet\forecast_model.py:103: FutureWarning: suggest_loguniform has been deprecated in v3.0.0. This feature will be removed in v6.0.0. See https://github.com/optuna/optuna/releases/tag/v3.0.0. Use suggest_float(..., log=True) instead.
  cps = trial.suggest_loguniform("changepoint_prior_scale", 0.001, 0.5)
C:\LocalHost\OptiBack\modulo_demanda\Algoritmo_Prophet\forecast_model.py:104: FutureWarning: suggest_loguniform has been deprecated in v3.0.0. This feature will be removed in v6.0.0. See https://github.com/optuna/optuna/releases/tag/v3.0.0. Use suggest_float(..., log=True) instead.
  sps = trial.suggest_loguniform("seasonality_prior_scale", 0.01, 10.0)
  0%|          | 0/2 [00:00<?, ?it/s] 50%|#####     | 1/2 [00:06<00:06,  6.06s/it]100%|##########| 2/2 [00:06<00:00,  3.02s/it]100%|##########| 2/2 [00:06<00:00,  3.48s/it]
[I 2025-05-23 20:45:01,505] Trial 2 finished with value: 420.2108384638524 and parameters: {'changepoint_prior_scale': 0.17640321120519634, 'seasonality_prior_scale': 0.010688631386939009, 'n_changepoints': 31}. Best is trial 1 with value: 417.5420356086163.
C:\LocalHost\OptiBack\modulo_demanda\Algoritmo_Prophet\forecast_model.py:103: FutureWarning: suggest_loguniform has been deprecated in v3.0.0. This feature will be removed in v6.0.0. See https://github.com/optuna/optuna/releases/tag/v3.0.0. Use suggest_float(..., log=True) instead.
  cps = trial.suggest_loguniform("changepoint_prior_scale", 0.001, 0.5)
C:\LocalHost\OptiBack\modulo_demanda\Algoritmo_Prophet\forecast_model.py:104: FutureWarning: suggest_loguniform has been deprecated in v3.0.0. This feature will be removed in v6.0.0. See https://github.com/optuna/optuna/releases/tag/v3.0.0. Use suggest_float(..., log=True) instead.
  sps = trial.suggest_loguniform("seasonality_prior_scale", 0.01, 10.0)
  0%|          | 0/2 [00:00<?, ?it/s] 50%|#####     | 1/2 [00:02<00:02,  2.82s/it]100%|##########| 2/2 [00:03<00:00,  1.44s/it]100%|##########| 2/2 [00:03<00:00,  1.65s/it]
[I 2025-05-23 20:45:05,669] Trial 3 finished with value: 261.85791050086993 and parameters: {'changepoint_prior_scale': 0.0352907119046545, 'seasonality_prior_scale': 0.06349210620762, 'n_changepoints': 41}. Best is trial 3 with value: 261.85791050086993.
C:\LocalHost\OptiBack\modulo_demanda\Algoritmo_Prophet\forecast_model.py:103: FutureWarning: suggest_loguniform has been deprecated in v3.0.0. This feature will be removed in v6.0.0. See https://github.com/optuna/optuna/releases/tag/v3.0.0. Use suggest_float(..., log=True) instead.
  cps = trial.suggest_loguniform("changepoint_prior_scale", 0.001, 0.5)
C:\LocalHost\OptiBack\modulo_demanda\Algoritmo_Prophet\forecast_model.py:104: FutureWarning: suggest_loguniform has been deprecated in v3.0.0. This feature will be removed in v6.0.0. See https://github.com/optuna/optuna/releases/tag/v3.0.0. Use suggest_float(..., log=True) instead.
  sps = trial.suggest_loguniform("seasonality_prior_scale", 0.01, 10.0)
Optimization terminated abnormally. Falling back to Newton.
  0%|          | 0/2 [00:00<?, ?it/s] 50%|#####     | 1/2 [00:01<00:01,  1.75s/it]Optimization terminated abnormally. Falling back to Newton.
100%|##########| 2/2 [00:03<00:00,  1.91s/it]100%|##########| 2/2 [00:03<00:00,  1.89s/it]
[I 2025-05-23 20:45:11,898] Trial 4 finished with value: 350.8921177746078 and parameters: {'changepoint_prior_scale': 0.0028313272558143183, 'seasonality_prior_scale': 0.4707133871199124, 'n_changepoints': 38}. Best is trial 3 with value: 261.85791050086993.
C:\LocalHost\OptiBack\modulo_demanda\Algoritmo_Prophet\forecast_model.py:103: FutureWarning: suggest_loguniform has been deprecated in v3.0.0. This feature will be removed in v6.0.0. See https://github.com/optuna/optuna/releases/tag/v3.0.0. Use suggest_float(..., log=True) instead.
  cps = trial.suggest_loguniform("changepoint_prior_scale", 0.001, 0.5)
C:\LocalHost\OptiBack\modulo_demanda\Algoritmo_Prophet\forecast_model.py:104: FutureWarning: suggest_loguniform has been deprecated in v3.0.0. This feature will be removed in v6.0.0. See https://github.com/optuna/optuna/releases/tag/v3.0.0. Use suggest_float(..., log=True) instead.
  sps = trial.suggest_loguniform("seasonality_prior_scale", 0.01, 10.0)
  0%|          | 0/2 [00:00<?, ?it/s] 50%|#####     | 1/2 [00:02<00:02,  2.12s/it]100%|##########| 2/2 [00:02<00:00,  1.35s/it]100%|##########| 2/2 [00:02<00:00,  1.47s/it]
[I 2025-05-23 20:45:16,607] Trial 5 finished with value: 377.8154190202195 and parameters: {'changepoint_prior_scale': 0.05688935466708905, 'seasonality_prior_scale': 4.812789248657961, 'n_changepoints': 10}. Best is trial 3 with value: 261.85791050086993.
C:\LocalHost\OptiBack\modulo_demanda\Algoritmo_Prophet\forecast_model.py:103: FutureWarning: suggest_loguniform has been deprecated in v3.0.0. This feature will be removed in v6.0.0. See https://github.com/optuna/optuna/releases/tag/v3.0.0. Use suggest_float(..., log=True) instead.
  cps = trial.suggest_loguniform("changepoint_prior_scale", 0.001, 0.5)
C:\LocalHost\OptiBack\modulo_demanda\Algoritmo_Prophet\forecast_model.py:104: FutureWarning: suggest_loguniform has been deprecated in v3.0.0. This feature will be removed in v6.0.0. See https://github.com/optuna/optuna/releases/tag/v3.0.0. Use suggest_float(..., log=True) instead.
  sps = trial.suggest_loguniform("seasonality_prior_scale", 0.01, 10.0)
  0%|          | 0/2 [00:00<?, ?it/s] 50%|#####     | 1/2 [00:01<00:01,  1.89s/it]100%|##########| 2/2 [00:02<00:00,  1.14s/it]100%|##########| 2/2 [00:02<00:00,  1.25s/it]
[I 2025-05-23 20:45:20,461] Trial 6 finished with value: 321.1064885527486 and parameters: {'changepoint_prior_scale': 0.03194522927051135, 'seasonality_prior_scale': 0.5337788527016759, 'n_changepoints': 7}. Best is trial 3 with value: 261.85791050086993.
C:\LocalHost\OptiBack\modulo_demanda\Algoritmo_Prophet\forecast_model.py:103: FutureWarning: suggest_loguniform has been deprecated in v3.0.0. This feature will be removed in v6.0.0. See https://github.com/optuna/optuna/releases/tag/v3.0.0. Use suggest_float(..., log=True) instead.
  cps = trial.suggest_loguniform("changepoint_prior_scale", 0.001, 0.5)
C:\LocalHost\OptiBack\modulo_demanda\Algoritmo_Prophet\forecast_model.py:104: FutureWarning: suggest_loguniform has been deprecated in v3.0.0. This feature will be removed in v6.0.0. See https://github.com/optuna/optuna/releases/tag/v3.0.0. Use suggest_float(..., log=True) instead.
  sps = trial.suggest_loguniform("seasonality_prior_scale", 0.01, 10.0)
  0%|          | 0/2 [00:00<?, ?it/s] 50%|#####     | 1/2 [00:01<00:01,  1.27s/it]100%|##########| 2/2 [00:02<00:00,  1.02it/s]100%|##########| 2/2 [00:02<00:00,  1.02s/it]
[I 2025-05-23 20:45:23,308] Trial 7 finished with value: 229.71008126273082 and parameters: {'changepoint_prior_scale': 0.05089645352686693, 'seasonality_prior_scale': 1.5948705317859533, 'n_changepoints': 6}. Best is trial 7 with value: 229.71008126273082.
C:\LocalHost\OptiBack\modulo_demanda\Algoritmo_Prophet\forecast_model.py:103: FutureWarning: suggest_loguniform has been deprecated in v3.0.0. This feature will be removed in v6.0.0. See https://github.com/optuna/optuna/releases/tag/v3.0.0. Use suggest_float(..., log=True) instead.
  cps = trial.suggest_loguniform("changepoint_prior_scale", 0.001, 0.5)
C:\LocalHost\OptiBack\modulo_demanda\Algoritmo_Prophet\forecast_model.py:104: FutureWarning: suggest_loguniform has been deprecated in v3.0.0. This feature will be removed in v6.0.0. See https://github.com/optuna/optuna/releases/tag/v3.0.0. Use suggest_float(..., log=True) instead.
  sps = trial.suggest_loguniform("seasonality_prior_scale", 0.01, 10.0)
Optimization terminated abnormally. Falling back to Newton.
  0%|          | 0/2 [00:00<?, ?it/s] 50%|#####     | 1/2 [00:01<00:01,  1.90s/it]100%|##########| 2/2 [00:02<00:00,  1.27s/it]100%|##########| 2/2 [00:02<00:00,  1.36s/it]
[I 2025-05-23 20:45:29,063] Trial 8 finished with value: 355.4349269664164 and parameters: {'changepoint_prior_scale': 0.005129659683483553, 'seasonality_prior_scale': 2.877235372387376, 'n_changepoints': 38}. Best is trial 7 with value: 229.71008126273082.
C:\LocalHost\OptiBack\modulo_demanda\Algoritmo_Prophet\forecast_model.py:103: FutureWarning: suggest_loguniform has been deprecated in v3.0.0. This feature will be removed in v6.0.0. See https://github.com/optuna/optuna/releases/tag/v3.0.0. Use suggest_float(..., log=True) instead.
  cps = trial.suggest_loguniform("changepoint_prior_scale", 0.001, 0.5)
C:\LocalHost\OptiBack\modulo_demanda\Algoritmo_Prophet\forecast_model.py:104: FutureWarning: suggest_loguniform has been deprecated in v3.0.0. This feature will be removed in v6.0.0. See https://github.com/optuna/optuna/releases/tag/v3.0.0. Use suggest_float(..., log=True) instead.
  sps = trial.suggest_loguniform("seasonality_prior_scale", 0.01, 10.0)
  0%|          | 0/2 [00:00<?, ?it/s] 50%|#####     | 1/2 [00:02<00:02,  2.94s/it]100%|##########| 2/2 [00:03<00:00,  1.63s/it]100%|##########| 2/2 [00:03<00:00,  1.82s/it]
