[I 2025-05-23 20:34:07,320] Trial 4 finished with value: 962.3777480783052 and parameters: {'changepoint_prior_scale': 0.07454262813280912, 'seasonality_prior_scale': 4.226765744462868, 'n_changepoints': 24}. Best is trial 1 with value: 752.0902235002015.
C:\LocalHost\OptiBack\modulo_demanda\Algoritmo_Prophet\forecast_model.py:103: FutureWarning: suggest_loguniform has been deprecated in v3.0.0. This feature will be removed in v6.0.0. See https://github.com/optuna/optuna/releases/tag/v3.0.0. Use suggest_float(..., log=True) instead.
  cps = trial.suggest_loguniform("changepoint_prior_scale", 0.001, 0.5)
C:\LocalHost\OptiBack\modulo_demanda\Algoritmo_Prophet\forecast_model.py:104: FutureWarning: suggest_loguniform has been deprecated in v3.0.0. This feature will be removed in v6.0.0. See https://github.com/optuna/optuna/releases/tag/v3.0.0. Use suggest_float(..., log=True) instead.
  sps = trial.suggest_loguniform("seasonality_prior_scale", 0.01, 10.0)
Optimization terminated abnormally. Falling back to Newton.
  0%|          | 0/2 [00:00<?, ?it/s] 50%|#####     | 1/2 [00:01<00:01,  1.98s/it]Optimization terminated abnormally. Falling back to Newton.
100%|##########| 2/2 [00:03<00:00,  1.69s/it]100%|##########| 2/2 [00:03<00:00,  1.73s/it]
[I 2025-05-23 20:34:12,547] Trial 5 finished with value: 853.2799984765483 and parameters: {'changepoint_prior_scale': 0.0012724195463263911, 'seasonality_prior_scale': 0.015698069724714468, 'n_changepoints': 24}. Best is trial 1 with value: 752.0902235002015.
C:\LocalHost\OptiBack\modulo_demanda\Algoritmo_Prophet\forecast_model.py:103: FutureWarning: suggest_loguniform has been deprecated in v3.0.0. This feature will be removed in v6.0.0. See https://github.com/optuna/optuna/releases/tag/v3.0.0. Use suggest_float(..., log=True) instead.
  cps = trial.suggest_loguniform("changepoint_prior_scale", 0.001, 0.5)
C:\LocalHost\OptiBack\modulo_demanda\Algoritmo_Prophet\forecast_model.py:104: FutureWarning: suggest_loguniform has been deprecated in v3.0.0. This feature will be removed in v6.0.0. See https://github.com/optuna/optuna/releases/tag/v3.0.0. Use suggest_float(..., log=True) instead.
  sps = trial.suggest_loguniform("seasonality_prior_scale", 0.01, 10.0)
  0%|          | 0/2 [00:00<?, ?it/s] 50%|#####     | 1/2 [00:00<00:00,  1.10it/s]100%|##########| 2/2 [00:01<00:00,  1.27it/s]100%|##########| 2/2 [00:01<00:00,  1.24it/s]
[I 2025-05-23 20:34:15,274] Trial 6 finished with value: 745.22505564182 and parameters: {'changepoint_prior_scale': 0.004005862196101641, 'seasonality_prior_scale': 0.05060868676905812, 'n_changepoints': 8}. Best is trial 6 with value: 745.22505564182.
C:\LocalHost\OptiBack\modulo_demanda\Algoritmo_Prophet\forecast_model.py:103: FutureWarning: suggest_loguniform has been deprecated in v3.0.0. This feature will be removed in v6.0.0. See https://github.com/optuna/optuna/releases/tag/v3.0.0. Use suggest_float(..., log=True) instead.
  cps = trial.suggest_loguniform("changepoint_prior_scale", 0.001, 0.5)
C:\LocalHost\OptiBack\modulo_demanda\Algoritmo_Prophet\forecast_model.py:104: FutureWarning: suggest_loguniform has been deprecated in v3.0.0. This feature will be removed in v6.0.0. See https://github.com/optuna/optuna/releases/tag/v3.0.0. Use suggest_float(..., log=True) instead.
  sps = trial.suggest_loguniform("seasonality_prior_scale", 0.01, 10.0)
  0%|          | 0/2 [00:00<?, ?it/s] 50%|#####     | 1/2 [00:02<00:02,  3.00s/it]100%|##########| 2/2 [00:03<00:00,  1.69s/it]100%|##########| 2/2 [00:03<00:00,  1.89s/it]
[I 2025-05-23 20:34:20,068] Trial 7 finished with value: 645.0151144692412 and parameters: {'changepoint_prior_scale': 0.41556636215948356, 'seasonality_prior_scale': 0.5937875870131741, 'n_changepoints': 32}. Best is trial 7 with value: 645.0151144692412.
C:\LocalHost\OptiBack\modulo_demanda\Algoritmo_Prophet\forecast_model.py:103: FutureWarning: suggest_loguniform has been deprecated in v3.0.0. This feature will be removed in v6.0.0. See https://github.com/optuna/optuna/releases/tag/v3.0.0. Use suggest_float(..., log=True) instead.
  cps = trial.suggest_loguniform("changepoint_prior_scale", 0.001, 0.5)
C:\LocalHost\OptiBack\modulo_demanda\Algoritmo_Prophet\forecast_model.py:104: FutureWarning: suggest_loguniform has been deprecated in v3.0.0. This feature will be removed in v6.0.0. See https://github.com/optuna/optuna/releases/tag/v3.0.0. Use suggest_float(..., log=True) instead.
  sps = trial.suggest_loguniform("seasonality_prior_scale", 0.01, 10.0)
  0%|          | 0/2 [00:00<?, ?it/s] 50%|#####     | 1/2 [00:05<00:05,  5.63s/it]100%|##########| 2/2 [00:06<00:00,  2.58s/it]100%|##########| 2/2 [00:06<00:00,  3.04s/it]
[I 2025-05-23 20:34:27,352] Trial 8 finished with value: 649.5307873990254 and parameters: {'changepoint_prior_scale': 0.3314491260694849, 'seasonality_prior_scale': 0.16832035755232067, 'n_changepoints': 49}. Best is trial 7 with value: 645.0151144692412.
C:\LocalHost\OptiBack\modulo_demanda\Algoritmo_Prophet\forecast_model.py:103: FutureWarning: suggest_loguniform has been deprecated in v3.0.0. This feature will be removed in v6.0.0. See https://github.com/optuna/optuna/releases/tag/v3.0.0. Use suggest_float(..., log=True) instead.
  cps = trial.suggest_loguniform("changepoint_prior_scale", 0.001, 0.5)
C:\LocalHost\OptiBack\modulo_demanda\Algoritmo_Prophet\forecast_model.py:104: FutureWarning: suggest_loguniform has been deprecated in v3.0.0. This feature will be removed in v6.0.0. See https://github.com/optuna/optuna/releases/tag/v3.0.0. Use suggest_float(..., log=True) instead.
  sps = trial.suggest_loguniform("seasonality_prior_scale", 0.01, 10.0)
Optimization terminated abnormally. Falling back to Newton.
  0%|          | 0/2 [00:00<?, ?it/s] 50%|#####     | 1/2 [00:00<00:00,  1.00it/s]100%|##########| 2/2 [00:01<00:00,  1.34it/s]100%|##########| 2/2 [00:01<00:00,  1.28it/s]
[I 2025-05-23 20:34:30,553] Trial 9 finished with value: 757.8726384008797 and parameters: {'changepoint_prior_scale': 0.002198934962519088, 'seasonality_prior_scale': 0.205211398097733, 'n_changepoints': 10}. Best is trial 7 with value: 645.0151144692412.
  0%|          | 0/2 [00:00<?, ?it/s] 50%|#####     | 1/2 [00:02<00:02,  2.97s/it]100%|##########| 2/2 [00:03<00:00,  1.66s/it]100%|##########| 2/2 [00:03<00:00,  1.86s/it]
Rendimiento para la combinación BMX_310-BMX_AUTOSERVICIOS-BMX_3001:
  horizon            mse        rmse  ...     mdape     smape  coverage
0 21 days  401228.502784  633.426004  ...  0.147329  0.175071  0.500000
1 28 days  396109.848481  629.372583  ...  0.157571  0.185257  0.500000
2 35 days   84707.288305  291.045165  ...  0.061166  0.100192  0.833333
3 42 days  184381.422112  429.396579  ...  0.117088  0.120985  0.666667
4 49 days  142601.119437  377.625634  ...  0.078091  0.086053  0.833333

[5 rows x 8 columns]
          ds         yhat   yhat_lower   yhat_upper       y     cutoff
0 2022-10-24  3137.012614  2753.220628  3528.920041  2585.0 2022-10-17
1 2022-10-31  3199.906282  2830.564179  3595.284103  1969.0 2022-10-17
2 2022-11-07  2391.422113  1984.126190  2764.683896  2212.0 2022-10-17
3 2022-11-14  1728.798610  1352.652614  2116.225024  2257.0 2022-10-17
4 2022-11-21  2222.586480  1865.293732  2632.781369  2599.0 2022-10-17
Contenido de df_prophet antes de model.fit:
            ds       y  day_of_week  week_of_year  month
0   2021-01-04   595.0            0             1      1
1   2021-01-11   341.0            0             2      1
2   2021-01-18   700.0            0             3      1
3   2021-01-25   700.0            0             4      1
4   2021-02-01   930.0            0             5      2
..         ...     ...          ...           ...    ...
151 2023-11-27   864.0            0            48     11
152 2023-12-04   807.0            0            49     12
153 2023-12-11  1111.0            0            50     12
154 2023-12-18  1639.0            0            51     12
155 2023-12-25  1221.0            0            52     12

[156 rows x 5 columns]
[I 2025-05-23 20:34:35,275] A new study created in memory with name: no-name-1bd92ab9-4f55-4a75-b32b-bb2b66091fb5
C:\LocalHost\OptiBack\modulo_demanda\Algoritmo_Prophet\forecast_model.py:103: FutureWarning: suggest_loguniform has been deprecated in v3.0.0. This feature will be removed in v6.0.0. See https://github.com/optuna/optuna/releases/tag/v3.0.0. Use suggest_float(..., log=True) instead.
  cps = trial.suggest_loguniform("changepoint_prior_scale", 0.001, 0.5)
C:\LocalHost\OptiBack\modulo_demanda\Algoritmo_Prophet\forecast_model.py:104: FutureWarning: suggest_loguniform has been deprecated in v3.0.0. This feature will be removed in v6.0.0. See https://github.com/optuna/optuna/releases/tag/v3.0.0. Use suggest_float(..., log=True) instead.
  sps = trial.suggest_loguniform("seasonality_prior_scale", 0.01, 10.0)
  0%|          | 0/2 [00:00<?, ?it/s] 50%|#####     | 1/2 [00:02<00:02,  2.33s/it]100%|##########| 2/2 [00:03<00:00,  1.54s/it]100%|##########| 2/2 [00:03<00:00,  1.66s/it]
[I 2025-05-23 20:34:39,564] Trial 0 finished with value: 467.4252587393767 and parameters: {'changepoint_prior_scale': 0.25008761961321196, 'seasonality_prior_scale': 0.01192872705301384, 'n_changepoints': 26}. Best is trial 0 with value: 467.4252587393767.
C:\LocalHost\OptiBack\modulo_demanda\Algoritmo_Prophet\forecast_model.py:103: FutureWarning: suggest_loguniform has been deprecated in v3.0.0. This feature will be removed in v6.0.0. See https://github.com/optuna/optuna/releases/tag/v3.0.0. Use suggest_float(..., log=True) instead.
  cps = trial.suggest_loguniform("changepoint_prior_scale", 0.001, 0.5)
C:\LocalHost\OptiBack\modulo_demanda\Algoritmo_Prophet\forecast_model.py:104: FutureWarning: suggest_loguniform has been deprecated in v3.0.0. This feature will be removed in v6.0.0. See https://github.com/optuna/optuna/releases/tag/v3.0.0. Use suggest_float(..., log=True) instead.
  sps = trial.suggest_loguniform("seasonality_prior_scale", 0.01, 10.0)
  0%|          | 0/2 [00:00<?, ?it/s] 50%|#####     | 1/2 [00:04<00:04,  4.44s/it]100%|##########| 2/2 [00:05<00:00,  2.20s/it]100%|##########| 2/2 [00:05<00:00,  2.53s/it]
[I 2025-05-23 20:34:45,779] Trial 1 finished with value: 301.7569746071827 and parameters: {'changepoint_prior_scale': 0.4009320366877542, 'seasonality_prior_scale': 0.24700648981341583, 'n_changepoints': 45}. Best is trial 1 with value: 301.7569746071827.
C:\LocalHost\OptiBack\modulo_demanda\Algoritmo_Prophet\forecast_model.py:103: FutureWarning: suggest_loguniform has been deprecated in v3.0.0. This feature will be removed in v6.0.0. See https://github.com/optuna/optuna/releases/tag/v3.0.0. Use suggest_float(..., log=True) instead.
  cps = trial.suggest_loguniform("changepoint_prior_scale", 0.001, 0.5)
C:\LocalHost\OptiBack\modulo_demanda\Algoritmo_Prophet\forecast_model.py:104: FutureWarning: suggest_loguniform has been deprecated in v3.0.0. This feature will be removed in v6.0.0. See https://github.com/optuna/optuna/releases/tag/v3.0.0. Use suggest_float(..., log=True) instead.
  sps = trial.suggest_loguniform("seasonality_prior_scale", 0.01, 10.0)
  0%|          | 0/2 [00:00<?, ?it/s] 50%|#####     | 1/2 [00:01<00:01,  1.38s/it]100%|##########| 2/2 [00:01<00:00,  1.08it/s]100%|##########| 2/2 [00:01<00:00,  1.01it/s]
[I 2025-05-23 20:34:48,803] Trial 2 finished with value: 242.87634724956223 and parameters: {'changepoint_prior_scale': 0.01718516530378577, 'seasonality_prior_scale': 1.378066979456046, 'n_changepoints': 11}. Best is trial 2 with value: 242.87634724956223.
C:\LocalHost\OptiBack\modulo_demanda\Algoritmo_Prophet\forecast_model.py:103: FutureWarning: suggest_loguniform has been deprecated in v3.0.0. This feature will be removed in v6.0.0. See https://github.com/optuna/optuna/releases/tag/v3.0.0. Use suggest_float(..., log=True) instead.
  cps = trial.suggest_loguniform("changepoint_prior_scale", 0.001, 0.5)
C:\LocalHost\OptiBack\modulo_demanda\Algoritmo_Prophet\forecast_model.py:104: FutureWarning: suggest_loguniform has been deprecated in v3.0.0. This feature will be removed in v6.0.0. See https://github.com/optuna/optuna/releases/tag/v3.0.0. Use suggest_float(..., log=True) instead.
  sps = trial.suggest_loguniform("seasonality_prior_scale", 0.01, 10.0)
  0%|          | 0/2 [00:00<?, ?it/s] 50%|#####     | 1/2 [00:05<00:05,  5.66s/it]100%|##########| 2/2 [00:06<00:00,  2.78s/it]100%|##########| 2/2 [00:06<00:00,  3.21s/it]
[I 2025-05-23 20:34:56,446] Trial 3 finished with value: 400.88548345487897 and parameters: {'changepoint_prior_scale': 0.38379055312383475, 'seasonality_prior_scale': 7.844272021758033, 'n_changepoints': 47}. Best is trial 2 with value: 242.87634724956223.
C:\LocalHost\OptiBack\modulo_demanda\Algoritmo_Prophet\forecast_model.py:103: FutureWarning: suggest_loguniform has been deprecated in v3.0.0. This feature will be removed in v6.0.0. See https://github.com/optuna/optuna/releases/tag/v3.0.0. Use suggest_float(..., log=True) instead.
  cps = trial.suggest_loguniform("changepoint_prior_scale", 0.001, 0.5)
C:\LocalHost\OptiBack\modulo_demanda\Algoritmo_Prophet\forecast_model.py:104: FutureWarning: suggest_loguniform has been deprecated in v3.0.0. This feature will be removed in v6.0.0. See https://github.com/optuna/optuna/releases/tag/v3.0.0. Use suggest_float(..., log=True) instead.
  sps = trial.suggest_loguniform("seasonality_prior_scale", 0.01, 10.0)
  0%|          | 0/2 [00:00<?, ?it/s] 50%|#####     | 1/2 [00:01<00:01,  1.41s/it]100%|##########| 2/2 [00:02<00:00,  1.25s/it]100%|##########| 2/2 [00:02<00:00,  1.28s/it]
[I 2025-05-23 20:34:59,961] Trial 4 finished with value: 230.35191929417223 and parameters: {'changepoint_prior_scale': 0.004708904084286025, 'seasonality_prior_scale': 0.06535635657467281, 'n_changepoints': 10}. Best is trial 4 with value: 230.35191929417223.
C:\LocalHost\OptiBack\modulo_demanda\Algoritmo_Prophet\forecast_model.py:103: FutureWarning: suggest_loguniform has been deprecated in v3.0.0. This feature will be removed in v6.0.0. See https://github.com/optuna/optuna/releases/tag/v3.0.0. Use suggest_float(..., log=True) instead.
  cps = trial.suggest_loguniform("changepoint_prior_scale", 0.001, 0.5)
C:\LocalHost\OptiBack\modulo_demanda\Algoritmo_Prophet\forecast_model.py:104: FutureWarning: suggest_loguniform has been deprecated in v3.0.0. This feature will be removed in v6.0.0. See https://github.com/optuna/optuna/releases/tag/v3.0.0. Use suggest_float(..., log=True) instead.
  sps = trial.suggest_loguniform("seasonality_prior_scale", 0.01, 10.0)
  0%|          | 0/2 [00:00<?, ?it/s] 50%|#####     | 1/2 [00:01<00:01,  1.39s/it]100%|##########| 2/2 [00:01<00:00,  1.08it/s]100%|##########| 2/2 [00:01<00:00,  1.01it/s]
[I 2025-05-23 20:35:03,059] Trial 5 finished with value: 233.28068473803495 and parameters: {'changepoint_prior_scale': 0.005143103297566876, 'seasonality_prior_scale': 0.10369124093775611, 'n_changepoints': 47}. Best is trial 4 with value: 230.35191929417223.
C:\LocalHost\OptiBack\modulo_demanda\Algoritmo_Prophet\forecast_model.py:103: FutureWarning: suggest_loguniform has been deprecated in v3.0.0. This feature will be removed in v6.0.0. See https://github.com/optuna/optuna/releases/tag/v3.0.0. Use suggest_float(..., log=True) instead.
  cps = trial.suggest_loguniform("changepoint_prior_scale", 0.001, 0.5)
C:\LocalHost\OptiBack\modulo_demanda\Algoritmo_Prophet\forecast_model.py:104: FutureWarning: suggest_loguniform has been deprecated in v3.0.0. This feature will be removed in v6.0.0. See https://github.com/optuna/optuna/releases/tag/v3.0.0. Use suggest_float(..., log=True) instead.
  sps = trial.suggest_loguniform("seasonality_prior_scale", 0.01, 10.0)
  0%|          | 0/2 [00:00<?, ?it/s] 50%|#####     | 1/2 [00:01<00:01,  1.17s/it]100%|##########| 2/2 [00:01<00:00,  1.32it/s]100%|##########| 2/2 [00:01<00:00,  1.22it/s]
[I 2025-05-23 20:35:05,615] Trial 6 finished with value: 255.86776125952994 and parameters: {'changepoint_prior_scale': 0.00160493403198347, 'seasonality_prior_scale': 2.9316836283107075, 'n_changepoints': 6}. Best is trial 4 with value: 230.35191929417223.
C:\LocalHost\OptiBack\modulo_demanda\Algoritmo_Prophet\forecast_model.py:103: FutureWarning: suggest_loguniform has been deprecated in v3.0.0. This feature will be removed in v6.0.0. See https://github.com/optuna/optuna/releases/tag/v3.0.0. Use suggest_float(..., log=True) instead.
  cps = trial.suggest_loguniform("changepoint_prior_scale", 0.001, 0.5)
C:\LocalHost\OptiBack\modulo_demanda\Algoritmo_Prophet\forecast_model.py:104: FutureWarning: suggest_loguniform has been deprecated in v3.0.0. This feature will be removed in v6.0.0. See https://github.com/optuna/optuna/releases/tag/v3.0.0. Use suggest_float(..., log=True) instead.
  sps = trial.suggest_loguniform("seasonality_prior_scale", 0.01, 10.0)
  0%|          | 0/2 [00:00<?, ?it/s] 50%|#####     | 1/2 [00:01<00:01,  1.24s/it]100%|##########| 2/2 [00:01<00:00,  1.15it/s]100%|##########| 2/2 [00:01<00:00,  1.08it/s]
[I 2025-05-23 20:35:08,450] Trial 7 finished with value: 242.48415490872395 and parameters: {'changepoint_prior_scale': 0.0029352514887812505, 'seasonality_prior_scale': 0.2150681786343628, 'n_changepoints': 47}. Best is trial 4 with value: 230.35191929417223.
C:\LocalHost\OptiBack\modulo_demanda\Algoritmo_Prophet\forecast_model.py:103: FutureWarning: suggest_loguniform has been deprecated in v3.0.0. This feature will be removed in v6.0.0. See https://github.com/optuna/optuna/releases/tag/v3.0.0. Use suggest_float(..., log=True) instead.
  cps = trial.suggest_loguniform("changepoint_prior_scale", 0.001, 0.5)
C:\LocalHost\OptiBack\modulo_demanda\Algoritmo_Prophet\forecast_model.py:104: FutureWarning: suggest_loguniform has been deprecated in v3.0.0. This feature will be removed in v6.0.0. See https://github.com/optuna/optuna/releases/tag/v3.0.0. Use suggest_float(..., log=True) instead.
  sps = trial.suggest_loguniform("seasonality_prior_scale", 0.01, 10.0)
  0%|          | 0/2 [00:00<?, ?it/s] 50%|#####     | 1/2 [00:01<00:01,  1.60s/it]100%|##########| 2/2 [00:02<00:00,  1.07s/it]100%|##########| 2/2 [00:02<00:00,  1.15s/it]
[I 2025-05-23 20:35:11,729] Trial 8 finished with value: 263.9839168857902 and parameters: {'changepoint_prior_scale': 0.05504052652119851, 'seasonality_prior_scale': 0.3584122448770236, 'n_changepoints': 18}. Best is trial 4 with value: 230.35191929417223.
C:\LocalHost\OptiBack\modulo_demanda\Algoritmo_Prophet\forecast_model.py:103: FutureWarning: suggest_loguniform has been deprecated in v3.0.0. This feature will be removed in v6.0.0. See https://github.com/optuna/optuna/releases/tag/v3.0.0. Use suggest_float(..., log=True) instead.
  cps = trial.suggest_loguniform("changepoint_prior_scale", 0.001, 0.5)
C:\LocalHost\OptiBack\modulo_demanda\Algoritmo_Prophet\forecast_model.py:104: FutureWarning: suggest_loguniform has been deprecated in v3.0.0. This feature will be removed in v6.0.0. See https://github.com/optuna/optuna/releases/tag/v3.0.0. Use suggest_float(..., log=True) instead.
  sps = trial.suggest_loguniform("seasonality_prior_scale", 0.01, 10.0)
  0%|          | 0/2 [00:00<?, ?it/s] 50%|#####     | 1/2 [00:01<00:01,  1.76s/it]100%|##########| 2/2 [00:02<00:00,  1.06s/it]100%|##########| 2/2 [00:02<00:00,  1.17s/it]
