[I 2025-05-23 20:50:58,302] Trial 4 finished with value: 112.41341905585878 and parameters: {'changepoint_prior_scale': 0.0063393068673250185, 'seasonality_prior_scale': 2.4368529427701096, 'n_changepoints': 20}. Best is trial 0 with value: 111.93760093867411.
C:\LocalHost\OptiBack\modulo_demanda\Algoritmo_Prophet\forecast_model.py:103: FutureWarning: suggest_loguniform has been deprecated in v3.0.0. This feature will be removed in v6.0.0. See https://github.com/optuna/optuna/releases/tag/v3.0.0. Use suggest_float(..., log=True) instead.
  cps = trial.suggest_loguniform("changepoint_prior_scale", 0.001, 0.5)
C:\LocalHost\OptiBack\modulo_demanda\Algoritmo_Prophet\forecast_model.py:104: FutureWarning: suggest_loguniform has been deprecated in v3.0.0. This feature will be removed in v6.0.0. See https://github.com/optuna/optuna/releases/tag/v3.0.0. Use suggest_float(..., log=True) instead.
  sps = trial.suggest_loguniform("seasonality_prior_scale", 0.01, 10.0)
  0%|          | 0/2 [00:00<?, ?it/s] 50%|#####     | 1/2 [00:01<00:01,  1.21s/it]Optimization terminated abnormally. Falling back to Newton.
100%|##########| 2/2 [00:02<00:00,  1.35s/it]100%|##########| 2/2 [00:02<00:00,  1.33s/it]
[I 2025-05-23 20:51:01,747] Trial 5 finished with value: 130.71275676745566 and parameters: {'changepoint_prior_scale': 0.0015203779807432087, 'seasonality_prior_scale': 8.11523283291334, 'n_changepoints': 31}. Best is trial 0 with value: 111.93760093867411.
C:\LocalHost\OptiBack\modulo_demanda\Algoritmo_Prophet\forecast_model.py:103: FutureWarning: suggest_loguniform has been deprecated in v3.0.0. This feature will be removed in v6.0.0. See https://github.com/optuna/optuna/releases/tag/v3.0.0. Use suggest_float(..., log=True) instead.
  cps = trial.suggest_loguniform("changepoint_prior_scale", 0.001, 0.5)
C:\LocalHost\OptiBack\modulo_demanda\Algoritmo_Prophet\forecast_model.py:104: FutureWarning: suggest_loguniform has been deprecated in v3.0.0. This feature will be removed in v6.0.0. See https://github.com/optuna/optuna/releases/tag/v3.0.0. Use suggest_float(..., log=True) instead.
  sps = trial.suggest_loguniform("seasonality_prior_scale", 0.01, 10.0)
  0%|          | 0/2 [00:00<?, ?it/s] 50%|#####     | 1/2 [00:01<00:01,  1.10s/it]Optimization terminated abnormally. Falling back to Newton.
100%|##########| 2/2 [00:02<00:00,  1.12s/it]100%|##########| 2/2 [00:02<00:00,  1.12s/it]
[I 2025-05-23 20:51:04,801] Trial 6 finished with value: 119.06122935214614 and parameters: {'changepoint_prior_scale': 0.001694315970105566, 'seasonality_prior_scale': 0.309013071671514, 'n_changepoints': 36}. Best is trial 0 with value: 111.93760093867411.
C:\LocalHost\OptiBack\modulo_demanda\Algoritmo_Prophet\forecast_model.py:103: FutureWarning: suggest_loguniform has been deprecated in v3.0.0. This feature will be removed in v6.0.0. See https://github.com/optuna/optuna/releases/tag/v3.0.0. Use suggest_float(..., log=True) instead.
  cps = trial.suggest_loguniform("changepoint_prior_scale", 0.001, 0.5)
C:\LocalHost\OptiBack\modulo_demanda\Algoritmo_Prophet\forecast_model.py:104: FutureWarning: suggest_loguniform has been deprecated in v3.0.0. This feature will be removed in v6.0.0. See https://github.com/optuna/optuna/releases/tag/v3.0.0. Use suggest_float(..., log=True) instead.
  sps = trial.suggest_loguniform("seasonality_prior_scale", 0.01, 10.0)
  0%|          | 0/2 [00:00<?, ?it/s] 50%|#####     | 1/2 [00:02<00:02,  2.60s/it]100%|##########| 2/2 [00:03<00:00,  1.49s/it]100%|##########| 2/2 [00:03<00:00,  1.66s/it]
[I 2025-05-23 20:51:09,253] Trial 7 finished with value: 121.81305133657575 and parameters: {'changepoint_prior_scale': 0.29754090216591544, 'seasonality_prior_scale': 2.8618225449011154, 'n_changepoints': 31}. Best is trial 0 with value: 111.93760093867411.
C:\LocalHost\OptiBack\modulo_demanda\Algoritmo_Prophet\forecast_model.py:103: FutureWarning: suggest_loguniform has been deprecated in v3.0.0. This feature will be removed in v6.0.0. See https://github.com/optuna/optuna/releases/tag/v3.0.0. Use suggest_float(..., log=True) instead.
  cps = trial.suggest_loguniform("changepoint_prior_scale", 0.001, 0.5)
C:\LocalHost\OptiBack\modulo_demanda\Algoritmo_Prophet\forecast_model.py:104: FutureWarning: suggest_loguniform has been deprecated in v3.0.0. This feature will be removed in v6.0.0. See https://github.com/optuna/optuna/releases/tag/v3.0.0. Use suggest_float(..., log=True) instead.
  sps = trial.suggest_loguniform("seasonality_prior_scale", 0.01, 10.0)
  0%|          | 0/2 [00:00<?, ?it/s] 50%|#####     | 1/2 [00:01<00:01,  1.76s/it]100%|##########| 2/2 [00:02<00:00,  1.15s/it]100%|##########| 2/2 [00:02<00:00,  1.24s/it]
[I 2025-05-23 20:51:12,859] Trial 8 finished with value: 115.5668625139766 and parameters: {'changepoint_prior_scale': 0.12915629723379096, 'seasonality_prior_scale': 0.5137556765548924, 'n_changepoints': 26}. Best is trial 0 with value: 111.93760093867411.
C:\LocalHost\OptiBack\modulo_demanda\Algoritmo_Prophet\forecast_model.py:103: FutureWarning: suggest_loguniform has been deprecated in v3.0.0. This feature will be removed in v6.0.0. See https://github.com/optuna/optuna/releases/tag/v3.0.0. Use suggest_float(..., log=True) instead.
  cps = trial.suggest_loguniform("changepoint_prior_scale", 0.001, 0.5)
C:\LocalHost\OptiBack\modulo_demanda\Algoritmo_Prophet\forecast_model.py:104: FutureWarning: suggest_loguniform has been deprecated in v3.0.0. This feature will be removed in v6.0.0. See https://github.com/optuna/optuna/releases/tag/v3.0.0. Use suggest_float(..., log=True) instead.
  sps = trial.suggest_loguniform("seasonality_prior_scale", 0.01, 10.0)
  0%|          | 0/2 [00:00<?, ?it/s] 50%|#####     | 1/2 [00:01<00:01,  1.49s/it]100%|##########| 2/2 [00:02<00:00,  1.07it/s]100%|##########| 2/2 [00:02<00:00,  1.01s/it]
[I 2025-05-23 20:51:15,849] Trial 9 finished with value: 116.91486395287392 and parameters: {'changepoint_prior_scale': 0.030106917119465452, 'seasonality_prior_scale': 0.013287301930356151, 'n_changepoints': 17}. Best is trial 0 with value: 111.93760093867411.
  0%|          | 0/2 [00:00<?, ?it/s] 50%|#####     | 1/2 [00:01<00:01,  1.50s/it]100%|##########| 2/2 [00:02<00:00,  1.01s/it]100%|##########| 2/2 [00:02<00:00,  1.08s/it]
Rendimiento para la combinación BMX_6-BMX_TRADICIONAL-BMX_3402:
  horizon           mse        rmse  ...     mdape     smape  coverage
0 21 days   5977.324808   77.313161  ...  0.080665  0.115457  0.833333
1 28 days   8252.424424   90.842856  ...  0.093478  0.128366  0.833333
2 35 days  14500.905330  120.419705  ...  0.198903  0.183266  0.500000
3 42 days  21671.666516  147.212997  ...  0.275525  0.235933  0.333333
4 49 days  19196.702265  138.552164  ...  0.245039  0.227348  0.166667

[5 rows x 8 columns]
          ds        yhat  yhat_lower  yhat_upper        y     cutoff
0 2022-10-24  653.533497  550.203534  746.787449  694.666 2022-10-17
1 2022-10-31  494.402539  405.539775  594.292377  448.833 2022-10-17
2 2022-11-07  609.213272  509.340497  710.289095  533.875 2022-10-17
3 2022-11-14  627.422095  525.421614  727.096165  433.874 2022-10-17
4 2022-11-21  676.046604  575.005861  775.163765  537.958 2022-10-17
Contenido de df_prophet antes de model.fit:
            ds         y  day_of_week  week_of_year  month
0   2021-01-04  1763.958            0             1      1
1   2021-01-11  1828.000            0             2      1
2   2021-01-18  1853.000            0             3      1
3   2021-01-25  2084.000            0             4      1
4   2021-02-01  1774.000            0             5      2
..         ...       ...          ...           ...    ...
151 2023-11-27  2120.457            0            48     11
152 2023-12-04  2256.582            0            49     12
153 2023-12-11  2946.833            0            50     12
154 2023-12-18  2796.041            0            51     12
155 2023-12-25  2301.582            0            52     12

[156 rows x 5 columns]
[I 2025-05-23 20:51:19,191] A new study created in memory with name: no-name-1ae7986e-b732-4a0d-8381-64a386fd94c7
C:\LocalHost\OptiBack\modulo_demanda\Algoritmo_Prophet\forecast_model.py:103: FutureWarning: suggest_loguniform has been deprecated in v3.0.0. This feature will be removed in v6.0.0. See https://github.com/optuna/optuna/releases/tag/v3.0.0. Use suggest_float(..., log=True) instead.
  cps = trial.suggest_loguniform("changepoint_prior_scale", 0.001, 0.5)
C:\LocalHost\OptiBack\modulo_demanda\Algoritmo_Prophet\forecast_model.py:104: FutureWarning: suggest_loguniform has been deprecated in v3.0.0. This feature will be removed in v6.0.0. See https://github.com/optuna/optuna/releases/tag/v3.0.0. Use suggest_float(..., log=True) instead.
  sps = trial.suggest_loguniform("seasonality_prior_scale", 0.01, 10.0)
  0%|          | 0/2 [00:00<?, ?it/s] 50%|#####     | 1/2 [00:01<00:01,  1.07s/it]100%|##########| 2/2 [00:01<00:00,  1.39it/s]100%|##########| 2/2 [00:01<00:00,  1.29it/s]
[I 2025-05-23 20:51:21,861] Trial 0 finished with value: 253.30486274674504 and parameters: {'changepoint_prior_scale': 0.004391110938849191, 'seasonality_prior_scale': 0.013344403781826348, 'n_changepoints': 41}. Best is trial 0 with value: 253.30486274674504.
C:\LocalHost\OptiBack\modulo_demanda\Algoritmo_Prophet\forecast_model.py:103: FutureWarning: suggest_loguniform has been deprecated in v3.0.0. This feature will be removed in v6.0.0. See https://github.com/optuna/optuna/releases/tag/v3.0.0. Use suggest_float(..., log=True) instead.
  cps = trial.suggest_loguniform("changepoint_prior_scale", 0.001, 0.5)
C:\LocalHost\OptiBack\modulo_demanda\Algoritmo_Prophet\forecast_model.py:104: FutureWarning: suggest_loguniform has been deprecated in v3.0.0. This feature will be removed in v6.0.0. See https://github.com/optuna/optuna/releases/tag/v3.0.0. Use suggest_float(..., log=True) instead.
  sps = trial.suggest_loguniform("seasonality_prior_scale", 0.01, 10.0)
  0%|          | 0/2 [00:00<?, ?it/s] 50%|#####     | 1/2 [00:01<00:01,  1.31s/it]100%|##########| 2/2 [00:01<00:00,  1.08it/s]100%|##########| 2/2 [00:01<00:00,  1.02it/s]
[I 2025-05-23 20:51:24,945] Trial 1 finished with value: 274.31905433686086 and parameters: {'changepoint_prior_scale': 0.03114739606830988, 'seasonality_prior_scale': 2.5213929912670605, 'n_changepoints': 10}. Best is trial 0 with value: 253.30486274674504.
C:\LocalHost\OptiBack\modulo_demanda\Algoritmo_Prophet\forecast_model.py:103: FutureWarning: suggest_loguniform has been deprecated in v3.0.0. This feature will be removed in v6.0.0. See https://github.com/optuna/optuna/releases/tag/v3.0.0. Use suggest_float(..., log=True) instead.
  cps = trial.suggest_loguniform("changepoint_prior_scale", 0.001, 0.5)
C:\LocalHost\OptiBack\modulo_demanda\Algoritmo_Prophet\forecast_model.py:104: FutureWarning: suggest_loguniform has been deprecated in v3.0.0. This feature will be removed in v6.0.0. See https://github.com/optuna/optuna/releases/tag/v3.0.0. Use suggest_float(..., log=True) instead.
  sps = trial.suggest_loguniform("seasonality_prior_scale", 0.01, 10.0)
  0%|          | 0/2 [00:00<?, ?it/s] 50%|#####     | 1/2 [00:01<00:01,  1.61s/it]100%|##########| 2/2 [00:02<00:00,  1.03s/it]100%|##########| 2/2 [00:02<00:00,  1.12s/it]
[I 2025-05-23 20:51:28,100] Trial 2 finished with value: 249.51794631264096 and parameters: {'changepoint_prior_scale': 0.4019580978157419, 'seasonality_prior_scale': 0.3634146825136746, 'n_changepoints': 21}. Best is trial 2 with value: 249.51794631264096.
C:\LocalHost\OptiBack\modulo_demanda\Algoritmo_Prophet\forecast_model.py:103: FutureWarning: suggest_loguniform has been deprecated in v3.0.0. This feature will be removed in v6.0.0. See https://github.com/optuna/optuna/releases/tag/v3.0.0. Use suggest_float(..., log=True) instead.
  cps = trial.suggest_loguniform("changepoint_prior_scale", 0.001, 0.5)
C:\LocalHost\OptiBack\modulo_demanda\Algoritmo_Prophet\forecast_model.py:104: FutureWarning: suggest_loguniform has been deprecated in v3.0.0. This feature will be removed in v6.0.0. See https://github.com/optuna/optuna/releases/tag/v3.0.0. Use suggest_float(..., log=True) instead.
  sps = trial.suggest_loguniform("seasonality_prior_scale", 0.01, 10.0)
  0%|          | 0/2 [00:00<?, ?it/s] 50%|#####     | 1/2 [00:01<00:01,  1.11s/it]100%|##########| 2/2 [00:01<00:00,  1.13it/s]100%|##########| 2/2 [00:01<00:00,  1.09it/s]
[I 2025-05-23 20:51:30,978] Trial 3 finished with value: 307.5423485123398 and parameters: {'changepoint_prior_scale': 0.001864118568019092, 'seasonality_prior_scale': 0.04388260113995376, 'n_changepoints': 16}. Best is trial 2 with value: 249.51794631264096.
C:\LocalHost\OptiBack\modulo_demanda\Algoritmo_Prophet\forecast_model.py:103: FutureWarning: suggest_loguniform has been deprecated in v3.0.0. This feature will be removed in v6.0.0. See https://github.com/optuna/optuna/releases/tag/v3.0.0. Use suggest_float(..., log=True) instead.
  cps = trial.suggest_loguniform("changepoint_prior_scale", 0.001, 0.5)
C:\LocalHost\OptiBack\modulo_demanda\Algoritmo_Prophet\forecast_model.py:104: FutureWarning: suggest_loguniform has been deprecated in v3.0.0. This feature will be removed in v6.0.0. See https://github.com/optuna/optuna/releases/tag/v3.0.0. Use suggest_float(..., log=True) instead.
  sps = trial.suggest_loguniform("seasonality_prior_scale", 0.01, 10.0)
  0%|          | 0/2 [00:00<?, ?it/s] 50%|#####     | 1/2 [00:01<00:01,  1.39s/it]100%|##########| 2/2 [00:02<00:00,  1.02it/s]100%|##########| 2/2 [00:02<00:00,  1.04s/it]
[I 2025-05-23 20:51:34,166] Trial 4 finished with value: 254.45439142940748 and parameters: {'changepoint_prior_scale': 0.07075053562212362, 'seasonality_prior_scale': 1.9878806880010436, 'n_changepoints': 19}. Best is trial 2 with value: 249.51794631264096.
C:\LocalHost\OptiBack\modulo_demanda\Algoritmo_Prophet\forecast_model.py:103: FutureWarning: suggest_loguniform has been deprecated in v3.0.0. This feature will be removed in v6.0.0. See https://github.com/optuna/optuna/releases/tag/v3.0.0. Use suggest_float(..., log=True) instead.
  cps = trial.suggest_loguniform("changepoint_prior_scale", 0.001, 0.5)
C:\LocalHost\OptiBack\modulo_demanda\Algoritmo_Prophet\forecast_model.py:104: FutureWarning: suggest_loguniform has been deprecated in v3.0.0. This feature will be removed in v6.0.0. See https://github.com/optuna/optuna/releases/tag/v3.0.0. Use suggest_float(..., log=True) instead.
  sps = trial.suggest_loguniform("seasonality_prior_scale", 0.01, 10.0)
  0%|          | 0/2 [00:00<?, ?it/s] 50%|#####     | 1/2 [00:01<00:01,  1.53s/it]100%|##########| 2/2 [00:02<00:00,  1.00it/s]100%|##########| 2/2 [00:02<00:00,  1.08s/it]
[I 2025-05-23 20:51:37,338] Trial 5 finished with value: 261.4101946895026 and parameters: {'changepoint_prior_scale': 0.004245846287793209, 'seasonality_prior_scale': 0.011957337646368346, 'n_changepoints': 42}. Best is trial 2 with value: 249.51794631264096.
C:\LocalHost\OptiBack\modulo_demanda\Algoritmo_Prophet\forecast_model.py:103: FutureWarning: suggest_loguniform has been deprecated in v3.0.0. This feature will be removed in v6.0.0. See https://github.com/optuna/optuna/releases/tag/v3.0.0. Use suggest_float(..., log=True) instead.
  cps = trial.suggest_loguniform("changepoint_prior_scale", 0.001, 0.5)
C:\LocalHost\OptiBack\modulo_demanda\Algoritmo_Prophet\forecast_model.py:104: FutureWarning: suggest_loguniform has been deprecated in v3.0.0. This feature will be removed in v6.0.0. See https://github.com/optuna/optuna/releases/tag/v3.0.0. Use suggest_float(..., log=True) instead.
  sps = trial.suggest_loguniform("seasonality_prior_scale", 0.01, 10.0)
  0%|          | 0/2 [00:00<?, ?it/s] 50%|#####     | 1/2 [00:02<00:02,  2.31s/it]100%|##########| 2/2 [00:03<00:00,  1.44s/it]100%|##########| 2/2 [00:03<00:00,  1.57s/it]
[I 2025-05-23 20:51:41,595] Trial 6 finished with value: 271.6308468450023 and parameters: {'changepoint_prior_scale': 0.014073701367863496, 'seasonality_prior_scale': 0.3661623594827698, 'n_changepoints': 17}. Best is trial 2 with value: 249.51794631264096.
C:\LocalHost\OptiBack\modulo_demanda\Algoritmo_Prophet\forecast_model.py:103: FutureWarning: suggest_loguniform has been deprecated in v3.0.0. This feature will be removed in v6.0.0. See https://github.com/optuna/optuna/releases/tag/v3.0.0. Use suggest_float(..., log=True) instead.
  cps = trial.suggest_loguniform("changepoint_prior_scale", 0.001, 0.5)
C:\LocalHost\OptiBack\modulo_demanda\Algoritmo_Prophet\forecast_model.py:104: FutureWarning: suggest_loguniform has been deprecated in v3.0.0. This feature will be removed in v6.0.0. See https://github.com/optuna/optuna/releases/tag/v3.0.0. Use suggest_float(..., log=True) instead.
  sps = trial.suggest_loguniform("seasonality_prior_scale", 0.01, 10.0)
  0%|          | 0/2 [00:00<?, ?it/s] 50%|#####     | 1/2 [00:02<00:02,  2.71s/it]100%|##########| 2/2 [00:03<00:00,  1.49s/it]100%|##########| 2/2 [00:03<00:00,  1.67s/it]
[I 2025-05-23 20:51:45,904] Trial 7 finished with value: 236.15691151993997 and parameters: {'changepoint_prior_scale': 0.045717137627689225, 'seasonality_prior_scale': 0.019579279357610377, 'n_changepoints': 38}. Best is trial 7 with value: 236.15691151993997.
C:\LocalHost\OptiBack\modulo_demanda\Algoritmo_Prophet\forecast_model.py:103: FutureWarning: suggest_loguniform has been deprecated in v3.0.0. This feature will be removed in v6.0.0. See https://github.com/optuna/optuna/releases/tag/v3.0.0. Use suggest_float(..., log=True) instead.
  cps = trial.suggest_loguniform("changepoint_prior_scale", 0.001, 0.5)
C:\LocalHost\OptiBack\modulo_demanda\Algoritmo_Prophet\forecast_model.py:104: FutureWarning: suggest_loguniform has been deprecated in v3.0.0. This feature will be removed in v6.0.0. See https://github.com/optuna/optuna/releases/tag/v3.0.0. Use suggest_float(..., log=True) instead.
  sps = trial.suggest_loguniform("seasonality_prior_scale", 0.01, 10.0)
  0%|          | 0/2 [00:00<?, ?it/s] 50%|#####     | 1/2 [00:01<00:01,  1.30s/it]100%|##########| 2/2 [00:01<00:00,  1.07it/s]100%|##########| 2/2 [00:01<00:00,  1.01it/s]
[I 2025-05-23 20:51:49,061] Trial 8 finished with value: 255.10851938075967 and parameters: {'changepoint_prior_scale': 0.003645542858558437, 'seasonality_prior_scale': 0.014015345120610933, 'n_changepoints': 12}. Best is trial 7 with value: 236.15691151993997.
C:\LocalHost\OptiBack\modulo_demanda\Algoritmo_Prophet\forecast_model.py:103: FutureWarning: suggest_loguniform has been deprecated in v3.0.0. This feature will be removed in v6.0.0. See https://github.com/optuna/optuna/releases/tag/v3.0.0. Use suggest_float(..., log=True) instead.
  cps = trial.suggest_loguniform("changepoint_prior_scale", 0.001, 0.5)
C:\LocalHost\OptiBack\modulo_demanda\Algoritmo_Prophet\forecast_model.py:104: FutureWarning: suggest_loguniform has been deprecated in v3.0.0. This feature will be removed in v6.0.0. See https://github.com/optuna/optuna/releases/tag/v3.0.0. Use suggest_float(..., log=True) instead.
  sps = trial.suggest_loguniform("seasonality_prior_scale", 0.01, 10.0)
  0%|          | 0/2 [00:00<?, ?it/s] 50%|#####     | 1/2 [00:05<00:05,  5.24s/it]100%|##########| 2/2 [00:06<00:00,  2.63s/it]100%|##########| 2/2 [00:06<00:00,  3.02s/it]
