[I 2025-05-23 20:39:09,572] Trial 9 finished with value: 125.52344639361714 and parameters: {'changepoint_prior_scale': 0.001409050932089669, 'seasonality_prior_scale': 0.017633340363274744, 'n_changepoints': 15}. Best is trial 1 with value: 104.81776721868795.
  0%|          | 0/2 [00:00<?, ?it/s] 50%|#####     | 1/2 [00:01<00:01,  1.68s/it]100%|##########| 2/2 [00:02<00:00,  1.12s/it]100%|##########| 2/2 [00:02<00:00,  1.20s/it]
Rendimiento para la combinación BMX_310-BMX_HOGAR-BMX_3203:
  horizon           mse        rmse  ...     mdape     smape  coverage
0 21 days  32420.975391  180.058256  ...  0.721522  0.662392  0.666667
1 28 days  17470.197011  132.174873  ...  0.330885  0.472819  0.833333
2 35 days   4199.464599   64.803276  ...  0.269411  0.308300  1.000000
3 42 days   4130.702033   64.270538  ...  0.232061  0.289040  0.833333
4 49 days  17379.645400  131.831883  ...  0.719808  0.493097  0.500000

[5 rows x 8 columns]
          ds        yhat  yhat_lower  yhat_upper       y     cutoff
0 2022-10-24  407.286738  282.802782  527.926647  108.00 2022-10-17
1 2022-10-31  381.891910  258.863442  503.798503   90.75 2022-10-17
2 2022-11-07  236.946709  114.220749  361.872781  114.75 2022-10-17
3 2022-11-14  153.822040   21.558910  268.428932  125.00 2022-10-17
4 2022-11-21  220.591632  101.849476  340.256213  169.00 2022-10-17
Contenido de df_prophet antes de model.fit:
            ds         y  day_of_week  week_of_year  month
0   2021-01-04  1610.000            0             1      1
1   2021-01-11  1422.000            0             2      1
2   2021-01-18  1578.000            0             3      1
3   2021-01-25  2097.000            0             4      1
4   2021-02-01  2297.000            0             5      2
..         ...       ...          ...           ...    ...
151 2023-11-27  2987.625            0            48     11
152 2023-12-04  4058.250            0            49     12
153 2023-12-11  4253.375            0            50     12
154 2023-12-18  5403.750            0            51     12
155 2023-12-25  4671.875            0            52     12

[156 rows x 5 columns]
[I 2025-05-23 20:39:13,245] A new study created in memory with name: no-name-98afd73d-f565-4afa-92d5-dc2a39c4ec27
C:\LocalHost\OptiBack\modulo_demanda\Algoritmo_Prophet\forecast_model.py:103: FutureWarning: suggest_loguniform has been deprecated in v3.0.0. This feature will be removed in v6.0.0. See https://github.com/optuna/optuna/releases/tag/v3.0.0. Use suggest_float(..., log=True) instead.
  cps = trial.suggest_loguniform("changepoint_prior_scale", 0.001, 0.5)
C:\LocalHost\OptiBack\modulo_demanda\Algoritmo_Prophet\forecast_model.py:104: FutureWarning: suggest_loguniform has been deprecated in v3.0.0. This feature will be removed in v6.0.0. See https://github.com/optuna/optuna/releases/tag/v3.0.0. Use suggest_float(..., log=True) instead.
  sps = trial.suggest_loguniform("seasonality_prior_scale", 0.01, 10.0)
  0%|          | 0/2 [00:00<?, ?it/s] 50%|#####     | 1/2 [00:01<00:01,  1.11s/it]100%|##########| 2/2 [00:01<00:00,  1.18it/s]100%|##########| 2/2 [00:01<00:00,  1.12it/s]
[I 2025-05-23 20:39:16,004] Trial 0 finished with value: 1214.2766057574559 and parameters: {'changepoint_prior_scale': 0.01668781364316738, 'seasonality_prior_scale': 0.4792584494190549, 'n_changepoints': 21}. Best is trial 0 with value: 1214.2766057574559.
C:\LocalHost\OptiBack\modulo_demanda\Algoritmo_Prophet\forecast_model.py:103: FutureWarning: suggest_loguniform has been deprecated in v3.0.0. This feature will be removed in v6.0.0. See https://github.com/optuna/optuna/releases/tag/v3.0.0. Use suggest_float(..., log=True) instead.
  cps = trial.suggest_loguniform("changepoint_prior_scale", 0.001, 0.5)
C:\LocalHost\OptiBack\modulo_demanda\Algoritmo_Prophet\forecast_model.py:104: FutureWarning: suggest_loguniform has been deprecated in v3.0.0. This feature will be removed in v6.0.0. See https://github.com/optuna/optuna/releases/tag/v3.0.0. Use suggest_float(..., log=True) instead.
  sps = trial.suggest_loguniform("seasonality_prior_scale", 0.01, 10.0)
  0%|          | 0/2 [00:00<?, ?it/s] 50%|#####     | 1/2 [00:01<00:01,  1.75s/it]100%|##########| 2/2 [00:02<00:00,  1.16s/it]100%|##########| 2/2 [00:02<00:00,  1.25s/it]
[I 2025-05-23 20:39:19,413] Trial 1 finished with value: 1443.0887926415699 and parameters: {'changepoint_prior_scale': 0.04367613336460401, 'seasonality_prior_scale': 0.021797315566778355, 'n_changepoints': 30}. Best is trial 0 with value: 1214.2766057574559.
C:\LocalHost\OptiBack\modulo_demanda\Algoritmo_Prophet\forecast_model.py:103: FutureWarning: suggest_loguniform has been deprecated in v3.0.0. This feature will be removed in v6.0.0. See https://github.com/optuna/optuna/releases/tag/v3.0.0. Use suggest_float(..., log=True) instead.
  cps = trial.suggest_loguniform("changepoint_prior_scale", 0.001, 0.5)
C:\LocalHost\OptiBack\modulo_demanda\Algoritmo_Prophet\forecast_model.py:104: FutureWarning: suggest_loguniform has been deprecated in v3.0.0. This feature will be removed in v6.0.0. See https://github.com/optuna/optuna/releases/tag/v3.0.0. Use suggest_float(..., log=True) instead.
  sps = trial.suggest_loguniform("seasonality_prior_scale", 0.01, 10.0)
  0%|          | 0/2 [00:00<?, ?it/s] 50%|#####     | 1/2 [00:01<00:01,  1.11s/it]100%|##########| 2/2 [00:01<00:00,  1.06it/s]100%|##########| 2/2 [00:01<00:00,  1.04it/s]
[I 2025-05-23 20:39:22,377] Trial 2 finished with value: 1782.637689330862 and parameters: {'changepoint_prior_scale': 0.002329865476958597, 'seasonality_prior_scale': 0.06686146192714969, 'n_changepoints': 15}. Best is trial 0 with value: 1214.2766057574559.
C:\LocalHost\OptiBack\modulo_demanda\Algoritmo_Prophet\forecast_model.py:103: FutureWarning: suggest_loguniform has been deprecated in v3.0.0. This feature will be removed in v6.0.0. See https://github.com/optuna/optuna/releases/tag/v3.0.0. Use suggest_float(..., log=True) instead.
  cps = trial.suggest_loguniform("changepoint_prior_scale", 0.001, 0.5)
C:\LocalHost\OptiBack\modulo_demanda\Algoritmo_Prophet\forecast_model.py:104: FutureWarning: suggest_loguniform has been deprecated in v3.0.0. This feature will be removed in v6.0.0. See https://github.com/optuna/optuna/releases/tag/v3.0.0. Use suggest_float(..., log=True) instead.
  sps = trial.suggest_loguniform("seasonality_prior_scale", 0.01, 10.0)
  0%|          | 0/2 [00:00<?, ?it/s] 50%|#####     | 1/2 [00:01<00:01,  1.33s/it]100%|##########| 2/2 [00:02<00:00,  1.09s/it]100%|##########| 2/2 [00:02<00:00,  1.13s/it]
[I 2025-05-23 20:39:25,758] Trial 3 finished with value: 1544.248849466293 and parameters: {'changepoint_prior_scale': 0.14400081601288117, 'seasonality_prior_scale': 3.902583237639797, 'n_changepoints': 23}. Best is trial 0 with value: 1214.2766057574559.
C:\LocalHost\OptiBack\modulo_demanda\Algoritmo_Prophet\forecast_model.py:103: FutureWarning: suggest_loguniform has been deprecated in v3.0.0. This feature will be removed in v6.0.0. See https://github.com/optuna/optuna/releases/tag/v3.0.0. Use suggest_float(..., log=True) instead.
  cps = trial.suggest_loguniform("changepoint_prior_scale", 0.001, 0.5)
C:\LocalHost\OptiBack\modulo_demanda\Algoritmo_Prophet\forecast_model.py:104: FutureWarning: suggest_loguniform has been deprecated in v3.0.0. This feature will be removed in v6.0.0. See https://github.com/optuna/optuna/releases/tag/v3.0.0. Use suggest_float(..., log=True) instead.
  sps = trial.suggest_loguniform("seasonality_prior_scale", 0.01, 10.0)
  0%|          | 0/2 [00:00<?, ?it/s] 50%|#####     | 1/2 [00:01<00:01,  1.70s/it]100%|##########| 2/2 [00:02<00:00,  1.13s/it]100%|##########| 2/2 [00:02<00:00,  1.22s/it]
[I 2025-05-23 20:39:29,190] Trial 4 finished with value: 1495.7107324726826 and parameters: {'changepoint_prior_scale': 0.12118529610906006, 'seasonality_prior_scale': 0.10389556131941897, 'n_changepoints': 34}. Best is trial 0 with value: 1214.2766057574559.
C:\LocalHost\OptiBack\modulo_demanda\Algoritmo_Prophet\forecast_model.py:103: FutureWarning: suggest_loguniform has been deprecated in v3.0.0. This feature will be removed in v6.0.0. See https://github.com/optuna/optuna/releases/tag/v3.0.0. Use suggest_float(..., log=True) instead.
  cps = trial.suggest_loguniform("changepoint_prior_scale", 0.001, 0.5)
C:\LocalHost\OptiBack\modulo_demanda\Algoritmo_Prophet\forecast_model.py:104: FutureWarning: suggest_loguniform has been deprecated in v3.0.0. This feature will be removed in v6.0.0. See https://github.com/optuna/optuna/releases/tag/v3.0.0. Use suggest_float(..., log=True) instead.
  sps = trial.suggest_loguniform("seasonality_prior_scale", 0.01, 10.0)
  0%|          | 0/2 [00:00<?, ?it/s] 50%|#####     | 1/2 [00:02<00:02,  2.07s/it]100%|##########| 2/2 [00:02<00:00,  1.29s/it]100%|##########| 2/2 [00:02<00:00,  1.41s/it]
[I 2025-05-23 20:39:32,934] Trial 5 finished with value: 1399.1259908921243 and parameters: {'changepoint_prior_scale': 0.2802169591344788, 'seasonality_prior_scale': 9.249502723251581, 'n_changepoints': 34}. Best is trial 0 with value: 1214.2766057574559.
C:\LocalHost\OptiBack\modulo_demanda\Algoritmo_Prophet\forecast_model.py:103: FutureWarning: suggest_loguniform has been deprecated in v3.0.0. This feature will be removed in v6.0.0. See https://github.com/optuna/optuna/releases/tag/v3.0.0. Use suggest_float(..., log=True) instead.
  cps = trial.suggest_loguniform("changepoint_prior_scale", 0.001, 0.5)
C:\LocalHost\OptiBack\modulo_demanda\Algoritmo_Prophet\forecast_model.py:104: FutureWarning: suggest_loguniform has been deprecated in v3.0.0. This feature will be removed in v6.0.0. See https://github.com/optuna/optuna/releases/tag/v3.0.0. Use suggest_float(..., log=True) instead.
  sps = trial.suggest_loguniform("seasonality_prior_scale", 0.01, 10.0)
  0%|          | 0/2 [00:00<?, ?it/s] 50%|#####     | 1/2 [00:01<00:01,  1.71s/it]100%|##########| 2/2 [00:02<00:00,  1.13s/it]100%|##########| 2/2 [00:02<00:00,  1.22s/it]
[I 2025-05-23 20:39:36,491] Trial 6 finished with value: 1541.1978669799742 and parameters: {'changepoint_prior_scale': 0.11084791342776987, 'seasonality_prior_scale': 5.762511189249762, 'n_changepoints': 38}. Best is trial 0 with value: 1214.2766057574559.
C:\LocalHost\OptiBack\modulo_demanda\Algoritmo_Prophet\forecast_model.py:103: FutureWarning: suggest_loguniform has been deprecated in v3.0.0. This feature will be removed in v6.0.0. See https://github.com/optuna/optuna/releases/tag/v3.0.0. Use suggest_float(..., log=True) instead.
  cps = trial.suggest_loguniform("changepoint_prior_scale", 0.001, 0.5)
C:\LocalHost\OptiBack\modulo_demanda\Algoritmo_Prophet\forecast_model.py:104: FutureWarning: suggest_loguniform has been deprecated in v3.0.0. This feature will be removed in v6.0.0. See https://github.com/optuna/optuna/releases/tag/v3.0.0. Use suggest_float(..., log=True) instead.
  sps = trial.suggest_loguniform("seasonality_prior_scale", 0.01, 10.0)
Optimization terminated abnormally. Falling back to Newton.
  0%|          | 0/2 [00:00<?, ?it/s] 50%|#####     | 1/2 [00:13<00:13, 13.34s/it]Optimization terminated abnormally. Falling back to Newton.
100%|##########| 2/2 [00:15<00:00,  6.79s/it]100%|##########| 2/2 [00:15<00:00,  7.77s/it]
[I 2025-05-23 20:39:53,842] Trial 7 finished with value: 1462.1776686295782 and parameters: {'changepoint_prior_scale': 0.0011452449634563628, 'seasonality_prior_scale': 0.01361689574628005, 'n_changepoints': 39}. Best is trial 0 with value: 1214.2766057574559.
C:\LocalHost\OptiBack\modulo_demanda\Algoritmo_Prophet\forecast_model.py:103: FutureWarning: suggest_loguniform has been deprecated in v3.0.0. This feature will be removed in v6.0.0. See https://github.com/optuna/optuna/releases/tag/v3.0.0. Use suggest_float(..., log=True) instead.
  cps = trial.suggest_loguniform("changepoint_prior_scale", 0.001, 0.5)
C:\LocalHost\OptiBack\modulo_demanda\Algoritmo_Prophet\forecast_model.py:104: FutureWarning: suggest_loguniform has been deprecated in v3.0.0. This feature will be removed in v6.0.0. See https://github.com/optuna/optuna/releases/tag/v3.0.0. Use suggest_float(..., log=True) instead.
  sps = trial.suggest_loguniform("seasonality_prior_scale", 0.01, 10.0)
  0%|          | 0/2 [00:00<?, ?it/s] 50%|#####     | 1/2 [00:00<00:00,  1.11it/s]100%|##########| 2/2 [00:01<00:00,  1.27it/s]100%|##########| 2/2 [00:01<00:00,  1.24it/s]
[I 2025-05-23 20:39:56,324] Trial 8 finished with value: 1233.0244751045188 and parameters: {'changepoint_prior_scale': 0.005457464570931488, 'seasonality_prior_scale': 5.2636590201047815, 'n_changepoints': 12}. Best is trial 0 with value: 1214.2766057574559.
C:\LocalHost\OptiBack\modulo_demanda\Algoritmo_Prophet\forecast_model.py:103: FutureWarning: suggest_loguniform has been deprecated in v3.0.0. This feature will be removed in v6.0.0. See https://github.com/optuna/optuna/releases/tag/v3.0.0. Use suggest_float(..., log=True) instead.
  cps = trial.suggest_loguniform("changepoint_prior_scale", 0.001, 0.5)
C:\LocalHost\OptiBack\modulo_demanda\Algoritmo_Prophet\forecast_model.py:104: FutureWarning: suggest_loguniform has been deprecated in v3.0.0. This feature will be removed in v6.0.0. See https://github.com/optuna/optuna/releases/tag/v3.0.0. Use suggest_float(..., log=True) instead.
  sps = trial.suggest_loguniform("seasonality_prior_scale", 0.01, 10.0)
Optimization terminated abnormally. Falling back to Newton.
  0%|          | 0/2 [00:00<?, ?it/s] 50%|#####     | 1/2 [00:02<00:02,  2.17s/it]Optimization terminated abnormally. Falling back to Newton.
100%|##########| 2/2 [00:03<00:00,  1.93s/it]100%|##########| 2/2 [00:03<00:00,  1.97s/it]
[I 2025-05-23 20:40:02,550] Trial 9 finished with value: 1306.4162036374248 and parameters: {'changepoint_prior_scale': 0.0012902041676204185, 'seasonality_prior_scale': 8.267237564673762, 'n_changepoints': 46}. Best is trial 0 with value: 1214.2766057574559.
  0%|          | 0/2 [00:00<?, ?it/s] 50%|#####     | 1/2 [00:00<00:00,  1.04it/s]100%|##########| 2/2 [00:01<00:00,  1.19it/s]100%|##########| 2/2 [00:01<00:00,  1.17it/s]
Rendimiento para la combinación BMX_310-BMX_OXXO-BMX_3001:
  horizon           mse         rmse  ...     mdape     smape  coverage
0 21 days  5.123707e+05   715.800723  ...  0.174171  0.175281  0.500000
1 28 days  4.683415e+05   684.354779  ...  0.186527  0.167520  0.666667
2 35 days  4.557397e+05   675.084929  ...  0.170684  0.168703  0.666667
3 42 days  5.117024e+05   715.333803  ...  0.170684  0.183589  0.666667
4 49 days  1.325600e+06  1151.347154  ...  0.255780  0.255105  0.333333

[5 rows x 8 columns]
          ds         yhat   yhat_lower   yhat_upper         y     cutoff
0 2022-10-24  4469.960058  3750.261317  5214.894499  4013.625 2022-10-17
1 2022-10-31  3700.246034  2978.551532  4433.192144  2567.625 2022-10-17
2 2022-11-07  3884.147455  3151.405250  4634.012951  3117.250 2022-10-17
3 2022-11-14  3742.666087  3024.679841  4512.203714  3025.750 2022-10-17
4 2022-11-21  3469.543790  2800.947884  4181.367095  2321.000 2022-10-17
Contenido de df_prophet antes de model.fit:
            ds         y  day_of_week  week_of_year  month
0   2021-01-04  2099.750            0             1      1
1   2021-01-11  2173.000            0             2      1
2   2021-01-18  2176.625            0             3      1
3   2021-01-25  2655.875            0             4      1
4   2021-02-01  2229.000            0             5      2
..         ...       ...          ...           ...    ...
151 2023-11-27  2015.250            0            48     11
152 2023-12-04  2638.625            0            49     12
153 2023-12-11  3128.000            0            50     12
154 2023-12-18  3463.750            0            51     12
155 2023-12-25  2836.000            0            52     12

[156 rows x 5 columns]
[I 2025-05-23 20:40:06,191] A new study created in memory with name: no-name-e381638a-cb57-47cb-9bdf-21ac932eef59
C:\LocalHost\OptiBack\modulo_demanda\Algoritmo_Prophet\forecast_model.py:103: FutureWarning: suggest_loguniform has been deprecated in v3.0.0. This feature will be removed in v6.0.0. See https://github.com/optuna/optuna/releases/tag/v3.0.0. Use suggest_float(..., log=True) instead.
  cps = trial.suggest_loguniform("changepoint_prior_scale", 0.001, 0.5)
C:\LocalHost\OptiBack\modulo_demanda\Algoritmo_Prophet\forecast_model.py:104: FutureWarning: suggest_loguniform has been deprecated in v3.0.0. This feature will be removed in v6.0.0. See https://github.com/optuna/optuna/releases/tag/v3.0.0. Use suggest_float(..., log=True) instead.
  sps = trial.suggest_loguniform("seasonality_prior_scale", 0.01, 10.0)
Optimization terminated abnormally. Falling back to Newton.
  0%|          | 0/2 [00:00<?, ?it/s] 50%|#####     | 1/2 [00:01<00:01,  1.53s/it]100%|##########| 2/2 [00:02<00:00,  1.03s/it]100%|##########| 2/2 [00:02<00:00,  1.10s/it]
[I 2025-05-23 20:40:11,507] Trial 0 finished with value: 1717.0805872884748 and parameters: {'changepoint_prior_scale': 0.001521242903422615, 'seasonality_prior_scale': 3.5922761804297076, 'n_changepoints': 29}. Best is trial 0 with value: 1717.0805872884748.
C:\LocalHost\OptiBack\modulo_demanda\Algoritmo_Prophet\forecast_model.py:103: FutureWarning: suggest_loguniform has been deprecated in v3.0.0. This feature will be removed in v6.0.0. See https://github.com/optuna/optuna/releases/tag/v3.0.0. Use suggest_float(..., log=True) instead.
  cps = trial.suggest_loguniform("changepoint_prior_scale", 0.001, 0.5)
C:\LocalHost\OptiBack\modulo_demanda\Algoritmo_Prophet\forecast_model.py:104: FutureWarning: suggest_loguniform has been deprecated in v3.0.0. This feature will be removed in v6.0.0. See https://github.com/optuna/optuna/releases/tag/v3.0.0. Use suggest_float(..., log=True) instead.
  sps = trial.suggest_loguniform("seasonality_prior_scale", 0.01, 10.0)
  0%|          | 0/2 [00:00<?, ?it/s] 50%|#####     | 1/2 [00:02<00:02,  2.92s/it]100%|##########| 2/2 [00:03<00:00,  1.59s/it]100%|##########| 2/2 [00:03<00:00,  1.79s/it]
[I 2025-05-23 20:40:16,061] Trial 1 finished with value: 1872.7773761235817 and parameters: {'changepoint_prior_scale': 0.1927612560011404, 'seasonality_prior_scale': 0.01710114225905374, 'n_changepoints': 49}. Best is trial 0 with value: 1717.0805872884748.
C:\LocalHost\OptiBack\modulo_demanda\Algoritmo_Prophet\forecast_model.py:103: FutureWarning: suggest_loguniform has been deprecated in v3.0.0. This feature will be removed in v6.0.0. See https://github.com/optuna/optuna/releases/tag/v3.0.0. Use suggest_float(..., log=True) instead.
  cps = trial.suggest_loguniform("changepoint_prior_scale", 0.001, 0.5)
C:\LocalHost\OptiBack\modulo_demanda\Algoritmo_Prophet\forecast_model.py:104: FutureWarning: suggest_loguniform has been deprecated in v3.0.0. This feature will be removed in v6.0.0. See https://github.com/optuna/optuna/releases/tag/v3.0.0. Use suggest_float(..., log=True) instead.
  sps = trial.suggest_loguniform("seasonality_prior_scale", 0.01, 10.0)
  0%|          | 0/2 [00:00<?, ?it/s] 50%|#####     | 1/2 [00:01<00:01,  1.43s/it]100%|##########| 2/2 [00:02<00:00,  1.02it/s]100%|##########| 2/2 [00:02<00:00,  1.04s/it]
[I 2025-05-23 20:40:19,144] Trial 2 finished with value: 1133.140793722325 and parameters: {'changepoint_prior_scale': 0.019253649367392867, 'seasonality_prior_scale': 4.444855539693884, 'n_changepoints': 28}. Best is trial 2 with value: 1133.140793722325.
C:\LocalHost\OptiBack\modulo_demanda\Algoritmo_Prophet\forecast_model.py:103: FutureWarning: suggest_loguniform has been deprecated in v3.0.0. This feature will be removed in v6.0.0. See https://github.com/optuna/optuna/releases/tag/v3.0.0. Use suggest_float(..., log=True) instead.
  cps = trial.suggest_loguniform("changepoint_prior_scale", 0.001, 0.5)
C:\LocalHost\OptiBack\modulo_demanda\Algoritmo_Prophet\forecast_model.py:104: FutureWarning: suggest_loguniform has been deprecated in v3.0.0. This feature will be removed in v6.0.0. See https://github.com/optuna/optuna/releases/tag/v3.0.0. Use suggest_float(..., log=True) instead.
  sps = trial.suggest_loguniform("seasonality_prior_scale", 0.01, 10.0)
  0%|          | 0/2 [00:00<?, ?it/s] 50%|#####     | 1/2 [00:04<00:04,  4.60s/it]100%|##########| 2/2 [00:05<00:00,  2.34s/it]100%|##########| 2/2 [00:05<00:00,  2.68s/it]
[I 2025-05-23 20:40:25,420] Trial 3 finished with value: 1237.0141202096074 and parameters: {'changepoint_prior_scale': 0.3012211392323424, 'seasonality_prior_scale': 2.905102989745781, 'n_changepoints': 43}. Best is trial 2 with value: 1133.140793722325.
C:\LocalHost\OptiBack\modulo_demanda\Algoritmo_Prophet\forecast_model.py:103: FutureWarning: suggest_loguniform has been deprecated in v3.0.0. This feature will be removed in v6.0.0. See https://github.com/optuna/optuna/releases/tag/v3.0.0. Use suggest_float(..., log=True) instead.
  cps = trial.suggest_loguniform("changepoint_prior_scale", 0.001, 0.5)
C:\LocalHost\OptiBack\modulo_demanda\Algoritmo_Prophet\forecast_model.py:104: FutureWarning: suggest_loguniform has been deprecated in v3.0.0. This feature will be removed in v6.0.0. See https://github.com/optuna/optuna/releases/tag/v3.0.0. Use suggest_float(..., log=True) instead.
  sps = trial.suggest_loguniform("seasonality_prior_scale", 0.01, 10.0)
  0%|          | 0/2 [00:00<?, ?it/s] 50%|#####     | 1/2 [00:01<00:01,  1.70s/it]100%|##########| 2/2 [00:02<00:00,  1.17s/it]100%|##########| 2/2 [00:02<00:00,  1.25s/it]
