[I 2025-05-23 20:23:24,130] Trial 3 finished with value: 51.20875220257103 and parameters: {'changepoint_prior_scale': 0.0026947522711488693, 'seasonality_prior_scale': 4.254561671451779, 'n_changepoints': 36}. Best is trial 1 with value: 44.45289298279484.
C:\LocalHost\OptiBack\modulo_demanda\Algoritmo_Prophet\forecast_model.py:103: FutureWarning: suggest_loguniform has been deprecated in v3.0.0. This feature will be removed in v6.0.0. See https://github.com/optuna/optuna/releases/tag/v3.0.0. Use suggest_float(..., log=True) instead.
  cps = trial.suggest_loguniform("changepoint_prior_scale", 0.001, 0.5)
C:\LocalHost\OptiBack\modulo_demanda\Algoritmo_Prophet\forecast_model.py:104: FutureWarning: suggest_loguniform has been deprecated in v3.0.0. This feature will be removed in v6.0.0. See https://github.com/optuna/optuna/releases/tag/v3.0.0. Use suggest_float(..., log=True) instead.
  sps = trial.suggest_loguniform("seasonality_prior_scale", 0.01, 10.0)
Optimization terminated abnormally. Falling back to Newton.
  0%|          | 0/2 [00:00<?, ?it/s] 50%|#####     | 1/2 [00:01<00:01,  1.18s/it]Optimization terminated abnormally. Falling back to Newton.
100%|##########| 2/2 [00:03<00:00,  1.61s/it]100%|##########| 2/2 [00:03<00:00,  1.55s/it]
[I 2025-05-23 20:23:29,897] Trial 4 finished with value: 50.46677169191142 and parameters: {'changepoint_prior_scale': 0.0016998035811752583, 'seasonality_prior_scale': 0.09311602402951334, 'n_changepoints': 24}. Best is trial 1 with value: 44.45289298279484.
C:\LocalHost\OptiBack\modulo_demanda\Algoritmo_Prophet\forecast_model.py:103: FutureWarning: suggest_loguniform has been deprecated in v3.0.0. This feature will be removed in v6.0.0. See https://github.com/optuna/optuna/releases/tag/v3.0.0. Use suggest_float(..., log=True) instead.
  cps = trial.suggest_loguniform("changepoint_prior_scale", 0.001, 0.5)
C:\LocalHost\OptiBack\modulo_demanda\Algoritmo_Prophet\forecast_model.py:104: FutureWarning: suggest_loguniform has been deprecated in v3.0.0. This feature will be removed in v6.0.0. See https://github.com/optuna/optuna/releases/tag/v3.0.0. Use suggest_float(..., log=True) instead.
  sps = trial.suggest_loguniform("seasonality_prior_scale", 0.01, 10.0)
  0%|          | 0/2 [00:00<?, ?it/s] 50%|#####     | 1/2 [00:01<00:01,  1.24s/it]100%|##########| 2/2 [00:01<00:00,  1.28it/s]100%|##########| 2/2 [00:01<00:00,  1.18it/s]
[I 2025-05-23 20:23:32,462] Trial 5 finished with value: 53.017275479725996 and parameters: {'changepoint_prior_scale': 0.019303152156583007, 'seasonality_prior_scale': 6.571958160407938, 'n_changepoints': 41}. Best is trial 1 with value: 44.45289298279484.
C:\LocalHost\OptiBack\modulo_demanda\Algoritmo_Prophet\forecast_model.py:103: FutureWarning: suggest_loguniform has been deprecated in v3.0.0. This feature will be removed in v6.0.0. See https://github.com/optuna/optuna/releases/tag/v3.0.0. Use suggest_float(..., log=True) instead.
  cps = trial.suggest_loguniform("changepoint_prior_scale", 0.001, 0.5)
C:\LocalHost\OptiBack\modulo_demanda\Algoritmo_Prophet\forecast_model.py:104: FutureWarning: suggest_loguniform has been deprecated in v3.0.0. This feature will be removed in v6.0.0. See https://github.com/optuna/optuna/releases/tag/v3.0.0. Use suggest_float(..., log=True) instead.
  sps = trial.suggest_loguniform("seasonality_prior_scale", 0.01, 10.0)
  0%|          | 0/2 [00:00<?, ?it/s] 50%|#####     | 1/2 [00:01<00:01,  1.02s/it]100%|##########| 2/2 [00:01<00:00,  1.19it/s]100%|##########| 2/2 [00:01<00:00,  1.15it/s]
[I 2025-05-23 20:23:35,122] Trial 6 finished with value: 45.68026369659677 and parameters: {'changepoint_prior_scale': 0.00887466654396923, 'seasonality_prior_scale': 0.013831177303929324, 'n_changepoints': 19}. Best is trial 1 with value: 44.45289298279484.
C:\LocalHost\OptiBack\modulo_demanda\Algoritmo_Prophet\forecast_model.py:103: FutureWarning: suggest_loguniform has been deprecated in v3.0.0. This feature will be removed in v6.0.0. See https://github.com/optuna/optuna/releases/tag/v3.0.0. Use suggest_float(..., log=True) instead.
  cps = trial.suggest_loguniform("changepoint_prior_scale", 0.001, 0.5)
C:\LocalHost\OptiBack\modulo_demanda\Algoritmo_Prophet\forecast_model.py:104: FutureWarning: suggest_loguniform has been deprecated in v3.0.0. This feature will be removed in v6.0.0. See https://github.com/optuna/optuna/releases/tag/v3.0.0. Use suggest_float(..., log=True) instead.
  sps = trial.suggest_loguniform("seasonality_prior_scale", 0.01, 10.0)
  0%|          | 0/2 [00:00<?, ?it/s] 50%|#####     | 1/2 [00:01<00:01,  1.85s/it]100%|##########| 2/2 [00:02<00:00,  1.26s/it]100%|##########| 2/2 [00:02<00:00,  1.35s/it]
[I 2025-05-23 20:23:38,884] Trial 7 finished with value: 57.68698479384077 and parameters: {'changepoint_prior_scale': 0.1754826643650562, 'seasonality_prior_scale': 0.06559954521305039, 'n_changepoints': 16}. Best is trial 1 with value: 44.45289298279484.
C:\LocalHost\OptiBack\modulo_demanda\Algoritmo_Prophet\forecast_model.py:103: FutureWarning: suggest_loguniform has been deprecated in v3.0.0. This feature will be removed in v6.0.0. See https://github.com/optuna/optuna/releases/tag/v3.0.0. Use suggest_float(..., log=True) instead.
  cps = trial.suggest_loguniform("changepoint_prior_scale", 0.001, 0.5)
C:\LocalHost\OptiBack\modulo_demanda\Algoritmo_Prophet\forecast_model.py:104: FutureWarning: suggest_loguniform has been deprecated in v3.0.0. This feature will be removed in v6.0.0. See https://github.com/optuna/optuna/releases/tag/v3.0.0. Use suggest_float(..., log=True) instead.
  sps = trial.suggest_loguniform("seasonality_prior_scale", 0.01, 10.0)
Optimization terminated abnormally. Falling back to Newton.
  0%|          | 0/2 [00:00<?, ?it/s] 50%|#####     | 1/2 [00:01<00:01,  1.10s/it]Optimization terminated abnormally. Falling back to Newton.
100%|##########| 2/2 [00:02<00:00,  1.33s/it]100%|##########| 2/2 [00:02<00:00,  1.30s/it]
[I 2025-05-23 20:23:43,185] Trial 8 finished with value: 53.03048655328078 and parameters: {'changepoint_prior_scale': 0.0016274672696739707, 'seasonality_prior_scale': 0.25919577260743254, 'n_changepoints': 39}. Best is trial 1 with value: 44.45289298279484.
C:\LocalHost\OptiBack\modulo_demanda\Algoritmo_Prophet\forecast_model.py:103: FutureWarning: suggest_loguniform has been deprecated in v3.0.0. This feature will be removed in v6.0.0. See https://github.com/optuna/optuna/releases/tag/v3.0.0. Use suggest_float(..., log=True) instead.
  cps = trial.suggest_loguniform("changepoint_prior_scale", 0.001, 0.5)
C:\LocalHost\OptiBack\modulo_demanda\Algoritmo_Prophet\forecast_model.py:104: FutureWarning: suggest_loguniform has been deprecated in v3.0.0. This feature will be removed in v6.0.0. See https://github.com/optuna/optuna/releases/tag/v3.0.0. Use suggest_float(..., log=True) instead.
  sps = trial.suggest_loguniform("seasonality_prior_scale", 0.01, 10.0)
  0%|          | 0/2 [00:00<?, ?it/s] 50%|#####     | 1/2 [00:00<00:00,  1.01it/s]100%|##########| 2/2 [00:01<00:00,  1.34it/s]100%|##########| 2/2 [00:01<00:00,  1.28it/s]
[I 2025-05-23 20:23:45,704] Trial 9 finished with value: 50.21535365439968 and parameters: {'changepoint_prior_scale': 0.10223981507023884, 'seasonality_prior_scale': 0.022986702875520123, 'n_changepoints': 5}. Best is trial 1 with value: 44.45289298279484.
Optimization terminated abnormally. Falling back to Newton.
  0%|          | 0/2 [00:00<?, ?it/s] 50%|#####     | 1/2 [00:01<00:01,  1.02s/it]Optimization terminated abnormally. Falling back to Newton.
100%|##########| 2/2 [00:02<00:00,  1.28s/it]100%|##########| 2/2 [00:02<00:00,  1.24s/it]
Rendimiento para la combinación BMX_1727-BMX_HOGAR-BMX_3001:
  horizon          mse       rmse  ...     mdape     smape  coverage
0 21 days   411.270860  20.279814  ...  0.323049  0.395775  1.000000
1 28 days   655.681051  25.606270  ...  0.342143  0.408302  1.000000
2 35 days   733.951732  27.091544  ...  0.377189  0.454651  1.000000
3 42 days   403.424459  20.085429  ...  0.303483  0.315552  1.000000
4 49 days  1068.708083  32.691101  ...  0.338529  0.327557  0.833333

[5 rows x 8 columns]
          ds       yhat  yhat_lower  yhat_upper        y     cutoff
0 2022-10-24  93.044630   51.073394  133.173615  103.000 2022-10-17
1 2022-10-31  92.980746   52.448903  132.493186  103.000 2022-10-17
2 2022-11-07  78.031385   36.818511  121.861371  120.000 2022-10-17
3 2022-11-14  75.196152   31.694012  117.371494  113.000 2022-10-17
4 2022-11-21  63.349329   21.751083  105.989365   85.875 2022-10-17
Contenido de df_prophet antes de model.fit:
            ds     y  day_of_week  week_of_year  month
0   2021-01-04   3.0            0             1      1
1   2021-01-11   6.0            0             2      1
2   2021-01-18   6.0            0             3      1
3   2021-01-25   6.0            0             4      1
4   2021-02-01   5.0            0             5      2
..         ...   ...          ...           ...    ...
151 2023-11-27  21.0            0            48     11
152 2023-12-04  12.0            0            49     12
153 2023-12-11   7.0            0            50     12
154 2023-12-18  10.0            0            51     12
155 2023-12-25   4.0            0            52     12

[156 rows x 5 columns]
[I 2025-05-23 20:23:50,351] A new study created in memory with name: no-name-56c2f18c-5a06-45c6-b3e6-ca477e68d7c1
C:\LocalHost\OptiBack\modulo_demanda\Algoritmo_Prophet\forecast_model.py:103: FutureWarning: suggest_loguniform has been deprecated in v3.0.0. This feature will be removed in v6.0.0. See https://github.com/optuna/optuna/releases/tag/v3.0.0. Use suggest_float(..., log=True) instead.
  cps = trial.suggest_loguniform("changepoint_prior_scale", 0.001, 0.5)
C:\LocalHost\OptiBack\modulo_demanda\Algoritmo_Prophet\forecast_model.py:104: FutureWarning: suggest_loguniform has been deprecated in v3.0.0. This feature will be removed in v6.0.0. See https://github.com/optuna/optuna/releases/tag/v3.0.0. Use suggest_float(..., log=True) instead.
  sps = trial.suggest_loguniform("seasonality_prior_scale", 0.01, 10.0)
Optimization terminated abnormally. Falling back to Newton.
  0%|          | 0/2 [00:00<?, ?it/s] 50%|#####     | 1/2 [00:01<00:01,  1.39s/it]100%|##########| 2/2 [00:01<00:00,  1.10it/s]100%|##########| 2/2 [00:01<00:00,  1.02it/s]
[I 2025-05-23 20:23:54,124] Trial 0 finished with value: 9.44370932416844 and parameters: {'changepoint_prior_scale': 0.003524295190903489, 'seasonality_prior_scale': 0.2091147893458185, 'n_changepoints': 21}. Best is trial 0 with value: 9.44370932416844.
C:\LocalHost\OptiBack\modulo_demanda\Algoritmo_Prophet\forecast_model.py:103: FutureWarning: suggest_loguniform has been deprecated in v3.0.0. This feature will be removed in v6.0.0. See https://github.com/optuna/optuna/releases/tag/v3.0.0. Use suggest_float(..., log=True) instead.
  cps = trial.suggest_loguniform("changepoint_prior_scale", 0.001, 0.5)
C:\LocalHost\OptiBack\modulo_demanda\Algoritmo_Prophet\forecast_model.py:104: FutureWarning: suggest_loguniform has been deprecated in v3.0.0. This feature will be removed in v6.0.0. See https://github.com/optuna/optuna/releases/tag/v3.0.0. Use suggest_float(..., log=True) instead.
  sps = trial.suggest_loguniform("seasonality_prior_scale", 0.01, 10.0)
  0%|          | 0/2 [00:00<?, ?it/s] 50%|#####     | 1/2 [00:02<00:02,  2.43s/it]100%|##########| 2/2 [00:03<00:00,  1.37s/it]100%|##########| 2/2 [00:03<00:00,  1.53s/it]
[I 2025-05-23 20:23:58,346] Trial 1 finished with value: 11.129758845027915 and parameters: {'changepoint_prior_scale': 0.04832314402569498, 'seasonality_prior_scale': 1.727083713159019, 'n_changepoints': 39}. Best is trial 0 with value: 9.44370932416844.
C:\LocalHost\OptiBack\modulo_demanda\Algoritmo_Prophet\forecast_model.py:103: FutureWarning: suggest_loguniform has been deprecated in v3.0.0. This feature will be removed in v6.0.0. See https://github.com/optuna/optuna/releases/tag/v3.0.0. Use suggest_float(..., log=True) instead.
  cps = trial.suggest_loguniform("changepoint_prior_scale", 0.001, 0.5)
C:\LocalHost\OptiBack\modulo_demanda\Algoritmo_Prophet\forecast_model.py:104: FutureWarning: suggest_loguniform has been deprecated in v3.0.0. This feature will be removed in v6.0.0. See https://github.com/optuna/optuna/releases/tag/v3.0.0. Use suggest_float(..., log=True) instead.
  sps = trial.suggest_loguniform("seasonality_prior_scale", 0.01, 10.0)
  0%|          | 0/2 [00:00<?, ?it/s] 50%|#####     | 1/2 [00:03<00:03,  3.28s/it]100%|##########| 2/2 [00:04<00:00,  1.78s/it]100%|##########| 2/2 [00:04<00:00,  2.01s/it]
[I 2025-05-23 20:24:03,356] Trial 2 finished with value: 11.185380172142136 and parameters: {'changepoint_prior_scale': 0.3510278091149359, 'seasonality_prior_scale': 0.027215196679050847, 'n_changepoints': 24}. Best is trial 0 with value: 9.44370932416844.
C:\LocalHost\OptiBack\modulo_demanda\Algoritmo_Prophet\forecast_model.py:103: FutureWarning: suggest_loguniform has been deprecated in v3.0.0. This feature will be removed in v6.0.0. See https://github.com/optuna/optuna/releases/tag/v3.0.0. Use suggest_float(..., log=True) instead.
  cps = trial.suggest_loguniform("changepoint_prior_scale", 0.001, 0.5)
C:\LocalHost\OptiBack\modulo_demanda\Algoritmo_Prophet\forecast_model.py:104: FutureWarning: suggest_loguniform has been deprecated in v3.0.0. This feature will be removed in v6.0.0. See https://github.com/optuna/optuna/releases/tag/v3.0.0. Use suggest_float(..., log=True) instead.
  sps = trial.suggest_loguniform("seasonality_prior_scale", 0.01, 10.0)
  0%|          | 0/2 [00:00<?, ?it/s] 50%|#####     | 1/2 [00:01<00:01,  1.32s/it]100%|##########| 2/2 [00:02<00:00,  1.01s/it]100%|##########| 2/2 [00:02<00:00,  1.06s/it]
[I 2025-05-23 20:24:06,493] Trial 3 finished with value: 11.019271454037282 and parameters: {'changepoint_prior_scale': 0.06932789145106566, 'seasonality_prior_scale': 0.08419366477092437, 'n_changepoints': 7}. Best is trial 0 with value: 9.44370932416844.
C:\LocalHost\OptiBack\modulo_demanda\Algoritmo_Prophet\forecast_model.py:103: FutureWarning: suggest_loguniform has been deprecated in v3.0.0. This feature will be removed in v6.0.0. See https://github.com/optuna/optuna/releases/tag/v3.0.0. Use suggest_float(..., log=True) instead.
  cps = trial.suggest_loguniform("changepoint_prior_scale", 0.001, 0.5)
C:\LocalHost\OptiBack\modulo_demanda\Algoritmo_Prophet\forecast_model.py:104: FutureWarning: suggest_loguniform has been deprecated in v3.0.0. This feature will be removed in v6.0.0. See https://github.com/optuna/optuna/releases/tag/v3.0.0. Use suggest_float(..., log=True) instead.
  sps = trial.suggest_loguniform("seasonality_prior_scale", 0.01, 10.0)
  0%|          | 0/2 [00:00<?, ?it/s] 50%|#####     | 1/2 [00:01<00:01,  1.46s/it]100%|##########| 2/2 [00:02<00:00,  1.02it/s]100%|##########| 2/2 [00:02<00:00,  1.05s/it]
[I 2025-05-23 20:24:09,738] Trial 4 finished with value: 13.574573857340852 and parameters: {'changepoint_prior_scale': 0.09812301921373781, 'seasonality_prior_scale': 3.4191199633343055, 'n_changepoints': 16}. Best is trial 0 with value: 9.44370932416844.
C:\LocalHost\OptiBack\modulo_demanda\Algoritmo_Prophet\forecast_model.py:103: FutureWarning: suggest_loguniform has been deprecated in v3.0.0. This feature will be removed in v6.0.0. See https://github.com/optuna/optuna/releases/tag/v3.0.0. Use suggest_float(..., log=True) instead.
  cps = trial.suggest_loguniform("changepoint_prior_scale", 0.001, 0.5)
C:\LocalHost\OptiBack\modulo_demanda\Algoritmo_Prophet\forecast_model.py:104: FutureWarning: suggest_loguniform has been deprecated in v3.0.0. This feature will be removed in v6.0.0. See https://github.com/optuna/optuna/releases/tag/v3.0.0. Use suggest_float(..., log=True) instead.
  sps = trial.suggest_loguniform("seasonality_prior_scale", 0.01, 10.0)
Optimization terminated abnormally. Falling back to Newton.
  0%|          | 0/2 [00:00<?, ?it/s] 50%|#####     | 1/2 [00:01<00:01,  1.21s/it]Optimization terminated abnormally. Falling back to Newton.
100%|##########| 2/2 [00:02<00:00,  1.27s/it]100%|##########| 2/2 [00:02<00:00,  1.26s/it]
[I 2025-05-23 20:24:13,971] Trial 5 finished with value: 10.003523720706998 and parameters: {'changepoint_prior_scale': 0.0022046027498294363, 'seasonality_prior_scale': 2.890820523945213, 'n_changepoints': 38}. Best is trial 0 with value: 9.44370932416844.
C:\LocalHost\OptiBack\modulo_demanda\Algoritmo_Prophet\forecast_model.py:103: FutureWarning: suggest_loguniform has been deprecated in v3.0.0. This feature will be removed in v6.0.0. See https://github.com/optuna/optuna/releases/tag/v3.0.0. Use suggest_float(..., log=True) instead.
  cps = trial.suggest_loguniform("changepoint_prior_scale", 0.001, 0.5)
C:\LocalHost\OptiBack\modulo_demanda\Algoritmo_Prophet\forecast_model.py:104: FutureWarning: suggest_loguniform has been deprecated in v3.0.0. This feature will be removed in v6.0.0. See https://github.com/optuna/optuna/releases/tag/v3.0.0. Use suggest_float(..., log=True) instead.
  sps = trial.suggest_loguniform("seasonality_prior_scale", 0.01, 10.0)
  0%|          | 0/2 [00:00<?, ?it/s] 50%|#####     | 1/2 [00:01<00:01,  1.33s/it]100%|##########| 2/2 [00:01<00:00,  1.08it/s]100%|##########| 2/2 [00:01<00:00,  1.01it/s]
[I 2025-05-23 20:24:16,863] Trial 6 finished with value: 9.65040502586989 and parameters: {'changepoint_prior_scale': 0.008747991725731112, 'seasonality_prior_scale': 2.3900043987869743, 'n_changepoints': 37}. Best is trial 0 with value: 9.44370932416844.
C:\LocalHost\OptiBack\modulo_demanda\Algoritmo_Prophet\forecast_model.py:103: FutureWarning: suggest_loguniform has been deprecated in v3.0.0. This feature will be removed in v6.0.0. See https://github.com/optuna/optuna/releases/tag/v3.0.0. Use suggest_float(..., log=True) instead.
  cps = trial.suggest_loguniform("changepoint_prior_scale", 0.001, 0.5)
C:\LocalHost\OptiBack\modulo_demanda\Algoritmo_Prophet\forecast_model.py:104: FutureWarning: suggest_loguniform has been deprecated in v3.0.0. This feature will be removed in v6.0.0. See https://github.com/optuna/optuna/releases/tag/v3.0.0. Use suggest_float(..., log=True) instead.
  sps = trial.suggest_loguniform("seasonality_prior_scale", 0.01, 10.0)
  0%|          | 0/2 [00:00<?, ?it/s] 50%|#####     | 1/2 [00:02<00:02,  2.01s/it]100%|##########| 2/2 [00:02<00:00,  1.18s/it]100%|##########| 2/2 [00:02<00:00,  1.30s/it]
[I 2025-05-23 20:24:20,419] Trial 7 finished with value: 11.596441361795176 and parameters: {'changepoint_prior_scale': 0.17090131234873576, 'seasonality_prior_scale': 0.07969120297926811, 'n_changepoints': 36}. Best is trial 0 with value: 9.44370932416844.
C:\LocalHost\OptiBack\modulo_demanda\Algoritmo_Prophet\forecast_model.py:103: FutureWarning: suggest_loguniform has been deprecated in v3.0.0. This feature will be removed in v6.0.0. See https://github.com/optuna/optuna/releases/tag/v3.0.0. Use suggest_float(..., log=True) instead.
  cps = trial.suggest_loguniform("changepoint_prior_scale", 0.001, 0.5)
C:\LocalHost\OptiBack\modulo_demanda\Algoritmo_Prophet\forecast_model.py:104: FutureWarning: suggest_loguniform has been deprecated in v3.0.0. This feature will be removed in v6.0.0. See https://github.com/optuna/optuna/releases/tag/v3.0.0. Use suggest_float(..., log=True) instead.
  sps = trial.suggest_loguniform("seasonality_prior_scale", 0.01, 10.0)
  0%|          | 0/2 [00:00<?, ?it/s] 50%|#####     | 1/2 [00:01<00:01,  1.08s/it]100%|##########| 2/2 [00:01<00:00,  1.16it/s]100%|##########| 2/2 [00:01<00:00,  1.12it/s]
[I 2025-05-23 20:24:23,203] Trial 8 finished with value: 10.82535266816394 and parameters: {'changepoint_prior_scale': 0.01112349164536359, 'seasonality_prior_scale': 5.100870790076099, 'n_changepoints': 14}. Best is trial 0 with value: 9.44370932416844.
C:\LocalHost\OptiBack\modulo_demanda\Algoritmo_Prophet\forecast_model.py:103: FutureWarning: suggest_loguniform has been deprecated in v3.0.0. This feature will be removed in v6.0.0. See https://github.com/optuna/optuna/releases/tag/v3.0.0. Use suggest_float(..., log=True) instead.
  cps = trial.suggest_loguniform("changepoint_prior_scale", 0.001, 0.5)
C:\LocalHost\OptiBack\modulo_demanda\Algoritmo_Prophet\forecast_model.py:104: FutureWarning: suggest_loguniform has been deprecated in v3.0.0. This feature will be removed in v6.0.0. See https://github.com/optuna/optuna/releases/tag/v3.0.0. Use suggest_float(..., log=True) instead.
  sps = trial.suggest_loguniform("seasonality_prior_scale", 0.01, 10.0)
  0%|          | 0/2 [00:00<?, ?it/s] 50%|#####     | 1/2 [00:01<00:01,  1.80s/it]100%|##########| 2/2 [00:02<00:00,  1.18s/it]100%|##########| 2/2 [00:02<00:00,  1.28s/it]
