[I 2025-05-23 20:56:02,372] Trial 9 finished with value: 2.3357193252028723 and parameters: {'changepoint_prior_scale': 0.08345825884060622, 'seasonality_prior_scale': 0.030444940011388533, 'n_changepoints': 32}. Best is trial 6 with value: 2.133375182603473.
  0%|          | 0/2 [00:00<?, ?it/s] 50%|#####     | 1/2 [00:00<00:00,  1.06it/s]100%|##########| 2/2 [00:01<00:00,  1.42it/s]100%|##########| 2/2 [00:01<00:00,  1.35it/s]
Rendimiento para la combinación BMX_997-BMX_TRADICIONAL-BMX_3402:
  horizon       mse      rmse       mae     mdape     smape  coverage
0 21 days  1.746139  1.321415  1.042115  0.285462  0.582824  1.000000
1 28 days  1.789062  1.337558  0.927864  0.191493  0.296578  0.833333
2 35 days  2.405495  1.550966  1.204646  0.311411  0.346569  0.833333
3 42 days  5.891966  2.427337  2.185497  0.466701  0.572331  0.500000
4 49 days  6.780994  2.604034  2.365861  0.559098  0.815906  0.500000
          ds      yhat  yhat_lower  yhat_upper      y     cutoff
0 2022-10-24  3.667992    1.025829    6.369157  5.833 2022-10-17
1 2022-10-31  3.324633    0.589033    6.118301  3.000 2022-10-17
2 2022-11-07  4.038481    1.342626    6.760619  4.000 2022-10-17
3 2022-11-14  4.038568    1.312329    6.854321  7.000 2022-10-17
4 2022-11-21  3.011957    0.504954    5.956142  1.833 2022-10-17
Contenido de df_prophet antes de model.fit:
            ds      y  day_of_week  week_of_year  month
0   2021-01-04   49.0            0             1      1
1   2021-01-11   34.0            0             2      1
2   2021-01-18   63.0            0             3      1
3   2021-01-25   41.0            0             4      1
4   2021-02-01   32.0            0             5      2
..         ...    ...          ...           ...    ...
151 2023-11-27  131.0            0            48     11
152 2023-12-04   80.0            0            49     12
153 2023-12-11  100.0            0            50     12
154 2023-12-18  132.0            0            51     12
155 2023-12-25  101.0            0            52     12

[156 rows x 5 columns]
[I 2025-05-23 20:56:04,711] A new study created in memory with name: no-name-238632c5-d510-4874-9d2b-e5d59c527076
C:\LocalHost\OptiBack\modulo_demanda\Algoritmo_Prophet\forecast_model.py:103: FutureWarning: suggest_loguniform has been deprecated in v3.0.0. This feature will be removed in v6.0.0. See https://github.com/optuna/optuna/releases/tag/v3.0.0. Use suggest_float(..., log=True) instead.
  cps = trial.suggest_loguniform("changepoint_prior_scale", 0.001, 0.5)
C:\LocalHost\OptiBack\modulo_demanda\Algoritmo_Prophet\forecast_model.py:104: FutureWarning: suggest_loguniform has been deprecated in v3.0.0. This feature will be removed in v6.0.0. See https://github.com/optuna/optuna/releases/tag/v3.0.0. Use suggest_float(..., log=True) instead.
  sps = trial.suggest_loguniform("seasonality_prior_scale", 0.01, 10.0)
  0%|          | 0/2 [00:00<?, ?it/s] 50%|#####     | 1/2 [00:01<00:01,  1.22s/it]100%|##########| 2/2 [00:01<00:00,  1.13it/s]100%|##########| 2/2 [00:01<00:00,  1.07it/s]
[I 2025-05-23 20:56:07,528] Trial 0 finished with value: 25.843935508577996 and parameters: {'changepoint_prior_scale': 0.06331064422679333, 'seasonality_prior_scale': 0.1829847654299315, 'n_changepoints': 13}. Best is trial 0 with value: 25.843935508577996.
C:\LocalHost\OptiBack\modulo_demanda\Algoritmo_Prophet\forecast_model.py:103: FutureWarning: suggest_loguniform has been deprecated in v3.0.0. This feature will be removed in v6.0.0. See https://github.com/optuna/optuna/releases/tag/v3.0.0. Use suggest_float(..., log=True) instead.
  cps = trial.suggest_loguniform("changepoint_prior_scale", 0.001, 0.5)
C:\LocalHost\OptiBack\modulo_demanda\Algoritmo_Prophet\forecast_model.py:104: FutureWarning: suggest_loguniform has been deprecated in v3.0.0. This feature will be removed in v6.0.0. See https://github.com/optuna/optuna/releases/tag/v3.0.0. Use suggest_float(..., log=True) instead.
  sps = trial.suggest_loguniform("seasonality_prior_scale", 0.01, 10.0)
  0%|          | 0/2 [00:00<?, ?it/s] 50%|#####     | 1/2 [00:01<00:01,  1.08s/it]100%|##########| 2/2 [00:01<00:00,  1.23it/s]100%|##########| 2/2 [00:01<00:00,  1.17it/s]
[I 2025-05-23 20:56:10,062] Trial 1 finished with value: 36.607669125458855 and parameters: {'changepoint_prior_scale': 0.003733157206079662, 'seasonality_prior_scale': 7.614854109126606, 'n_changepoints': 5}. Best is trial 0 with value: 25.843935508577996.
C:\LocalHost\OptiBack\modulo_demanda\Algoritmo_Prophet\forecast_model.py:103: FutureWarning: suggest_loguniform has been deprecated in v3.0.0. This feature will be removed in v6.0.0. See https://github.com/optuna/optuna/releases/tag/v3.0.0. Use suggest_float(..., log=True) instead.
  cps = trial.suggest_loguniform("changepoint_prior_scale", 0.001, 0.5)
C:\LocalHost\OptiBack\modulo_demanda\Algoritmo_Prophet\forecast_model.py:104: FutureWarning: suggest_loguniform has been deprecated in v3.0.0. This feature will be removed in v6.0.0. See https://github.com/optuna/optuna/releases/tag/v3.0.0. Use suggest_float(..., log=True) instead.
  sps = trial.suggest_loguniform("seasonality_prior_scale", 0.01, 10.0)
  0%|          | 0/2 [00:00<?, ?it/s] 50%|#####     | 1/2 [00:02<00:02,  2.42s/it]100%|##########| 2/2 [00:03<00:00,  1.37s/it]100%|##########| 2/2 [00:03<00:00,  1.52s/it]
[I 2025-05-23 20:56:14,265] Trial 2 finished with value: 30.226166505330955 and parameters: {'changepoint_prior_scale': 0.3596802055332909, 'seasonality_prior_scale': 0.5452070192844758, 'n_changepoints': 35}. Best is trial 0 with value: 25.843935508577996.
C:\LocalHost\OptiBack\modulo_demanda\Algoritmo_Prophet\forecast_model.py:103: FutureWarning: suggest_loguniform has been deprecated in v3.0.0. This feature will be removed in v6.0.0. See https://github.com/optuna/optuna/releases/tag/v3.0.0. Use suggest_float(..., log=True) instead.
  cps = trial.suggest_loguniform("changepoint_prior_scale", 0.001, 0.5)
C:\LocalHost\OptiBack\modulo_demanda\Algoritmo_Prophet\forecast_model.py:104: FutureWarning: suggest_loguniform has been deprecated in v3.0.0. This feature will be removed in v6.0.0. See https://github.com/optuna/optuna/releases/tag/v3.0.0. Use suggest_float(..., log=True) instead.
  sps = trial.suggest_loguniform("seasonality_prior_scale", 0.01, 10.0)
Optimization terminated abnormally. Falling back to Newton.
  0%|          | 0/2 [00:00<?, ?it/s] 50%|#####     | 1/2 [00:01<00:01,  1.33s/it]Optimization terminated abnormally. Falling back to Newton.
100%|##########| 2/2 [00:03<00:00,  1.65s/it]100%|##########| 2/2 [00:03<00:00,  1.61s/it]
[I 2025-05-23 20:56:19,492] Trial 3 finished with value: 42.64493919568452 and parameters: {'changepoint_prior_scale': 0.005492423175256367, 'seasonality_prior_scale': 0.1324508959090256, 'n_changepoints': 39}. Best is trial 0 with value: 25.843935508577996.
C:\LocalHost\OptiBack\modulo_demanda\Algoritmo_Prophet\forecast_model.py:103: FutureWarning: suggest_loguniform has been deprecated in v3.0.0. This feature will be removed in v6.0.0. See https://github.com/optuna/optuna/releases/tag/v3.0.0. Use suggest_float(..., log=True) instead.
  cps = trial.suggest_loguniform("changepoint_prior_scale", 0.001, 0.5)
C:\LocalHost\OptiBack\modulo_demanda\Algoritmo_Prophet\forecast_model.py:104: FutureWarning: suggest_loguniform has been deprecated in v3.0.0. This feature will be removed in v6.0.0. See https://github.com/optuna/optuna/releases/tag/v3.0.0. Use suggest_float(..., log=True) instead.
  sps = trial.suggest_loguniform("seasonality_prior_scale", 0.01, 10.0)
  0%|          | 0/2 [00:00<?, ?it/s] 50%|#####     | 1/2 [00:01<00:01,  1.41s/it]100%|##########| 2/2 [00:02<00:00,  1.02it/s]100%|##########| 2/2 [00:02<00:00,  1.05s/it]
[I 2025-05-23 20:56:22,608] Trial 4 finished with value: 37.48370145804911 and parameters: {'changepoint_prior_scale': 0.027556398453222865, 'seasonality_prior_scale': 0.05689673701709869, 'n_changepoints': 15}. Best is trial 0 with value: 25.843935508577996.
C:\LocalHost\OptiBack\modulo_demanda\Algoritmo_Prophet\forecast_model.py:103: FutureWarning: suggest_loguniform has been deprecated in v3.0.0. This feature will be removed in v6.0.0. See https://github.com/optuna/optuna/releases/tag/v3.0.0. Use suggest_float(..., log=True) instead.
  cps = trial.suggest_loguniform("changepoint_prior_scale", 0.001, 0.5)
C:\LocalHost\OptiBack\modulo_demanda\Algoritmo_Prophet\forecast_model.py:104: FutureWarning: suggest_loguniform has been deprecated in v3.0.0. This feature will be removed in v6.0.0. See https://github.com/optuna/optuna/releases/tag/v3.0.0. Use suggest_float(..., log=True) instead.
  sps = trial.suggest_loguniform("seasonality_prior_scale", 0.01, 10.0)
Optimization terminated abnormally. Falling back to Newton.
  0%|          | 0/2 [00:00<?, ?it/s] 50%|#####     | 1/2 [00:01<00:01,  1.23s/it]Optimization terminated abnormally. Falling back to Newton.
100%|##########| 2/2 [00:02<00:00,  1.37s/it]100%|##########| 2/2 [00:02<00:00,  1.35s/it]
[I 2025-05-23 20:56:27,169] Trial 5 finished with value: 40.92537351068854 and parameters: {'changepoint_prior_scale': 0.002578839722179169, 'seasonality_prior_scale': 0.015011083190134741, 'n_changepoints': 47}. Best is trial 0 with value: 25.843935508577996.
C:\LocalHost\OptiBack\modulo_demanda\Algoritmo_Prophet\forecast_model.py:103: FutureWarning: suggest_loguniform has been deprecated in v3.0.0. This feature will be removed in v6.0.0. See https://github.com/optuna/optuna/releases/tag/v3.0.0. Use suggest_float(..., log=True) instead.
  cps = trial.suggest_loguniform("changepoint_prior_scale", 0.001, 0.5)
C:\LocalHost\OptiBack\modulo_demanda\Algoritmo_Prophet\forecast_model.py:104: FutureWarning: suggest_loguniform has been deprecated in v3.0.0. This feature will be removed in v6.0.0. See https://github.com/optuna/optuna/releases/tag/v3.0.0. Use suggest_float(..., log=True) instead.
  sps = trial.suggest_loguniform("seasonality_prior_scale", 0.01, 10.0)
  0%|          | 0/2 [00:00<?, ?it/s] 50%|#####     | 1/2 [00:01<00:01,  1.30s/it]100%|##########| 2/2 [00:02<00:00,  1.04it/s]100%|##########| 2/2 [00:02<00:00,  1.01s/it]
[I 2025-05-23 20:56:30,305] Trial 6 finished with value: 36.54392787632684 and parameters: {'changepoint_prior_scale': 0.03169239273477994, 'seasonality_prior_scale': 1.9867846746578761, 'n_changepoints': 7}. Best is trial 0 with value: 25.843935508577996.
C:\LocalHost\OptiBack\modulo_demanda\Algoritmo_Prophet\forecast_model.py:103: FutureWarning: suggest_loguniform has been deprecated in v3.0.0. This feature will be removed in v6.0.0. See https://github.com/optuna/optuna/releases/tag/v3.0.0. Use suggest_float(..., log=True) instead.
  cps = trial.suggest_loguniform("changepoint_prior_scale", 0.001, 0.5)
C:\LocalHost\OptiBack\modulo_demanda\Algoritmo_Prophet\forecast_model.py:104: FutureWarning: suggest_loguniform has been deprecated in v3.0.0. This feature will be removed in v6.0.0. See https://github.com/optuna/optuna/releases/tag/v3.0.0. Use suggest_float(..., log=True) instead.
  sps = trial.suggest_loguniform("seasonality_prior_scale", 0.01, 10.0)
  0%|          | 0/2 [00:00<?, ?it/s] 50%|#####     | 1/2 [00:02<00:02,  2.10s/it]100%|##########| 2/2 [00:02<00:00,  1.28s/it]100%|##########| 2/2 [00:02<00:00,  1.41s/it]
[I 2025-05-23 20:56:34,309] Trial 7 finished with value: 24.39980683551042 and parameters: {'changepoint_prior_scale': 0.11488195698354182, 'seasonality_prior_scale': 0.14906956131390103, 'n_changepoints': 16}. Best is trial 7 with value: 24.39980683551042.
C:\LocalHost\OptiBack\modulo_demanda\Algoritmo_Prophet\forecast_model.py:103: FutureWarning: suggest_loguniform has been deprecated in v3.0.0. This feature will be removed in v6.0.0. See https://github.com/optuna/optuna/releases/tag/v3.0.0. Use suggest_float(..., log=True) instead.
  cps = trial.suggest_loguniform("changepoint_prior_scale", 0.001, 0.5)
C:\LocalHost\OptiBack\modulo_demanda\Algoritmo_Prophet\forecast_model.py:104: FutureWarning: suggest_loguniform has been deprecated in v3.0.0. This feature will be removed in v6.0.0. See https://github.com/optuna/optuna/releases/tag/v3.0.0. Use suggest_float(..., log=True) instead.
  sps = trial.suggest_loguniform("seasonality_prior_scale", 0.01, 10.0)
  0%|          | 0/2 [00:00<?, ?it/s] 50%|#####     | 1/2 [00:01<00:01,  1.06s/it]100%|##########| 2/2 [00:01<00:00,  1.32it/s]100%|##########| 2/2 [00:01<00:00,  1.25it/s]
[I 2025-05-23 20:56:36,732] Trial 8 finished with value: 37.070099109125266 and parameters: {'changepoint_prior_scale': 0.006085632987777861, 'seasonality_prior_scale': 0.18711992887654433, 'n_changepoints': 8}. Best is trial 7 with value: 24.39980683551042.
C:\LocalHost\OptiBack\modulo_demanda\Algoritmo_Prophet\forecast_model.py:103: FutureWarning: suggest_loguniform has been deprecated in v3.0.0. This feature will be removed in v6.0.0. See https://github.com/optuna/optuna/releases/tag/v3.0.0. Use suggest_float(..., log=True) instead.
  cps = trial.suggest_loguniform("changepoint_prior_scale", 0.001, 0.5)
C:\LocalHost\OptiBack\modulo_demanda\Algoritmo_Prophet\forecast_model.py:104: FutureWarning: suggest_loguniform has been deprecated in v3.0.0. This feature will be removed in v6.0.0. See https://github.com/optuna/optuna/releases/tag/v3.0.0. Use suggest_float(..., log=True) instead.
  sps = trial.suggest_loguniform("seasonality_prior_scale", 0.01, 10.0)
  0%|          | 0/2 [00:00<?, ?it/s] 50%|#####     | 1/2 [00:01<00:01,  1.13s/it]100%|##########| 2/2 [00:01<00:00,  1.23it/s]100%|##########| 2/2 [00:01<00:00,  1.16it/s]
[I 2025-05-23 20:56:39,472] Trial 9 finished with value: 42.315533907315825 and parameters: {'changepoint_prior_scale': 0.008940557389891983, 'seasonality_prior_scale': 0.2800656635329431, 'n_changepoints': 22}. Best is trial 7 with value: 24.39980683551042.
  0%|          | 0/2 [00:00<?, ?it/s] 50%|#####     | 1/2 [00:01<00:01,  1.45s/it]100%|##########| 2/2 [00:02<00:00,  1.06it/s]100%|##########| 2/2 [00:02<00:00,  1.02s/it]
Rendimiento para la combinación BMX_997-BMX_TRADICIONAL-BMX_3931:
  horizon         mse       rmse  ...     mdape     smape  coverage
0 21 days  588.797505  24.265150  ...  0.213539  0.190977  0.333333
1 28 days  583.779536  24.161530  ...  0.225179  0.187151  0.333333
2 35 days  285.230205  16.888760  ...  0.139004  0.141110  0.500000
3 42 days  230.756075  15.190657  ...  0.097234  0.126281  0.666667
4 49 days  235.910693  15.359385  ...  0.121048  0.125364  0.666667

[5 rows x 8 columns]
          ds        yhat  yhat_lower  yhat_upper        y     cutoff
0 2022-10-24  132.695788  114.985452  150.564331  120.000 2022-10-17
1 2022-10-31  108.233294   88.945838  125.708357  128.833 2022-10-17
2 2022-11-07  114.040509   95.218114  131.185992  118.667 2022-10-17
3 2022-11-14  119.383781  101.893204  136.627460  125.500 2022-10-17
4 2022-11-21  142.823643  124.560224  160.113851  138.000 2022-10-17
       Fecha  Demanda Real  ...              Canal  Ubicacion
0 2021-01-04         435.0  ...  BMX_AUTOSERVICIOS   BMX_3001
1 2021-01-11         809.0  ...  BMX_AUTOSERVICIOS   BMX_3001
2 2021-01-18         641.0  ...  BMX_AUTOSERVICIOS   BMX_3001
3 2021-01-25         777.0  ...  BMX_AUTOSERVICIOS   BMX_3001
4 2021-02-01         770.0  ...  BMX_AUTOSERVICIOS   BMX_3001

[5 rows x 7 columns]
      Producto              Canal  ... Demanda Predicha        forecast_date
0     BMX_1727  BMX_AUTOSERVICIOS  ...       650.028305  2025-05-23T20:20:13
1     BMX_1727  BMX_AUTOSERVICIOS  ...       673.457559  2025-05-23T20:20:13
2     BMX_1727  BMX_AUTOSERVICIOS  ...       733.765942  2025-05-23T20:20:13
3     BMX_1727  BMX_AUTOSERVICIOS  ...       704.046845  2025-05-23T20:20:13
4     BMX_1727  BMX_AUTOSERVICIOS  ...       697.143165  2025-05-23T20:20:13
...        ...                ...  ...              ...                  ...
2699   BMX_997    BMX_TRADICIONAL  ...       112.359061  2025-05-23T20:20:13
2700   BMX_997    BMX_TRADICIONAL  ...        91.527830  2025-05-23T20:20:13
2701   BMX_997    BMX_TRADICIONAL  ...        98.566350  2025-05-23T20:20:13
2702   BMX_997    BMX_TRADICIONAL  ...       106.720610  2025-05-23T20:20:13
2703   BMX_997    BMX_TRADICIONAL  ...       124.734810  2025-05-23T20:20:13

[2704 rows x 6 columns]
   Producto              Canal Ubicacion      WMAPE      SMAPE
0  BMX_1727  BMX_AUTOSERVICIOS  BMX_3001  18.760564  19.345196
1  BMX_1727  BMX_AUTOSERVICIOS  BMX_3207  31.346873  36.009545
2  BMX_1727  BMX_AUTOSERVICIOS  BMX_3402  33.268504  38.211385
3  BMX_1727  BMX_AUTOSERVICIOS  BMX_3931  23.418616  23.291593
4  BMX_1727          BMX_HOGAR  BMX_3001  27.675940  45.397911
