[I 2025-05-23 20:36:17,743] Trial 4 finished with value: 71.5910003836342 and parameters: {'changepoint_prior_scale': 0.1025075225311602, 'seasonality_prior_scale': 1.2147910410919305, 'n_changepoints': 46}. Best is trial 2 with value: 67.28834276842386.
C:\LocalHost\OptiBack\modulo_demanda\Algoritmo_Prophet\forecast_model.py:103: FutureWarning: suggest_loguniform has been deprecated in v3.0.0. This feature will be removed in v6.0.0. See https://github.com/optuna/optuna/releases/tag/v3.0.0. Use suggest_float(..., log=True) instead.
  cps = trial.suggest_loguniform("changepoint_prior_scale", 0.001, 0.5)
C:\LocalHost\OptiBack\modulo_demanda\Algoritmo_Prophet\forecast_model.py:104: FutureWarning: suggest_loguniform has been deprecated in v3.0.0. This feature will be removed in v6.0.0. See https://github.com/optuna/optuna/releases/tag/v3.0.0. Use suggest_float(..., log=True) instead.
  sps = trial.suggest_loguniform("seasonality_prior_scale", 0.01, 10.0)
Optimization terminated abnormally. Falling back to Newton.
  0%|          | 0/2 [00:00<?, ?it/s] 50%|#####     | 1/2 [00:00<00:00,  1.01it/s]100%|##########| 2/2 [00:01<00:00,  1.17it/s]100%|##########| 2/2 [00:01<00:00,  1.14it/s]
[I 2025-05-23 20:36:21,318] Trial 5 finished with value: 68.97210851128729 and parameters: {'changepoint_prior_scale': 0.013279826826900645, 'seasonality_prior_scale': 0.2324754687499364, 'n_changepoints': 48}. Best is trial 2 with value: 67.28834276842386.
C:\LocalHost\OptiBack\modulo_demanda\Algoritmo_Prophet\forecast_model.py:103: FutureWarning: suggest_loguniform has been deprecated in v3.0.0. This feature will be removed in v6.0.0. See https://github.com/optuna/optuna/releases/tag/v3.0.0. Use suggest_float(..., log=True) instead.
  cps = trial.suggest_loguniform("changepoint_prior_scale", 0.001, 0.5)
C:\LocalHost\OptiBack\modulo_demanda\Algoritmo_Prophet\forecast_model.py:104: FutureWarning: suggest_loguniform has been deprecated in v3.0.0. This feature will be removed in v6.0.0. See https://github.com/optuna/optuna/releases/tag/v3.0.0. Use suggest_float(..., log=True) instead.
  sps = trial.suggest_loguniform("seasonality_prior_scale", 0.01, 10.0)
  0%|          | 0/2 [00:00<?, ?it/s] 50%|#####     | 1/2 [00:01<00:01,  1.12s/it]100%|##########| 2/2 [00:01<00:00,  1.22it/s]100%|##########| 2/2 [00:01<00:00,  1.15it/s]
[I 2025-05-23 20:36:23,908] Trial 6 finished with value: 66.71703361968764 and parameters: {'changepoint_prior_scale': 0.014614710027408738, 'seasonality_prior_scale': 0.025067772277699837, 'n_changepoints': 30}. Best is trial 6 with value: 66.71703361968764.
C:\LocalHost\OptiBack\modulo_demanda\Algoritmo_Prophet\forecast_model.py:103: FutureWarning: suggest_loguniform has been deprecated in v3.0.0. This feature will be removed in v6.0.0. See https://github.com/optuna/optuna/releases/tag/v3.0.0. Use suggest_float(..., log=True) instead.
  cps = trial.suggest_loguniform("changepoint_prior_scale", 0.001, 0.5)
C:\LocalHost\OptiBack\modulo_demanda\Algoritmo_Prophet\forecast_model.py:104: FutureWarning: suggest_loguniform has been deprecated in v3.0.0. This feature will be removed in v6.0.0. See https://github.com/optuna/optuna/releases/tag/v3.0.0. Use suggest_float(..., log=True) instead.
  sps = trial.suggest_loguniform("seasonality_prior_scale", 0.01, 10.0)
Optimization terminated abnormally. Falling back to Newton.
  0%|          | 0/2 [00:00<?, ?it/s] 50%|#####     | 1/2 [00:01<00:01,  1.56s/it]Optimization terminated abnormally. Falling back to Newton.
100%|##########| 2/2 [00:02<00:00,  1.38s/it]100%|##########| 2/2 [00:02<00:00,  1.40s/it]
[I 2025-05-23 20:36:35,841] Trial 7 finished with value: 70.48316620650533 and parameters: {'changepoint_prior_scale': 0.001506392737032957, 'seasonality_prior_scale': 0.7143251846363681, 'n_changepoints': 30}. Best is trial 6 with value: 66.71703361968764.
C:\LocalHost\OptiBack\modulo_demanda\Algoritmo_Prophet\forecast_model.py:103: FutureWarning: suggest_loguniform has been deprecated in v3.0.0. This feature will be removed in v6.0.0. See https://github.com/optuna/optuna/releases/tag/v3.0.0. Use suggest_float(..., log=True) instead.
  cps = trial.suggest_loguniform("changepoint_prior_scale", 0.001, 0.5)
C:\LocalHost\OptiBack\modulo_demanda\Algoritmo_Prophet\forecast_model.py:104: FutureWarning: suggest_loguniform has been deprecated in v3.0.0. This feature will be removed in v6.0.0. See https://github.com/optuna/optuna/releases/tag/v3.0.0. Use suggest_float(..., log=True) instead.
  sps = trial.suggest_loguniform("seasonality_prior_scale", 0.01, 10.0)
  0%|          | 0/2 [00:00<?, ?it/s] 50%|#####     | 1/2 [00:01<00:01,  1.11s/it]100%|##########| 2/2 [00:01<00:00,  1.21it/s]100%|##########| 2/2 [00:01<00:00,  1.15it/s]
[I 2025-05-23 20:36:38,447] Trial 8 finished with value: 67.11224842747718 and parameters: {'changepoint_prior_scale': 0.09307262065408263, 'seasonality_prior_scale': 0.019396882184755885, 'n_changepoints': 25}. Best is trial 6 with value: 66.71703361968764.
C:\LocalHost\OptiBack\modulo_demanda\Algoritmo_Prophet\forecast_model.py:103: FutureWarning: suggest_loguniform has been deprecated in v3.0.0. This feature will be removed in v6.0.0. See https://github.com/optuna/optuna/releases/tag/v3.0.0. Use suggest_float(..., log=True) instead.
  cps = trial.suggest_loguniform("changepoint_prior_scale", 0.001, 0.5)
C:\LocalHost\OptiBack\modulo_demanda\Algoritmo_Prophet\forecast_model.py:104: FutureWarning: suggest_loguniform has been deprecated in v3.0.0. This feature will be removed in v6.0.0. See https://github.com/optuna/optuna/releases/tag/v3.0.0. Use suggest_float(..., log=True) instead.
  sps = trial.suggest_loguniform("seasonality_prior_scale", 0.01, 10.0)
  0%|          | 0/2 [00:00<?, ?it/s] 50%|#####     | 1/2 [00:00<00:00,  1.00it/s]100%|##########| 2/2 [00:01<00:00,  1.30it/s]100%|##########| 2/2 [00:01<00:00,  1.24it/s]
[I 2025-05-23 20:36:40,853] Trial 9 finished with value: 68.27449456445086 and parameters: {'changepoint_prior_scale': 0.01809136318629288, 'seasonality_prior_scale': 0.06300441326475566, 'n_changepoints': 33}. Best is trial 6 with value: 66.71703361968764.
  0%|          | 0/2 [00:00<?, ?it/s] 50%|#####     | 1/2 [00:01<00:01,  1.23s/it]100%|##########| 2/2 [00:01<00:00,  1.25it/s]100%|##########| 2/2 [00:01<00:00,  1.16it/s]
Rendimiento para la combinación BMX_310-BMX_AUTOSERVICIOS-BMX_3931:
  horizon          mse       rmse  ...     mdape     smape  coverage
0 21 days  6016.754955  77.567744  ...  0.241647  0.230924  0.500000
1 28 days  4479.806670  66.931358  ...  0.189193  0.197429  0.666667
2 35 days  3193.715993  56.512972  ...  0.161693  0.159146  0.833333
3 42 days  1821.959089  42.684413  ...  0.139819  0.122696  1.000000
4 49 days  5798.527645  76.148064  ...  0.139819  0.194267  0.666667

[5 rows x 8 columns]
          ds        yhat  yhat_lower  yhat_upper      y     cutoff
0 2022-10-24  291.085752  206.476227  371.985503  163.0 2022-10-17
1 2022-10-31  352.148729  265.533587  429.620466  259.0 2022-10-17
2 2022-11-07  291.592265  205.810078  373.521432  274.0 2022-10-17
3 2022-11-14  255.235142  167.085352  342.782067  305.0 2022-10-17
4 2022-11-21  225.900075  137.213844  303.230582  269.0 2022-10-17
Contenido de df_prophet antes de model.fit:
            ds        y  day_of_week  week_of_year  month
0   2021-01-04  244.750            0             1      1
1   2021-01-11  235.625            0             2      1
2   2021-01-18  262.000            0             3      1
3   2021-01-25  243.000            0             4      1
4   2021-02-01  230.500            0             5      2
..         ...      ...          ...           ...    ...
151 2023-11-27  309.500            0            48     11
152 2023-12-04  335.750            0            49     12
153 2023-12-11  414.875            0            50     12
154 2023-12-18  359.000            0            51     12
155 2023-12-25  239.750            0            52     12

[156 rows x 5 columns]
[I 2025-05-23 20:36:43,497] A new study created in memory with name: no-name-4ccf4251-0c9f-42e6-aeb6-f848b74a54cb
C:\LocalHost\OptiBack\modulo_demanda\Algoritmo_Prophet\forecast_model.py:103: FutureWarning: suggest_loguniform has been deprecated in v3.0.0. This feature will be removed in v6.0.0. See https://github.com/optuna/optuna/releases/tag/v3.0.0. Use suggest_float(..., log=True) instead.
  cps = trial.suggest_loguniform("changepoint_prior_scale", 0.001, 0.5)
C:\LocalHost\OptiBack\modulo_demanda\Algoritmo_Prophet\forecast_model.py:104: FutureWarning: suggest_loguniform has been deprecated in v3.0.0. This feature will be removed in v6.0.0. See https://github.com/optuna/optuna/releases/tag/v3.0.0. Use suggest_float(..., log=True) instead.
  sps = trial.suggest_loguniform("seasonality_prior_scale", 0.01, 10.0)
  0%|          | 0/2 [00:00<?, ?it/s] 50%|#####     | 1/2 [00:01<00:01,  1.13s/it]Optimization terminated abnormally. Falling back to Newton.
100%|##########| 2/2 [00:02<00:00,  1.12s/it]100%|##########| 2/2 [00:02<00:00,  1.12s/it]
[I 2025-05-23 20:36:46,607] Trial 0 finished with value: 161.73639925593028 and parameters: {'changepoint_prior_scale': 0.3367938210029772, 'seasonality_prior_scale': 0.296630496383863, 'n_changepoints': 6}. Best is trial 0 with value: 161.73639925593028.
C:\LocalHost\OptiBack\modulo_demanda\Algoritmo_Prophet\forecast_model.py:103: FutureWarning: suggest_loguniform has been deprecated in v3.0.0. This feature will be removed in v6.0.0. See https://github.com/optuna/optuna/releases/tag/v3.0.0. Use suggest_float(..., log=True) instead.
  cps = trial.suggest_loguniform("changepoint_prior_scale", 0.001, 0.5)
C:\LocalHost\OptiBack\modulo_demanda\Algoritmo_Prophet\forecast_model.py:104: FutureWarning: suggest_loguniform has been deprecated in v3.0.0. This feature will be removed in v6.0.0. See https://github.com/optuna/optuna/releases/tag/v3.0.0. Use suggest_float(..., log=True) instead.
  sps = trial.suggest_loguniform("seasonality_prior_scale", 0.01, 10.0)
  0%|          | 0/2 [00:00<?, ?it/s] 50%|#####     | 1/2 [00:02<00:02,  2.31s/it]100%|##########| 2/2 [00:03<00:00,  1.42s/it]100%|##########| 2/2 [00:03<00:00,  1.55s/it]
[I 2025-05-23 20:36:50,764] Trial 1 finished with value: 211.45372552746863 and parameters: {'changepoint_prior_scale': 0.37190553682453836, 'seasonality_prior_scale': 3.2426876403213285, 'n_changepoints': 36}. Best is trial 0 with value: 161.73639925593028.
C:\LocalHost\OptiBack\modulo_demanda\Algoritmo_Prophet\forecast_model.py:103: FutureWarning: suggest_loguniform has been deprecated in v3.0.0. This feature will be removed in v6.0.0. See https://github.com/optuna/optuna/releases/tag/v3.0.0. Use suggest_float(..., log=True) instead.
  cps = trial.suggest_loguniform("changepoint_prior_scale", 0.001, 0.5)
C:\LocalHost\OptiBack\modulo_demanda\Algoritmo_Prophet\forecast_model.py:104: FutureWarning: suggest_loguniform has been deprecated in v3.0.0. This feature will be removed in v6.0.0. See https://github.com/optuna/optuna/releases/tag/v3.0.0. Use suggest_float(..., log=True) instead.
  sps = trial.suggest_loguniform("seasonality_prior_scale", 0.01, 10.0)
  0%|          | 0/2 [00:00<?, ?it/s] 50%|#####     | 1/2 [00:01<00:01,  1.31s/it]100%|##########| 2/2 [00:01<00:00,  1.14it/s]100%|##########| 2/2 [00:01<00:00,  1.06it/s]
[I 2025-05-23 20:36:53,508] Trial 2 finished with value: 91.6928319303374 and parameters: {'changepoint_prior_scale': 0.007957911970717933, 'seasonality_prior_scale': 0.038206479333440485, 'n_changepoints': 23}. Best is trial 2 with value: 91.6928319303374.
C:\LocalHost\OptiBack\modulo_demanda\Algoritmo_Prophet\forecast_model.py:103: FutureWarning: suggest_loguniform has been deprecated in v3.0.0. This feature will be removed in v6.0.0. See https://github.com/optuna/optuna/releases/tag/v3.0.0. Use suggest_float(..., log=True) instead.
  cps = trial.suggest_loguniform("changepoint_prior_scale", 0.001, 0.5)
C:\LocalHost\OptiBack\modulo_demanda\Algoritmo_Prophet\forecast_model.py:104: FutureWarning: suggest_loguniform has been deprecated in v3.0.0. This feature will be removed in v6.0.0. See https://github.com/optuna/optuna/releases/tag/v3.0.0. Use suggest_float(..., log=True) instead.
  sps = trial.suggest_loguniform("seasonality_prior_scale", 0.01, 10.0)
  0%|          | 0/2 [00:00<?, ?it/s] 50%|#####     | 1/2 [00:01<00:01,  1.31s/it]100%|##########| 2/2 [00:02<00:00,  1.00s/it]100%|##########| 2/2 [00:02<00:00,  1.05s/it]
[I 2025-05-23 20:36:56,371] Trial 3 finished with value: 169.902669974586 and parameters: {'changepoint_prior_scale': 0.23506077672667958, 'seasonality_prior_scale': 1.0761101880622381, 'n_changepoints': 10}. Best is trial 2 with value: 91.6928319303374.
C:\LocalHost\OptiBack\modulo_demanda\Algoritmo_Prophet\forecast_model.py:103: FutureWarning: suggest_loguniform has been deprecated in v3.0.0. This feature will be removed in v6.0.0. See https://github.com/optuna/optuna/releases/tag/v3.0.0. Use suggest_float(..., log=True) instead.
  cps = trial.suggest_loguniform("changepoint_prior_scale", 0.001, 0.5)
C:\LocalHost\OptiBack\modulo_demanda\Algoritmo_Prophet\forecast_model.py:104: FutureWarning: suggest_loguniform has been deprecated in v3.0.0. This feature will be removed in v6.0.0. See https://github.com/optuna/optuna/releases/tag/v3.0.0. Use suggest_float(..., log=True) instead.
  sps = trial.suggest_loguniform("seasonality_prior_scale", 0.01, 10.0)
  0%|          | 0/2 [00:00<?, ?it/s] 50%|#####     | 1/2 [00:00<00:00,  1.22it/s]100%|##########| 2/2 [00:01<00:00,  1.32it/s]100%|##########| 2/2 [00:01<00:00,  1.30it/s]
[I 2025-05-23 20:36:58,778] Trial 4 finished with value: 153.12636350234388 and parameters: {'changepoint_prior_scale': 0.0012554245495045393, 'seasonality_prior_scale': 1.2739887409947919, 'n_changepoints': 6}. Best is trial 2 with value: 91.6928319303374.
C:\LocalHost\OptiBack\modulo_demanda\Algoritmo_Prophet\forecast_model.py:103: FutureWarning: suggest_loguniform has been deprecated in v3.0.0. This feature will be removed in v6.0.0. See https://github.com/optuna/optuna/releases/tag/v3.0.0. Use suggest_float(..., log=True) instead.
  cps = trial.suggest_loguniform("changepoint_prior_scale", 0.001, 0.5)
C:\LocalHost\OptiBack\modulo_demanda\Algoritmo_Prophet\forecast_model.py:104: FutureWarning: suggest_loguniform has been deprecated in v3.0.0. This feature will be removed in v6.0.0. See https://github.com/optuna/optuna/releases/tag/v3.0.0. Use suggest_float(..., log=True) instead.
  sps = trial.suggest_loguniform("seasonality_prior_scale", 0.01, 10.0)
Optimization terminated abnormally. Falling back to Newton.
  0%|          | 0/2 [00:00<?, ?it/s] 50%|#####     | 1/2 [00:01<00:01,  1.69s/it]Optimization terminated abnormally. Falling back to Newton.
100%|##########| 2/2 [00:03<00:00,  1.61s/it]100%|##########| 2/2 [00:03<00:00,  1.62s/it]
[I 2025-05-23 20:37:04,726] Trial 5 finished with value: 83.0613466293274 and parameters: {'changepoint_prior_scale': 0.001540571765039111, 'seasonality_prior_scale': 0.013152935857476566, 'n_changepoints': 19}. Best is trial 5 with value: 83.0613466293274.
C:\LocalHost\OptiBack\modulo_demanda\Algoritmo_Prophet\forecast_model.py:103: FutureWarning: suggest_loguniform has been deprecated in v3.0.0. This feature will be removed in v6.0.0. See https://github.com/optuna/optuna/releases/tag/v3.0.0. Use suggest_float(..., log=True) instead.
  cps = trial.suggest_loguniform("changepoint_prior_scale", 0.001, 0.5)
C:\LocalHost\OptiBack\modulo_demanda\Algoritmo_Prophet\forecast_model.py:104: FutureWarning: suggest_loguniform has been deprecated in v3.0.0. This feature will be removed in v6.0.0. See https://github.com/optuna/optuna/releases/tag/v3.0.0. Use suggest_float(..., log=True) instead.
  sps = trial.suggest_loguniform("seasonality_prior_scale", 0.01, 10.0)
  0%|          | 0/2 [00:00<?, ?it/s] 50%|#####     | 1/2 [00:02<00:02,  2.83s/it]100%|##########| 2/2 [00:03<00:00,  1.66s/it]100%|##########| 2/2 [00:03<00:00,  1.84s/it]
[I 2025-05-23 20:37:09,419] Trial 6 finished with value: 97.45938950134207 and parameters: {'changepoint_prior_scale': 0.07496170349266705, 'seasonality_prior_scale': 1.31474690447747, 'n_changepoints': 39}. Best is trial 5 with value: 83.0613466293274.
C:\LocalHost\OptiBack\modulo_demanda\Algoritmo_Prophet\forecast_model.py:103: FutureWarning: suggest_loguniform has been deprecated in v3.0.0. This feature will be removed in v6.0.0. See https://github.com/optuna/optuna/releases/tag/v3.0.0. Use suggest_float(..., log=True) instead.
  cps = trial.suggest_loguniform("changepoint_prior_scale", 0.001, 0.5)
C:\LocalHost\OptiBack\modulo_demanda\Algoritmo_Prophet\forecast_model.py:104: FutureWarning: suggest_loguniform has been deprecated in v3.0.0. This feature will be removed in v6.0.0. See https://github.com/optuna/optuna/releases/tag/v3.0.0. Use suggest_float(..., log=True) instead.
  sps = trial.suggest_loguniform("seasonality_prior_scale", 0.01, 10.0)
  0%|          | 0/2 [00:00<?, ?it/s] 50%|#####     | 1/2 [00:01<00:01,  1.55s/it]100%|##########| 2/2 [00:02<00:00,  1.03it/s]100%|##########| 2/2 [00:02<00:00,  1.06s/it]
[I 2025-05-23 20:37:12,392] Trial 7 finished with value: 82.0590284865583 and parameters: {'changepoint_prior_scale': 0.024418437163498948, 'seasonality_prior_scale': 0.013491599718821285, 'n_changepoints': 39}. Best is trial 7 with value: 82.0590284865583.
C:\LocalHost\OptiBack\modulo_demanda\Algoritmo_Prophet\forecast_model.py:103: FutureWarning: suggest_loguniform has been deprecated in v3.0.0. This feature will be removed in v6.0.0. See https://github.com/optuna/optuna/releases/tag/v3.0.0. Use suggest_float(..., log=True) instead.
  cps = trial.suggest_loguniform("changepoint_prior_scale", 0.001, 0.5)
C:\LocalHost\OptiBack\modulo_demanda\Algoritmo_Prophet\forecast_model.py:104: FutureWarning: suggest_loguniform has been deprecated in v3.0.0. This feature will be removed in v6.0.0. See https://github.com/optuna/optuna/releases/tag/v3.0.0. Use suggest_float(..., log=True) instead.
  sps = trial.suggest_loguniform("seasonality_prior_scale", 0.01, 10.0)
Optimization terminated abnormally. Falling back to Newton.
  0%|          | 0/2 [00:00<?, ?it/s] 50%|#####     | 1/2 [00:01<00:01,  1.17s/it]Optimization terminated abnormally. Falling back to Newton.
100%|##########| 2/2 [00:02<00:00,  1.52s/it]100%|##########| 2/2 [00:02<00:00,  1.47s/it]
[I 2025-05-23 20:37:17,178] Trial 8 finished with value: 82.54875307802985 and parameters: {'changepoint_prior_scale': 0.001929005253576592, 'seasonality_prior_scale': 0.012117502414289985, 'n_changepoints': 44}. Best is trial 7 with value: 82.0590284865583.
C:\LocalHost\OptiBack\modulo_demanda\Algoritmo_Prophet\forecast_model.py:103: FutureWarning: suggest_loguniform has been deprecated in v3.0.0. This feature will be removed in v6.0.0. See https://github.com/optuna/optuna/releases/tag/v3.0.0. Use suggest_float(..., log=True) instead.
  cps = trial.suggest_loguniform("changepoint_prior_scale", 0.001, 0.5)
C:\LocalHost\OptiBack\modulo_demanda\Algoritmo_Prophet\forecast_model.py:104: FutureWarning: suggest_loguniform has been deprecated in v3.0.0. This feature will be removed in v6.0.0. See https://github.com/optuna/optuna/releases/tag/v3.0.0. Use suggest_float(..., log=True) instead.
  sps = trial.suggest_loguniform("seasonality_prior_scale", 0.01, 10.0)
  0%|          | 0/2 [00:00<?, ?it/s] 50%|#####     | 1/2 [00:01<00:01,  1.62s/it]100%|##########| 2/2 [00:02<00:00,  1.04s/it]100%|##########| 2/2 [00:02<00:00,  1.13s/it]
