[I 2025-05-23 20:53:15,172] Trial 4 finished with value: 18.337853529910355 and parameters: {'changepoint_prior_scale': 0.23055637672704077, 'seasonality_prior_scale': 0.05616816472090686, 'n_changepoints': 31}. Best is trial 2 with value: 13.198650888294692.
C:\LocalHost\OptiBack\modulo_demanda\Algoritmo_Prophet\forecast_model.py:103: FutureWarning: suggest_loguniform has been deprecated in v3.0.0. This feature will be removed in v6.0.0. See https://github.com/optuna/optuna/releases/tag/v3.0.0. Use suggest_float(..., log=True) instead.
  cps = trial.suggest_loguniform("changepoint_prior_scale", 0.001, 0.5)
C:\LocalHost\OptiBack\modulo_demanda\Algoritmo_Prophet\forecast_model.py:104: FutureWarning: suggest_loguniform has been deprecated in v3.0.0. This feature will be removed in v6.0.0. See https://github.com/optuna/optuna/releases/tag/v3.0.0. Use suggest_float(..., log=True) instead.
  sps = trial.suggest_loguniform("seasonality_prior_scale", 0.01, 10.0)
  0%|          | 0/2 [00:00<?, ?it/s] 50%|#####     | 1/2 [00:01<00:01,  1.21s/it]Optimization terminated abnormally. Falling back to Newton.
100%|##########| 2/2 [00:02<00:00,  1.36s/it]100%|##########| 2/2 [00:02<00:00,  1.34s/it]
[I 2025-05-23 20:53:18,716] Trial 5 finished with value: 20.76006775851274 and parameters: {'changepoint_prior_scale': 0.0017422650687308253, 'seasonality_prior_scale': 0.07570153379229226, 'n_changepoints': 34}. Best is trial 2 with value: 13.198650888294692.
C:\LocalHost\OptiBack\modulo_demanda\Algoritmo_Prophet\forecast_model.py:103: FutureWarning: suggest_loguniform has been deprecated in v3.0.0. This feature will be removed in v6.0.0. See https://github.com/optuna/optuna/releases/tag/v3.0.0. Use suggest_float(..., log=True) instead.
  cps = trial.suggest_loguniform("changepoint_prior_scale", 0.001, 0.5)
C:\LocalHost\OptiBack\modulo_demanda\Algoritmo_Prophet\forecast_model.py:104: FutureWarning: suggest_loguniform has been deprecated in v3.0.0. This feature will be removed in v6.0.0. See https://github.com/optuna/optuna/releases/tag/v3.0.0. Use suggest_float(..., log=True) instead.
  sps = trial.suggest_loguniform("seasonality_prior_scale", 0.01, 10.0)
  0%|          | 0/2 [00:00<?, ?it/s] 50%|#####     | 1/2 [00:01<00:01,  1.60s/it]100%|##########| 2/2 [00:02<00:00,  1.03s/it]100%|##########| 2/2 [00:02<00:00,  1.12s/it]
[I 2025-05-23 20:53:21,919] Trial 6 finished with value: 22.499267913215263 and parameters: {'changepoint_prior_scale': 0.4995009050043191, 'seasonality_prior_scale': 0.10833594169978271, 'n_changepoints': 12}. Best is trial 2 with value: 13.198650888294692.
C:\LocalHost\OptiBack\modulo_demanda\Algoritmo_Prophet\forecast_model.py:103: FutureWarning: suggest_loguniform has been deprecated in v3.0.0. This feature will be removed in v6.0.0. See https://github.com/optuna/optuna/releases/tag/v3.0.0. Use suggest_float(..., log=True) instead.
  cps = trial.suggest_loguniform("changepoint_prior_scale", 0.001, 0.5)
C:\LocalHost\OptiBack\modulo_demanda\Algoritmo_Prophet\forecast_model.py:104: FutureWarning: suggest_loguniform has been deprecated in v3.0.0. This feature will be removed in v6.0.0. See https://github.com/optuna/optuna/releases/tag/v3.0.0. Use suggest_float(..., log=True) instead.
  sps = trial.suggest_loguniform("seasonality_prior_scale", 0.01, 10.0)
  0%|          | 0/2 [00:00<?, ?it/s] 50%|#####     | 1/2 [00:01<00:01,  1.13s/it]Optimization terminated abnormally. Falling back to Newton.
100%|##########| 2/2 [00:02<00:00,  1.51s/it]100%|##########| 2/2 [00:02<00:00,  1.45s/it]
[I 2025-05-23 20:53:25,679] Trial 7 finished with value: 22.784682973042962 and parameters: {'changepoint_prior_scale': 0.004120689878893606, 'seasonality_prior_scale': 5.279477266658018, 'n_changepoints': 45}. Best is trial 2 with value: 13.198650888294692.
C:\LocalHost\OptiBack\modulo_demanda\Algoritmo_Prophet\forecast_model.py:103: FutureWarning: suggest_loguniform has been deprecated in v3.0.0. This feature will be removed in v6.0.0. See https://github.com/optuna/optuna/releases/tag/v3.0.0. Use suggest_float(..., log=True) instead.
  cps = trial.suggest_loguniform("changepoint_prior_scale", 0.001, 0.5)
C:\LocalHost\OptiBack\modulo_demanda\Algoritmo_Prophet\forecast_model.py:104: FutureWarning: suggest_loguniform has been deprecated in v3.0.0. This feature will be removed in v6.0.0. See https://github.com/optuna/optuna/releases/tag/v3.0.0. Use suggest_float(..., log=True) instead.
  sps = trial.suggest_loguniform("seasonality_prior_scale", 0.01, 10.0)
  0%|          | 0/2 [00:00<?, ?it/s] 50%|#####     | 1/2 [00:02<00:02,  2.01s/it]100%|##########| 2/2 [00:02<00:00,  1.15s/it]100%|##########| 2/2 [00:02<00:00,  1.28s/it]
[I 2025-05-23 20:53:29,109] Trial 8 finished with value: 19.494346149797796 and parameters: {'changepoint_prior_scale': 0.10304200850974293, 'seasonality_prior_scale': 0.30981144264887145, 'n_changepoints': 38}. Best is trial 2 with value: 13.198650888294692.
C:\LocalHost\OptiBack\modulo_demanda\Algoritmo_Prophet\forecast_model.py:103: FutureWarning: suggest_loguniform has been deprecated in v3.0.0. This feature will be removed in v6.0.0. See https://github.com/optuna/optuna/releases/tag/v3.0.0. Use suggest_float(..., log=True) instead.
  cps = trial.suggest_loguniform("changepoint_prior_scale", 0.001, 0.5)
C:\LocalHost\OptiBack\modulo_demanda\Algoritmo_Prophet\forecast_model.py:104: FutureWarning: suggest_loguniform has been deprecated in v3.0.0. This feature will be removed in v6.0.0. See https://github.com/optuna/optuna/releases/tag/v3.0.0. Use suggest_float(..., log=True) instead.
  sps = trial.suggest_loguniform("seasonality_prior_scale", 0.01, 10.0)
  0%|          | 0/2 [00:00<?, ?it/s] 50%|#####     | 1/2 [00:00<00:00,  1.13it/s]100%|##########| 2/2 [00:01<00:00,  1.30it/s]100%|##########| 2/2 [00:01<00:00,  1.27it/s]
[I 2025-05-23 20:53:31,507] Trial 9 finished with value: 24.3728901711438 and parameters: {'changepoint_prior_scale': 0.0036064029391240154, 'seasonality_prior_scale': 0.8798733705091655, 'n_changepoints': 10}. Best is trial 2 with value: 13.198650888294692.
  0%|          | 0/2 [00:00<?, ?it/s] 50%|#####     | 1/2 [00:01<00:01,  1.20s/it]Optimization terminated abnormally. Falling back to Newton.
100%|##########| 2/2 [00:02<00:00,  1.43s/it]100%|##########| 2/2 [00:02<00:00,  1.39s/it]
Rendimiento para la combinación BMX_997-BMX_HOGAR-BMX_3931:
  horizon         mse       rmse  ...     mdape     smape  coverage
0 21 days  170.686300  13.064697  ...  0.165424  0.177321  0.666667
1 28 days  145.685044  12.070006  ...  0.169919  0.166083  0.833333
2 35 days  165.887006  12.879713  ...  0.197753  0.179982  0.833333
3 42 days  145.979998  12.082218  ...  0.184871  0.175094  0.833333
4 49 days  291.936124  17.086138  ...  0.184871  0.223210  0.666667

[5 rows x 8 columns]
          ds       yhat  yhat_lower  yhat_upper       y     cutoff
0 2022-10-24  56.568823   43.111966   70.711201  62.007 2022-10-17
1 2022-10-31  60.098294   45.463090   73.304113  65.019 2022-10-17
2 2022-11-07  57.608791   43.321677   70.596378  78.009 2022-10-17
3 2022-11-14  55.311090   40.849040   69.049366  64.001 2022-10-17
4 2022-11-21  54.177932   40.690641   67.813385  67.006 2022-10-17
Contenido de df_prophet antes de model.fit:
            ds       y  day_of_week  week_of_year  month
0   2021-01-04  49.000            0             1      1
1   2021-01-11  60.000            0             2      1
2   2021-01-18  63.999            0             3      1
3   2021-01-25  50.004            0             4      1
4   2021-02-01  52.000            0             5      2
..         ...     ...          ...           ...    ...
151 2023-11-27  36.000            0            48     11
152 2023-12-04  36.000            0            49     12
153 2023-12-11  34.000            0            50     12
154 2023-12-18  38.000            0            51     12
155 2023-12-25  27.000            0            52     12

[156 rows x 5 columns]
[I 2025-05-23 20:53:35,244] A new study created in memory with name: no-name-c34b44df-6efc-4426-8966-45c85016294f
C:\LocalHost\OptiBack\modulo_demanda\Algoritmo_Prophet\forecast_model.py:103: FutureWarning: suggest_loguniform has been deprecated in v3.0.0. This feature will be removed in v6.0.0. See https://github.com/optuna/optuna/releases/tag/v3.0.0. Use suggest_float(..., log=True) instead.
  cps = trial.suggest_loguniform("changepoint_prior_scale", 0.001, 0.5)
C:\LocalHost\OptiBack\modulo_demanda\Algoritmo_Prophet\forecast_model.py:104: FutureWarning: suggest_loguniform has been deprecated in v3.0.0. This feature will be removed in v6.0.0. See https://github.com/optuna/optuna/releases/tag/v3.0.0. Use suggest_float(..., log=True) instead.
  sps = trial.suggest_loguniform("seasonality_prior_scale", 0.01, 10.0)
  0%|          | 0/2 [00:00<?, ?it/s] 50%|#####     | 1/2 [00:01<00:01,  1.75s/it]100%|##########| 2/2 [00:02<00:00,  1.19s/it]100%|##########| 2/2 [00:02<00:00,  1.27s/it]
[I 2025-05-23 20:53:38,793] Trial 0 finished with value: 6.7602046995798935 and parameters: {'changepoint_prior_scale': 0.10224319265504271, 'seasonality_prior_scale': 0.014351384882720598, 'n_changepoints': 17}. Best is trial 0 with value: 6.7602046995798935.
C:\LocalHost\OptiBack\modulo_demanda\Algoritmo_Prophet\forecast_model.py:103: FutureWarning: suggest_loguniform has been deprecated in v3.0.0. This feature will be removed in v6.0.0. See https://github.com/optuna/optuna/releases/tag/v3.0.0. Use suggest_float(..., log=True) instead.
  cps = trial.suggest_loguniform("changepoint_prior_scale", 0.001, 0.5)
C:\LocalHost\OptiBack\modulo_demanda\Algoritmo_Prophet\forecast_model.py:104: FutureWarning: suggest_loguniform has been deprecated in v3.0.0. This feature will be removed in v6.0.0. See https://github.com/optuna/optuna/releases/tag/v3.0.0. Use suggest_float(..., log=True) instead.
  sps = trial.suggest_loguniform("seasonality_prior_scale", 0.01, 10.0)
  0%|          | 0/2 [00:00<?, ?it/s] 50%|#####     | 1/2 [00:00<00:00,  1.20it/s]100%|##########| 2/2 [00:01<00:00,  1.39it/s]100%|##########| 2/2 [00:01<00:00,  1.36it/s]
[I 2025-05-23 20:53:41,004] Trial 1 finished with value: 8.234912322929738 and parameters: {'changepoint_prior_scale': 0.06503090374835525, 'seasonality_prior_scale': 3.462760512210068, 'n_changepoints': 5}. Best is trial 0 with value: 6.7602046995798935.
C:\LocalHost\OptiBack\modulo_demanda\Algoritmo_Prophet\forecast_model.py:103: FutureWarning: suggest_loguniform has been deprecated in v3.0.0. This feature will be removed in v6.0.0. See https://github.com/optuna/optuna/releases/tag/v3.0.0. Use suggest_float(..., log=True) instead.
  cps = trial.suggest_loguniform("changepoint_prior_scale", 0.001, 0.5)
C:\LocalHost\OptiBack\modulo_demanda\Algoritmo_Prophet\forecast_model.py:104: FutureWarning: suggest_loguniform has been deprecated in v3.0.0. This feature will be removed in v6.0.0. See https://github.com/optuna/optuna/releases/tag/v3.0.0. Use suggest_float(..., log=True) instead.
  sps = trial.suggest_loguniform("seasonality_prior_scale", 0.01, 10.0)
  0%|          | 0/2 [00:00<?, ?it/s] 50%|#####     | 1/2 [00:01<00:01,  1.19s/it]100%|##########| 2/2 [00:01<00:00,  1.25it/s]100%|##########| 2/2 [00:01<00:00,  1.16it/s]
[I 2025-05-23 20:53:43,889] Trial 2 finished with value: 7.2141732702338945 and parameters: {'changepoint_prior_scale': 0.08111328247080914, 'seasonality_prior_scale': 0.4850126469284237, 'n_changepoints': 25}. Best is trial 0 with value: 6.7602046995798935.
C:\LocalHost\OptiBack\modulo_demanda\Algoritmo_Prophet\forecast_model.py:103: FutureWarning: suggest_loguniform has been deprecated in v3.0.0. This feature will be removed in v6.0.0. See https://github.com/optuna/optuna/releases/tag/v3.0.0. Use suggest_float(..., log=True) instead.
  cps = trial.suggest_loguniform("changepoint_prior_scale", 0.001, 0.5)
C:\LocalHost\OptiBack\modulo_demanda\Algoritmo_Prophet\forecast_model.py:104: FutureWarning: suggest_loguniform has been deprecated in v3.0.0. This feature will be removed in v6.0.0. See https://github.com/optuna/optuna/releases/tag/v3.0.0. Use suggest_float(..., log=True) instead.
  sps = trial.suggest_loguniform("seasonality_prior_scale", 0.01, 10.0)
  0%|          | 0/2 [00:00<?, ?it/s] 50%|#####     | 1/2 [00:02<00:02,  2.10s/it]100%|##########| 2/2 [00:02<00:00,  1.18s/it]100%|##########| 2/2 [00:02<00:00,  1.31s/it]
[I 2025-05-23 20:53:47,632] Trial 3 finished with value: 8.558992436529948 and parameters: {'changepoint_prior_scale': 0.2632297192177036, 'seasonality_prior_scale': 1.5447407060013505, 'n_changepoints': 19}. Best is trial 0 with value: 6.7602046995798935.
C:\LocalHost\OptiBack\modulo_demanda\Algoritmo_Prophet\forecast_model.py:103: FutureWarning: suggest_loguniform has been deprecated in v3.0.0. This feature will be removed in v6.0.0. See https://github.com/optuna/optuna/releases/tag/v3.0.0. Use suggest_float(..., log=True) instead.
  cps = trial.suggest_loguniform("changepoint_prior_scale", 0.001, 0.5)
C:\LocalHost\OptiBack\modulo_demanda\Algoritmo_Prophet\forecast_model.py:104: FutureWarning: suggest_loguniform has been deprecated in v3.0.0. This feature will be removed in v6.0.0. See https://github.com/optuna/optuna/releases/tag/v3.0.0. Use suggest_float(..., log=True) instead.
  sps = trial.suggest_loguniform("seasonality_prior_scale", 0.01, 10.0)
  0%|          | 0/2 [00:00<?, ?it/s] 50%|#####     | 1/2 [00:01<00:01,  1.25s/it]100%|##########| 2/2 [00:01<00:00,  1.08it/s]100%|##########| 2/2 [00:01<00:00,  1.03it/s]
[I 2025-05-23 20:53:50,759] Trial 4 finished with value: 9.859186093271715 and parameters: {'changepoint_prior_scale': 0.49704880803584917, 'seasonality_prior_scale': 0.07980450271446266, 'n_changepoints': 11}. Best is trial 0 with value: 6.7602046995798935.
C:\LocalHost\OptiBack\modulo_demanda\Algoritmo_Prophet\forecast_model.py:103: FutureWarning: suggest_loguniform has been deprecated in v3.0.0. This feature will be removed in v6.0.0. See https://github.com/optuna/optuna/releases/tag/v3.0.0. Use suggest_float(..., log=True) instead.
  cps = trial.suggest_loguniform("changepoint_prior_scale", 0.001, 0.5)
C:\LocalHost\OptiBack\modulo_demanda\Algoritmo_Prophet\forecast_model.py:104: FutureWarning: suggest_loguniform has been deprecated in v3.0.0. This feature will be removed in v6.0.0. See https://github.com/optuna/optuna/releases/tag/v3.0.0. Use suggest_float(..., log=True) instead.
  sps = trial.suggest_loguniform("seasonality_prior_scale", 0.01, 10.0)
  0%|          | 0/2 [00:00<?, ?it/s] 50%|#####     | 1/2 [00:01<00:01,  1.43s/it]100%|##########| 2/2 [00:01<00:00,  1.09it/s]100%|##########| 2/2 [00:01<00:00,  1.00it/s]
[I 2025-05-23 20:53:53,921] Trial 5 finished with value: 8.070893070099457 and parameters: {'changepoint_prior_scale': 0.030278118818865617, 'seasonality_prior_scale': 3.3217275723394497, 'n_changepoints': 15}. Best is trial 0 with value: 6.7602046995798935.
C:\LocalHost\OptiBack\modulo_demanda\Algoritmo_Prophet\forecast_model.py:103: FutureWarning: suggest_loguniform has been deprecated in v3.0.0. This feature will be removed in v6.0.0. See https://github.com/optuna/optuna/releases/tag/v3.0.0. Use suggest_float(..., log=True) instead.
  cps = trial.suggest_loguniform("changepoint_prior_scale", 0.001, 0.5)
C:\LocalHost\OptiBack\modulo_demanda\Algoritmo_Prophet\forecast_model.py:104: FutureWarning: suggest_loguniform has been deprecated in v3.0.0. This feature will be removed in v6.0.0. See https://github.com/optuna/optuna/releases/tag/v3.0.0. Use suggest_float(..., log=True) instead.
  sps = trial.suggest_loguniform("seasonality_prior_scale", 0.01, 10.0)
Optimization terminated abnormally. Falling back to Newton.
  0%|          | 0/2 [00:00<?, ?it/s] 50%|#####     | 1/2 [00:01<00:01,  1.33s/it]Optimization terminated abnormally. Falling back to Newton.
100%|##########| 2/2 [00:02<00:00,  1.43s/it]100%|##########| 2/2 [00:02<00:00,  1.41s/it]
[I 2025-05-23 20:53:58,787] Trial 6 finished with value: 7.784971023468309 and parameters: {'changepoint_prior_scale': 0.004275640853256126, 'seasonality_prior_scale': 1.6692602641494725, 'n_changepoints': 50}. Best is trial 0 with value: 6.7602046995798935.
C:\LocalHost\OptiBack\modulo_demanda\Algoritmo_Prophet\forecast_model.py:103: FutureWarning: suggest_loguniform has been deprecated in v3.0.0. This feature will be removed in v6.0.0. See https://github.com/optuna/optuna/releases/tag/v3.0.0. Use suggest_float(..., log=True) instead.
  cps = trial.suggest_loguniform("changepoint_prior_scale", 0.001, 0.5)
C:\LocalHost\OptiBack\modulo_demanda\Algoritmo_Prophet\forecast_model.py:104: FutureWarning: suggest_loguniform has been deprecated in v3.0.0. This feature will be removed in v6.0.0. See https://github.com/optuna/optuna/releases/tag/v3.0.0. Use suggest_float(..., log=True) instead.
  sps = trial.suggest_loguniform("seasonality_prior_scale", 0.01, 10.0)
  0%|          | 0/2 [00:00<?, ?it/s] 50%|#####     | 1/2 [00:01<00:01,  1.04s/it]100%|##########| 2/2 [00:01<00:00,  1.26it/s]100%|##########| 2/2 [00:01<00:00,  1.21it/s]
[I 2025-05-23 20:54:01,415] Trial 7 finished with value: 7.174895986987394 and parameters: {'changepoint_prior_scale': 0.007962635400061738, 'seasonality_prior_scale': 0.24825053740856245, 'n_changepoints': 21}. Best is trial 0 with value: 6.7602046995798935.
C:\LocalHost\OptiBack\modulo_demanda\Algoritmo_Prophet\forecast_model.py:103: FutureWarning: suggest_loguniform has been deprecated in v3.0.0. This feature will be removed in v6.0.0. See https://github.com/optuna/optuna/releases/tag/v3.0.0. Use suggest_float(..., log=True) instead.
  cps = trial.suggest_loguniform("changepoint_prior_scale", 0.001, 0.5)
C:\LocalHost\OptiBack\modulo_demanda\Algoritmo_Prophet\forecast_model.py:104: FutureWarning: suggest_loguniform has been deprecated in v3.0.0. This feature will be removed in v6.0.0. See https://github.com/optuna/optuna/releases/tag/v3.0.0. Use suggest_float(..., log=True) instead.
  sps = trial.suggest_loguniform("seasonality_prior_scale", 0.01, 10.0)
  0%|          | 0/2 [00:00<?, ?it/s] 50%|#####     | 1/2 [00:01<00:01,  1.30s/it]100%|##########| 2/2 [00:01<00:00,  1.09it/s]100%|##########| 2/2 [00:01<00:00,  1.03it/s]
[I 2025-05-23 20:54:04,430] Trial 8 finished with value: 6.907052635420223 and parameters: {'changepoint_prior_scale': 0.1970579538343975, 'seasonality_prior_scale': 0.062356642982187266, 'n_changepoints': 44}. Best is trial 0 with value: 6.7602046995798935.
C:\LocalHost\OptiBack\modulo_demanda\Algoritmo_Prophet\forecast_model.py:103: FutureWarning: suggest_loguniform has been deprecated in v3.0.0. This feature will be removed in v6.0.0. See https://github.com/optuna/optuna/releases/tag/v3.0.0. Use suggest_float(..., log=True) instead.
  cps = trial.suggest_loguniform("changepoint_prior_scale", 0.001, 0.5)
C:\LocalHost\OptiBack\modulo_demanda\Algoritmo_Prophet\forecast_model.py:104: FutureWarning: suggest_loguniform has been deprecated in v3.0.0. This feature will be removed in v6.0.0. See https://github.com/optuna/optuna/releases/tag/v3.0.0. Use suggest_float(..., log=True) instead.
  sps = trial.suggest_loguniform("seasonality_prior_scale", 0.01, 10.0)
  0%|          | 0/2 [00:00<?, ?it/s] 50%|#####     | 1/2 [00:01<00:01,  1.24s/it]100%|##########| 2/2 [00:01<00:00,  1.20it/s]100%|##########| 2/2 [00:01<00:00,  1.12it/s]
