[I 2025-05-23 20:26:39,603] Trial 9 finished with value: 60.12590179459896 and parameters: {'changepoint_prior_scale': 0.011311938464346184, 'seasonality_prior_scale': 1.1183349251607593, 'n_changepoints': 12}. Best is trial 2 with value: 56.489297364531964.
  0%|          | 0/2 [00:00<?, ?it/s] 50%|#####     | 1/2 [00:01<00:01,  1.05s/it]100%|##########| 2/2 [00:01<00:00,  1.33it/s]100%|##########| 2/2 [00:01<00:00,  1.26it/s]
Rendimiento para la combinación BMX_2-BMX_HOGAR-BMX_3001:
  horizon          mse       rmse  ...     mdape     smape  coverage
0 21 days  2782.088644  52.745508  ...  0.457241  0.501557  0.166667
1 28 days  2479.509757  49.794676  ...  0.804080  0.585272  0.000000
2 35 days  4017.674647  63.385130  ...  1.163939  0.769400  0.000000
3 42 days  3866.340288  62.179903  ...  1.364231  0.800872  0.000000
4 49 days  2844.220872  53.331237  ...  0.795869  0.583557  0.333333

[5 rows x 8 columns]
          ds        yhat  yhat_lower  yhat_upper        y     cutoff
0 2022-10-24   76.312386   58.459787   92.854551  163.750 2022-10-17
1 2022-10-31   80.992536   64.685901   99.596876  117.125 2022-10-17
2 2022-11-07  102.104562   84.144767  119.488624  161.375 2022-10-17
3 2022-11-14  105.616633   87.074368  122.334178   41.750 2022-10-17
4 2022-11-21   86.415224   67.830589  104.623398   37.750 2022-10-17
Contenido de df_prophet antes de model.fit:
            ds        y  day_of_week  week_of_year  month
0   2021-01-04   54.625            0             1      1
1   2021-01-11   50.250            0             2      1
2   2021-01-18   47.750            0             3      1
3   2021-01-25   45.375            0             4      1
4   2021-02-01   44.250            0             5      2
..         ...      ...          ...           ...    ...
151 2023-11-27  402.000            0            48     11
152 2023-12-04  389.375            0            49     12
153 2023-12-11  438.375            0            50     12
154 2023-12-18  428.750            0            51     12
155 2023-12-25  433.500            0            52     12

[156 rows x 5 columns]
[I 2025-05-23 20:26:42,181] A new study created in memory with name: no-name-f320064c-4566-4713-8f70-ff4a702836b2
C:\LocalHost\OptiBack\modulo_demanda\Algoritmo_Prophet\forecast_model.py:103: FutureWarning: suggest_loguniform has been deprecated in v3.0.0. This feature will be removed in v6.0.0. See https://github.com/optuna/optuna/releases/tag/v3.0.0. Use suggest_float(..., log=True) instead.
  cps = trial.suggest_loguniform("changepoint_prior_scale", 0.001, 0.5)
C:\LocalHost\OptiBack\modulo_demanda\Algoritmo_Prophet\forecast_model.py:104: FutureWarning: suggest_loguniform has been deprecated in v3.0.0. This feature will be removed in v6.0.0. See https://github.com/optuna/optuna/releases/tag/v3.0.0. Use suggest_float(..., log=True) instead.
  sps = trial.suggest_loguniform("seasonality_prior_scale", 0.01, 10.0)
  0%|          | 0/2 [00:00<?, ?it/s] 50%|#####     | 1/2 [00:00<00:00,  1.13it/s]Optimization terminated abnormally. Falling back to Newton.
100%|##########| 2/2 [00:02<00:00,  1.08s/it]100%|##########| 2/2 [00:02<00:00,  1.05s/it]
[I 2025-05-23 20:26:45,240] Trial 0 finished with value: 233.57699575850958 and parameters: {'changepoint_prior_scale': 0.001599369159082115, 'seasonality_prior_scale': 0.40319669665679464, 'n_changepoints': 8}. Best is trial 0 with value: 233.57699575850958.
C:\LocalHost\OptiBack\modulo_demanda\Algoritmo_Prophet\forecast_model.py:103: FutureWarning: suggest_loguniform has been deprecated in v3.0.0. This feature will be removed in v6.0.0. See https://github.com/optuna/optuna/releases/tag/v3.0.0. Use suggest_float(..., log=True) instead.
  cps = trial.suggest_loguniform("changepoint_prior_scale", 0.001, 0.5)
C:\LocalHost\OptiBack\modulo_demanda\Algoritmo_Prophet\forecast_model.py:104: FutureWarning: suggest_loguniform has been deprecated in v3.0.0. This feature will be removed in v6.0.0. See https://github.com/optuna/optuna/releases/tag/v3.0.0. Use suggest_float(..., log=True) instead.
  sps = trial.suggest_loguniform("seasonality_prior_scale", 0.01, 10.0)
  0%|          | 0/2 [00:00<?, ?it/s] 50%|#####     | 1/2 [00:01<00:01,  1.06s/it]100%|##########| 2/2 [00:01<00:00,  1.03it/s]100%|##########| 2/2 [00:01<00:00,  1.01it/s]
[I 2025-05-23 20:26:48,011] Trial 1 finished with value: 229.89018558483795 and parameters: {'changepoint_prior_scale': 0.008453588226591889, 'seasonality_prior_scale': 1.153792899099277, 'n_changepoints': 11}. Best is trial 1 with value: 229.89018558483795.
C:\LocalHost\OptiBack\modulo_demanda\Algoritmo_Prophet\forecast_model.py:103: FutureWarning: suggest_loguniform has been deprecated in v3.0.0. This feature will be removed in v6.0.0. See https://github.com/optuna/optuna/releases/tag/v3.0.0. Use suggest_float(..., log=True) instead.
  cps = trial.suggest_loguniform("changepoint_prior_scale", 0.001, 0.5)
C:\LocalHost\OptiBack\modulo_demanda\Algoritmo_Prophet\forecast_model.py:104: FutureWarning: suggest_loguniform has been deprecated in v3.0.0. This feature will be removed in v6.0.0. See https://github.com/optuna/optuna/releases/tag/v3.0.0. Use suggest_float(..., log=True) instead.
  sps = trial.suggest_loguniform("seasonality_prior_scale", 0.01, 10.0)
  0%|          | 0/2 [00:00<?, ?it/s] 50%|#####     | 1/2 [00:01<00:01,  1.69s/it]100%|##########| 2/2 [00:02<00:00,  1.14s/it]100%|##########| 2/2 [00:02<00:00,  1.22s/it]
[I 2025-05-23 20:26:51,465] Trial 2 finished with value: 178.9792144014557 and parameters: {'changepoint_prior_scale': 0.11027505560900572, 'seasonality_prior_scale': 0.38636752163567334, 'n_changepoints': 16}. Best is trial 2 with value: 178.9792144014557.
C:\LocalHost\OptiBack\modulo_demanda\Algoritmo_Prophet\forecast_model.py:103: FutureWarning: suggest_loguniform has been deprecated in v3.0.0. This feature will be removed in v6.0.0. See https://github.com/optuna/optuna/releases/tag/v3.0.0. Use suggest_float(..., log=True) instead.
  cps = trial.suggest_loguniform("changepoint_prior_scale", 0.001, 0.5)
C:\LocalHost\OptiBack\modulo_demanda\Algoritmo_Prophet\forecast_model.py:104: FutureWarning: suggest_loguniform has been deprecated in v3.0.0. This feature will be removed in v6.0.0. See https://github.com/optuna/optuna/releases/tag/v3.0.0. Use suggest_float(..., log=True) instead.
  sps = trial.suggest_loguniform("seasonality_prior_scale", 0.01, 10.0)
  0%|          | 0/2 [00:00<?, ?it/s] 50%|#####     | 1/2 [00:03<00:03,  3.70s/it]100%|##########| 2/2 [00:04<00:00,  1.89s/it]100%|##########| 2/2 [00:04<00:00,  2.16s/it]
[I 2025-05-23 20:26:56,941] Trial 3 finished with value: 169.5029325922657 and parameters: {'changepoint_prior_scale': 0.17665300334944978, 'seasonality_prior_scale': 1.385830651977861, 'n_changepoints': 39}. Best is trial 3 with value: 169.5029325922657.
C:\LocalHost\OptiBack\modulo_demanda\Algoritmo_Prophet\forecast_model.py:103: FutureWarning: suggest_loguniform has been deprecated in v3.0.0. This feature will be removed in v6.0.0. See https://github.com/optuna/optuna/releases/tag/v3.0.0. Use suggest_float(..., log=True) instead.
  cps = trial.suggest_loguniform("changepoint_prior_scale", 0.001, 0.5)
C:\LocalHost\OptiBack\modulo_demanda\Algoritmo_Prophet\forecast_model.py:104: FutureWarning: suggest_loguniform has been deprecated in v3.0.0. This feature will be removed in v6.0.0. See https://github.com/optuna/optuna/releases/tag/v3.0.0. Use suggest_float(..., log=True) instead.
  sps = trial.suggest_loguniform("seasonality_prior_scale", 0.01, 10.0)
  0%|          | 0/2 [00:00<?, ?it/s] 50%|#####     | 1/2 [00:02<00:02,  2.32s/it]100%|##########| 2/2 [00:02<00:00,  1.33s/it]100%|##########| 2/2 [00:02<00:00,  1.48s/it]
[I 2025-05-23 20:27:00,836] Trial 4 finished with value: 151.4525506411351 and parameters: {'changepoint_prior_scale': 0.07298586380274404, 'seasonality_prior_scale': 0.4990668675613423, 'n_changepoints': 44}. Best is trial 4 with value: 151.4525506411351.
C:\LocalHost\OptiBack\modulo_demanda\Algoritmo_Prophet\forecast_model.py:103: FutureWarning: suggest_loguniform has been deprecated in v3.0.0. This feature will be removed in v6.0.0. See https://github.com/optuna/optuna/releases/tag/v3.0.0. Use suggest_float(..., log=True) instead.
  cps = trial.suggest_loguniform("changepoint_prior_scale", 0.001, 0.5)
C:\LocalHost\OptiBack\modulo_demanda\Algoritmo_Prophet\forecast_model.py:104: FutureWarning: suggest_loguniform has been deprecated in v3.0.0. This feature will be removed in v6.0.0. See https://github.com/optuna/optuna/releases/tag/v3.0.0. Use suggest_float(..., log=True) instead.
  sps = trial.suggest_loguniform("seasonality_prior_scale", 0.01, 10.0)
Optimization terminated abnormally. Falling back to Newton.
  0%|          | 0/2 [00:00<?, ?it/s] 50%|#####     | 1/2 [00:01<00:01,  1.01s/it]Optimization terminated abnormally. Falling back to Newton.
100%|##########| 2/2 [00:02<00:00,  1.24s/it]100%|##########| 2/2 [00:02<00:00,  1.20s/it]
[I 2025-05-23 20:27:04,911] Trial 5 finished with value: 235.36731264617498 and parameters: {'changepoint_prior_scale': 0.0034895636942128927, 'seasonality_prior_scale': 1.825177764291581, 'n_changepoints': 23}. Best is trial 4 with value: 151.4525506411351.
C:\LocalHost\OptiBack\modulo_demanda\Algoritmo_Prophet\forecast_model.py:103: FutureWarning: suggest_loguniform has been deprecated in v3.0.0. This feature will be removed in v6.0.0. See https://github.com/optuna/optuna/releases/tag/v3.0.0. Use suggest_float(..., log=True) instead.
  cps = trial.suggest_loguniform("changepoint_prior_scale", 0.001, 0.5)
C:\LocalHost\OptiBack\modulo_demanda\Algoritmo_Prophet\forecast_model.py:104: FutureWarning: suggest_loguniform has been deprecated in v3.0.0. This feature will be removed in v6.0.0. See https://github.com/optuna/optuna/releases/tag/v3.0.0. Use suggest_float(..., log=True) instead.
  sps = trial.suggest_loguniform("seasonality_prior_scale", 0.01, 10.0)
Optimization terminated abnormally. Falling back to Newton.
  0%|          | 0/2 [00:00<?, ?it/s] 50%|#####     | 1/2 [00:01<00:01,  1.03s/it]Optimization terminated abnormally. Falling back to Newton.
100%|##########| 2/2 [00:02<00:00,  1.05s/it]100%|##########| 2/2 [00:02<00:00,  1.05s/it]
[I 2025-05-23 20:27:08,475] Trial 6 finished with value: 230.17856117999838 and parameters: {'changepoint_prior_scale': 0.0010348656230646652, 'seasonality_prior_scale': 0.1643470522606402, 'n_changepoints': 11}. Best is trial 4 with value: 151.4525506411351.
C:\LocalHost\OptiBack\modulo_demanda\Algoritmo_Prophet\forecast_model.py:103: FutureWarning: suggest_loguniform has been deprecated in v3.0.0. This feature will be removed in v6.0.0. See https://github.com/optuna/optuna/releases/tag/v3.0.0. Use suggest_float(..., log=True) instead.
  cps = trial.suggest_loguniform("changepoint_prior_scale", 0.001, 0.5)
C:\LocalHost\OptiBack\modulo_demanda\Algoritmo_Prophet\forecast_model.py:104: FutureWarning: suggest_loguniform has been deprecated in v3.0.0. This feature will be removed in v6.0.0. See https://github.com/optuna/optuna/releases/tag/v3.0.0. Use suggest_float(..., log=True) instead.
  sps = trial.suggest_loguniform("seasonality_prior_scale", 0.01, 10.0)
Optimization terminated abnormally. Falling back to Newton.
  0%|          | 0/2 [00:00<?, ?it/s] 50%|#####     | 1/2 [00:00<00:00,  1.04it/s]Optimization terminated abnormally. Falling back to Newton.
100%|##########| 2/2 [00:02<00:00,  1.16s/it]100%|##########| 2/2 [00:02<00:00,  1.13s/it]
[I 2025-05-23 20:27:12,561] Trial 7 finished with value: 232.27726280633186 and parameters: {'changepoint_prior_scale': 0.004097114326346456, 'seasonality_prior_scale': 0.44442894145959494, 'n_changepoints': 29}. Best is trial 4 with value: 151.4525506411351.
C:\LocalHost\OptiBack\modulo_demanda\Algoritmo_Prophet\forecast_model.py:103: FutureWarning: suggest_loguniform has been deprecated in v3.0.0. This feature will be removed in v6.0.0. See https://github.com/optuna/optuna/releases/tag/v3.0.0. Use suggest_float(..., log=True) instead.
  cps = trial.suggest_loguniform("changepoint_prior_scale", 0.001, 0.5)
C:\LocalHost\OptiBack\modulo_demanda\Algoritmo_Prophet\forecast_model.py:104: FutureWarning: suggest_loguniform has been deprecated in v3.0.0. This feature will be removed in v6.0.0. See https://github.com/optuna/optuna/releases/tag/v3.0.0. Use suggest_float(..., log=True) instead.
  sps = trial.suggest_loguniform("seasonality_prior_scale", 0.01, 10.0)
  0%|          | 0/2 [00:00<?, ?it/s] 50%|#####     | 1/2 [00:01<00:01,  1.55s/it]100%|##########| 2/2 [00:02<00:00,  1.06s/it]100%|##########| 2/2 [00:02<00:00,  1.13s/it]
[I 2025-05-23 20:27:15,719] Trial 8 finished with value: 161.49286906550552 and parameters: {'changepoint_prior_scale': 0.17981851325419868, 'seasonality_prior_scale': 7.872995969622857, 'n_changepoints': 12}. Best is trial 4 with value: 151.4525506411351.
C:\LocalHost\OptiBack\modulo_demanda\Algoritmo_Prophet\forecast_model.py:103: FutureWarning: suggest_loguniform has been deprecated in v3.0.0. This feature will be removed in v6.0.0. See https://github.com/optuna/optuna/releases/tag/v3.0.0. Use suggest_float(..., log=True) instead.
  cps = trial.suggest_loguniform("changepoint_prior_scale", 0.001, 0.5)
C:\LocalHost\OptiBack\modulo_demanda\Algoritmo_Prophet\forecast_model.py:104: FutureWarning: suggest_loguniform has been deprecated in v3.0.0. This feature will be removed in v6.0.0. See https://github.com/optuna/optuna/releases/tag/v3.0.0. Use suggest_float(..., log=True) instead.
  sps = trial.suggest_loguniform("seasonality_prior_scale", 0.01, 10.0)
  0%|          | 0/2 [00:00<?, ?it/s] 50%|#####     | 1/2 [00:02<00:02,  2.32s/it]100%|##########| 2/2 [00:03<00:00,  1.39s/it]100%|##########| 2/2 [00:03<00:00,  1.53s/it]
[I 2025-05-23 20:27:19,687] Trial 9 finished with value: 229.84736692752662 and parameters: {'changepoint_prior_scale': 0.05418094573939288, 'seasonality_prior_scale': 0.2407524695351551, 'n_changepoints': 45}. Best is trial 4 with value: 151.4525506411351.
  0%|          | 0/2 [00:00<?, ?it/s] 50%|#####     | 1/2 [00:02<00:02,  2.34s/it]100%|##########| 2/2 [00:03<00:00,  1.43s/it]100%|##########| 2/2 [00:03<00:00,  1.56s/it]
Rendimiento para la combinación BMX_2-BMX_HOGAR-BMX_3931:
  horizon           mse        rmse  ...     mdape     smape  coverage
0 21 days  20244.731836  142.283983  ...  0.340500  0.340470       0.0
1 28 days  26007.599597  161.268719  ...  0.368002  0.395402       0.0
2 35 days  28275.024396  168.151790  ...  0.368002  0.397546       0.0
3 42 days  28294.779452  168.210521  ...  0.397247  0.396402       0.0
4 49 days  30846.188588  175.630830  ...  0.308038  0.389308       0.0

[5 rows x 8 columns]
          ds        yhat  yhat_lower  yhat_upper        y     cutoff
0 2022-10-24  503.324604  463.341736  546.519827  354.375 2022-10-17
1 2022-10-31  530.262857  490.097573  571.133135  343.000 2022-10-17
2 2022-11-07  527.420137  483.345397  567.831381  396.000 2022-10-17
3 2022-11-14  473.443923  432.230027  516.824944  341.375 2022-10-17
4 2022-11-21  398.364095  357.534910  439.486229  332.750 2022-10-17
Contenido de df_prophet antes de model.fit:
            ds       y  day_of_week  week_of_year  month
0   2021-01-04  73.875            0             1      1
1   2021-01-11  66.250            0             2      1
2   2021-01-18  77.625            0             3      1
3   2021-01-25  92.625            0             4      1
4   2021-02-01  86.000            0             5      2
..         ...     ...          ...           ...    ...
151 2023-11-27  79.000            0            48     11
152 2023-12-04  86.000            0            49     12
153 2023-12-11  75.000            0            50     12
154 2023-12-18  92.000            0            51     12
155 2023-12-25  75.000            0            52     12

[156 rows x 5 columns]
[I 2025-05-23 20:27:23,638] A new study created in memory with name: no-name-d59c9abc-8fed-4d24-888f-a25c77529c24
C:\LocalHost\OptiBack\modulo_demanda\Algoritmo_Prophet\forecast_model.py:103: FutureWarning: suggest_loguniform has been deprecated in v3.0.0. This feature will be removed in v6.0.0. See https://github.com/optuna/optuna/releases/tag/v3.0.0. Use suggest_float(..., log=True) instead.
  cps = trial.suggest_loguniform("changepoint_prior_scale", 0.001, 0.5)
C:\LocalHost\OptiBack\modulo_demanda\Algoritmo_Prophet\forecast_model.py:104: FutureWarning: suggest_loguniform has been deprecated in v3.0.0. This feature will be removed in v6.0.0. See https://github.com/optuna/optuna/releases/tag/v3.0.0. Use suggest_float(..., log=True) instead.
  sps = trial.suggest_loguniform("seasonality_prior_scale", 0.01, 10.0)
Optimization terminated abnormally. Falling back to Newton.
  0%|          | 0/2 [00:00<?, ?it/s] 50%|#####     | 1/2 [00:01<00:01,  1.34s/it]Optimization terminated abnormally. Falling back to Newton.
100%|##########| 2/2 [00:03<00:00,  1.63s/it]100%|##########| 2/2 [00:03<00:00,  1.58s/it]
[I 2025-05-23 20:27:28,950] Trial 0 finished with value: 42.80692936479696 and parameters: {'changepoint_prior_scale': 0.0024299605478595616, 'seasonality_prior_scale': 6.564616896366791, 'n_changepoints': 46}. Best is trial 0 with value: 42.80692936479696.
C:\LocalHost\OptiBack\modulo_demanda\Algoritmo_Prophet\forecast_model.py:103: FutureWarning: suggest_loguniform has been deprecated in v3.0.0. This feature will be removed in v6.0.0. See https://github.com/optuna/optuna/releases/tag/v3.0.0. Use suggest_float(..., log=True) instead.
  cps = trial.suggest_loguniform("changepoint_prior_scale", 0.001, 0.5)
C:\LocalHost\OptiBack\modulo_demanda\Algoritmo_Prophet\forecast_model.py:104: FutureWarning: suggest_loguniform has been deprecated in v3.0.0. This feature will be removed in v6.0.0. See https://github.com/optuna/optuna/releases/tag/v3.0.0. Use suggest_float(..., log=True) instead.
  sps = trial.suggest_loguniform("seasonality_prior_scale", 0.01, 10.0)
Optimization terminated abnormally. Falling back to Newton.
  0%|          | 0/2 [00:00<?, ?it/s] 50%|#####     | 1/2 [00:01<00:01,  1.26s/it]Optimization terminated abnormally. Falling back to Newton.
100%|##########| 2/2 [00:02<00:00,  1.38s/it]100%|##########| 2/2 [00:02<00:00,  1.36s/it]
[I 2025-05-23 20:27:33,606] Trial 1 finished with value: 42.432210617664225 and parameters: {'changepoint_prior_scale': 0.0016206595794783368, 'seasonality_prior_scale': 0.027603223007007, 'n_changepoints': 46}. Best is trial 1 with value: 42.432210617664225.
C:\LocalHost\OptiBack\modulo_demanda\Algoritmo_Prophet\forecast_model.py:103: FutureWarning: suggest_loguniform has been deprecated in v3.0.0. This feature will be removed in v6.0.0. See https://github.com/optuna/optuna/releases/tag/v3.0.0. Use suggest_float(..., log=True) instead.
  cps = trial.suggest_loguniform("changepoint_prior_scale", 0.001, 0.5)
C:\LocalHost\OptiBack\modulo_demanda\Algoritmo_Prophet\forecast_model.py:104: FutureWarning: suggest_loguniform has been deprecated in v3.0.0. This feature will be removed in v6.0.0. See https://github.com/optuna/optuna/releases/tag/v3.0.0. Use suggest_float(..., log=True) instead.
  sps = trial.suggest_loguniform("seasonality_prior_scale", 0.01, 10.0)
  0%|          | 0/2 [00:00<?, ?it/s] 50%|#####     | 1/2 [00:01<00:01,  1.29s/it]100%|##########| 2/2 [00:01<00:00,  1.08it/s]100%|##########| 2/2 [00:01<00:00,  1.02it/s]
[I 2025-05-23 20:27:36,379] Trial 2 finished with value: 41.643281410393385 and parameters: {'changepoint_prior_scale': 0.00891236036023495, 'seasonality_prior_scale': 2.4330299205744272, 'n_changepoints': 42}. Best is trial 2 with value: 41.643281410393385.
C:\LocalHost\OptiBack\modulo_demanda\Algoritmo_Prophet\forecast_model.py:103: FutureWarning: suggest_loguniform has been deprecated in v3.0.0. This feature will be removed in v6.0.0. See https://github.com/optuna/optuna/releases/tag/v3.0.0. Use suggest_float(..., log=True) instead.
  cps = trial.suggest_loguniform("changepoint_prior_scale", 0.001, 0.5)
C:\LocalHost\OptiBack\modulo_demanda\Algoritmo_Prophet\forecast_model.py:104: FutureWarning: suggest_loguniform has been deprecated in v3.0.0. This feature will be removed in v6.0.0. See https://github.com/optuna/optuna/releases/tag/v3.0.0. Use suggest_float(..., log=True) instead.
  sps = trial.suggest_loguniform("seasonality_prior_scale", 0.01, 10.0)
Optimization terminated abnormally. Falling back to Newton.
  0%|          | 0/2 [00:00<?, ?it/s] 50%|#####     | 1/2 [00:02<00:02,  2.39s/it]Optimization terminated abnormally. Falling back to Newton.
100%|##########| 2/2 [00:04<00:00,  2.01s/it]100%|##########| 2/2 [00:04<00:00,  2.07s/it]
