[I 2025-05-23 20:43:24,317] Trial 9 finished with value: 2103.691591520672 and parameters: {'changepoint_prior_scale': 0.020465367350166134, 'seasonality_prior_scale': 0.06607398954496672, 'n_changepoints': 48}. Best is trial 9 with value: 2103.691591520672.
  0%|          | 0/2 [00:00<?, ?it/s] 50%|#####     | 1/2 [00:02<00:02,  2.41s/it]100%|##########| 2/2 [00:03<00:00,  1.42s/it]100%|##########| 2/2 [00:03<00:00,  1.57s/it]
Rendimiento para la combinación BMX_310-BMX_TRADICIONAL-BMX_3207:
  horizon           mse         rmse  ...     mdape     smape  coverage
0 21 days  3.314626e+06  1820.611531  ...  0.193256  0.139819  0.333333
1 28 days  2.727726e+06  1651.582942  ...  0.150336  0.126854  0.500000
2 35 days  4.446828e+06  2108.750423  ...  0.150336  0.153385  0.500000
3 42 days  4.070865e+06  2017.638561  ...  0.125842  0.146936  0.666667
4 49 days  4.418564e+06  2102.038092  ...  0.121714  0.152962  0.666667

[5 rows x 8 columns]
          ds          yhat    yhat_lower    yhat_upper          y     cutoff
0 2022-10-24  13133.639240  11819.721959  14568.478284  11069.375 2022-10-17
1 2022-10-31   8832.856208   7329.171779  10325.280072   8805.625 2022-10-17
2 2022-11-07   8498.878073   7006.805667   9942.766077   8641.500 2022-10-17
3 2022-11-14   8063.985940   6642.556179   9562.145213   6978.500 2022-10-17
4 2022-11-21  12397.312019  10973.143354  13874.922986  11714.375 2022-10-17
Contenido de df_prophet antes de model.fit:
            ds        y  day_of_week  week_of_year  month
0   2021-01-04  103.000            0             1      1
1   2021-01-11  102.000            0             2      1
2   2021-01-18  125.000            0             3      1
3   2021-01-25  195.000            0             4      1
4   2021-02-01  196.000            0             5      2
..         ...      ...          ...           ...    ...
151 2023-11-27   73.000            0            48     11
152 2023-12-04   70.875            0            49     12
153 2023-12-11   85.625            0            50     12
154 2023-12-18  102.750            0            51     12
155 2023-12-25   88.750            0            52     12

[156 rows x 5 columns]
[I 2025-05-23 20:43:28,835] A new study created in memory with name: no-name-ca7d9da2-e639-46aa-8fa7-3693d1ea4629
C:\LocalHost\OptiBack\modulo_demanda\Algoritmo_Prophet\forecast_model.py:103: FutureWarning: suggest_loguniform has been deprecated in v3.0.0. This feature will be removed in v6.0.0. See https://github.com/optuna/optuna/releases/tag/v3.0.0. Use suggest_float(..., log=True) instead.
  cps = trial.suggest_loguniform("changepoint_prior_scale", 0.001, 0.5)
C:\LocalHost\OptiBack\modulo_demanda\Algoritmo_Prophet\forecast_model.py:104: FutureWarning: suggest_loguniform has been deprecated in v3.0.0. This feature will be removed in v6.0.0. See https://github.com/optuna/optuna/releases/tag/v3.0.0. Use suggest_float(..., log=True) instead.
  sps = trial.suggest_loguniform("seasonality_prior_scale", 0.01, 10.0)
  0%|          | 0/2 [00:00<?, ?it/s] 50%|#####     | 1/2 [00:02<00:02,  2.46s/it]100%|##########| 2/2 [00:03<00:00,  1.41s/it]100%|##########| 2/2 [00:03<00:00,  1.57s/it]
[I 2025-05-23 20:43:32,975] Trial 0 finished with value: 43.11648958524359 and parameters: {'changepoint_prior_scale': 0.13284630579499673, 'seasonality_prior_scale': 0.09388975821235693, 'n_changepoints': 43}. Best is trial 0 with value: 43.11648958524359.
C:\LocalHost\OptiBack\modulo_demanda\Algoritmo_Prophet\forecast_model.py:103: FutureWarning: suggest_loguniform has been deprecated in v3.0.0. This feature will be removed in v6.0.0. See https://github.com/optuna/optuna/releases/tag/v3.0.0. Use suggest_float(..., log=True) instead.
  cps = trial.suggest_loguniform("changepoint_prior_scale", 0.001, 0.5)
C:\LocalHost\OptiBack\modulo_demanda\Algoritmo_Prophet\forecast_model.py:104: FutureWarning: suggest_loguniform has been deprecated in v3.0.0. This feature will be removed in v6.0.0. See https://github.com/optuna/optuna/releases/tag/v3.0.0. Use suggest_float(..., log=True) instead.
  sps = trial.suggest_loguniform("seasonality_prior_scale", 0.01, 10.0)
Optimization terminated abnormally. Falling back to Newton.
  0%|          | 0/2 [00:00<?, ?it/s] 50%|#####     | 1/2 [00:01<00:01,  1.14s/it]100%|##########| 2/2 [00:01<00:00,  1.09it/s]100%|##########| 2/2 [00:01<00:00,  1.05it/s]
[I 2025-05-23 20:43:36,790] Trial 1 finished with value: 45.461977246943086 and parameters: {'changepoint_prior_scale': 0.001475642890461711, 'seasonality_prior_scale': 0.08736356856079837, 'n_changepoints': 32}. Best is trial 0 with value: 43.11648958524359.
C:\LocalHost\OptiBack\modulo_demanda\Algoritmo_Prophet\forecast_model.py:103: FutureWarning: suggest_loguniform has been deprecated in v3.0.0. This feature will be removed in v6.0.0. See https://github.com/optuna/optuna/releases/tag/v3.0.0. Use suggest_float(..., log=True) instead.
  cps = trial.suggest_loguniform("changepoint_prior_scale", 0.001, 0.5)
C:\LocalHost\OptiBack\modulo_demanda\Algoritmo_Prophet\forecast_model.py:104: FutureWarning: suggest_loguniform has been deprecated in v3.0.0. This feature will be removed in v6.0.0. See https://github.com/optuna/optuna/releases/tag/v3.0.0. Use suggest_float(..., log=True) instead.
  sps = trial.suggest_loguniform("seasonality_prior_scale", 0.01, 10.0)
  0%|          | 0/2 [00:00<?, ?it/s] 50%|#####     | 1/2 [00:01<00:01,  1.30s/it]100%|##########| 2/2 [00:02<00:00,  1.03it/s]100%|##########| 2/2 [00:02<00:00,  1.02s/it]
[I 2025-05-23 20:43:40,080] Trial 2 finished with value: 38.854089863638656 and parameters: {'changepoint_prior_scale': 0.011126471371453115, 'seasonality_prior_scale': 2.14598628453883, 'n_changepoints': 15}. Best is trial 2 with value: 38.854089863638656.
C:\LocalHost\OptiBack\modulo_demanda\Algoritmo_Prophet\forecast_model.py:103: FutureWarning: suggest_loguniform has been deprecated in v3.0.0. This feature will be removed in v6.0.0. See https://github.com/optuna/optuna/releases/tag/v3.0.0. Use suggest_float(..., log=True) instead.
  cps = trial.suggest_loguniform("changepoint_prior_scale", 0.001, 0.5)
C:\LocalHost\OptiBack\modulo_demanda\Algoritmo_Prophet\forecast_model.py:104: FutureWarning: suggest_loguniform has been deprecated in v3.0.0. This feature will be removed in v6.0.0. See https://github.com/optuna/optuna/releases/tag/v3.0.0. Use suggest_float(..., log=True) instead.
  sps = trial.suggest_loguniform("seasonality_prior_scale", 0.01, 10.0)
  0%|          | 0/2 [00:00<?, ?it/s] 50%|#####     | 1/2 [00:01<00:01,  1.23s/it]100%|##########| 2/2 [00:01<00:00,  1.27it/s]100%|##########| 2/2 [00:01<00:00,  1.17it/s]
[I 2025-05-23 20:43:42,760] Trial 3 finished with value: 41.95808605141738 and parameters: {'changepoint_prior_scale': 0.07304160966871695, 'seasonality_prior_scale': 0.16977632831008005, 'n_changepoints': 15}. Best is trial 2 with value: 38.854089863638656.
C:\LocalHost\OptiBack\modulo_demanda\Algoritmo_Prophet\forecast_model.py:103: FutureWarning: suggest_loguniform has been deprecated in v3.0.0. This feature will be removed in v6.0.0. See https://github.com/optuna/optuna/releases/tag/v3.0.0. Use suggest_float(..., log=True) instead.
  cps = trial.suggest_loguniform("changepoint_prior_scale", 0.001, 0.5)
C:\LocalHost\OptiBack\modulo_demanda\Algoritmo_Prophet\forecast_model.py:104: FutureWarning: suggest_loguniform has been deprecated in v3.0.0. This feature will be removed in v6.0.0. See https://github.com/optuna/optuna/releases/tag/v3.0.0. Use suggest_float(..., log=True) instead.
  sps = trial.suggest_loguniform("seasonality_prior_scale", 0.01, 10.0)
  0%|          | 0/2 [00:00<?, ?it/s] 50%|#####     | 1/2 [00:02<00:02,  2.55s/it]100%|##########| 2/2 [00:03<00:00,  1.52s/it]100%|##########| 2/2 [00:03<00:00,  1.67s/it]
[I 2025-05-23 20:43:46,959] Trial 4 finished with value: 34.0840340321353 and parameters: {'changepoint_prior_scale': 0.2634401157216856, 'seasonality_prior_scale': 0.1565309344882879, 'n_changepoints': 25}. Best is trial 4 with value: 34.0840340321353.
C:\LocalHost\OptiBack\modulo_demanda\Algoritmo_Prophet\forecast_model.py:103: FutureWarning: suggest_loguniform has been deprecated in v3.0.0. This feature will be removed in v6.0.0. See https://github.com/optuna/optuna/releases/tag/v3.0.0. Use suggest_float(..., log=True) instead.
  cps = trial.suggest_loguniform("changepoint_prior_scale", 0.001, 0.5)
C:\LocalHost\OptiBack\modulo_demanda\Algoritmo_Prophet\forecast_model.py:104: FutureWarning: suggest_loguniform has been deprecated in v3.0.0. This feature will be removed in v6.0.0. See https://github.com/optuna/optuna/releases/tag/v3.0.0. Use suggest_float(..., log=True) instead.
  sps = trial.suggest_loguniform("seasonality_prior_scale", 0.01, 10.0)
  0%|          | 0/2 [00:00<?, ?it/s] 50%|#####     | 1/2 [00:00<00:00,  1.03it/s]100%|##########| 2/2 [00:01<00:00,  1.27it/s]100%|##########| 2/2 [00:01<00:00,  1.22it/s]
[I 2025-05-23 20:43:49,498] Trial 5 finished with value: 33.7172542462271 and parameters: {'changepoint_prior_scale': 0.0020204194301573263, 'seasonality_prior_scale': 0.26890576858222376, 'n_changepoints': 5}. Best is trial 5 with value: 33.7172542462271.
C:\LocalHost\OptiBack\modulo_demanda\Algoritmo_Prophet\forecast_model.py:103: FutureWarning: suggest_loguniform has been deprecated in v3.0.0. This feature will be removed in v6.0.0. See https://github.com/optuna/optuna/releases/tag/v3.0.0. Use suggest_float(..., log=True) instead.
  cps = trial.suggest_loguniform("changepoint_prior_scale", 0.001, 0.5)
C:\LocalHost\OptiBack\modulo_demanda\Algoritmo_Prophet\forecast_model.py:104: FutureWarning: suggest_loguniform has been deprecated in v3.0.0. This feature will be removed in v6.0.0. See https://github.com/optuna/optuna/releases/tag/v3.0.0. Use suggest_float(..., log=True) instead.
  sps = trial.suggest_loguniform("seasonality_prior_scale", 0.01, 10.0)
  0%|          | 0/2 [00:00<?, ?it/s] 50%|#####     | 1/2 [00:03<00:03,  3.22s/it]100%|##########| 2/2 [00:03<00:00,  1.75s/it]100%|##########| 2/2 [00:03<00:00,  1.97s/it]
[I 2025-05-23 20:43:54,460] Trial 6 finished with value: 42.74649303495694 and parameters: {'changepoint_prior_scale': 0.15434186812271436, 'seasonality_prior_scale': 0.056012911602975224, 'n_changepoints': 46}. Best is trial 5 with value: 33.7172542462271.
C:\LocalHost\OptiBack\modulo_demanda\Algoritmo_Prophet\forecast_model.py:103: FutureWarning: suggest_loguniform has been deprecated in v3.0.0. This feature will be removed in v6.0.0. See https://github.com/optuna/optuna/releases/tag/v3.0.0. Use suggest_float(..., log=True) instead.
  cps = trial.suggest_loguniform("changepoint_prior_scale", 0.001, 0.5)
C:\LocalHost\OptiBack\modulo_demanda\Algoritmo_Prophet\forecast_model.py:104: FutureWarning: suggest_loguniform has been deprecated in v3.0.0. This feature will be removed in v6.0.0. See https://github.com/optuna/optuna/releases/tag/v3.0.0. Use suggest_float(..., log=True) instead.
  sps = trial.suggest_loguniform("seasonality_prior_scale", 0.01, 10.0)
  0%|          | 0/2 [00:00<?, ?it/s] 50%|#####     | 1/2 [00:01<00:01,  1.34s/it]100%|##########| 2/2 [00:02<00:00,  1.06s/it]100%|##########| 2/2 [00:02<00:00,  1.10s/it]
[I 2025-05-23 20:43:57,602] Trial 7 finished with value: 39.75538567555671 and parameters: {'changepoint_prior_scale': 0.01686262397539843, 'seasonality_prior_scale': 0.3679802958134263, 'n_changepoints': 49}. Best is trial 5 with value: 33.7172542462271.
C:\LocalHost\OptiBack\modulo_demanda\Algoritmo_Prophet\forecast_model.py:103: FutureWarning: suggest_loguniform has been deprecated in v3.0.0. This feature will be removed in v6.0.0. See https://github.com/optuna/optuna/releases/tag/v3.0.0. Use suggest_float(..., log=True) instead.
  cps = trial.suggest_loguniform("changepoint_prior_scale", 0.001, 0.5)
C:\LocalHost\OptiBack\modulo_demanda\Algoritmo_Prophet\forecast_model.py:104: FutureWarning: suggest_loguniform has been deprecated in v3.0.0. This feature will be removed in v6.0.0. See https://github.com/optuna/optuna/releases/tag/v3.0.0. Use suggest_float(..., log=True) instead.
  sps = trial.suggest_loguniform("seasonality_prior_scale", 0.01, 10.0)
  0%|          | 0/2 [00:00<?, ?it/s] 50%|#####     | 1/2 [00:01<00:01,  1.84s/it]100%|##########| 2/2 [00:02<00:00,  1.28s/it]100%|##########| 2/2 [00:02<00:00,  1.37s/it]
[I 2025-05-23 20:44:01,775] Trial 8 finished with value: 38.38051648001091 and parameters: {'changepoint_prior_scale': 0.008374701446801873, 'seasonality_prior_scale': 0.22047614893311399, 'n_changepoints': 40}. Best is trial 5 with value: 33.7172542462271.
C:\LocalHost\OptiBack\modulo_demanda\Algoritmo_Prophet\forecast_model.py:103: FutureWarning: suggest_loguniform has been deprecated in v3.0.0. This feature will be removed in v6.0.0. See https://github.com/optuna/optuna/releases/tag/v3.0.0. Use suggest_float(..., log=True) instead.
  cps = trial.suggest_loguniform("changepoint_prior_scale", 0.001, 0.5)
C:\LocalHost\OptiBack\modulo_demanda\Algoritmo_Prophet\forecast_model.py:104: FutureWarning: suggest_loguniform has been deprecated in v3.0.0. This feature will be removed in v6.0.0. See https://github.com/optuna/optuna/releases/tag/v3.0.0. Use suggest_float(..., log=True) instead.
  sps = trial.suggest_loguniform("seasonality_prior_scale", 0.01, 10.0)
  0%|          | 0/2 [00:00<?, ?it/s] 50%|#####     | 1/2 [00:01<00:01,  1.08s/it]100%|##########| 2/2 [00:01<00:00,  1.27it/s]100%|##########| 2/2 [00:01<00:00,  1.20it/s]
[I 2025-05-23 20:44:04,470] Trial 9 finished with value: 38.27302211383163 and parameters: {'changepoint_prior_scale': 0.00698831564062185, 'seasonality_prior_scale': 1.0976508008641659, 'n_changepoints': 33}. Best is trial 5 with value: 33.7172542462271.
  0%|          | 0/2 [00:00<?, ?it/s] 50%|#####     | 1/2 [00:01<00:01,  1.26s/it]100%|##########| 2/2 [00:01<00:00,  1.06it/s]100%|##########| 2/2 [00:01<00:00,  1.01it/s]
Rendimiento para la combinación BMX_310-BMX_TRADICIONAL-BMX_3402:
  horizon          mse       rmse  ...     mdape     smape  coverage
0 21 days  1370.776696  37.024002  ...  0.207723  0.251083  0.500000
1 28 days  1549.527876  39.364043  ...  0.260182  0.291414  0.500000
2 35 days   924.520562  30.405930  ...  0.166934  0.187080  0.666667
3 42 days   472.819654  21.744417  ...  0.166934  0.164973  0.666667
4 49 days   590.586616  24.301988  ...  0.133524  0.186753  0.666667

[5 rows x 8 columns]
          ds        yhat  yhat_lower  yhat_upper        y     cutoff
0 2022-10-24  139.918310  116.037938  163.606376  114.000 2022-10-17
1 2022-10-31  134.334039  109.259402  158.655577   79.500 2022-10-17
2 2022-11-07  140.278253  113.389580  164.172474   80.625 2022-10-17
3 2022-11-14  116.189958   91.371701  141.031455   91.250 2022-10-17
4 2022-11-21   79.103006   56.756944  105.104999   80.000 2022-10-17
Contenido de df_prophet antes de model.fit:
            ds         y  day_of_week  week_of_year  month
0   2021-01-04  3765.125            0             1      1
1   2021-01-11  4029.625            0             2      1
2   2021-01-18  3558.375            0             3      1
3   2021-01-25  4395.125            0             4      1
4   2021-02-01  3562.750            0             5      2
..         ...       ...          ...           ...    ...
151 2023-11-27  4168.500            0            48     11
152 2023-12-04  4313.625            0            49     12
153 2023-12-11  4752.875            0            50     12
154 2023-12-18  5634.500            0            51     12
155 2023-12-25  5334.000            0            52     12

[156 rows x 5 columns]
[I 2025-05-23 20:44:07,515] A new study created in memory with name: no-name-35ae2266-8270-42e1-9eaa-881f372fb1a9
C:\LocalHost\OptiBack\modulo_demanda\Algoritmo_Prophet\forecast_model.py:103: FutureWarning: suggest_loguniform has been deprecated in v3.0.0. This feature will be removed in v6.0.0. See https://github.com/optuna/optuna/releases/tag/v3.0.0. Use suggest_float(..., log=True) instead.
  cps = trial.suggest_loguniform("changepoint_prior_scale", 0.001, 0.5)
C:\LocalHost\OptiBack\modulo_demanda\Algoritmo_Prophet\forecast_model.py:104: FutureWarning: suggest_loguniform has been deprecated in v3.0.0. This feature will be removed in v6.0.0. See https://github.com/optuna/optuna/releases/tag/v3.0.0. Use suggest_float(..., log=True) instead.
  sps = trial.suggest_loguniform("seasonality_prior_scale", 0.01, 10.0)
  0%|          | 0/2 [00:00<?, ?it/s] 50%|#####     | 1/2 [00:01<00:01,  1.41s/it]100%|##########| 2/2 [00:02<00:00,  1.03it/s]100%|##########| 2/2 [00:02<00:00,  1.04s/it]
[I 2025-05-23 20:44:10,722] Trial 0 finished with value: 630.7245710366507 and parameters: {'changepoint_prior_scale': 0.19818218386016323, 'seasonality_prior_scale': 0.10224404742378183, 'n_changepoints': 10}. Best is trial 0 with value: 630.7245710366507.
C:\LocalHost\OptiBack\modulo_demanda\Algoritmo_Prophet\forecast_model.py:103: FutureWarning: suggest_loguniform has been deprecated in v3.0.0. This feature will be removed in v6.0.0. See https://github.com/optuna/optuna/releases/tag/v3.0.0. Use suggest_float(..., log=True) instead.
  cps = trial.suggest_loguniform("changepoint_prior_scale", 0.001, 0.5)
C:\LocalHost\OptiBack\modulo_demanda\Algoritmo_Prophet\forecast_model.py:104: FutureWarning: suggest_loguniform has been deprecated in v3.0.0. This feature will be removed in v6.0.0. See https://github.com/optuna/optuna/releases/tag/v3.0.0. Use suggest_float(..., log=True) instead.
  sps = trial.suggest_loguniform("seasonality_prior_scale", 0.01, 10.0)
  0%|          | 0/2 [00:00<?, ?it/s] 50%|#####     | 1/2 [00:01<00:01,  1.27s/it]100%|##########| 2/2 [00:01<00:00,  1.16it/s]100%|##########| 2/2 [00:01<00:00,  1.08it/s]
[I 2025-05-23 20:44:13,479] Trial 1 finished with value: 525.089135660758 and parameters: {'changepoint_prior_scale': 0.0019378344691556389, 'seasonality_prior_scale': 0.07614467517571392, 'n_changepoints': 24}. Best is trial 1 with value: 525.089135660758.
C:\LocalHost\OptiBack\modulo_demanda\Algoritmo_Prophet\forecast_model.py:103: FutureWarning: suggest_loguniform has been deprecated in v3.0.0. This feature will be removed in v6.0.0. See https://github.com/optuna/optuna/releases/tag/v3.0.0. Use suggest_float(..., log=True) instead.
  cps = trial.suggest_loguniform("changepoint_prior_scale", 0.001, 0.5)
C:\LocalHost\OptiBack\modulo_demanda\Algoritmo_Prophet\forecast_model.py:104: FutureWarning: suggest_loguniform has been deprecated in v3.0.0. This feature will be removed in v6.0.0. See https://github.com/optuna/optuna/releases/tag/v3.0.0. Use suggest_float(..., log=True) instead.
  sps = trial.suggest_loguniform("seasonality_prior_scale", 0.01, 10.0)
  0%|          | 0/2 [00:00<?, ?it/s] 50%|#####     | 1/2 [00:03<00:03,  3.45s/it]100%|##########| 2/2 [00:04<00:00,  1.85s/it]100%|##########| 2/2 [00:04<00:00,  2.09s/it]
[I 2025-05-23 20:44:18,511] Trial 2 finished with value: 640.3405320056153 and parameters: {'changepoint_prior_scale': 0.12936265719679785, 'seasonality_prior_scale': 0.37224387429267247, 'n_changepoints': 18}. Best is trial 1 with value: 525.089135660758.
C:\LocalHost\OptiBack\modulo_demanda\Algoritmo_Prophet\forecast_model.py:103: FutureWarning: suggest_loguniform has been deprecated in v3.0.0. This feature will be removed in v6.0.0. See https://github.com/optuna/optuna/releases/tag/v3.0.0. Use suggest_float(..., log=True) instead.
  cps = trial.suggest_loguniform("changepoint_prior_scale", 0.001, 0.5)
C:\LocalHost\OptiBack\modulo_demanda\Algoritmo_Prophet\forecast_model.py:104: FutureWarning: suggest_loguniform has been deprecated in v3.0.0. This feature will be removed in v6.0.0. See https://github.com/optuna/optuna/releases/tag/v3.0.0. Use suggest_float(..., log=True) instead.
  sps = trial.suggest_loguniform("seasonality_prior_scale", 0.01, 10.0)
  0%|          | 0/2 [00:00<?, ?it/s] 50%|#####     | 1/2 [00:01<00:01,  1.20s/it]100%|##########| 2/2 [00:01<00:00,  1.08it/s]100%|##########| 2/2 [00:01<00:00,  1.04it/s]
[I 2025-05-23 20:44:21,314] Trial 3 finished with value: 619.7780308309752 and parameters: {'changepoint_prior_scale': 0.1081843633900329, 'seasonality_prior_scale': 0.11429926740479641, 'n_changepoints': 19}. Best is trial 1 with value: 525.089135660758.
C:\LocalHost\OptiBack\modulo_demanda\Algoritmo_Prophet\forecast_model.py:103: FutureWarning: suggest_loguniform has been deprecated in v3.0.0. This feature will be removed in v6.0.0. See https://github.com/optuna/optuna/releases/tag/v3.0.0. Use suggest_float(..., log=True) instead.
  cps = trial.suggest_loguniform("changepoint_prior_scale", 0.001, 0.5)
C:\LocalHost\OptiBack\modulo_demanda\Algoritmo_Prophet\forecast_model.py:104: FutureWarning: suggest_loguniform has been deprecated in v3.0.0. This feature will be removed in v6.0.0. See https://github.com/optuna/optuna/releases/tag/v3.0.0. Use suggest_float(..., log=True) instead.
  sps = trial.suggest_loguniform("seasonality_prior_scale", 0.01, 10.0)
  0%|          | 0/2 [00:00<?, ?it/s] 50%|#####     | 1/2 [00:01<00:01,  1.75s/it]100%|##########| 2/2 [00:02<00:00,  1.13s/it]100%|##########| 2/2 [00:02<00:00,  1.22s/it]
