[I 2025-05-23 20:54:57,687] Trial 4 finished with value: 7.394403584752503 and parameters: {'changepoint_prior_scale': 0.14625204837221106, 'seasonality_prior_scale': 0.03503118858589489, 'n_changepoints': 22}. Best is trial 3 with value: 6.734105866428567.
C:\LocalHost\OptiBack\modulo_demanda\Algoritmo_Prophet\forecast_model.py:103: FutureWarning: suggest_loguniform has been deprecated in v3.0.0. This feature will be removed in v6.0.0. See https://github.com/optuna/optuna/releases/tag/v3.0.0. Use suggest_float(..., log=True) instead.
  cps = trial.suggest_loguniform("changepoint_prior_scale", 0.001, 0.5)
C:\LocalHost\OptiBack\modulo_demanda\Algoritmo_Prophet\forecast_model.py:104: FutureWarning: suggest_loguniform has been deprecated in v3.0.0. This feature will be removed in v6.0.0. See https://github.com/optuna/optuna/releases/tag/v3.0.0. Use suggest_float(..., log=True) instead.
  sps = trial.suggest_loguniform("seasonality_prior_scale", 0.01, 10.0)
  0%|          | 0/2 [00:00<?, ?it/s] 50%|#####     | 1/2 [00:01<00:01,  1.20s/it]100%|##########| 2/2 [00:01<00:00,  1.07it/s]100%|##########| 2/2 [00:01<00:00,  1.03it/s]
[I 2025-05-23 20:55:00,656] Trial 5 finished with value: 6.990403839863915 and parameters: {'changepoint_prior_scale': 0.00638738351030553, 'seasonality_prior_scale': 0.615540358687548, 'n_changepoints': 42}. Best is trial 3 with value: 6.734105866428567.
C:\LocalHost\OptiBack\modulo_demanda\Algoritmo_Prophet\forecast_model.py:103: FutureWarning: suggest_loguniform has been deprecated in v3.0.0. This feature will be removed in v6.0.0. See https://github.com/optuna/optuna/releases/tag/v3.0.0. Use suggest_float(..., log=True) instead.
  cps = trial.suggest_loguniform("changepoint_prior_scale", 0.001, 0.5)
C:\LocalHost\OptiBack\modulo_demanda\Algoritmo_Prophet\forecast_model.py:104: FutureWarning: suggest_loguniform has been deprecated in v3.0.0. This feature will be removed in v6.0.0. See https://github.com/optuna/optuna/releases/tag/v3.0.0. Use suggest_float(..., log=True) instead.
  sps = trial.suggest_loguniform("seasonality_prior_scale", 0.01, 10.0)
  0%|          | 0/2 [00:00<?, ?it/s] 50%|#####     | 1/2 [00:01<00:01,  1.06s/it]Optimization terminated abnormally. Falling back to Newton.
100%|##########| 2/2 [00:13<00:00,  7.96s/it]100%|##########| 2/2 [00:13<00:00,  6.92s/it]
[I 2025-05-23 20:55:15,294] Trial 6 finished with value: 7.131530525435382 and parameters: {'changepoint_prior_scale': 0.0018032307031822618, 'seasonality_prior_scale': 6.141675955608698, 'n_changepoints': 23}. Best is trial 3 with value: 6.734105866428567.
C:\LocalHost\OptiBack\modulo_demanda\Algoritmo_Prophet\forecast_model.py:103: FutureWarning: suggest_loguniform has been deprecated in v3.0.0. This feature will be removed in v6.0.0. See https://github.com/optuna/optuna/releases/tag/v3.0.0. Use suggest_float(..., log=True) instead.
  cps = trial.suggest_loguniform("changepoint_prior_scale", 0.001, 0.5)
C:\LocalHost\OptiBack\modulo_demanda\Algoritmo_Prophet\forecast_model.py:104: FutureWarning: suggest_loguniform has been deprecated in v3.0.0. This feature will be removed in v6.0.0. See https://github.com/optuna/optuna/releases/tag/v3.0.0. Use suggest_float(..., log=True) instead.
  sps = trial.suggest_loguniform("seasonality_prior_scale", 0.01, 10.0)
  0%|          | 0/2 [00:00<?, ?it/s] 50%|#####     | 1/2 [00:01<00:01,  1.04s/it]100%|##########| 2/2 [00:01<00:00,  1.28it/s]100%|##########| 2/2 [00:01<00:00,  1.22it/s]
[I 2025-05-23 20:55:17,810] Trial 7 finished with value: 7.053127308949135 and parameters: {'changepoint_prior_scale': 0.00955144815752974, 'seasonality_prior_scale': 0.15946004442542577, 'n_changepoints': 15}. Best is trial 3 with value: 6.734105866428567.
C:\LocalHost\OptiBack\modulo_demanda\Algoritmo_Prophet\forecast_model.py:103: FutureWarning: suggest_loguniform has been deprecated in v3.0.0. This feature will be removed in v6.0.0. See https://github.com/optuna/optuna/releases/tag/v3.0.0. Use suggest_float(..., log=True) instead.
  cps = trial.suggest_loguniform("changepoint_prior_scale", 0.001, 0.5)
C:\LocalHost\OptiBack\modulo_demanda\Algoritmo_Prophet\forecast_model.py:104: FutureWarning: suggest_loguniform has been deprecated in v3.0.0. This feature will be removed in v6.0.0. See https://github.com/optuna/optuna/releases/tag/v3.0.0. Use suggest_float(..., log=True) instead.
  sps = trial.suggest_loguniform("seasonality_prior_scale", 0.01, 10.0)
  0%|          | 0/2 [00:00<?, ?it/s] 50%|#####     | 1/2 [00:01<00:01,  1.94s/it]100%|##########| 2/2 [00:02<00:00,  1.19s/it]100%|##########| 2/2 [00:02<00:00,  1.30s/it]
[I 2025-05-23 20:55:21,226] Trial 8 finished with value: 6.968144534638718 and parameters: {'changepoint_prior_scale': 0.01628089165707842, 'seasonality_prior_scale': 0.17427156174588038, 'n_changepoints': 40}. Best is trial 3 with value: 6.734105866428567.
C:\LocalHost\OptiBack\modulo_demanda\Algoritmo_Prophet\forecast_model.py:103: FutureWarning: suggest_loguniform has been deprecated in v3.0.0. This feature will be removed in v6.0.0. See https://github.com/optuna/optuna/releases/tag/v3.0.0. Use suggest_float(..., log=True) instead.
  cps = trial.suggest_loguniform("changepoint_prior_scale", 0.001, 0.5)
C:\LocalHost\OptiBack\modulo_demanda\Algoritmo_Prophet\forecast_model.py:104: FutureWarning: suggest_loguniform has been deprecated in v3.0.0. This feature will be removed in v6.0.0. See https://github.com/optuna/optuna/releases/tag/v3.0.0. Use suggest_float(..., log=True) instead.
  sps = trial.suggest_loguniform("seasonality_prior_scale", 0.01, 10.0)
  0%|          | 0/2 [00:00<?, ?it/s] 50%|#####     | 1/2 [00:01<00:01,  1.71s/it]100%|##########| 2/2 [00:02<00:00,  1.05s/it]100%|##########| 2/2 [00:02<00:00,  1.15s/it]
[I 2025-05-23 20:55:24,342] Trial 9 finished with value: 8.38098158770755 and parameters: {'changepoint_prior_scale': 0.37141272515523605, 'seasonality_prior_scale': 0.19341083680745322, 'n_changepoints': 15}. Best is trial 3 with value: 6.734105866428567.
  0%|          | 0/2 [00:00<?, ?it/s] 50%|#####     | 1/2 [00:01<00:01,  1.22s/it]100%|##########| 2/2 [00:01<00:00,  1.09it/s]100%|##########| 2/2 [00:01<00:00,  1.04it/s]
Rendimiento para la combinación BMX_997-BMX_TRADICIONAL-BMX_3207:
  horizon        mse      rmse       mae     mdape     smape  coverage
0 21 days  23.278501  4.824780  4.066972  0.379294  0.573224  0.666667
1 28 days  19.533546  4.419677  3.854770  0.500244  0.466617  0.666667
2 35 days  21.141055  4.597940  4.146260  0.906923  0.547196  0.666667
3 42 days  20.741669  4.554302  4.311024  0.550797  0.546165  0.500000
4 49 days  24.026511  4.901684  4.581564  0.730094  0.619185  0.500000
          ds       yhat  yhat_lower  yhat_upper     y     cutoff
0 2022-10-24   8.943040    5.635091   12.608421   1.0 2022-10-17
1 2022-10-31  11.464814    7.613442   15.288270  13.0 2022-10-17
2 2022-11-07  12.351748    8.776513   15.958751   5.0 2022-10-17
3 2022-11-14  10.566842    6.776401   14.297014   7.0 2022-10-17
4 2022-11-21   9.683127    5.940991   13.523849  12.0 2022-10-17
Contenido de df_prophet antes de model.fit:
            ds    y  day_of_week  week_of_year  month
0   2021-01-04  5.0            0             1      1
1   2021-01-11  3.0            0             2      1
2   2021-01-18  5.0            0             3      1
3   2021-01-25  4.0            0             4      1
4   2021-02-01  2.0            0             5      2
..         ...  ...          ...           ...    ...
151 2023-11-27  0.0            0            48     11
152 2023-12-04  1.5            0            49     12
153 2023-12-11  2.5            0            50     12
154 2023-12-18  3.0            0            51     12
155 2023-12-25  2.0            0            52     12

[156 rows x 5 columns]
[I 2025-05-23 20:55:27,223] A new study created in memory with name: no-name-63d9c5a2-f54c-4cfb-8322-5366fec71ec4
C:\LocalHost\OptiBack\modulo_demanda\Algoritmo_Prophet\forecast_model.py:103: FutureWarning: suggest_loguniform has been deprecated in v3.0.0. This feature will be removed in v6.0.0. See https://github.com/optuna/optuna/releases/tag/v3.0.0. Use suggest_float(..., log=True) instead.
  cps = trial.suggest_loguniform("changepoint_prior_scale", 0.001, 0.5)
C:\LocalHost\OptiBack\modulo_demanda\Algoritmo_Prophet\forecast_model.py:104: FutureWarning: suggest_loguniform has been deprecated in v3.0.0. This feature will be removed in v6.0.0. See https://github.com/optuna/optuna/releases/tag/v3.0.0. Use suggest_float(..., log=True) instead.
  sps = trial.suggest_loguniform("seasonality_prior_scale", 0.01, 10.0)
  0%|          | 0/2 [00:00<?, ?it/s] 50%|#####     | 1/2 [00:01<00:01,  1.04s/it]100%|##########| 2/2 [00:01<00:00,  1.22it/s]100%|##########| 2/2 [00:01<00:00,  1.18it/s]
[I 2025-05-23 20:55:29,720] Trial 0 finished with value: 2.210113267764408 and parameters: {'changepoint_prior_scale': 0.013397528340082414, 'seasonality_prior_scale': 0.011336846016404615, 'n_changepoints': 14}. Best is trial 0 with value: 2.210113267764408.
C:\LocalHost\OptiBack\modulo_demanda\Algoritmo_Prophet\forecast_model.py:103: FutureWarning: suggest_loguniform has been deprecated in v3.0.0. This feature will be removed in v6.0.0. See https://github.com/optuna/optuna/releases/tag/v3.0.0. Use suggest_float(..., log=True) instead.
  cps = trial.suggest_loguniform("changepoint_prior_scale", 0.001, 0.5)
C:\LocalHost\OptiBack\modulo_demanda\Algoritmo_Prophet\forecast_model.py:104: FutureWarning: suggest_loguniform has been deprecated in v3.0.0. This feature will be removed in v6.0.0. See https://github.com/optuna/optuna/releases/tag/v3.0.0. Use suggest_float(..., log=True) instead.
  sps = trial.suggest_loguniform("seasonality_prior_scale", 0.01, 10.0)
  0%|          | 0/2 [00:00<?, ?it/s] 50%|#####     | 1/2 [00:01<00:01,  1.00s/it]100%|##########| 2/2 [00:01<00:00,  1.01it/s]100%|##########| 2/2 [00:01<00:00,  1.01it/s]
[I 2025-05-23 20:55:32,971] Trial 1 finished with value: 2.1347720992409487 and parameters: {'changepoint_prior_scale': 0.008912154648840777, 'seasonality_prior_scale': 0.01196732117446536, 'n_changepoints': 5}. Best is trial 1 with value: 2.1347720992409487.
C:\LocalHost\OptiBack\modulo_demanda\Algoritmo_Prophet\forecast_model.py:103: FutureWarning: suggest_loguniform has been deprecated in v3.0.0. This feature will be removed in v6.0.0. See https://github.com/optuna/optuna/releases/tag/v3.0.0. Use suggest_float(..., log=True) instead.
  cps = trial.suggest_loguniform("changepoint_prior_scale", 0.001, 0.5)
C:\LocalHost\OptiBack\modulo_demanda\Algoritmo_Prophet\forecast_model.py:104: FutureWarning: suggest_loguniform has been deprecated in v3.0.0. This feature will be removed in v6.0.0. See https://github.com/optuna/optuna/releases/tag/v3.0.0. Use suggest_float(..., log=True) instead.
  sps = trial.suggest_loguniform("seasonality_prior_scale", 0.01, 10.0)
  0%|          | 0/2 [00:00<?, ?it/s] 50%|#####     | 1/2 [00:02<00:02,  2.02s/it]100%|##########| 2/2 [00:02<00:00,  1.28s/it]100%|##########| 2/2 [00:02<00:00,  1.39s/it]
[I 2025-05-23 20:55:37,314] Trial 2 finished with value: 2.707043159561002 and parameters: {'changepoint_prior_scale': 0.12889300760398556, 'seasonality_prior_scale': 2.8062115824368026, 'n_changepoints': 25}. Best is trial 1 with value: 2.1347720992409487.
C:\LocalHost\OptiBack\modulo_demanda\Algoritmo_Prophet\forecast_model.py:103: FutureWarning: suggest_loguniform has been deprecated in v3.0.0. This feature will be removed in v6.0.0. See https://github.com/optuna/optuna/releases/tag/v3.0.0. Use suggest_float(..., log=True) instead.
  cps = trial.suggest_loguniform("changepoint_prior_scale", 0.001, 0.5)
C:\LocalHost\OptiBack\modulo_demanda\Algoritmo_Prophet\forecast_model.py:104: FutureWarning: suggest_loguniform has been deprecated in v3.0.0. This feature will be removed in v6.0.0. See https://github.com/optuna/optuna/releases/tag/v3.0.0. Use suggest_float(..., log=True) instead.
  sps = trial.suggest_loguniform("seasonality_prior_scale", 0.01, 10.0)
  0%|          | 0/2 [00:00<?, ?it/s] 50%|#####     | 1/2 [00:02<00:02,  2.26s/it]100%|##########| 2/2 [00:02<00:00,  1.28s/it]100%|##########| 2/2 [00:02<00:00,  1.42s/it]
[I 2025-05-23 20:55:41,057] Trial 3 finished with value: 2.3950931273878346 and parameters: {'changepoint_prior_scale': 0.12002640515992309, 'seasonality_prior_scale': 0.051486924601804616, 'n_changepoints': 32}. Best is trial 1 with value: 2.1347720992409487.
C:\LocalHost\OptiBack\modulo_demanda\Algoritmo_Prophet\forecast_model.py:103: FutureWarning: suggest_loguniform has been deprecated in v3.0.0. This feature will be removed in v6.0.0. See https://github.com/optuna/optuna/releases/tag/v3.0.0. Use suggest_float(..., log=True) instead.
  cps = trial.suggest_loguniform("changepoint_prior_scale", 0.001, 0.5)
C:\LocalHost\OptiBack\modulo_demanda\Algoritmo_Prophet\forecast_model.py:104: FutureWarning: suggest_loguniform has been deprecated in v3.0.0. This feature will be removed in v6.0.0. See https://github.com/optuna/optuna/releases/tag/v3.0.0. Use suggest_float(..., log=True) instead.
  sps = trial.suggest_loguniform("seasonality_prior_scale", 0.01, 10.0)
  0%|          | 0/2 [00:00<?, ?it/s] 50%|#####     | 1/2 [00:03<00:03,  3.09s/it]100%|##########| 2/2 [00:03<00:00,  1.60s/it]100%|##########| 2/2 [00:03<00:00,  1.82s/it]
[I 2025-05-23 20:55:45,492] Trial 4 finished with value: 2.4130507400548913 and parameters: {'changepoint_prior_scale': 0.42040778405878043, 'seasonality_prior_scale': 0.23122351470138006, 'n_changepoints': 33}. Best is trial 1 with value: 2.1347720992409487.
C:\LocalHost\OptiBack\modulo_demanda\Algoritmo_Prophet\forecast_model.py:103: FutureWarning: suggest_loguniform has been deprecated in v3.0.0. This feature will be removed in v6.0.0. See https://github.com/optuna/optuna/releases/tag/v3.0.0. Use suggest_float(..., log=True) instead.
  cps = trial.suggest_loguniform("changepoint_prior_scale", 0.001, 0.5)
C:\LocalHost\OptiBack\modulo_demanda\Algoritmo_Prophet\forecast_model.py:104: FutureWarning: suggest_loguniform has been deprecated in v3.0.0. This feature will be removed in v6.0.0. See https://github.com/optuna/optuna/releases/tag/v3.0.0. Use suggest_float(..., log=True) instead.
  sps = trial.suggest_loguniform("seasonality_prior_scale", 0.01, 10.0)
  0%|          | 0/2 [00:00<?, ?it/s] 50%|#####     | 1/2 [00:01<00:01,  1.77s/it]100%|##########| 2/2 [00:02<00:00,  1.10s/it]100%|##########| 2/2 [00:02<00:00,  1.20s/it]
[I 2025-05-23 20:55:48,648] Trial 5 finished with value: 2.5991048771673304 and parameters: {'changepoint_prior_scale': 0.05043038776986988, 'seasonality_prior_scale': 0.4494239836029108, 'n_changepoints': 36}. Best is trial 1 with value: 2.1347720992409487.
C:\LocalHost\OptiBack\modulo_demanda\Algoritmo_Prophet\forecast_model.py:103: FutureWarning: suggest_loguniform has been deprecated in v3.0.0. This feature will be removed in v6.0.0. See https://github.com/optuna/optuna/releases/tag/v3.0.0. Use suggest_float(..., log=True) instead.
  cps = trial.suggest_loguniform("changepoint_prior_scale", 0.001, 0.5)
C:\LocalHost\OptiBack\modulo_demanda\Algoritmo_Prophet\forecast_model.py:104: FutureWarning: suggest_loguniform has been deprecated in v3.0.0. This feature will be removed in v6.0.0. See https://github.com/optuna/optuna/releases/tag/v3.0.0. Use suggest_float(..., log=True) instead.
  sps = trial.suggest_loguniform("seasonality_prior_scale", 0.01, 10.0)
  0%|          | 0/2 [00:00<?, ?it/s] 50%|#####     | 1/2 [00:00<00:00,  1.36it/s]100%|##########| 2/2 [00:01<00:00,  1.52it/s]100%|##########| 2/2 [00:01<00:00,  1.50it/s]
[I 2025-05-23 20:55:50,869] Trial 6 finished with value: 2.133375182603473 and parameters: {'changepoint_prior_scale': 0.007326605574603489, 'seasonality_prior_scale': 0.014525109137961859, 'n_changepoints': 5}. Best is trial 6 with value: 2.133375182603473.
C:\LocalHost\OptiBack\modulo_demanda\Algoritmo_Prophet\forecast_model.py:103: FutureWarning: suggest_loguniform has been deprecated in v3.0.0. This feature will be removed in v6.0.0. See https://github.com/optuna/optuna/releases/tag/v3.0.0. Use suggest_float(..., log=True) instead.
  cps = trial.suggest_loguniform("changepoint_prior_scale", 0.001, 0.5)
C:\LocalHost\OptiBack\modulo_demanda\Algoritmo_Prophet\forecast_model.py:104: FutureWarning: suggest_loguniform has been deprecated in v3.0.0. This feature will be removed in v6.0.0. See https://github.com/optuna/optuna/releases/tag/v3.0.0. Use suggest_float(..., log=True) instead.
  sps = trial.suggest_loguniform("seasonality_prior_scale", 0.01, 10.0)
  0%|          | 0/2 [00:00<?, ?it/s] 50%|#####     | 1/2 [00:02<00:02,  2.49s/it]100%|##########| 2/2 [00:03<00:00,  1.45s/it]100%|##########| 2/2 [00:03<00:00,  1.61s/it]
[I 2025-05-23 20:55:55,430] Trial 7 finished with value: 2.5045318795342477 and parameters: {'changepoint_prior_scale': 0.14307881187938076, 'seasonality_prior_scale': 0.2189851432877871, 'n_changepoints': 50}. Best is trial 6 with value: 2.133375182603473.
C:\LocalHost\OptiBack\modulo_demanda\Algoritmo_Prophet\forecast_model.py:103: FutureWarning: suggest_loguniform has been deprecated in v3.0.0. This feature will be removed in v6.0.0. See https://github.com/optuna/optuna/releases/tag/v3.0.0. Use suggest_float(..., log=True) instead.
  cps = trial.suggest_loguniform("changepoint_prior_scale", 0.001, 0.5)
C:\LocalHost\OptiBack\modulo_demanda\Algoritmo_Prophet\forecast_model.py:104: FutureWarning: suggest_loguniform has been deprecated in v3.0.0. This feature will be removed in v6.0.0. See https://github.com/optuna/optuna/releases/tag/v3.0.0. Use suggest_float(..., log=True) instead.
  sps = trial.suggest_loguniform("seasonality_prior_scale", 0.01, 10.0)
  0%|          | 0/2 [00:00<?, ?it/s] 50%|#####     | 1/2 [00:01<00:01,  1.35s/it]Optimization terminated abnormally. Falling back to Newton.
100%|##########| 2/2 [00:02<00:00,  1.22s/it]100%|##########| 2/2 [00:02<00:00,  1.24s/it]
[I 2025-05-23 20:55:59,055] Trial 8 finished with value: 2.4631781622168263 and parameters: {'changepoint_prior_scale': 0.0010592355360385325, 'seasonality_prior_scale': 0.20146611097299105, 'n_changepoints': 20}. Best is trial 6 with value: 2.133375182603473.
C:\LocalHost\OptiBack\modulo_demanda\Algoritmo_Prophet\forecast_model.py:103: FutureWarning: suggest_loguniform has been deprecated in v3.0.0. This feature will be removed in v6.0.0. See https://github.com/optuna/optuna/releases/tag/v3.0.0. Use suggest_float(..., log=True) instead.
  cps = trial.suggest_loguniform("changepoint_prior_scale", 0.001, 0.5)
C:\LocalHost\OptiBack\modulo_demanda\Algoritmo_Prophet\forecast_model.py:104: FutureWarning: suggest_loguniform has been deprecated in v3.0.0. This feature will be removed in v6.0.0. See https://github.com/optuna/optuna/releases/tag/v3.0.0. Use suggest_float(..., log=True) instead.
  sps = trial.suggest_loguniform("seasonality_prior_scale", 0.01, 10.0)
  0%|          | 0/2 [00:00<?, ?it/s] 50%|#####     | 1/2 [00:01<00:01,  1.61s/it]100%|##########| 2/2 [00:02<00:00,  1.07s/it]100%|##########| 2/2 [00:02<00:00,  1.15s/it]
