[I 2025-05-23 20:27:43,163] Trial 3 finished with value: 42.520983921544996 and parameters: {'changepoint_prior_scale': 0.004273205023215504, 'seasonality_prior_scale': 0.8652229975259276, 'n_changepoints': 49}. Best is trial 2 with value: 41.643281410393385.
C:\LocalHost\OptiBack\modulo_demanda\Algoritmo_Prophet\forecast_model.py:103: FutureWarning: suggest_loguniform has been deprecated in v3.0.0. This feature will be removed in v6.0.0. See https://github.com/optuna/optuna/releases/tag/v3.0.0. Use suggest_float(..., log=True) instead.
  cps = trial.suggest_loguniform("changepoint_prior_scale", 0.001, 0.5)
C:\LocalHost\OptiBack\modulo_demanda\Algoritmo_Prophet\forecast_model.py:104: FutureWarning: suggest_loguniform has been deprecated in v3.0.0. This feature will be removed in v6.0.0. See https://github.com/optuna/optuna/releases/tag/v3.0.0. Use suggest_float(..., log=True) instead.
  sps = trial.suggest_loguniform("seasonality_prior_scale", 0.01, 10.0)
  0%|          | 0/2 [00:00<?, ?it/s] 50%|#####     | 1/2 [00:02<00:02,  2.29s/it]100%|##########| 2/2 [00:02<00:00,  1.31s/it]100%|##########| 2/2 [00:02<00:00,  1.46s/it]
[I 2025-05-23 20:27:47,081] Trial 4 finished with value: 33.798195194169914 and parameters: {'changepoint_prior_scale': 0.047616349383183466, 'seasonality_prior_scale': 0.10697168206615541, 'n_changepoints': 38}. Best is trial 4 with value: 33.798195194169914.
C:\LocalHost\OptiBack\modulo_demanda\Algoritmo_Prophet\forecast_model.py:103: FutureWarning: suggest_loguniform has been deprecated in v3.0.0. This feature will be removed in v6.0.0. See https://github.com/optuna/optuna/releases/tag/v3.0.0. Use suggest_float(..., log=True) instead.
  cps = trial.suggest_loguniform("changepoint_prior_scale", 0.001, 0.5)
C:\LocalHost\OptiBack\modulo_demanda\Algoritmo_Prophet\forecast_model.py:104: FutureWarning: suggest_loguniform has been deprecated in v3.0.0. This feature will be removed in v6.0.0. See https://github.com/optuna/optuna/releases/tag/v3.0.0. Use suggest_float(..., log=True) instead.
  sps = trial.suggest_loguniform("seasonality_prior_scale", 0.01, 10.0)
  0%|          | 0/2 [00:00<?, ?it/s] 50%|#####     | 1/2 [00:01<00:01,  1.92s/it]100%|##########| 2/2 [00:02<00:00,  1.12s/it]100%|##########| 2/2 [00:02<00:00,  1.24s/it]
[I 2025-05-23 20:27:50,762] Trial 5 finished with value: 29.43360098909065 and parameters: {'changepoint_prior_scale': 0.3546532503461769, 'seasonality_prior_scale': 0.10358599166121905, 'n_changepoints': 15}. Best is trial 5 with value: 29.43360098909065.
C:\LocalHost\OptiBack\modulo_demanda\Algoritmo_Prophet\forecast_model.py:103: FutureWarning: suggest_loguniform has been deprecated in v3.0.0. This feature will be removed in v6.0.0. See https://github.com/optuna/optuna/releases/tag/v3.0.0. Use suggest_float(..., log=True) instead.
  cps = trial.suggest_loguniform("changepoint_prior_scale", 0.001, 0.5)
C:\LocalHost\OptiBack\modulo_demanda\Algoritmo_Prophet\forecast_model.py:104: FutureWarning: suggest_loguniform has been deprecated in v3.0.0. This feature will be removed in v6.0.0. See https://github.com/optuna/optuna/releases/tag/v3.0.0. Use suggest_float(..., log=True) instead.
  sps = trial.suggest_loguniform("seasonality_prior_scale", 0.01, 10.0)
Optimization terminated abnormally. Falling back to Newton.
  0%|          | 0/2 [00:00<?, ?it/s] 50%|#####     | 1/2 [00:01<00:01,  1.02s/it]Optimization terminated abnormally. Falling back to Newton.
100%|##########| 2/2 [00:02<00:00,  1.11s/it]100%|##########| 2/2 [00:02<00:00,  1.10s/it]
[I 2025-05-23 20:27:54,826] Trial 6 finished with value: 42.803431550656846 and parameters: {'changepoint_prior_scale': 0.001030278435284192, 'seasonality_prior_scale': 4.3460157091974905, 'n_changepoints': 12}. Best is trial 5 with value: 29.43360098909065.
C:\LocalHost\OptiBack\modulo_demanda\Algoritmo_Prophet\forecast_model.py:103: FutureWarning: suggest_loguniform has been deprecated in v3.0.0. This feature will be removed in v6.0.0. See https://github.com/optuna/optuna/releases/tag/v3.0.0. Use suggest_float(..., log=True) instead.
  cps = trial.suggest_loguniform("changepoint_prior_scale", 0.001, 0.5)
C:\LocalHost\OptiBack\modulo_demanda\Algoritmo_Prophet\forecast_model.py:104: FutureWarning: suggest_loguniform has been deprecated in v3.0.0. This feature will be removed in v6.0.0. See https://github.com/optuna/optuna/releases/tag/v3.0.0. Use suggest_float(..., log=True) instead.
  sps = trial.suggest_loguniform("seasonality_prior_scale", 0.01, 10.0)
  0%|          | 0/2 [00:00<?, ?it/s] 50%|#####     | 1/2 [00:01<00:01,  1.15s/it]100%|##########| 2/2 [00:01<00:00,  1.39it/s]100%|##########| 2/2 [00:01<00:00,  1.27it/s]
[I 2025-05-23 20:27:57,181] Trial 7 finished with value: 33.35038396051642 and parameters: {'changepoint_prior_scale': 0.12125398928318865, 'seasonality_prior_scale': 0.01974897968442705, 'n_changepoints': 7}. Best is trial 5 with value: 29.43360098909065.
C:\LocalHost\OptiBack\modulo_demanda\Algoritmo_Prophet\forecast_model.py:103: FutureWarning: suggest_loguniform has been deprecated in v3.0.0. This feature will be removed in v6.0.0. See https://github.com/optuna/optuna/releases/tag/v3.0.0. Use suggest_float(..., log=True) instead.
  cps = trial.suggest_loguniform("changepoint_prior_scale", 0.001, 0.5)
C:\LocalHost\OptiBack\modulo_demanda\Algoritmo_Prophet\forecast_model.py:104: FutureWarning: suggest_loguniform has been deprecated in v3.0.0. This feature will be removed in v6.0.0. See https://github.com/optuna/optuna/releases/tag/v3.0.0. Use suggest_float(..., log=True) instead.
  sps = trial.suggest_loguniform("seasonality_prior_scale", 0.01, 10.0)
  0%|          | 0/2 [00:00<?, ?it/s] 50%|#####     | 1/2 [00:01<00:01,  1.29s/it]100%|##########| 2/2 [00:01<00:00,  1.10it/s]100%|##########| 2/2 [00:01<00:00,  1.03it/s]
[I 2025-05-23 20:28:00,466] Trial 8 finished with value: 41.643988225304504 and parameters: {'changepoint_prior_scale': 0.005931697443104155, 'seasonality_prior_scale': 2.38213933689219, 'n_changepoints': 29}. Best is trial 5 with value: 29.43360098909065.
C:\LocalHost\OptiBack\modulo_demanda\Algoritmo_Prophet\forecast_model.py:103: FutureWarning: suggest_loguniform has been deprecated in v3.0.0. This feature will be removed in v6.0.0. See https://github.com/optuna/optuna/releases/tag/v3.0.0. Use suggest_float(..., log=True) instead.
  cps = trial.suggest_loguniform("changepoint_prior_scale", 0.001, 0.5)
C:\LocalHost\OptiBack\modulo_demanda\Algoritmo_Prophet\forecast_model.py:104: FutureWarning: suggest_loguniform has been deprecated in v3.0.0. This feature will be removed in v6.0.0. See https://github.com/optuna/optuna/releases/tag/v3.0.0. Use suggest_float(..., log=True) instead.
  sps = trial.suggest_loguniform("seasonality_prior_scale", 0.01, 10.0)
  0%|          | 0/2 [00:00<?, ?it/s] 50%|#####     | 1/2 [00:00<00:00,  1.06it/s]100%|##########| 2/2 [00:01<00:00,  1.60it/s]100%|##########| 2/2 [00:01<00:00,  1.49it/s]
[I 2025-05-23 20:28:02,611] Trial 9 finished with value: 42.33866958804957 and parameters: {'changepoint_prior_scale': 0.020314315864272712, 'seasonality_prior_scale': 0.01922101373020853, 'n_changepoints': 7}. Best is trial 5 with value: 29.43360098909065.
  0%|          | 0/2 [00:00<?, ?it/s] 50%|#####     | 1/2 [00:01<00:01,  1.68s/it]100%|##########| 2/2 [00:02<00:00,  1.04it/s]100%|##########| 2/2 [00:02<00:00,  1.07s/it]
Rendimiento para la combinación BMX_2-BMX_HOGAR-BMX_3203:
  horizon          mse       rmse  ...     mdape     smape  coverage
0 21 days   188.592555  13.732900  ...  0.149622  0.149960  0.333333
1 28 days   459.464994  21.435135  ...  0.187213  0.201939  0.333333
2 35 days  1950.499805  44.164463  ...  0.262958  0.390815  0.333333
3 42 days  2222.988795  47.148582  ...  0.358313  0.472670  0.166667
4 49 days  2469.686669  49.695942  ...  0.382868  0.477349  0.166667

[5 rows x 8 columns]
          ds       yhat  yhat_lower  yhat_upper      y     cutoff
0 2022-10-24  69.441708   61.751195   77.325422  63.00 2022-10-17
1 2022-10-31  67.838968   60.591886   75.479424  56.00 2022-10-17
2 2022-11-07  63.607857   56.066643   71.594390  65.25 2022-10-17
3 2022-11-14  63.202851   55.724451   70.887479  56.50 2022-10-17
4 2022-11-21  62.270426   54.590626   70.169060  27.00 2022-10-17
Contenido de df_prophet antes de model.fit:
            ds         y  day_of_week  week_of_year  month
0   2021-01-04  1760.000            0             1      1
1   2021-01-11  1372.000            0             2      1
2   2021-01-18  1478.000            0             3      1
3   2021-01-25  1742.875            0             4      1
4   2021-02-01  1738.000            0             5      2
..         ...       ...          ...           ...    ...
151 2023-11-27  2665.000            0            48     11
152 2023-12-04  3017.875            0            49     12
153 2023-12-11  2829.375            0            50     12
154 2023-12-18  3421.500            0            51     12
155 2023-12-25  3055.125            0            52     12

[156 rows x 5 columns]
[I 2025-05-23 20:28:05,591] A new study created in memory with name: no-name-e2ce68a5-743b-4394-b397-483c9fa83334
C:\LocalHost\OptiBack\modulo_demanda\Algoritmo_Prophet\forecast_model.py:103: FutureWarning: suggest_loguniform has been deprecated in v3.0.0. This feature will be removed in v6.0.0. See https://github.com/optuna/optuna/releases/tag/v3.0.0. Use suggest_float(..., log=True) instead.
  cps = trial.suggest_loguniform("changepoint_prior_scale", 0.001, 0.5)
C:\LocalHost\OptiBack\modulo_demanda\Algoritmo_Prophet\forecast_model.py:104: FutureWarning: suggest_loguniform has been deprecated in v3.0.0. This feature will be removed in v6.0.0. See https://github.com/optuna/optuna/releases/tag/v3.0.0. Use suggest_float(..., log=True) instead.
  sps = trial.suggest_loguniform("seasonality_prior_scale", 0.01, 10.0)
  0%|          | 0/2 [00:00<?, ?it/s] 50%|#####     | 1/2 [00:01<00:01,  1.51s/it]100%|##########| 2/2 [00:02<00:00,  1.04s/it]100%|##########| 2/2 [00:02<00:00,  1.11s/it]
[I 2025-05-23 20:28:08,734] Trial 0 finished with value: 662.3537259363368 and parameters: {'changepoint_prior_scale': 0.011077354404195373, 'seasonality_prior_scale': 0.025953744398120992, 'n_changepoints': 49}. Best is trial 0 with value: 662.3537259363368.
C:\LocalHost\OptiBack\modulo_demanda\Algoritmo_Prophet\forecast_model.py:103: FutureWarning: suggest_loguniform has been deprecated in v3.0.0. This feature will be removed in v6.0.0. See https://github.com/optuna/optuna/releases/tag/v3.0.0. Use suggest_float(..., log=True) instead.
  cps = trial.suggest_loguniform("changepoint_prior_scale", 0.001, 0.5)
C:\LocalHost\OptiBack\modulo_demanda\Algoritmo_Prophet\forecast_model.py:104: FutureWarning: suggest_loguniform has been deprecated in v3.0.0. This feature will be removed in v6.0.0. See https://github.com/optuna/optuna/releases/tag/v3.0.0. Use suggest_float(..., log=True) instead.
  sps = trial.suggest_loguniform("seasonality_prior_scale", 0.01, 10.0)
  0%|          | 0/2 [00:00<?, ?it/s] 50%|#####     | 1/2 [00:02<00:02,  2.57s/it]100%|##########| 2/2 [00:03<00:00,  1.40s/it]100%|##########| 2/2 [00:03<00:00,  1.58s/it]
[I 2025-05-23 20:28:12,805] Trial 1 finished with value: 884.3496530095915 and parameters: {'changepoint_prior_scale': 0.23688327869151157, 'seasonality_prior_scale': 0.0646912252132336, 'n_changepoints': 43}. Best is trial 0 with value: 662.3537259363368.
C:\LocalHost\OptiBack\modulo_demanda\Algoritmo_Prophet\forecast_model.py:103: FutureWarning: suggest_loguniform has been deprecated in v3.0.0. This feature will be removed in v6.0.0. See https://github.com/optuna/optuna/releases/tag/v3.0.0. Use suggest_float(..., log=True) instead.
  cps = trial.suggest_loguniform("changepoint_prior_scale", 0.001, 0.5)
C:\LocalHost\OptiBack\modulo_demanda\Algoritmo_Prophet\forecast_model.py:104: FutureWarning: suggest_loguniform has been deprecated in v3.0.0. This feature will be removed in v6.0.0. See https://github.com/optuna/optuna/releases/tag/v3.0.0. Use suggest_float(..., log=True) instead.
  sps = trial.suggest_loguniform("seasonality_prior_scale", 0.01, 10.0)
  0%|          | 0/2 [00:00<?, ?it/s] 50%|#####     | 1/2 [00:01<00:01,  1.85s/it]100%|##########| 2/2 [00:02<00:00,  1.28s/it]100%|##########| 2/2 [00:02<00:00,  1.37s/it]
[I 2025-05-23 20:28:16,446] Trial 2 finished with value: 648.3872734667175 and parameters: {'changepoint_prior_scale': 0.07814874287644485, 'seasonality_prior_scale': 0.6289178742297766, 'n_changepoints': 42}. Best is trial 2 with value: 648.3872734667175.
C:\LocalHost\OptiBack\modulo_demanda\Algoritmo_Prophet\forecast_model.py:103: FutureWarning: suggest_loguniform has been deprecated in v3.0.0. This feature will be removed in v6.0.0. See https://github.com/optuna/optuna/releases/tag/v3.0.0. Use suggest_float(..., log=True) instead.
  cps = trial.suggest_loguniform("changepoint_prior_scale", 0.001, 0.5)
C:\LocalHost\OptiBack\modulo_demanda\Algoritmo_Prophet\forecast_model.py:104: FutureWarning: suggest_loguniform has been deprecated in v3.0.0. This feature will be removed in v6.0.0. See https://github.com/optuna/optuna/releases/tag/v3.0.0. Use suggest_float(..., log=True) instead.
  sps = trial.suggest_loguniform("seasonality_prior_scale", 0.01, 10.0)
  0%|          | 0/2 [00:00<?, ?it/s] 50%|#####     | 1/2 [00:01<00:01,  1.70s/it]100%|##########| 2/2 [00:02<00:00,  1.09s/it]100%|##########| 2/2 [00:02<00:00,  1.18s/it]
[I 2025-05-23 20:28:19,653] Trial 3 finished with value: 670.23640691655 and parameters: {'changepoint_prior_scale': 0.04132896987676634, 'seasonality_prior_scale': 0.4254705595243256, 'n_changepoints': 37}. Best is trial 2 with value: 648.3872734667175.
C:\LocalHost\OptiBack\modulo_demanda\Algoritmo_Prophet\forecast_model.py:103: FutureWarning: suggest_loguniform has been deprecated in v3.0.0. This feature will be removed in v6.0.0. See https://github.com/optuna/optuna/releases/tag/v3.0.0. Use suggest_float(..., log=True) instead.
  cps = trial.suggest_loguniform("changepoint_prior_scale", 0.001, 0.5)
C:\LocalHost\OptiBack\modulo_demanda\Algoritmo_Prophet\forecast_model.py:104: FutureWarning: suggest_loguniform has been deprecated in v3.0.0. This feature will be removed in v6.0.0. See https://github.com/optuna/optuna/releases/tag/v3.0.0. Use suggest_float(..., log=True) instead.
  sps = trial.suggest_loguniform("seasonality_prior_scale", 0.01, 10.0)
Optimization terminated abnormally. Falling back to Newton.
  0%|          | 0/2 [00:00<?, ?it/s] 50%|#####     | 1/2 [00:01<00:01,  1.87s/it]100%|##########| 2/2 [00:02<00:00,  1.14s/it]100%|##########| 2/2 [00:02<00:00,  1.25s/it]
[I 2025-05-23 20:28:23,836] Trial 4 finished with value: 560.7659597914266 and parameters: {'changepoint_prior_scale': 0.0027923622244860123, 'seasonality_prior_scale': 0.5362494577777578, 'n_changepoints': 25}. Best is trial 4 with value: 560.7659597914266.
C:\LocalHost\OptiBack\modulo_demanda\Algoritmo_Prophet\forecast_model.py:103: FutureWarning: suggest_loguniform has been deprecated in v3.0.0. This feature will be removed in v6.0.0. See https://github.com/optuna/optuna/releases/tag/v3.0.0. Use suggest_float(..., log=True) instead.
  cps = trial.suggest_loguniform("changepoint_prior_scale", 0.001, 0.5)
C:\LocalHost\OptiBack\modulo_demanda\Algoritmo_Prophet\forecast_model.py:104: FutureWarning: suggest_loguniform has been deprecated in v3.0.0. This feature will be removed in v6.0.0. See https://github.com/optuna/optuna/releases/tag/v3.0.0. Use suggest_float(..., log=True) instead.
  sps = trial.suggest_loguniform("seasonality_prior_scale", 0.01, 10.0)
  0%|          | 0/2 [00:00<?, ?it/s] 50%|#####     | 1/2 [00:01<00:01,  1.41s/it]100%|##########| 2/2 [00:02<00:00,  1.02s/it]100%|##########| 2/2 [00:02<00:00,  1.08s/it]
[I 2025-05-23 20:28:26,889] Trial 5 finished with value: 873.2036718630683 and parameters: {'changepoint_prior_scale': 0.49135682687941723, 'seasonality_prior_scale': 0.01970458318785137, 'n_changepoints': 12}. Best is trial 4 with value: 560.7659597914266.
C:\LocalHost\OptiBack\modulo_demanda\Algoritmo_Prophet\forecast_model.py:103: FutureWarning: suggest_loguniform has been deprecated in v3.0.0. This feature will be removed in v6.0.0. See https://github.com/optuna/optuna/releases/tag/v3.0.0. Use suggest_float(..., log=True) instead.
  cps = trial.suggest_loguniform("changepoint_prior_scale", 0.001, 0.5)
C:\LocalHost\OptiBack\modulo_demanda\Algoritmo_Prophet\forecast_model.py:104: FutureWarning: suggest_loguniform has been deprecated in v3.0.0. This feature will be removed in v6.0.0. See https://github.com/optuna/optuna/releases/tag/v3.0.0. Use suggest_float(..., log=True) instead.
  sps = trial.suggest_loguniform("seasonality_prior_scale", 0.01, 10.0)
  0%|          | 0/2 [00:00<?, ?it/s] 50%|#####     | 1/2 [00:01<00:01,  1.19s/it]100%|##########| 2/2 [00:01<00:00,  1.18it/s]100%|##########| 2/2 [00:01<00:00,  1.11it/s]
[I 2025-05-23 20:28:29,607] Trial 6 finished with value: 665.7463148064923 and parameters: {'changepoint_prior_scale': 0.04814271595247636, 'seasonality_prior_scale': 0.7242838074122256, 'n_changepoints': 25}. Best is trial 4 with value: 560.7659597914266.
C:\LocalHost\OptiBack\modulo_demanda\Algoritmo_Prophet\forecast_model.py:103: FutureWarning: suggest_loguniform has been deprecated in v3.0.0. This feature will be removed in v6.0.0. See https://github.com/optuna/optuna/releases/tag/v3.0.0. Use suggest_float(..., log=True) instead.
  cps = trial.suggest_loguniform("changepoint_prior_scale", 0.001, 0.5)
C:\LocalHost\OptiBack\modulo_demanda\Algoritmo_Prophet\forecast_model.py:104: FutureWarning: suggest_loguniform has been deprecated in v3.0.0. This feature will be removed in v6.0.0. See https://github.com/optuna/optuna/releases/tag/v3.0.0. Use suggest_float(..., log=True) instead.
  sps = trial.suggest_loguniform("seasonality_prior_scale", 0.01, 10.0)
  0%|          | 0/2 [00:00<?, ?it/s] 50%|#####     | 1/2 [00:01<00:01,  1.44s/it]100%|##########| 2/2 [00:02<00:00,  1.04it/s]100%|##########| 2/2 [00:02<00:00,  1.03s/it]
[I 2025-05-23 20:28:32,913] Trial 7 finished with value: 670.7452382528999 and parameters: {'changepoint_prior_scale': 0.07077284072356867, 'seasonality_prior_scale': 1.0675766313970145, 'n_changepoints': 17}. Best is trial 4 with value: 560.7659597914266.
C:\LocalHost\OptiBack\modulo_demanda\Algoritmo_Prophet\forecast_model.py:103: FutureWarning: suggest_loguniform has been deprecated in v3.0.0. This feature will be removed in v6.0.0. See https://github.com/optuna/optuna/releases/tag/v3.0.0. Use suggest_float(..., log=True) instead.
  cps = trial.suggest_loguniform("changepoint_prior_scale", 0.001, 0.5)
C:\LocalHost\OptiBack\modulo_demanda\Algoritmo_Prophet\forecast_model.py:104: FutureWarning: suggest_loguniform has been deprecated in v3.0.0. This feature will be removed in v6.0.0. See https://github.com/optuna/optuna/releases/tag/v3.0.0. Use suggest_float(..., log=True) instead.
  sps = trial.suggest_loguniform("seasonality_prior_scale", 0.01, 10.0)
  0%|          | 0/2 [00:00<?, ?it/s] 50%|#####     | 1/2 [00:01<00:01,  1.44s/it]100%|##########| 2/2 [00:02<00:00,  1.04it/s]100%|##########| 2/2 [00:02<00:00,  1.04s/it]
[I 2025-05-23 20:28:35,927] Trial 8 finished with value: 684.4273065732484 and parameters: {'changepoint_prior_scale': 0.07435520224919384, 'seasonality_prior_scale': 4.1010969038536595, 'n_changepoints': 41}. Best is trial 4 with value: 560.7659597914266.
C:\LocalHost\OptiBack\modulo_demanda\Algoritmo_Prophet\forecast_model.py:103: FutureWarning: suggest_loguniform has been deprecated in v3.0.0. This feature will be removed in v6.0.0. See https://github.com/optuna/optuna/releases/tag/v3.0.0. Use suggest_float(..., log=True) instead.
  cps = trial.suggest_loguniform("changepoint_prior_scale", 0.001, 0.5)
C:\LocalHost\OptiBack\modulo_demanda\Algoritmo_Prophet\forecast_model.py:104: FutureWarning: suggest_loguniform has been deprecated in v3.0.0. This feature will be removed in v6.0.0. See https://github.com/optuna/optuna/releases/tag/v3.0.0. Use suggest_float(..., log=True) instead.
  sps = trial.suggest_loguniform("seasonality_prior_scale", 0.01, 10.0)
  0%|          | 0/2 [00:00<?, ?it/s] 50%|#####     | 1/2 [00:01<00:01,  1.66s/it]100%|##########| 2/2 [00:02<00:00,  1.06s/it]100%|##########| 2/2 [00:02<00:00,  1.15s/it]
