[I 2025-05-23 20:49:46,467] Trial 9 finished with value: 2009.6444252443905 and parameters: {'changepoint_prior_scale': 0.10906235413912951, 'seasonality_prior_scale': 7.9214436144872, 'n_changepoints': 8}. Best is trial 4 with value: 1492.424268491362.
  0%|          | 0/2 [00:00<?, ?it/s] 50%|#####     | 1/2 [00:02<00:02,  2.86s/it]100%|##########| 2/2 [00:03<00:00,  1.71s/it]100%|##########| 2/2 [00:03<00:00,  1.88s/it]
Rendimiento para la combinación BMX_6-BMX_TRADICIONAL-BMX_3001:
  horizon           mse         rmse  ...     mdape     smape  coverage
0 21 days  1.247747e+06  1117.026057  ...  0.067772  0.060710  0.500000
1 28 days  1.150472e+06  1072.600618  ...  0.067772  0.056611  0.500000
2 35 days  5.495901e+06  2344.333911  ...  0.081349  0.108635  0.333333
3 42 days  5.964043e+06  2442.138927  ...  0.100926  0.118774  0.333333
4 49 days  5.758861e+06  2399.762737  ...  0.075966  0.109594  0.500000

[5 rows x 8 columns]
          ds          yhat    yhat_lower    yhat_upper          y     cutoff
0 2022-10-24  16738.368964  15773.261055  17747.589607  15598.036 2022-10-17
1 2022-10-31  15330.958444  14317.077093  16321.106213  15388.371 2022-10-17
2 2022-11-07  15196.348624  14224.884934  16125.290710  16301.405 2022-10-17
3 2022-11-14  15005.816041  14085.966102  15975.699726  13705.078 2022-10-17
4 2022-11-21  16463.918649  15499.496364  17339.528285  11232.203 2022-10-17
Contenido de df_prophet antes de model.fit:
            ds       y  day_of_week  week_of_year  month
0   2021-01-04   542.0            0             1      1
1   2021-01-11   438.0            0             2      1
2   2021-01-18   447.0            0             3      1
3   2021-01-25   434.0            0             4      1
4   2021-02-01   464.0            0             5      2
..         ...     ...          ...           ...    ...
151 2023-11-27   848.0            0            48     11
152 2023-12-04  1019.0            0            49     12
153 2023-12-11   991.0            0            50     12
154 2023-12-18  1047.0            0            51     12
155 2023-12-25   874.0            0            52     12

[156 rows x 5 columns]
[I 2025-05-23 20:49:51,595] A new study created in memory with name: no-name-b9322428-45c0-47fb-932c-7e6d2abd29f6
C:\LocalHost\OptiBack\modulo_demanda\Algoritmo_Prophet\forecast_model.py:103: FutureWarning: suggest_loguniform has been deprecated in v3.0.0. This feature will be removed in v6.0.0. See https://github.com/optuna/optuna/releases/tag/v3.0.0. Use suggest_float(..., log=True) instead.
  cps = trial.suggest_loguniform("changepoint_prior_scale", 0.001, 0.5)
C:\LocalHost\OptiBack\modulo_demanda\Algoritmo_Prophet\forecast_model.py:104: FutureWarning: suggest_loguniform has been deprecated in v3.0.0. This feature will be removed in v6.0.0. See https://github.com/optuna/optuna/releases/tag/v3.0.0. Use suggest_float(..., log=True) instead.
  sps = trial.suggest_loguniform("seasonality_prior_scale", 0.01, 10.0)
  0%|          | 0/2 [00:00<?, ?it/s] 50%|#####     | 1/2 [00:02<00:02,  2.94s/it]100%|##########| 2/2 [00:03<00:00,  1.66s/it]100%|##########| 2/2 [00:03<00:00,  1.85s/it]
[I 2025-05-23 20:49:56,723] Trial 0 finished with value: 106.50055265516309 and parameters: {'changepoint_prior_scale': 0.12912222723216413, 'seasonality_prior_scale': 0.7669506119621194, 'n_changepoints': 23}. Best is trial 0 with value: 106.50055265516309.
C:\LocalHost\OptiBack\modulo_demanda\Algoritmo_Prophet\forecast_model.py:103: FutureWarning: suggest_loguniform has been deprecated in v3.0.0. This feature will be removed in v6.0.0. See https://github.com/optuna/optuna/releases/tag/v3.0.0. Use suggest_float(..., log=True) instead.
  cps = trial.suggest_loguniform("changepoint_prior_scale", 0.001, 0.5)
C:\LocalHost\OptiBack\modulo_demanda\Algoritmo_Prophet\forecast_model.py:104: FutureWarning: suggest_loguniform has been deprecated in v3.0.0. This feature will be removed in v6.0.0. See https://github.com/optuna/optuna/releases/tag/v3.0.0. Use suggest_float(..., log=True) instead.
  sps = trial.suggest_loguniform("seasonality_prior_scale", 0.01, 10.0)
  0%|          | 0/2 [00:00<?, ?it/s] 50%|#####     | 1/2 [00:02<00:02,  2.85s/it]100%|##########| 2/2 [00:03<00:00,  1.68s/it]100%|##########| 2/2 [00:03<00:00,  1.86s/it]
[I 2025-05-23 20:50:01,679] Trial 1 finished with value: 111.92126197110662 and parameters: {'changepoint_prior_scale': 0.2040013666558522, 'seasonality_prior_scale': 0.4874214989873784, 'n_changepoints': 13}. Best is trial 0 with value: 106.50055265516309.
C:\LocalHost\OptiBack\modulo_demanda\Algoritmo_Prophet\forecast_model.py:103: FutureWarning: suggest_loguniform has been deprecated in v3.0.0. This feature will be removed in v6.0.0. See https://github.com/optuna/optuna/releases/tag/v3.0.0. Use suggest_float(..., log=True) instead.
  cps = trial.suggest_loguniform("changepoint_prior_scale", 0.001, 0.5)
C:\LocalHost\OptiBack\modulo_demanda\Algoritmo_Prophet\forecast_model.py:104: FutureWarning: suggest_loguniform has been deprecated in v3.0.0. This feature will be removed in v6.0.0. See https://github.com/optuna/optuna/releases/tag/v3.0.0. Use suggest_float(..., log=True) instead.
  sps = trial.suggest_loguniform("seasonality_prior_scale", 0.01, 10.0)
Optimization terminated abnormally. Falling back to Newton.
  0%|          | 0/2 [00:00<?, ?it/s] 50%|#####     | 1/2 [00:02<00:02,  2.52s/it]Optimization terminated abnormally. Falling back to Newton.
100%|##########| 2/2 [00:04<00:00,  2.15s/it]100%|##########| 2/2 [00:04<00:00,  2.20s/it]
[I 2025-05-23 20:50:10,126] Trial 2 finished with value: 189.71639887348553 and parameters: {'changepoint_prior_scale': 0.0012669282830862537, 'seasonality_prior_scale': 7.097414315250868, 'n_changepoints': 40}. Best is trial 0 with value: 106.50055265516309.
C:\LocalHost\OptiBack\modulo_demanda\Algoritmo_Prophet\forecast_model.py:103: FutureWarning: suggest_loguniform has been deprecated in v3.0.0. This feature will be removed in v6.0.0. See https://github.com/optuna/optuna/releases/tag/v3.0.0. Use suggest_float(..., log=True) instead.
  cps = trial.suggest_loguniform("changepoint_prior_scale", 0.001, 0.5)
C:\LocalHost\OptiBack\modulo_demanda\Algoritmo_Prophet\forecast_model.py:104: FutureWarning: suggest_loguniform has been deprecated in v3.0.0. This feature will be removed in v6.0.0. See https://github.com/optuna/optuna/releases/tag/v3.0.0. Use suggest_float(..., log=True) instead.
  sps = trial.suggest_loguniform("seasonality_prior_scale", 0.01, 10.0)
Optimization terminated abnormally. Falling back to Newton.
  0%|          | 0/2 [00:00<?, ?it/s] 50%|#####     | 1/2 [00:02<00:02,  2.00s/it]Optimization terminated abnormally. Falling back to Newton.
100%|##########| 2/2 [00:03<00:00,  1.99s/it]100%|##########| 2/2 [00:03<00:00,  1.99s/it]
[I 2025-05-23 20:50:16,443] Trial 3 finished with value: 170.3064645181766 and parameters: {'changepoint_prior_scale': 0.001888883288689088, 'seasonality_prior_scale': 0.024318718192008888, 'n_changepoints': 33}. Best is trial 0 with value: 106.50055265516309.
C:\LocalHost\OptiBack\modulo_demanda\Algoritmo_Prophet\forecast_model.py:103: FutureWarning: suggest_loguniform has been deprecated in v3.0.0. This feature will be removed in v6.0.0. See https://github.com/optuna/optuna/releases/tag/v3.0.0. Use suggest_float(..., log=True) instead.
  cps = trial.suggest_loguniform("changepoint_prior_scale", 0.001, 0.5)
C:\LocalHost\OptiBack\modulo_demanda\Algoritmo_Prophet\forecast_model.py:104: FutureWarning: suggest_loguniform has been deprecated in v3.0.0. This feature will be removed in v6.0.0. See https://github.com/optuna/optuna/releases/tag/v3.0.0. Use suggest_float(..., log=True) instead.
  sps = trial.suggest_loguniform("seasonality_prior_scale", 0.01, 10.0)
  0%|          | 0/2 [00:00<?, ?it/s] 50%|#####     | 1/2 [00:02<00:02,  2.03s/it]100%|##########| 2/2 [00:02<00:00,  1.20s/it]100%|##########| 2/2 [00:02<00:00,  1.32s/it]
[I 2025-05-23 20:50:19,994] Trial 4 finished with value: 113.2616152497531 and parameters: {'changepoint_prior_scale': 0.021566295591395467, 'seasonality_prior_scale': 0.03274233647634205, 'n_changepoints': 20}. Best is trial 0 with value: 106.50055265516309.
C:\LocalHost\OptiBack\modulo_demanda\Algoritmo_Prophet\forecast_model.py:103: FutureWarning: suggest_loguniform has been deprecated in v3.0.0. This feature will be removed in v6.0.0. See https://github.com/optuna/optuna/releases/tag/v3.0.0. Use suggest_float(..., log=True) instead.
  cps = trial.suggest_loguniform("changepoint_prior_scale", 0.001, 0.5)
C:\LocalHost\OptiBack\modulo_demanda\Algoritmo_Prophet\forecast_model.py:104: FutureWarning: suggest_loguniform has been deprecated in v3.0.0. This feature will be removed in v6.0.0. See https://github.com/optuna/optuna/releases/tag/v3.0.0. Use suggest_float(..., log=True) instead.
  sps = trial.suggest_loguniform("seasonality_prior_scale", 0.01, 10.0)
Optimization terminated abnormally. Falling back to Newton.
  0%|          | 0/2 [00:00<?, ?it/s] 50%|#####     | 1/2 [00:01<00:01,  1.52s/it]Optimization terminated abnormally. Falling back to Newton.
100%|##########| 2/2 [00:03<00:00,  1.57s/it]100%|##########| 2/2 [00:03<00:00,  1.57s/it]
[I 2025-05-23 20:50:25,318] Trial 5 finished with value: 170.84155317365153 and parameters: {'changepoint_prior_scale': 0.0018356146402165692, 'seasonality_prior_scale': 0.012416009771365989, 'n_changepoints': 45}. Best is trial 0 with value: 106.50055265516309.
C:\LocalHost\OptiBack\modulo_demanda\Algoritmo_Prophet\forecast_model.py:103: FutureWarning: suggest_loguniform has been deprecated in v3.0.0. This feature will be removed in v6.0.0. See https://github.com/optuna/optuna/releases/tag/v3.0.0. Use suggest_float(..., log=True) instead.
  cps = trial.suggest_loguniform("changepoint_prior_scale", 0.001, 0.5)
C:\LocalHost\OptiBack\modulo_demanda\Algoritmo_Prophet\forecast_model.py:104: FutureWarning: suggest_loguniform has been deprecated in v3.0.0. This feature will be removed in v6.0.0. See https://github.com/optuna/optuna/releases/tag/v3.0.0. Use suggest_float(..., log=True) instead.
  sps = trial.suggest_loguniform("seasonality_prior_scale", 0.01, 10.0)
Optimization terminated abnormally. Falling back to Newton.
  0%|          | 0/2 [00:00<?, ?it/s] 50%|#####     | 1/2 [00:01<00:01,  1.73s/it]Optimization terminated abnormally. Falling back to Newton.
100%|##########| 2/2 [00:03<00:00,  1.69s/it]100%|##########| 2/2 [00:03<00:00,  1.70s/it]
[I 2025-05-23 20:50:30,727] Trial 6 finished with value: 194.02417259149587 and parameters: {'changepoint_prior_scale': 0.0011982055965477937, 'seasonality_prior_scale': 6.328319858562489, 'n_changepoints': 42}. Best is trial 0 with value: 106.50055265516309.
C:\LocalHost\OptiBack\modulo_demanda\Algoritmo_Prophet\forecast_model.py:103: FutureWarning: suggest_loguniform has been deprecated in v3.0.0. This feature will be removed in v6.0.0. See https://github.com/optuna/optuna/releases/tag/v3.0.0. Use suggest_float(..., log=True) instead.
  cps = trial.suggest_loguniform("changepoint_prior_scale", 0.001, 0.5)
C:\LocalHost\OptiBack\modulo_demanda\Algoritmo_Prophet\forecast_model.py:104: FutureWarning: suggest_loguniform has been deprecated in v3.0.0. This feature will be removed in v6.0.0. See https://github.com/optuna/optuna/releases/tag/v3.0.0. Use suggest_float(..., log=True) instead.
  sps = trial.suggest_loguniform("seasonality_prior_scale", 0.01, 10.0)
  0%|          | 0/2 [00:00<?, ?it/s] 50%|#####     | 1/2 [00:01<00:01,  1.69s/it]100%|##########| 2/2 [00:02<00:00,  1.13s/it]100%|##########| 2/2 [00:02<00:00,  1.22s/it]
[I 2025-05-23 20:50:34,109] Trial 7 finished with value: 93.64584201191325 and parameters: {'changepoint_prior_scale': 0.07837281946704538, 'seasonality_prior_scale': 0.02459623537622724, 'n_changepoints': 26}. Best is trial 7 with value: 93.64584201191325.
C:\LocalHost\OptiBack\modulo_demanda\Algoritmo_Prophet\forecast_model.py:103: FutureWarning: suggest_loguniform has been deprecated in v3.0.0. This feature will be removed in v6.0.0. See https://github.com/optuna/optuna/releases/tag/v3.0.0. Use suggest_float(..., log=True) instead.
  cps = trial.suggest_loguniform("changepoint_prior_scale", 0.001, 0.5)
C:\LocalHost\OptiBack\modulo_demanda\Algoritmo_Prophet\forecast_model.py:104: FutureWarning: suggest_loguniform has been deprecated in v3.0.0. This feature will be removed in v6.0.0. See https://github.com/optuna/optuna/releases/tag/v3.0.0. Use suggest_float(..., log=True) instead.
  sps = trial.suggest_loguniform("seasonality_prior_scale", 0.01, 10.0)
  0%|          | 0/2 [00:00<?, ?it/s] 50%|#####     | 1/2 [00:02<00:02,  2.15s/it]100%|##########| 2/2 [00:02<00:00,  1.34s/it]100%|##########| 2/2 [00:02<00:00,  1.46s/it]
[I 2025-05-23 20:50:38,091] Trial 8 finished with value: 110.31086218183644 and parameters: {'changepoint_prior_scale': 0.06555066657013764, 'seasonality_prior_scale': 5.076405226588564, 'n_changepoints': 29}. Best is trial 7 with value: 93.64584201191325.
C:\LocalHost\OptiBack\modulo_demanda\Algoritmo_Prophet\forecast_model.py:103: FutureWarning: suggest_loguniform has been deprecated in v3.0.0. This feature will be removed in v6.0.0. See https://github.com/optuna/optuna/releases/tag/v3.0.0. Use suggest_float(..., log=True) instead.
  cps = trial.suggest_loguniform("changepoint_prior_scale", 0.001, 0.5)
C:\LocalHost\OptiBack\modulo_demanda\Algoritmo_Prophet\forecast_model.py:104: FutureWarning: suggest_loguniform has been deprecated in v3.0.0. This feature will be removed in v6.0.0. See https://github.com/optuna/optuna/releases/tag/v3.0.0. Use suggest_float(..., log=True) instead.
  sps = trial.suggest_loguniform("seasonality_prior_scale", 0.01, 10.0)
  0%|          | 0/2 [00:00<?, ?it/s] 50%|#####     | 1/2 [00:01<00:01,  1.06s/it]100%|##########| 2/2 [00:01<00:00,  1.29it/s]100%|##########| 2/2 [00:01<00:00,  1.23it/s]
[I 2025-05-23 20:50:40,626] Trial 9 finished with value: 163.28887022536128 and parameters: {'changepoint_prior_scale': 0.00489036405428539, 'seasonality_prior_scale': 0.2721696790268872, 'n_changepoints': 7}. Best is trial 7 with value: 93.64584201191325.
  0%|          | 0/2 [00:00<?, ?it/s] 50%|#####     | 1/2 [00:01<00:01,  1.80s/it]100%|##########| 2/2 [00:02<00:00,  1.12s/it]100%|##########| 2/2 [00:02<00:00,  1.22s/it]
Rendimiento para la combinación BMX_6-BMX_TRADICIONAL-BMX_3207:
  horizon          mse       rmse  ...     mdape     smape  coverage
0 21 days  3069.479498  55.402883  ...  0.051824  0.050440  0.500000
1 28 days  1982.261353  44.522594  ...  0.037434  0.038919  0.666667
2 35 days  4158.498870  64.486424  ...  0.067493  0.059820  0.333333
3 42 days  6945.515924  83.339762  ...  0.078909  0.075194  0.333333
4 49 days  7104.255107  84.286743  ...  0.078909  0.075854  0.333333

[5 rows x 8 columns]
          ds         yhat  yhat_lower   yhat_upper        y     cutoff
0 2022-10-24   977.639222  931.654980  1025.321688  897.833 2022-10-17
1 2022-10-31   991.010525  944.058882  1038.413205  979.000 2022-10-17
2 2022-11-07   998.839646  950.710461  1046.173693  943.000 2022-10-17
3 2022-11-14   965.376277  913.089378  1012.949046  923.000 2022-10-17
4 2022-11-21  1005.550314  956.354159  1054.951291  922.000 2022-10-17
Contenido de df_prophet antes de model.fit:
            ds        y  day_of_week  week_of_year  month
0   2021-01-04  339.000            0             1      1
1   2021-01-11  382.000            0             2      1
2   2021-01-18  437.000            0             3      1
3   2021-01-25  644.000            0             4      1
4   2021-02-01  337.000            0             5      2
..         ...      ...          ...           ...    ...
151 2023-11-27  394.625            0            48     11
152 2023-12-04  415.458            0            49     12
153 2023-12-11  444.459            0            50     12
154 2023-12-18  481.250            0            51     12
155 2023-12-25  535.916            0            52     12

[156 rows x 5 columns]
[I 2025-05-23 20:50:44,056] A new study created in memory with name: no-name-be20fd8b-cb2e-4658-9447-4339882a6c25
C:\LocalHost\OptiBack\modulo_demanda\Algoritmo_Prophet\forecast_model.py:103: FutureWarning: suggest_loguniform has been deprecated in v3.0.0. This feature will be removed in v6.0.0. See https://github.com/optuna/optuna/releases/tag/v3.0.0. Use suggest_float(..., log=True) instead.
  cps = trial.suggest_loguniform("changepoint_prior_scale", 0.001, 0.5)
C:\LocalHost\OptiBack\modulo_demanda\Algoritmo_Prophet\forecast_model.py:104: FutureWarning: suggest_loguniform has been deprecated in v3.0.0. This feature will be removed in v6.0.0. See https://github.com/optuna/optuna/releases/tag/v3.0.0. Use suggest_float(..., log=True) instead.
  sps = trial.suggest_loguniform("seasonality_prior_scale", 0.01, 10.0)
  0%|          | 0/2 [00:00<?, ?it/s] 50%|#####     | 1/2 [00:01<00:01,  1.31s/it]100%|##########| 2/2 [00:01<00:00,  1.08it/s]100%|##########| 2/2 [00:01<00:00,  1.02it/s]
[I 2025-05-23 20:50:46,866] Trial 0 finished with value: 111.93760093867411 and parameters: {'changepoint_prior_scale': 0.3856112302723151, 'seasonality_prior_scale': 0.0586219983783889, 'n_changepoints': 10}. Best is trial 0 with value: 111.93760093867411.
C:\LocalHost\OptiBack\modulo_demanda\Algoritmo_Prophet\forecast_model.py:103: FutureWarning: suggest_loguniform has been deprecated in v3.0.0. This feature will be removed in v6.0.0. See https://github.com/optuna/optuna/releases/tag/v3.0.0. Use suggest_float(..., log=True) instead.
  cps = trial.suggest_loguniform("changepoint_prior_scale", 0.001, 0.5)
C:\LocalHost\OptiBack\modulo_demanda\Algoritmo_Prophet\forecast_model.py:104: FutureWarning: suggest_loguniform has been deprecated in v3.0.0. This feature will be removed in v6.0.0. See https://github.com/optuna/optuna/releases/tag/v3.0.0. Use suggest_float(..., log=True) instead.
  sps = trial.suggest_loguniform("seasonality_prior_scale", 0.01, 10.0)
  0%|          | 0/2 [00:00<?, ?it/s] 50%|#####     | 1/2 [00:00<00:00,  1.02it/s]100%|##########| 2/2 [00:01<00:00,  1.27it/s]100%|##########| 2/2 [00:01<00:00,  1.22it/s]
[I 2025-05-23 20:50:49,490] Trial 1 finished with value: 115.68857889827484 and parameters: {'changepoint_prior_scale': 0.016081355381341336, 'seasonality_prior_scale': 0.21736152974764372, 'n_changepoints': 22}. Best is trial 0 with value: 111.93760093867411.
C:\LocalHost\OptiBack\modulo_demanda\Algoritmo_Prophet\forecast_model.py:103: FutureWarning: suggest_loguniform has been deprecated in v3.0.0. This feature will be removed in v6.0.0. See https://github.com/optuna/optuna/releases/tag/v3.0.0. Use suggest_float(..., log=True) instead.
  cps = trial.suggest_loguniform("changepoint_prior_scale", 0.001, 0.5)
C:\LocalHost\OptiBack\modulo_demanda\Algoritmo_Prophet\forecast_model.py:104: FutureWarning: suggest_loguniform has been deprecated in v3.0.0. This feature will be removed in v6.0.0. See https://github.com/optuna/optuna/releases/tag/v3.0.0. Use suggest_float(..., log=True) instead.
  sps = trial.suggest_loguniform("seasonality_prior_scale", 0.01, 10.0)
  0%|          | 0/2 [00:00<?, ?it/s] 50%|#####     | 1/2 [00:01<00:01,  1.46s/it]100%|##########| 2/2 [00:02<00:00,  1.01it/s]100%|##########| 2/2 [00:02<00:00,  1.06s/it]
[I 2025-05-23 20:50:52,572] Trial 2 finished with value: 116.02626979837582 and parameters: {'changepoint_prior_scale': 0.005888309337936183, 'seasonality_prior_scale': 0.17327059658211924, 'n_changepoints': 36}. Best is trial 0 with value: 111.93760093867411.
C:\LocalHost\OptiBack\modulo_demanda\Algoritmo_Prophet\forecast_model.py:103: FutureWarning: suggest_loguniform has been deprecated in v3.0.0. This feature will be removed in v6.0.0. See https://github.com/optuna/optuna/releases/tag/v3.0.0. Use suggest_float(..., log=True) instead.
  cps = trial.suggest_loguniform("changepoint_prior_scale", 0.001, 0.5)
C:\LocalHost\OptiBack\modulo_demanda\Algoritmo_Prophet\forecast_model.py:104: FutureWarning: suggest_loguniform has been deprecated in v3.0.0. This feature will be removed in v6.0.0. See https://github.com/optuna/optuna/releases/tag/v3.0.0. Use suggest_float(..., log=True) instead.
  sps = trial.suggest_loguniform("seasonality_prior_scale", 0.01, 10.0)
  0%|          | 0/2 [00:00<?, ?it/s] 50%|#####     | 1/2 [00:01<00:01,  1.53s/it]100%|##########| 2/2 [00:02<00:00,  1.07s/it]100%|##########| 2/2 [00:02<00:00,  1.14s/it]
[I 2025-05-23 20:50:55,957] Trial 3 finished with value: 119.64256314820356 and parameters: {'changepoint_prior_scale': 0.010527622880747352, 'seasonality_prior_scale': 0.35869194028696955, 'n_changepoints': 50}. Best is trial 0 with value: 111.93760093867411.
C:\LocalHost\OptiBack\modulo_demanda\Algoritmo_Prophet\forecast_model.py:103: FutureWarning: suggest_loguniform has been deprecated in v3.0.0. This feature will be removed in v6.0.0. See https://github.com/optuna/optuna/releases/tag/v3.0.0. Use suggest_float(..., log=True) instead.
  cps = trial.suggest_loguniform("changepoint_prior_scale", 0.001, 0.5)
C:\LocalHost\OptiBack\modulo_demanda\Algoritmo_Prophet\forecast_model.py:104: FutureWarning: suggest_loguniform has been deprecated in v3.0.0. This feature will be removed in v6.0.0. See https://github.com/optuna/optuna/releases/tag/v3.0.0. Use suggest_float(..., log=True) instead.
  sps = trial.suggest_loguniform("seasonality_prior_scale", 0.01, 10.0)
  0%|          | 0/2 [00:00<?, ?it/s] 50%|#####     | 1/2 [00:00<00:00,  1.04it/s]100%|##########| 2/2 [00:01<00:00,  1.36it/s]100%|##########| 2/2 [00:01<00:00,  1.30it/s]
