[I 2025-05-23 20:48:34,658] Trial 4 finished with value: 6.951240309879093 and parameters: {'changepoint_prior_scale': 0.02093196931489351, 'seasonality_prior_scale': 1.543314558632058, 'n_changepoints': 40}. Best is trial 3 with value: 6.827981781937688.
C:\LocalHost\OptiBack\modulo_demanda\Algoritmo_Prophet\forecast_model.py:103: FutureWarning: suggest_loguniform has been deprecated in v3.0.0. This feature will be removed in v6.0.0. See https://github.com/optuna/optuna/releases/tag/v3.0.0. Use suggest_float(..., log=True) instead.
  cps = trial.suggest_loguniform("changepoint_prior_scale", 0.001, 0.5)
C:\LocalHost\OptiBack\modulo_demanda\Algoritmo_Prophet\forecast_model.py:104: FutureWarning: suggest_loguniform has been deprecated in v3.0.0. This feature will be removed in v6.0.0. See https://github.com/optuna/optuna/releases/tag/v3.0.0. Use suggest_float(..., log=True) instead.
  sps = trial.suggest_loguniform("seasonality_prior_scale", 0.01, 10.0)
Optimization terminated abnormally. Falling back to Newton.
  0%|          | 0/2 [00:00<?, ?it/s] 50%|#####     | 1/2 [00:03<00:03,  3.66s/it]Optimization terminated abnormally. Falling back to Newton.
100%|##########| 2/2 [00:04<00:00,  2.23s/it]100%|##########| 2/2 [00:04<00:00,  2.45s/it]
[I 2025-05-23 20:48:41,791] Trial 5 finished with value: 6.340950481084178 and parameters: {'changepoint_prior_scale': 0.001671533882563511, 'seasonality_prior_scale': 0.030506561606433343, 'n_changepoints': 29}. Best is trial 5 with value: 6.340950481084178.
C:\LocalHost\OptiBack\modulo_demanda\Algoritmo_Prophet\forecast_model.py:103: FutureWarning: suggest_loguniform has been deprecated in v3.0.0. This feature will be removed in v6.0.0. See https://github.com/optuna/optuna/releases/tag/v3.0.0. Use suggest_float(..., log=True) instead.
  cps = trial.suggest_loguniform("changepoint_prior_scale", 0.001, 0.5)
C:\LocalHost\OptiBack\modulo_demanda\Algoritmo_Prophet\forecast_model.py:104: FutureWarning: suggest_loguniform has been deprecated in v3.0.0. This feature will be removed in v6.0.0. See https://github.com/optuna/optuna/releases/tag/v3.0.0. Use suggest_float(..., log=True) instead.
  sps = trial.suggest_loguniform("seasonality_prior_scale", 0.01, 10.0)
  0%|          | 0/2 [00:00<?, ?it/s] 50%|#####     | 1/2 [00:00<00:00,  1.05it/s]100%|##########| 2/2 [00:01<00:00,  1.16it/s]100%|##########| 2/2 [00:01<00:00,  1.15it/s]
[I 2025-05-23 20:48:44,970] Trial 6 finished with value: 6.9565043049817055 and parameters: {'changepoint_prior_scale': 0.011169912479339525, 'seasonality_prior_scale': 0.804234403766902, 'n_changepoints': 14}. Best is trial 5 with value: 6.340950481084178.
C:\LocalHost\OptiBack\modulo_demanda\Algoritmo_Prophet\forecast_model.py:103: FutureWarning: suggest_loguniform has been deprecated in v3.0.0. This feature will be removed in v6.0.0. See https://github.com/optuna/optuna/releases/tag/v3.0.0. Use suggest_float(..., log=True) instead.
  cps = trial.suggest_loguniform("changepoint_prior_scale", 0.001, 0.5)
C:\LocalHost\OptiBack\modulo_demanda\Algoritmo_Prophet\forecast_model.py:104: FutureWarning: suggest_loguniform has been deprecated in v3.0.0. This feature will be removed in v6.0.0. See https://github.com/optuna/optuna/releases/tag/v3.0.0. Use suggest_float(..., log=True) instead.
  sps = trial.suggest_loguniform("seasonality_prior_scale", 0.01, 10.0)
Optimization terminated abnormally. Falling back to Newton.
  0%|          | 0/2 [00:00<?, ?it/s] 50%|#####     | 1/2 [00:01<00:01,  1.38s/it]Optimization terminated abnormally. Falling back to Newton.
100%|##########| 2/2 [00:03<00:00,  2.04s/it]100%|##########| 2/2 [00:03<00:00,  1.94s/it]
[I 2025-05-23 20:48:53,112] Trial 7 finished with value: 5.651372352436163 and parameters: {'changepoint_prior_scale': 0.0011929853346752044, 'seasonality_prior_scale': 0.010175408090905266, 'n_changepoints': 41}. Best is trial 7 with value: 5.651372352436163.
C:\LocalHost\OptiBack\modulo_demanda\Algoritmo_Prophet\forecast_model.py:103: FutureWarning: suggest_loguniform has been deprecated in v3.0.0. This feature will be removed in v6.0.0. See https://github.com/optuna/optuna/releases/tag/v3.0.0. Use suggest_float(..., log=True) instead.
  cps = trial.suggest_loguniform("changepoint_prior_scale", 0.001, 0.5)
C:\LocalHost\OptiBack\modulo_demanda\Algoritmo_Prophet\forecast_model.py:104: FutureWarning: suggest_loguniform has been deprecated in v3.0.0. This feature will be removed in v6.0.0. See https://github.com/optuna/optuna/releases/tag/v3.0.0. Use suggest_float(..., log=True) instead.
  sps = trial.suggest_loguniform("seasonality_prior_scale", 0.01, 10.0)
  0%|          | 0/2 [00:00<?, ?it/s] 50%|#####     | 1/2 [00:01<00:01,  1.43s/it]100%|##########| 2/2 [00:02<00:00,  1.12s/it]100%|##########| 2/2 [00:02<00:00,  1.17s/it]
[I 2025-05-23 20:48:56,352] Trial 8 finished with value: 6.933196591691035 and parameters: {'changepoint_prior_scale': 0.04402108124811636, 'seasonality_prior_scale': 0.42644790105842506, 'n_changepoints': 19}. Best is trial 7 with value: 5.651372352436163.
C:\LocalHost\OptiBack\modulo_demanda\Algoritmo_Prophet\forecast_model.py:103: FutureWarning: suggest_loguniform has been deprecated in v3.0.0. This feature will be removed in v6.0.0. See https://github.com/optuna/optuna/releases/tag/v3.0.0. Use suggest_float(..., log=True) instead.
  cps = trial.suggest_loguniform("changepoint_prior_scale", 0.001, 0.5)
C:\LocalHost\OptiBack\modulo_demanda\Algoritmo_Prophet\forecast_model.py:104: FutureWarning: suggest_loguniform has been deprecated in v3.0.0. This feature will be removed in v6.0.0. See https://github.com/optuna/optuna/releases/tag/v3.0.0. Use suggest_float(..., log=True) instead.
  sps = trial.suggest_loguniform("seasonality_prior_scale", 0.01, 10.0)
  0%|          | 0/2 [00:00<?, ?it/s] 50%|#####     | 1/2 [00:01<00:01,  1.93s/it]100%|##########| 2/2 [00:02<00:00,  1.18s/it]100%|##########| 2/2 [00:02<00:00,  1.30s/it]
[I 2025-05-23 20:48:59,649] Trial 9 finished with value: 5.40168612466032 and parameters: {'changepoint_prior_scale': 0.06552385382284485, 'seasonality_prior_scale': 0.011687136369497595, 'n_changepoints': 47}. Best is trial 9 with value: 5.40168612466032.
  0%|          | 0/2 [00:00<?, ?it/s] 50%|#####     | 1/2 [00:02<00:02,  2.02s/it]100%|##########| 2/2 [00:02<00:00,  1.25s/it]100%|##########| 2/2 [00:02<00:00,  1.36s/it]
Rendimiento para la combinación BMX_6-BMX_OXXO-BMX_3931:
  horizon        mse      rmse  ...     mdape     smape  coverage
0 21 days  27.816412  5.274127  ...  0.195034  0.416549  0.666667
1 28 days  19.624549  4.429960  ...  0.377251  0.446838  0.666667
2 35 days  61.185130  7.822092  ...  0.522526  0.766658  0.333333
3 42 days  86.344917  9.292197  ...  0.522526  0.867343  0.333333
4 49 days  91.011505  9.539995  ...  0.564227  0.843195  0.333333

[5 rows x 8 columns]
          ds      yhat  yhat_lower  yhat_upper     y     cutoff
0 2022-10-24  4.694274   -0.486267    9.872920  14.0 2022-10-17
1 2022-10-31  4.388203   -1.083646    9.793518   4.0 2022-10-17
2 2022-11-07  4.365933   -0.887334    9.275814  13.0 2022-10-17
3 2022-11-14  4.164323   -0.972859    9.197334  10.0 2022-10-17
4 2022-11-21  0.991173   -4.457938    6.094805  16.0 2022-10-17
Contenido de df_prophet antes de model.fit:
            ds          y  day_of_week  week_of_year  month
0   2021-01-04  12034.000            0             1      1
1   2021-01-11   9554.250            0             2      1
2   2021-01-18  10778.000            0             3      1
3   2021-01-25  12053.000            0             4      1
4   2021-02-01  11818.000            0             5      2
..         ...        ...          ...           ...    ...
151 2023-11-27  12813.288            0            48     11
152 2023-12-04  14816.497            0            49     12
153 2023-12-11  15064.622            0            50     12
154 2023-12-18  16614.874            0            51     12
155 2023-12-25  11658.375            0            52     12

[156 rows x 5 columns]
[I 2025-05-23 20:49:03,496] A new study created in memory with name: no-name-cb3bdd16-5fde-46c7-8ff6-4493156c3d09
C:\LocalHost\OptiBack\modulo_demanda\Algoritmo_Prophet\forecast_model.py:103: FutureWarning: suggest_loguniform has been deprecated in v3.0.0. This feature will be removed in v6.0.0. See https://github.com/optuna/optuna/releases/tag/v3.0.0. Use suggest_float(..., log=True) instead.
  cps = trial.suggest_loguniform("changepoint_prior_scale", 0.001, 0.5)
C:\LocalHost\OptiBack\modulo_demanda\Algoritmo_Prophet\forecast_model.py:104: FutureWarning: suggest_loguniform has been deprecated in v3.0.0. This feature will be removed in v6.0.0. See https://github.com/optuna/optuna/releases/tag/v3.0.0. Use suggest_float(..., log=True) instead.
  sps = trial.suggest_loguniform("seasonality_prior_scale", 0.01, 10.0)
  0%|          | 0/2 [00:00<?, ?it/s] 50%|#####     | 1/2 [00:02<00:02,  2.05s/it]100%|##########| 2/2 [00:02<00:00,  1.36s/it]100%|##########| 2/2 [00:02<00:00,  1.47s/it]
[I 2025-05-23 20:49:07,310] Trial 0 finished with value: 2167.057643080453 and parameters: {'changepoint_prior_scale': 0.02088063522905516, 'seasonality_prior_scale': 2.618873836136829, 'n_changepoints': 45}. Best is trial 0 with value: 2167.057643080453.
C:\LocalHost\OptiBack\modulo_demanda\Algoritmo_Prophet\forecast_model.py:103: FutureWarning: suggest_loguniform has been deprecated in v3.0.0. This feature will be removed in v6.0.0. See https://github.com/optuna/optuna/releases/tag/v3.0.0. Use suggest_float(..., log=True) instead.
  cps = trial.suggest_loguniform("changepoint_prior_scale", 0.001, 0.5)
C:\LocalHost\OptiBack\modulo_demanda\Algoritmo_Prophet\forecast_model.py:104: FutureWarning: suggest_loguniform has been deprecated in v3.0.0. This feature will be removed in v6.0.0. See https://github.com/optuna/optuna/releases/tag/v3.0.0. Use suggest_float(..., log=True) instead.
  sps = trial.suggest_loguniform("seasonality_prior_scale", 0.01, 10.0)
Optimization terminated abnormally. Falling back to Newton.
  0%|          | 0/2 [00:00<?, ?it/s] 50%|#####     | 1/2 [00:02<00:02,  2.46s/it]100%|##########| 2/2 [00:03<00:00,  1.40s/it]100%|##########| 2/2 [00:03<00:00,  1.56s/it]
[I 2025-05-23 20:49:12,594] Trial 1 finished with value: 6588.768692271143 and parameters: {'changepoint_prior_scale': 0.0016055961011752404, 'seasonality_prior_scale': 0.08237485934470222, 'n_changepoints': 37}. Best is trial 0 with value: 2167.057643080453.
C:\LocalHost\OptiBack\modulo_demanda\Algoritmo_Prophet\forecast_model.py:103: FutureWarning: suggest_loguniform has been deprecated in v3.0.0. This feature will be removed in v6.0.0. See https://github.com/optuna/optuna/releases/tag/v3.0.0. Use suggest_float(..., log=True) instead.
  cps = trial.suggest_loguniform("changepoint_prior_scale", 0.001, 0.5)
C:\LocalHost\OptiBack\modulo_demanda\Algoritmo_Prophet\forecast_model.py:104: FutureWarning: suggest_loguniform has been deprecated in v3.0.0. This feature will be removed in v6.0.0. See https://github.com/optuna/optuna/releases/tag/v3.0.0. Use suggest_float(..., log=True) instead.
  sps = trial.suggest_loguniform("seasonality_prior_scale", 0.01, 10.0)
  0%|          | 0/2 [00:00<?, ?it/s] 50%|#####     | 1/2 [00:00<00:00,  1.08it/s]100%|##########| 2/2 [00:01<00:00,  1.23it/s]100%|##########| 2/2 [00:01<00:00,  1.20it/s]
[I 2025-05-23 20:49:15,877] Trial 2 finished with value: 1871.3432033590004 and parameters: {'changepoint_prior_scale': 0.0019081385242848213, 'seasonality_prior_scale': 0.11115239025322986, 'n_changepoints': 7}. Best is trial 2 with value: 1871.3432033590004.
C:\LocalHost\OptiBack\modulo_demanda\Algoritmo_Prophet\forecast_model.py:103: FutureWarning: suggest_loguniform has been deprecated in v3.0.0. This feature will be removed in v6.0.0. See https://github.com/optuna/optuna/releases/tag/v3.0.0. Use suggest_float(..., log=True) instead.
  cps = trial.suggest_loguniform("changepoint_prior_scale", 0.001, 0.5)
C:\LocalHost\OptiBack\modulo_demanda\Algoritmo_Prophet\forecast_model.py:104: FutureWarning: suggest_loguniform has been deprecated in v3.0.0. This feature will be removed in v6.0.0. See https://github.com/optuna/optuna/releases/tag/v3.0.0. Use suggest_float(..., log=True) instead.
  sps = trial.suggest_loguniform("seasonality_prior_scale", 0.01, 10.0)
Optimization terminated abnormally. Falling back to Newton.
  0%|          | 0/2 [00:00<?, ?it/s] 50%|#####     | 1/2 [00:01<00:01,  1.31s/it]100%|##########| 2/2 [00:01<00:00,  1.10it/s]100%|##########| 2/2 [00:01<00:00,  1.03it/s]
[I 2025-05-23 20:49:20,427] Trial 3 finished with value: 3547.1956213650105 and parameters: {'changepoint_prior_scale': 0.0020279794884601166, 'seasonality_prior_scale': 0.015158540576498769, 'n_changepoints': 25}. Best is trial 2 with value: 1871.3432033590004.
C:\LocalHost\OptiBack\modulo_demanda\Algoritmo_Prophet\forecast_model.py:103: FutureWarning: suggest_loguniform has been deprecated in v3.0.0. This feature will be removed in v6.0.0. See https://github.com/optuna/optuna/releases/tag/v3.0.0. Use suggest_float(..., log=True) instead.
  cps = trial.suggest_loguniform("changepoint_prior_scale", 0.001, 0.5)
C:\LocalHost\OptiBack\modulo_demanda\Algoritmo_Prophet\forecast_model.py:104: FutureWarning: suggest_loguniform has been deprecated in v3.0.0. This feature will be removed in v6.0.0. See https://github.com/optuna/optuna/releases/tag/v3.0.0. Use suggest_float(..., log=True) instead.
  sps = trial.suggest_loguniform("seasonality_prior_scale", 0.01, 10.0)
  0%|          | 0/2 [00:00<?, ?it/s] 50%|#####     | 1/2 [00:02<00:02,  2.90s/it]100%|##########| 2/2 [00:03<00:00,  1.55s/it]100%|##########| 2/2 [00:03<00:00,  1.75s/it]
[I 2025-05-23 20:49:24,990] Trial 4 finished with value: 1492.424268491362 and parameters: {'changepoint_prior_scale': 0.05670801982356575, 'seasonality_prior_scale': 0.3416226190282042, 'n_changepoints': 47}. Best is trial 4 with value: 1492.424268491362.
C:\LocalHost\OptiBack\modulo_demanda\Algoritmo_Prophet\forecast_model.py:103: FutureWarning: suggest_loguniform has been deprecated in v3.0.0. This feature will be removed in v6.0.0. See https://github.com/optuna/optuna/releases/tag/v3.0.0. Use suggest_float(..., log=True) instead.
  cps = trial.suggest_loguniform("changepoint_prior_scale", 0.001, 0.5)
C:\LocalHost\OptiBack\modulo_demanda\Algoritmo_Prophet\forecast_model.py:104: FutureWarning: suggest_loguniform has been deprecated in v3.0.0. This feature will be removed in v6.0.0. See https://github.com/optuna/optuna/releases/tag/v3.0.0. Use suggest_float(..., log=True) instead.
  sps = trial.suggest_loguniform("seasonality_prior_scale", 0.01, 10.0)
Optimization terminated abnormally. Falling back to Newton.
  0%|          | 0/2 [00:00<?, ?it/s] 50%|#####     | 1/2 [00:01<00:01,  1.16s/it]100%|##########| 2/2 [00:01<00:00,  1.15it/s]100%|##########| 2/2 [00:01<00:00,  1.10it/s]
[I 2025-05-23 20:49:28,553] Trial 5 finished with value: 2005.4732790958954 and parameters: {'changepoint_prior_scale': 0.0030590477847480617, 'seasonality_prior_scale': 0.3324012026100237, 'n_changepoints': 16}. Best is trial 4 with value: 1492.424268491362.
C:\LocalHost\OptiBack\modulo_demanda\Algoritmo_Prophet\forecast_model.py:103: FutureWarning: suggest_loguniform has been deprecated in v3.0.0. This feature will be removed in v6.0.0. See https://github.com/optuna/optuna/releases/tag/v3.0.0. Use suggest_float(..., log=True) instead.
  cps = trial.suggest_loguniform("changepoint_prior_scale", 0.001, 0.5)
C:\LocalHost\OptiBack\modulo_demanda\Algoritmo_Prophet\forecast_model.py:104: FutureWarning: suggest_loguniform has been deprecated in v3.0.0. This feature will be removed in v6.0.0. See https://github.com/optuna/optuna/releases/tag/v3.0.0. Use suggest_float(..., log=True) instead.
  sps = trial.suggest_loguniform("seasonality_prior_scale", 0.01, 10.0)
  0%|          | 0/2 [00:00<?, ?it/s] 50%|#####     | 1/2 [00:04<00:04,  4.98s/it]100%|##########| 2/2 [00:05<00:00,  2.53s/it]100%|##########| 2/2 [00:05<00:00,  2.90s/it]
[I 2025-05-23 20:49:35,304] Trial 6 finished with value: 1707.2987263673656 and parameters: {'changepoint_prior_scale': 0.3417267081111846, 'seasonality_prior_scale': 1.5013372541089667, 'n_changepoints': 45}. Best is trial 4 with value: 1492.424268491362.
C:\LocalHost\OptiBack\modulo_demanda\Algoritmo_Prophet\forecast_model.py:103: FutureWarning: suggest_loguniform has been deprecated in v3.0.0. This feature will be removed in v6.0.0. See https://github.com/optuna/optuna/releases/tag/v3.0.0. Use suggest_float(..., log=True) instead.
  cps = trial.suggest_loguniform("changepoint_prior_scale", 0.001, 0.5)
C:\LocalHost\OptiBack\modulo_demanda\Algoritmo_Prophet\forecast_model.py:104: FutureWarning: suggest_loguniform has been deprecated in v3.0.0. This feature will be removed in v6.0.0. See https://github.com/optuna/optuna/releases/tag/v3.0.0. Use suggest_float(..., log=True) instead.
  sps = trial.suggest_loguniform("seasonality_prior_scale", 0.01, 10.0)
  0%|          | 0/2 [00:00<?, ?it/s] 50%|#####     | 1/2 [00:02<00:02,  2.99s/it]100%|##########| 2/2 [00:03<00:00,  1.63s/it]100%|##########| 2/2 [00:03<00:00,  1.84s/it]
[I 2025-05-23 20:49:40,004] Trial 7 finished with value: 1570.8834885401327 and parameters: {'changepoint_prior_scale': 0.13184978146230952, 'seasonality_prior_scale': 1.014223799799962, 'n_changepoints': 32}. Best is trial 4 with value: 1492.424268491362.
C:\LocalHost\OptiBack\modulo_demanda\Algoritmo_Prophet\forecast_model.py:103: FutureWarning: suggest_loguniform has been deprecated in v3.0.0. This feature will be removed in v6.0.0. See https://github.com/optuna/optuna/releases/tag/v3.0.0. Use suggest_float(..., log=True) instead.
  cps = trial.suggest_loguniform("changepoint_prior_scale", 0.001, 0.5)
C:\LocalHost\OptiBack\modulo_demanda\Algoritmo_Prophet\forecast_model.py:104: FutureWarning: suggest_loguniform has been deprecated in v3.0.0. This feature will be removed in v6.0.0. See https://github.com/optuna/optuna/releases/tag/v3.0.0. Use suggest_float(..., log=True) instead.
  sps = trial.suggest_loguniform("seasonality_prior_scale", 0.01, 10.0)
  0%|          | 0/2 [00:00<?, ?it/s] 50%|#####     | 1/2 [00:01<00:01,  1.54s/it]100%|##########| 2/2 [00:02<00:00,  1.07s/it]100%|##########| 2/2 [00:02<00:00,  1.14s/it]
[I 2025-05-23 20:49:43,575] Trial 8 finished with value: 2530.4771613436856 and parameters: {'changepoint_prior_scale': 0.012401031123827953, 'seasonality_prior_scale': 8.868358584802538, 'n_changepoints': 17}. Best is trial 4 with value: 1492.424268491362.
C:\LocalHost\OptiBack\modulo_demanda\Algoritmo_Prophet\forecast_model.py:103: FutureWarning: suggest_loguniform has been deprecated in v3.0.0. This feature will be removed in v6.0.0. See https://github.com/optuna/optuna/releases/tag/v3.0.0. Use suggest_float(..., log=True) instead.
  cps = trial.suggest_loguniform("changepoint_prior_scale", 0.001, 0.5)
C:\LocalHost\OptiBack\modulo_demanda\Algoritmo_Prophet\forecast_model.py:104: FutureWarning: suggest_loguniform has been deprecated in v3.0.0. This feature will be removed in v6.0.0. See https://github.com/optuna/optuna/releases/tag/v3.0.0. Use suggest_float(..., log=True) instead.
  sps = trial.suggest_loguniform("seasonality_prior_scale", 0.01, 10.0)
  0%|          | 0/2 [00:00<?, ?it/s] 50%|#####     | 1/2 [00:01<00:01,  1.27s/it]100%|##########| 2/2 [00:01<00:00,  1.05it/s]100%|##########| 2/2 [00:01<00:00,  1.00it/s]
