[I 2025-05-23 20:41:20,941] Trial 9 finished with value: 2.2995730551655886 and parameters: {'changepoint_prior_scale': 0.023242830185753117, 'seasonality_prior_scale': 1.753553245392972, 'n_changepoints': 29}. Best is trial 2 with value: 1.6846960305010712.
  0%|          | 0/2 [00:00<?, ?it/s] 50%|#####     | 1/2 [00:01<00:01,  1.41s/it]100%|##########| 2/2 [00:01<00:00,  1.12it/s]100%|##########| 2/2 [00:01<00:00,  1.03it/s]
Rendimiento para la combinación BMX_310-BMX_OXXO-BMX_3402:
  horizon       mse      rmse       mae     mdape     smape  coverage
0 21 days  1.180155  1.086349  0.932589  0.250353  0.402350  0.666667
1 28 days  0.890278  0.943545  0.817641  0.236511  0.222707  0.833333
2 35 days  3.845396  1.960968  1.470866  0.273316  0.369156  0.666667
3 42 days  3.977226  1.994298  1.490665  0.235651  0.452157  0.666667
4 49 days  5.036563  2.244229  1.882182  0.483218  0.562942  0.333333
          ds      yhat  yhat_lower  yhat_upper    y     cutoff
0 2022-10-24  0.419225   -1.396297    1.981265  2.0 2022-10-17
1 2022-10-31  0.899273   -0.777963    2.582785  1.0 2022-10-17
2 2022-11-07  2.574315    0.970038    4.309631  2.0 2022-10-17
3 2022-11-14  3.778424    2.015350    5.525528  3.0 2022-10-17
4 2022-11-21  6.266985    4.673880    8.033965  2.0 2022-10-17
Contenido de df_prophet antes de model.fit:
            ds         y  day_of_week  week_of_year  month
0   2021-01-04   225.000            0             1      1
1   2021-01-11   265.875            0             2      1
2   2021-01-18   322.000            0             3      1
3   2021-01-25   524.000            0             4      1
4   2021-02-01   426.000            0             5      2
..         ...       ...          ...           ...    ...
151 2023-11-27   546.625            0            48     11
152 2023-12-04   565.250            0            49     12
153 2023-12-11   780.625            0            50     12
154 2023-12-18  1284.375            0            51     12
155 2023-12-25   897.750            0            52     12

[156 rows x 5 columns]
[I 2025-05-23 20:41:23,713] A new study created in memory with name: no-name-69a32c7b-8776-412e-b9d3-b5609a3779dc
C:\LocalHost\OptiBack\modulo_demanda\Algoritmo_Prophet\forecast_model.py:103: FutureWarning: suggest_loguniform has been deprecated in v3.0.0. This feature will be removed in v6.0.0. See https://github.com/optuna/optuna/releases/tag/v3.0.0. Use suggest_float(..., log=True) instead.
  cps = trial.suggest_loguniform("changepoint_prior_scale", 0.001, 0.5)
C:\LocalHost\OptiBack\modulo_demanda\Algoritmo_Prophet\forecast_model.py:104: FutureWarning: suggest_loguniform has been deprecated in v3.0.0. This feature will be removed in v6.0.0. See https://github.com/optuna/optuna/releases/tag/v3.0.0. Use suggest_float(..., log=True) instead.
  sps = trial.suggest_loguniform("seasonality_prior_scale", 0.01, 10.0)
  0%|          | 0/2 [00:00<?, ?it/s] 50%|#####     | 1/2 [00:01<00:01,  1.06s/it]100%|##########| 2/2 [00:01<00:00,  1.25it/s]100%|##########| 2/2 [00:01<00:00,  1.19it/s]
[I 2025-05-23 20:41:26,399] Trial 0 finished with value: 205.3052863369258 and parameters: {'changepoint_prior_scale': 0.006479631129142907, 'seasonality_prior_scale': 3.109586297111713, 'n_changepoints': 18}. Best is trial 0 with value: 205.3052863369258.
C:\LocalHost\OptiBack\modulo_demanda\Algoritmo_Prophet\forecast_model.py:103: FutureWarning: suggest_loguniform has been deprecated in v3.0.0. This feature will be removed in v6.0.0. See https://github.com/optuna/optuna/releases/tag/v3.0.0. Use suggest_float(..., log=True) instead.
  cps = trial.suggest_loguniform("changepoint_prior_scale", 0.001, 0.5)
C:\LocalHost\OptiBack\modulo_demanda\Algoritmo_Prophet\forecast_model.py:104: FutureWarning: suggest_loguniform has been deprecated in v3.0.0. This feature will be removed in v6.0.0. See https://github.com/optuna/optuna/releases/tag/v3.0.0. Use suggest_float(..., log=True) instead.
  sps = trial.suggest_loguniform("seasonality_prior_scale", 0.01, 10.0)
  0%|          | 0/2 [00:00<?, ?it/s] 50%|#####     | 1/2 [00:01<00:01,  1.05s/it]Optimization terminated abnormally. Falling back to Newton.
100%|##########| 2/2 [00:02<00:00,  1.35s/it]100%|##########| 2/2 [00:02<00:00,  1.31s/it]
[I 2025-05-23 20:41:30,371] Trial 1 finished with value: 209.4821503583275 and parameters: {'changepoint_prior_scale': 0.0027148789087176627, 'seasonality_prior_scale': 1.8374933533891833, 'n_changepoints': 32}. Best is trial 0 with value: 205.3052863369258.
C:\LocalHost\OptiBack\modulo_demanda\Algoritmo_Prophet\forecast_model.py:103: FutureWarning: suggest_loguniform has been deprecated in v3.0.0. This feature will be removed in v6.0.0. See https://github.com/optuna/optuna/releases/tag/v3.0.0. Use suggest_float(..., log=True) instead.
  cps = trial.suggest_loguniform("changepoint_prior_scale", 0.001, 0.5)
C:\LocalHost\OptiBack\modulo_demanda\Algoritmo_Prophet\forecast_model.py:104: FutureWarning: suggest_loguniform has been deprecated in v3.0.0. This feature will be removed in v6.0.0. See https://github.com/optuna/optuna/releases/tag/v3.0.0. Use suggest_float(..., log=True) instead.
  sps = trial.suggest_loguniform("seasonality_prior_scale", 0.01, 10.0)
  0%|          | 0/2 [00:00<?, ?it/s] 50%|#####     | 1/2 [00:02<00:02,  2.81s/it]100%|##########| 2/2 [00:03<00:00,  1.53s/it]100%|##########| 2/2 [00:03<00:00,  1.72s/it]
[I 2025-05-23 20:41:35,251] Trial 2 finished with value: 257.3019467788863 and parameters: {'changepoint_prior_scale': 0.4081778426660389, 'seasonality_prior_scale': 1.016494798577054, 'n_changepoints': 43}. Best is trial 0 with value: 205.3052863369258.
C:\LocalHost\OptiBack\modulo_demanda\Algoritmo_Prophet\forecast_model.py:103: FutureWarning: suggest_loguniform has been deprecated in v3.0.0. This feature will be removed in v6.0.0. See https://github.com/optuna/optuna/releases/tag/v3.0.0. Use suggest_float(..., log=True) instead.
  cps = trial.suggest_loguniform("changepoint_prior_scale", 0.001, 0.5)
C:\LocalHost\OptiBack\modulo_demanda\Algoritmo_Prophet\forecast_model.py:104: FutureWarning: suggest_loguniform has been deprecated in v3.0.0. This feature will be removed in v6.0.0. See https://github.com/optuna/optuna/releases/tag/v3.0.0. Use suggest_float(..., log=True) instead.
  sps = trial.suggest_loguniform("seasonality_prior_scale", 0.01, 10.0)
  0%|          | 0/2 [00:00<?, ?it/s] 50%|#####     | 1/2 [00:01<00:01,  1.68s/it]100%|##########| 2/2 [00:02<00:00,  1.22s/it]100%|##########| 2/2 [00:02<00:00,  1.29s/it]
[I 2025-05-23 20:41:38,877] Trial 3 finished with value: 202.17645441820088 and parameters: {'changepoint_prior_scale': 0.02394654005912516, 'seasonality_prior_scale': 3.6787259366484277, 'n_changepoints': 49}. Best is trial 3 with value: 202.17645441820088.
C:\LocalHost\OptiBack\modulo_demanda\Algoritmo_Prophet\forecast_model.py:103: FutureWarning: suggest_loguniform has been deprecated in v3.0.0. This feature will be removed in v6.0.0. See https://github.com/optuna/optuna/releases/tag/v3.0.0. Use suggest_float(..., log=True) instead.
  cps = trial.suggest_loguniform("changepoint_prior_scale", 0.001, 0.5)
C:\LocalHost\OptiBack\modulo_demanda\Algoritmo_Prophet\forecast_model.py:104: FutureWarning: suggest_loguniform has been deprecated in v3.0.0. This feature will be removed in v6.0.0. See https://github.com/optuna/optuna/releases/tag/v3.0.0. Use suggest_float(..., log=True) instead.
  sps = trial.suggest_loguniform("seasonality_prior_scale", 0.01, 10.0)
  0%|          | 0/2 [00:00<?, ?it/s] 50%|#####     | 1/2 [00:01<00:01,  1.61s/it]100%|##########| 2/2 [00:02<00:00,  1.04s/it]100%|##########| 2/2 [00:02<00:00,  1.13s/it]
[I 2025-05-23 20:41:41,912] Trial 4 finished with value: 210.7118386238566 and parameters: {'changepoint_prior_scale': 0.005735884877721792, 'seasonality_prior_scale': 0.03811862446892204, 'n_changepoints': 20}. Best is trial 3 with value: 202.17645441820088.
C:\LocalHost\OptiBack\modulo_demanda\Algoritmo_Prophet\forecast_model.py:103: FutureWarning: suggest_loguniform has been deprecated in v3.0.0. This feature will be removed in v6.0.0. See https://github.com/optuna/optuna/releases/tag/v3.0.0. Use suggest_float(..., log=True) instead.
  cps = trial.suggest_loguniform("changepoint_prior_scale", 0.001, 0.5)
C:\LocalHost\OptiBack\modulo_demanda\Algoritmo_Prophet\forecast_model.py:104: FutureWarning: suggest_loguniform has been deprecated in v3.0.0. This feature will be removed in v6.0.0. See https://github.com/optuna/optuna/releases/tag/v3.0.0. Use suggest_float(..., log=True) instead.
  sps = trial.suggest_loguniform("seasonality_prior_scale", 0.01, 10.0)
  0%|          | 0/2 [00:00<?, ?it/s] 50%|#####     | 1/2 [00:02<00:02,  2.17s/it]100%|##########| 2/2 [00:02<00:00,  1.32s/it]100%|##########| 2/2 [00:02<00:00,  1.45s/it]
[I 2025-05-23 20:41:45,747] Trial 5 finished with value: 207.0402508520109 and parameters: {'changepoint_prior_scale': 0.04292129340883983, 'seasonality_prior_scale': 8.29636360718149, 'n_changepoints': 50}. Best is trial 3 with value: 202.17645441820088.
C:\LocalHost\OptiBack\modulo_demanda\Algoritmo_Prophet\forecast_model.py:103: FutureWarning: suggest_loguniform has been deprecated in v3.0.0. This feature will be removed in v6.0.0. See https://github.com/optuna/optuna/releases/tag/v3.0.0. Use suggest_float(..., log=True) instead.
  cps = trial.suggest_loguniform("changepoint_prior_scale", 0.001, 0.5)
C:\LocalHost\OptiBack\modulo_demanda\Algoritmo_Prophet\forecast_model.py:104: FutureWarning: suggest_loguniform has been deprecated in v3.0.0. This feature will be removed in v6.0.0. See https://github.com/optuna/optuna/releases/tag/v3.0.0. Use suggest_float(..., log=True) instead.
  sps = trial.suggest_loguniform("seasonality_prior_scale", 0.01, 10.0)
  0%|          | 0/2 [00:00<?, ?it/s] 50%|#####     | 1/2 [00:01<00:01,  1.58s/it]100%|##########| 2/2 [00:02<00:00,  1.02it/s]100%|##########| 2/2 [00:02<00:00,  1.07s/it]
[I 2025-05-23 20:41:48,673] Trial 6 finished with value: 212.04970126716668 and parameters: {'changepoint_prior_scale': 0.060142965424121314, 'seasonality_prior_scale': 0.010199532089982916, 'n_changepoints': 49}. Best is trial 3 with value: 202.17645441820088.
C:\LocalHost\OptiBack\modulo_demanda\Algoritmo_Prophet\forecast_model.py:103: FutureWarning: suggest_loguniform has been deprecated in v3.0.0. This feature will be removed in v6.0.0. See https://github.com/optuna/optuna/releases/tag/v3.0.0. Use suggest_float(..., log=True) instead.
  cps = trial.suggest_loguniform("changepoint_prior_scale", 0.001, 0.5)
C:\LocalHost\OptiBack\modulo_demanda\Algoritmo_Prophet\forecast_model.py:104: FutureWarning: suggest_loguniform has been deprecated in v3.0.0. This feature will be removed in v6.0.0. See https://github.com/optuna/optuna/releases/tag/v3.0.0. Use suggest_float(..., log=True) instead.
  sps = trial.suggest_loguniform("seasonality_prior_scale", 0.01, 10.0)
  0%|          | 0/2 [00:00<?, ?it/s] 50%|#####     | 1/2 [00:00<00:00,  1.00it/s]100%|##########| 2/2 [00:01<00:00,  1.12it/s]100%|##########| 2/2 [00:01<00:00,  1.10it/s]
[I 2025-05-23 20:41:51,486] Trial 7 finished with value: 199.90785524336366 and parameters: {'changepoint_prior_scale': 0.012155794127984907, 'seasonality_prior_scale': 0.04135667183370317, 'n_changepoints': 27}. Best is trial 7 with value: 199.90785524336366.
C:\LocalHost\OptiBack\modulo_demanda\Algoritmo_Prophet\forecast_model.py:103: FutureWarning: suggest_loguniform has been deprecated in v3.0.0. This feature will be removed in v6.0.0. See https://github.com/optuna/optuna/releases/tag/v3.0.0. Use suggest_float(..., log=True) instead.
  cps = trial.suggest_loguniform("changepoint_prior_scale", 0.001, 0.5)
C:\LocalHost\OptiBack\modulo_demanda\Algoritmo_Prophet\forecast_model.py:104: FutureWarning: suggest_loguniform has been deprecated in v3.0.0. This feature will be removed in v6.0.0. See https://github.com/optuna/optuna/releases/tag/v3.0.0. Use suggest_float(..., log=True) instead.
  sps = trial.suggest_loguniform("seasonality_prior_scale", 0.01, 10.0)
  0%|          | 0/2 [00:00<?, ?it/s] 50%|#####     | 1/2 [00:01<00:01,  1.26s/it]100%|##########| 2/2 [00:02<00:00,  1.10s/it]100%|##########| 2/2 [00:02<00:00,  1.13s/it]
[I 2025-05-23 20:41:54,866] Trial 8 finished with value: 207.49066746551142 and parameters: {'changepoint_prior_scale': 0.04427938725344086, 'seasonality_prior_scale': 4.7939172472442015, 'n_changepoints': 7}. Best is trial 7 with value: 199.90785524336366.
C:\LocalHost\OptiBack\modulo_demanda\Algoritmo_Prophet\forecast_model.py:103: FutureWarning: suggest_loguniform has been deprecated in v3.0.0. This feature will be removed in v6.0.0. See https://github.com/optuna/optuna/releases/tag/v3.0.0. Use suggest_float(..., log=True) instead.
  cps = trial.suggest_loguniform("changepoint_prior_scale", 0.001, 0.5)
C:\LocalHost\OptiBack\modulo_demanda\Algoritmo_Prophet\forecast_model.py:104: FutureWarning: suggest_loguniform has been deprecated in v3.0.0. This feature will be removed in v6.0.0. See https://github.com/optuna/optuna/releases/tag/v3.0.0. Use suggest_float(..., log=True) instead.
  sps = trial.suggest_loguniform("seasonality_prior_scale", 0.01, 10.0)
  0%|          | 0/2 [00:00<?, ?it/s] 50%|#####     | 1/2 [00:06<00:06,  6.13s/it]100%|##########| 2/2 [00:06<00:00,  2.86s/it]100%|##########| 2/2 [00:06<00:00,  3.35s/it]
[I 2025-05-23 20:42:02,745] Trial 9 finished with value: 270.43127246804204 and parameters: {'changepoint_prior_scale': 0.25884503813511245, 'seasonality_prior_scale': 0.12793602432257994, 'n_changepoints': 48}. Best is trial 7 with value: 199.90785524336366.
  0%|          | 0/2 [00:00<?, ?it/s] 50%|#####     | 1/2 [00:00<00:00,  1.04it/s]100%|##########| 2/2 [00:01<00:00,  1.31it/s]100%|##########| 2/2 [00:01<00:00,  1.26it/s]
Rendimiento para la combinación BMX_310-BMX_OXXO-BMX_3931:
  horizon            mse        rmse  ...     mdape     smape  coverage
0 21 days    8564.831695   92.546376  ...  0.116044  0.120475  1.000000
1 28 days   13438.516014  115.924613  ...  0.149353  0.154565  1.000000
2 35 days  114377.756013  338.197806  ...  0.177787  0.253983  0.833333
3 42 days  129500.476084  359.861746  ...  0.177787  0.338713  0.666667
4 49 days  148110.883318  384.851768  ...  0.362284  0.415939  0.500000

[5 rows x 8 columns]
          ds        yhat  yhat_lower  yhat_upper         y     cutoff
0 2022-10-24  688.993932  527.727156  866.667369   667.000 2022-10-17
1 2022-10-31  583.196168  413.385996  744.218856   515.375 2022-10-17
2 2022-11-07  572.562871  402.474218  756.618033   631.375 2022-10-17
3 2022-11-14  513.803600  328.077523  687.877435   633.125 2022-10-17
4 2022-11-21  635.996252  461.736422  813.473991  1419.125 2022-10-17
Contenido de df_prophet antes de model.fit:
            ds          y  day_of_week  week_of_year  month
0   2021-01-04  15436.750            0             1      1
1   2021-01-11  14420.875            0             2      1
2   2021-01-18  21331.000            0             3      1
3   2021-01-25  21820.000            0             4      1
4   2021-02-01  18781.000            0             5      2
..         ...        ...          ...           ...    ...
151 2023-11-27  22403.500            0            48     11
152 2023-12-04  24565.250            0            49     12
153 2023-12-11  20285.750            0            50     12
154 2023-12-18  25601.500            0            51     12
155 2023-12-25  20275.250            0            52     12

[156 rows x 5 columns]
[I 2025-05-23 20:42:05,124] A new study created in memory with name: no-name-797213dd-c7b6-4c5c-8999-65e1cf987a92
C:\LocalHost\OptiBack\modulo_demanda\Algoritmo_Prophet\forecast_model.py:103: FutureWarning: suggest_loguniform has been deprecated in v3.0.0. This feature will be removed in v6.0.0. See https://github.com/optuna/optuna/releases/tag/v3.0.0. Use suggest_float(..., log=True) instead.
  cps = trial.suggest_loguniform("changepoint_prior_scale", 0.001, 0.5)
C:\LocalHost\OptiBack\modulo_demanda\Algoritmo_Prophet\forecast_model.py:104: FutureWarning: suggest_loguniform has been deprecated in v3.0.0. This feature will be removed in v6.0.0. See https://github.com/optuna/optuna/releases/tag/v3.0.0. Use suggest_float(..., log=True) instead.
  sps = trial.suggest_loguniform("seasonality_prior_scale", 0.01, 10.0)
  0%|          | 0/2 [00:00<?, ?it/s] 50%|#####     | 1/2 [00:03<00:03,  3.43s/it]100%|##########| 2/2 [00:04<00:00,  1.90s/it]100%|##########| 2/2 [00:04<00:00,  2.12s/it]
[I 2025-05-23 20:42:10,857] Trial 0 finished with value: 5126.128986237054 and parameters: {'changepoint_prior_scale': 0.046865323220746, 'seasonality_prior_scale': 0.09683734189378904, 'n_changepoints': 39}. Best is trial 0 with value: 5126.128986237054.
C:\LocalHost\OptiBack\modulo_demanda\Algoritmo_Prophet\forecast_model.py:103: FutureWarning: suggest_loguniform has been deprecated in v3.0.0. This feature will be removed in v6.0.0. See https://github.com/optuna/optuna/releases/tag/v3.0.0. Use suggest_float(..., log=True) instead.
  cps = trial.suggest_loguniform("changepoint_prior_scale", 0.001, 0.5)
C:\LocalHost\OptiBack\modulo_demanda\Algoritmo_Prophet\forecast_model.py:104: FutureWarning: suggest_loguniform has been deprecated in v3.0.0. This feature will be removed in v6.0.0. See https://github.com/optuna/optuna/releases/tag/v3.0.0. Use suggest_float(..., log=True) instead.
  sps = trial.suggest_loguniform("seasonality_prior_scale", 0.01, 10.0)
Optimization terminated abnormally. Falling back to Newton.
  0%|          | 0/2 [00:00<?, ?it/s] 50%|#####     | 1/2 [00:01<00:01,  1.21s/it]Optimization terminated abnormally. Falling back to Newton.
100%|##########| 2/2 [00:04<00:00,  2.35s/it]100%|##########| 2/2 [00:04<00:00,  2.18s/it]
[I 2025-05-23 20:42:17,193] Trial 1 finished with value: 4766.554881076104 and parameters: {'changepoint_prior_scale': 0.0014200065435110583, 'seasonality_prior_scale': 0.2730055963028854, 'n_changepoints': 27}. Best is trial 1 with value: 4766.554881076104.
C:\LocalHost\OptiBack\modulo_demanda\Algoritmo_Prophet\forecast_model.py:103: FutureWarning: suggest_loguniform has been deprecated in v3.0.0. This feature will be removed in v6.0.0. See https://github.com/optuna/optuna/releases/tag/v3.0.0. Use suggest_float(..., log=True) instead.
  cps = trial.suggest_loguniform("changepoint_prior_scale", 0.001, 0.5)
C:\LocalHost\OptiBack\modulo_demanda\Algoritmo_Prophet\forecast_model.py:104: FutureWarning: suggest_loguniform has been deprecated in v3.0.0. This feature will be removed in v6.0.0. See https://github.com/optuna/optuna/releases/tag/v3.0.0. Use suggest_float(..., log=True) instead.
  sps = trial.suggest_loguniform("seasonality_prior_scale", 0.01, 10.0)
  0%|          | 0/2 [00:00<?, ?it/s] 50%|#####     | 1/2 [00:01<00:01,  1.41s/it]100%|##########| 2/2 [00:02<00:00,  1.01it/s]100%|##########| 2/2 [00:02<00:00,  1.05s/it]
[I 2025-05-23 20:42:20,240] Trial 2 finished with value: 4845.677202101416 and parameters: {'changepoint_prior_scale': 0.019877826906859655, 'seasonality_prior_scale': 0.21126622699610614, 'n_changepoints': 19}. Best is trial 1 with value: 4766.554881076104.
C:\LocalHost\OptiBack\modulo_demanda\Algoritmo_Prophet\forecast_model.py:103: FutureWarning: suggest_loguniform has been deprecated in v3.0.0. This feature will be removed in v6.0.0. See https://github.com/optuna/optuna/releases/tag/v3.0.0. Use suggest_float(..., log=True) instead.
  cps = trial.suggest_loguniform("changepoint_prior_scale", 0.001, 0.5)
C:\LocalHost\OptiBack\modulo_demanda\Algoritmo_Prophet\forecast_model.py:104: FutureWarning: suggest_loguniform has been deprecated in v3.0.0. This feature will be removed in v6.0.0. See https://github.com/optuna/optuna/releases/tag/v3.0.0. Use suggest_float(..., log=True) instead.
  sps = trial.suggest_loguniform("seasonality_prior_scale", 0.01, 10.0)
  0%|          | 0/2 [00:00<?, ?it/s] 50%|#####     | 1/2 [00:01<00:01,  1.36s/it]100%|##########| 2/2 [00:02<00:00,  1.06it/s]100%|##########| 2/2 [00:02<00:00,  1.00s/it]
[I 2025-05-23 20:42:23,145] Trial 3 finished with value: 6884.619791566159 and parameters: {'changepoint_prior_scale': 0.07799651702260434, 'seasonality_prior_scale': 0.015749874204690293, 'n_changepoints': 10}. Best is trial 1 with value: 4766.554881076104.
C:\LocalHost\OptiBack\modulo_demanda\Algoritmo_Prophet\forecast_model.py:103: FutureWarning: suggest_loguniform has been deprecated in v3.0.0. This feature will be removed in v6.0.0. See https://github.com/optuna/optuna/releases/tag/v3.0.0. Use suggest_float(..., log=True) instead.
  cps = trial.suggest_loguniform("changepoint_prior_scale", 0.001, 0.5)
C:\LocalHost\OptiBack\modulo_demanda\Algoritmo_Prophet\forecast_model.py:104: FutureWarning: suggest_loguniform has been deprecated in v3.0.0. This feature will be removed in v6.0.0. See https://github.com/optuna/optuna/releases/tag/v3.0.0. Use suggest_float(..., log=True) instead.
  sps = trial.suggest_loguniform("seasonality_prior_scale", 0.01, 10.0)
  0%|          | 0/2 [00:00<?, ?it/s] 50%|#####     | 1/2 [00:01<00:01,  1.61s/it]100%|##########| 2/2 [00:02<00:00,  1.03s/it]100%|##########| 2/2 [00:02<00:00,  1.12s/it]
