[I 2025-05-23 20:35:15,417] Trial 9 finished with value: 235.84611100405303 and parameters: {'changepoint_prior_scale': 0.014488658185412721, 'seasonality_prior_scale': 0.390364977928252, 'n_changepoints': 45}. Best is trial 4 with value: 230.35191929417223.
  0%|          | 0/2 [00:00<?, ?it/s] 50%|#####     | 1/2 [00:01<00:01,  1.13s/it]100%|##########| 2/2 [00:01<00:00,  1.13it/s]100%|##########| 2/2 [00:01<00:00,  1.08it/s]
Rendimiento para la combinación BMX_310-BMX_AUTOSERVICIOS-BMX_3207:
  horizon           mse        rmse  ...     mdape     smape  coverage
0 21 days  57055.679370  238.863307  ...  0.049977  0.145848  0.833333
1 28 days  55138.837337  234.816604  ...  0.043913  0.134158  0.833333
2 35 days  76166.254655  275.982345  ...  0.117265  0.202370  0.833333
3 42 days  35109.543902  187.375409  ...  0.154153  0.145279  1.000000
4 49 days  35169.871490  187.536320  ...  0.154153  0.143326  1.000000

[5 rows x 8 columns]
          ds         yhat  yhat_lower   yhat_upper       y     cutoff
0 2022-10-24   973.136840  615.404124  1296.028195   863.0 2022-10-17
1 2022-10-31   574.460567  233.537005   919.133261   584.0 2022-10-17
2 2022-11-07   632.013318  323.023624   981.108904  1200.0 2022-10-17
3 2022-11-14   633.441803  285.298053   967.957991   591.0 2022-10-17
4 2022-11-21  1053.229739  712.545960  1420.690045   782.0 2022-10-17
Contenido de df_prophet antes de model.fit:
            ds     y  day_of_week  week_of_year  month
0   2021-01-04   8.0            0             1      1
1   2021-01-11  12.0            0             2      1
2   2021-01-18   6.0            0             3      1
3   2021-01-25  13.0            0             4      1
4   2021-02-01  13.0            0             5      2
..         ...   ...          ...           ...    ...
151 2023-11-27  27.0            0            48     11
152 2023-12-04  30.0            0            49     12
153 2023-12-11  52.0            0            50     12
154 2023-12-18  38.0            0            51     12
155 2023-12-25  13.0            0            52     12

[156 rows x 5 columns]
[I 2025-05-23 20:35:18,602] A new study created in memory with name: no-name-92e48789-18b6-455b-8b56-8755cda01c96
C:\LocalHost\OptiBack\modulo_demanda\Algoritmo_Prophet\forecast_model.py:103: FutureWarning: suggest_loguniform has been deprecated in v3.0.0. This feature will be removed in v6.0.0. See https://github.com/optuna/optuna/releases/tag/v3.0.0. Use suggest_float(..., log=True) instead.
  cps = trial.suggest_loguniform("changepoint_prior_scale", 0.001, 0.5)
C:\LocalHost\OptiBack\modulo_demanda\Algoritmo_Prophet\forecast_model.py:104: FutureWarning: suggest_loguniform has been deprecated in v3.0.0. This feature will be removed in v6.0.0. See https://github.com/optuna/optuna/releases/tag/v3.0.0. Use suggest_float(..., log=True) instead.
  sps = trial.suggest_loguniform("seasonality_prior_scale", 0.01, 10.0)
Optimization terminated abnormally. Falling back to Newton.
  0%|          | 0/2 [00:00<?, ?it/s] 50%|#####     | 1/2 [00:01<00:01,  1.30s/it]100%|##########| 2/2 [00:02<00:00,  1.11s/it]100%|##########| 2/2 [00:02<00:00,  1.14s/it]
[I 2025-05-23 20:35:23,168] Trial 0 finished with value: 15.694650326020787 and parameters: {'changepoint_prior_scale': 0.0035486876032680055, 'seasonality_prior_scale': 0.26887540015826444, 'n_changepoints': 25}. Best is trial 0 with value: 15.694650326020787.
C:\LocalHost\OptiBack\modulo_demanda\Algoritmo_Prophet\forecast_model.py:103: FutureWarning: suggest_loguniform has been deprecated in v3.0.0. This feature will be removed in v6.0.0. See https://github.com/optuna/optuna/releases/tag/v3.0.0. Use suggest_float(..., log=True) instead.
  cps = trial.suggest_loguniform("changepoint_prior_scale", 0.001, 0.5)
C:\LocalHost\OptiBack\modulo_demanda\Algoritmo_Prophet\forecast_model.py:104: FutureWarning: suggest_loguniform has been deprecated in v3.0.0. This feature will be removed in v6.0.0. See https://github.com/optuna/optuna/releases/tag/v3.0.0. Use suggest_float(..., log=True) instead.
  sps = trial.suggest_loguniform("seasonality_prior_scale", 0.01, 10.0)
  0%|          | 0/2 [00:00<?, ?it/s] 50%|#####     | 1/2 [00:02<00:02,  2.90s/it]100%|##########| 2/2 [00:03<00:00,  1.72s/it]100%|##########| 2/2 [00:03<00:00,  1.90s/it]
[I 2025-05-23 20:35:28,163] Trial 1 finished with value: 17.711250587133183 and parameters: {'changepoint_prior_scale': 0.09906762817030806, 'seasonality_prior_scale': 3.1339030439973534, 'n_changepoints': 38}. Best is trial 0 with value: 15.694650326020787.
C:\LocalHost\OptiBack\modulo_demanda\Algoritmo_Prophet\forecast_model.py:103: FutureWarning: suggest_loguniform has been deprecated in v3.0.0. This feature will be removed in v6.0.0. See https://github.com/optuna/optuna/releases/tag/v3.0.0. Use suggest_float(..., log=True) instead.
  cps = trial.suggest_loguniform("changepoint_prior_scale", 0.001, 0.5)
C:\LocalHost\OptiBack\modulo_demanda\Algoritmo_Prophet\forecast_model.py:104: FutureWarning: suggest_loguniform has been deprecated in v3.0.0. This feature will be removed in v6.0.0. See https://github.com/optuna/optuna/releases/tag/v3.0.0. Use suggest_float(..., log=True) instead.
  sps = trial.suggest_loguniform("seasonality_prior_scale", 0.01, 10.0)
Optimization terminated abnormally. Falling back to Newton.
  0%|          | 0/2 [00:00<?, ?it/s] 50%|#####     | 1/2 [00:01<00:01,  1.14s/it]Optimization terminated abnormally. Falling back to Newton.
100%|##########| 2/2 [00:03<00:00,  1.80s/it]100%|##########| 2/2 [00:03<00:00,  1.70s/it]
[I 2025-05-23 20:35:33,520] Trial 2 finished with value: 15.663265515860456 and parameters: {'changepoint_prior_scale': 0.0016011338006314759, 'seasonality_prior_scale': 0.643464772318983, 'n_changepoints': 48}. Best is trial 2 with value: 15.663265515860456.
C:\LocalHost\OptiBack\modulo_demanda\Algoritmo_Prophet\forecast_model.py:103: FutureWarning: suggest_loguniform has been deprecated in v3.0.0. This feature will be removed in v6.0.0. See https://github.com/optuna/optuna/releases/tag/v3.0.0. Use suggest_float(..., log=True) instead.
  cps = trial.suggest_loguniform("changepoint_prior_scale", 0.001, 0.5)
C:\LocalHost\OptiBack\modulo_demanda\Algoritmo_Prophet\forecast_model.py:104: FutureWarning: suggest_loguniform has been deprecated in v3.0.0. This feature will be removed in v6.0.0. See https://github.com/optuna/optuna/releases/tag/v3.0.0. Use suggest_float(..., log=True) instead.
  sps = trial.suggest_loguniform("seasonality_prior_scale", 0.01, 10.0)
  0%|          | 0/2 [00:00<?, ?it/s] 50%|#####     | 1/2 [00:01<00:01,  1.70s/it]100%|##########| 2/2 [00:02<00:00,  1.04s/it]100%|##########| 2/2 [00:02<00:00,  1.14s/it]
[I 2025-05-23 20:35:37,144] Trial 3 finished with value: 15.522907499188959 and parameters: {'changepoint_prior_scale': 0.011740016701573994, 'seasonality_prior_scale': 0.4728299194444608, 'n_changepoints': 21}. Best is trial 3 with value: 15.522907499188959.
C:\LocalHost\OptiBack\modulo_demanda\Algoritmo_Prophet\forecast_model.py:103: FutureWarning: suggest_loguniform has been deprecated in v3.0.0. This feature will be removed in v6.0.0. See https://github.com/optuna/optuna/releases/tag/v3.0.0. Use suggest_float(..., log=True) instead.
  cps = trial.suggest_loguniform("changepoint_prior_scale", 0.001, 0.5)
C:\LocalHost\OptiBack\modulo_demanda\Algoritmo_Prophet\forecast_model.py:104: FutureWarning: suggest_loguniform has been deprecated in v3.0.0. This feature will be removed in v6.0.0. See https://github.com/optuna/optuna/releases/tag/v3.0.0. Use suggest_float(..., log=True) instead.
  sps = trial.suggest_loguniform("seasonality_prior_scale", 0.01, 10.0)
  0%|          | 0/2 [00:00<?, ?it/s] 50%|#####     | 1/2 [00:01<00:01,  1.11s/it]100%|##########| 2/2 [00:01<00:00,  1.23it/s]100%|##########| 2/2 [00:01<00:00,  1.16it/s]
[I 2025-05-23 20:35:39,801] Trial 4 finished with value: 19.68754358072381 and parameters: {'changepoint_prior_scale': 0.020722151528835765, 'seasonality_prior_scale': 9.84971211779255, 'n_changepoints': 6}. Best is trial 3 with value: 15.522907499188959.
C:\LocalHost\OptiBack\modulo_demanda\Algoritmo_Prophet\forecast_model.py:103: FutureWarning: suggest_loguniform has been deprecated in v3.0.0. This feature will be removed in v6.0.0. See https://github.com/optuna/optuna/releases/tag/v3.0.0. Use suggest_float(..., log=True) instead.
  cps = trial.suggest_loguniform("changepoint_prior_scale", 0.001, 0.5)
C:\LocalHost\OptiBack\modulo_demanda\Algoritmo_Prophet\forecast_model.py:104: FutureWarning: suggest_loguniform has been deprecated in v3.0.0. This feature will be removed in v6.0.0. See https://github.com/optuna/optuna/releases/tag/v3.0.0. Use suggest_float(..., log=True) instead.
  sps = trial.suggest_loguniform("seasonality_prior_scale", 0.01, 10.0)
  0%|          | 0/2 [00:00<?, ?it/s] 50%|#####     | 1/2 [00:00<00:00,  1.28it/s]100%|##########| 2/2 [00:01<00:00,  1.11it/s]100%|##########| 2/2 [00:01<00:00,  1.13it/s]
[I 2025-05-23 20:35:42,509] Trial 5 finished with value: 16.314380775639595 and parameters: {'changepoint_prior_scale': 0.0019742568121815752, 'seasonality_prior_scale': 1.522340265841679, 'n_changepoints': 8}. Best is trial 3 with value: 15.522907499188959.
C:\LocalHost\OptiBack\modulo_demanda\Algoritmo_Prophet\forecast_model.py:103: FutureWarning: suggest_loguniform has been deprecated in v3.0.0. This feature will be removed in v6.0.0. See https://github.com/optuna/optuna/releases/tag/v3.0.0. Use suggest_float(..., log=True) instead.
  cps = trial.suggest_loguniform("changepoint_prior_scale", 0.001, 0.5)
C:\LocalHost\OptiBack\modulo_demanda\Algoritmo_Prophet\forecast_model.py:104: FutureWarning: suggest_loguniform has been deprecated in v3.0.0. This feature will be removed in v6.0.0. See https://github.com/optuna/optuna/releases/tag/v3.0.0. Use suggest_float(..., log=True) instead.
  sps = trial.suggest_loguniform("seasonality_prior_scale", 0.01, 10.0)
  0%|          | 0/2 [00:00<?, ?it/s] 50%|#####     | 1/2 [00:01<00:01,  1.79s/it]100%|##########| 2/2 [00:02<00:00,  1.13s/it]100%|##########| 2/2 [00:02<00:00,  1.23s/it]
[I 2025-05-23 20:35:45,869] Trial 6 finished with value: 14.796090728372151 and parameters: {'changepoint_prior_scale': 0.049391026725866545, 'seasonality_prior_scale': 0.05315362489941684, 'n_changepoints': 34}. Best is trial 6 with value: 14.796090728372151.
C:\LocalHost\OptiBack\modulo_demanda\Algoritmo_Prophet\forecast_model.py:103: FutureWarning: suggest_loguniform has been deprecated in v3.0.0. This feature will be removed in v6.0.0. See https://github.com/optuna/optuna/releases/tag/v3.0.0. Use suggest_float(..., log=True) instead.
  cps = trial.suggest_loguniform("changepoint_prior_scale", 0.001, 0.5)
C:\LocalHost\OptiBack\modulo_demanda\Algoritmo_Prophet\forecast_model.py:104: FutureWarning: suggest_loguniform has been deprecated in v3.0.0. This feature will be removed in v6.0.0. See https://github.com/optuna/optuna/releases/tag/v3.0.0. Use suggest_float(..., log=True) instead.
  sps = trial.suggest_loguniform("seasonality_prior_scale", 0.01, 10.0)
Optimization terminated abnormally. Falling back to Newton.
  0%|          | 0/2 [00:00<?, ?it/s] 50%|#####     | 1/2 [00:01<00:01,  1.29s/it]100%|##########| 2/2 [00:01<00:00,  1.06it/s]100%|##########| 2/2 [00:01<00:00,  1.00it/s]
[I 2025-05-23 20:35:49,796] Trial 7 finished with value: 15.368991971534443 and parameters: {'changepoint_prior_scale': 0.0045298154324941555, 'seasonality_prior_scale': 0.10425535864021791, 'n_changepoints': 29}. Best is trial 6 with value: 14.796090728372151.
C:\LocalHost\OptiBack\modulo_demanda\Algoritmo_Prophet\forecast_model.py:103: FutureWarning: suggest_loguniform has been deprecated in v3.0.0. This feature will be removed in v6.0.0. See https://github.com/optuna/optuna/releases/tag/v3.0.0. Use suggest_float(..., log=True) instead.
  cps = trial.suggest_loguniform("changepoint_prior_scale", 0.001, 0.5)
C:\LocalHost\OptiBack\modulo_demanda\Algoritmo_Prophet\forecast_model.py:104: FutureWarning: suggest_loguniform has been deprecated in v3.0.0. This feature will be removed in v6.0.0. See https://github.com/optuna/optuna/releases/tag/v3.0.0. Use suggest_float(..., log=True) instead.
  sps = trial.suggest_loguniform("seasonality_prior_scale", 0.01, 10.0)
  0%|          | 0/2 [00:00<?, ?it/s] 50%|#####     | 1/2 [00:01<00:01,  1.76s/it]100%|##########| 2/2 [00:02<00:00,  1.15s/it]100%|##########| 2/2 [00:02<00:00,  1.24s/it]
[I 2025-05-23 20:35:53,563] Trial 8 finished with value: 15.50177659859222 and parameters: {'changepoint_prior_scale': 0.03664877850716933, 'seasonality_prior_scale': 0.1442287275935022, 'n_changepoints': 30}. Best is trial 6 with value: 14.796090728372151.
C:\LocalHost\OptiBack\modulo_demanda\Algoritmo_Prophet\forecast_model.py:103: FutureWarning: suggest_loguniform has been deprecated in v3.0.0. This feature will be removed in v6.0.0. See https://github.com/optuna/optuna/releases/tag/v3.0.0. Use suggest_float(..., log=True) instead.
  cps = trial.suggest_loguniform("changepoint_prior_scale", 0.001, 0.5)
C:\LocalHost\OptiBack\modulo_demanda\Algoritmo_Prophet\forecast_model.py:104: FutureWarning: suggest_loguniform has been deprecated in v3.0.0. This feature will be removed in v6.0.0. See https://github.com/optuna/optuna/releases/tag/v3.0.0. Use suggest_float(..., log=True) instead.
  sps = trial.suggest_loguniform("seasonality_prior_scale", 0.01, 10.0)
  0%|          | 0/2 [00:00<?, ?it/s] 50%|#####     | 1/2 [00:01<00:01,  1.96s/it]100%|##########| 2/2 [00:02<00:00,  1.28s/it]100%|##########| 2/2 [00:02<00:00,  1.38s/it]
[I 2025-05-23 20:35:57,296] Trial 9 finished with value: 15.877122904605448 and parameters: {'changepoint_prior_scale': 0.15023441351324693, 'seasonality_prior_scale': 0.8391068686455074, 'n_changepoints': 23}. Best is trial 6 with value: 14.796090728372151.
  0%|          | 0/2 [00:00<?, ?it/s] 50%|#####     | 1/2 [00:01<00:01,  1.48s/it]100%|##########| 2/2 [00:02<00:00,  1.04it/s]100%|##########| 2/2 [00:02<00:00,  1.04s/it]
Rendimiento para la combinación BMX_310-BMX_AUTOSERVICIOS-BMX_3402:
  horizon         mse       rmse  ...     mdape     smape  coverage
0 21 days  139.306870  11.802833  ...  0.426857  0.389488  0.500000
1 28 days  135.799452  11.653302  ...  0.381609  0.375500  0.500000
2 35 days  124.893340  11.175569  ...  0.222954  0.282461  0.666667
3 42 days  110.169577  10.496170  ...  0.222954  0.316177  0.833333
4 49 days  103.355280  10.166380  ...  0.197721  0.292409  0.833333

[5 rows x 8 columns]
          ds       yhat  yhat_lower  yhat_upper     y     cutoff
0 2022-10-24  17.487363    4.843848   30.837712  15.0 2022-10-17
1 2022-10-31  13.903251    1.598930   27.523821  30.0 2022-10-17
2 2022-11-07  31.545461   19.139916   44.612126  19.0 2022-10-17
3 2022-11-14  30.239174   18.441014   43.124021  33.0 2022-10-17
4 2022-11-21  26.545581   13.647289   39.400366  34.0 2022-10-17
Contenido de df_prophet antes de model.fit:
            ds      y  day_of_week  week_of_year  month
0   2021-01-04  124.0            0             1      1
1   2021-01-11  106.0            0             2      1
2   2021-01-18  105.0            0             3      1
3   2021-01-25  215.0            0             4      1
4   2021-02-01  223.0            0             5      2
..         ...    ...          ...           ...    ...
151 2023-11-27  284.0            0            48     11
152 2023-12-04  288.0            0            49     12
153 2023-12-11  523.0            0            50     12
154 2023-12-18  735.0            0            51     12
155 2023-12-25  686.0            0            52     12

[156 rows x 5 columns]
[I 2025-05-23 20:36:00,280] A new study created in memory with name: no-name-b6800d74-fdc0-4af3-aa47-aa8e089163a5
C:\LocalHost\OptiBack\modulo_demanda\Algoritmo_Prophet\forecast_model.py:103: FutureWarning: suggest_loguniform has been deprecated in v3.0.0. This feature will be removed in v6.0.0. See https://github.com/optuna/optuna/releases/tag/v3.0.0. Use suggest_float(..., log=True) instead.
  cps = trial.suggest_loguniform("changepoint_prior_scale", 0.001, 0.5)
C:\LocalHost\OptiBack\modulo_demanda\Algoritmo_Prophet\forecast_model.py:104: FutureWarning: suggest_loguniform has been deprecated in v3.0.0. This feature will be removed in v6.0.0. See https://github.com/optuna/optuna/releases/tag/v3.0.0. Use suggest_float(..., log=True) instead.
  sps = trial.suggest_loguniform("seasonality_prior_scale", 0.01, 10.0)
Optimization terminated abnormally. Falling back to Newton.
  0%|          | 0/2 [00:00<?, ?it/s] 50%|#####     | 1/2 [00:01<00:01,  1.11s/it]100%|##########| 2/2 [00:01<00:00,  1.21it/s]100%|##########| 2/2 [00:01<00:00,  1.15it/s]
[I 2025-05-23 20:36:03,860] Trial 0 finished with value: 71.22836913214304 and parameters: {'changepoint_prior_scale': 0.007994191330563505, 'seasonality_prior_scale': 0.4610229566041926, 'n_changepoints': 33}. Best is trial 0 with value: 71.22836913214304.
C:\LocalHost\OptiBack\modulo_demanda\Algoritmo_Prophet\forecast_model.py:103: FutureWarning: suggest_loguniform has been deprecated in v3.0.0. This feature will be removed in v6.0.0. See https://github.com/optuna/optuna/releases/tag/v3.0.0. Use suggest_float(..., log=True) instead.
  cps = trial.suggest_loguniform("changepoint_prior_scale", 0.001, 0.5)
C:\LocalHost\OptiBack\modulo_demanda\Algoritmo_Prophet\forecast_model.py:104: FutureWarning: suggest_loguniform has been deprecated in v3.0.0. This feature will be removed in v6.0.0. See https://github.com/optuna/optuna/releases/tag/v3.0.0. Use suggest_float(..., log=True) instead.
  sps = trial.suggest_loguniform("seasonality_prior_scale", 0.01, 10.0)
Optimization terminated abnormally. Falling back to Newton.
  0%|          | 0/2 [00:00<?, ?it/s] 50%|#####     | 1/2 [00:02<00:02,  2.13s/it]100%|##########| 2/2 [00:02<00:00,  1.28s/it]100%|##########| 2/2 [00:02<00:00,  1.41s/it]
[I 2025-05-23 20:36:08,838] Trial 1 finished with value: 72.86663914852423 and parameters: {'changepoint_prior_scale': 0.004166339297065767, 'seasonality_prior_scale': 1.460398203517906, 'n_changepoints': 49}. Best is trial 0 with value: 71.22836913214304.
C:\LocalHost\OptiBack\modulo_demanda\Algoritmo_Prophet\forecast_model.py:103: FutureWarning: suggest_loguniform has been deprecated in v3.0.0. This feature will be removed in v6.0.0. See https://github.com/optuna/optuna/releases/tag/v3.0.0. Use suggest_float(..., log=True) instead.
  cps = trial.suggest_loguniform("changepoint_prior_scale", 0.001, 0.5)
C:\LocalHost\OptiBack\modulo_demanda\Algoritmo_Prophet\forecast_model.py:104: FutureWarning: suggest_loguniform has been deprecated in v3.0.0. This feature will be removed in v6.0.0. See https://github.com/optuna/optuna/releases/tag/v3.0.0. Use suggest_float(..., log=True) instead.
  sps = trial.suggest_loguniform("seasonality_prior_scale", 0.01, 10.0)
  0%|          | 0/2 [00:00<?, ?it/s] 50%|#####     | 1/2 [00:01<00:01,  1.71s/it]100%|##########| 2/2 [00:02<00:00,  1.17s/it]100%|##########| 2/2 [00:02<00:00,  1.25s/it]
[I 2025-05-23 20:36:12,353] Trial 2 finished with value: 67.28834276842386 and parameters: {'changepoint_prior_scale': 0.24437317581291076, 'seasonality_prior_scale': 0.014936361930278365, 'n_changepoints': 33}. Best is trial 2 with value: 67.28834276842386.
C:\LocalHost\OptiBack\modulo_demanda\Algoritmo_Prophet\forecast_model.py:103: FutureWarning: suggest_loguniform has been deprecated in v3.0.0. This feature will be removed in v6.0.0. See https://github.com/optuna/optuna/releases/tag/v3.0.0. Use suggest_float(..., log=True) instead.
  cps = trial.suggest_loguniform("changepoint_prior_scale", 0.001, 0.5)
C:\LocalHost\OptiBack\modulo_demanda\Algoritmo_Prophet\forecast_model.py:104: FutureWarning: suggest_loguniform has been deprecated in v3.0.0. This feature will be removed in v6.0.0. See https://github.com/optuna/optuna/releases/tag/v3.0.0. Use suggest_float(..., log=True) instead.
  sps = trial.suggest_loguniform("seasonality_prior_scale", 0.01, 10.0)
  0%|          | 0/2 [00:00<?, ?it/s] 50%|#####     | 1/2 [00:00<00:00,  1.10it/s]100%|##########| 2/2 [00:01<00:00,  1.38it/s]100%|##########| 2/2 [00:01<00:00,  1.33it/s]
[I 2025-05-23 20:36:14,666] Trial 3 finished with value: 68.33153181716983 and parameters: {'changepoint_prior_scale': 0.009301842863292229, 'seasonality_prior_scale': 0.015890262245777016, 'n_changepoints': 11}. Best is trial 2 with value: 67.28834276842386.
C:\LocalHost\OptiBack\modulo_demanda\Algoritmo_Prophet\forecast_model.py:103: FutureWarning: suggest_loguniform has been deprecated in v3.0.0. This feature will be removed in v6.0.0. See https://github.com/optuna/optuna/releases/tag/v3.0.0. Use suggest_float(..., log=True) instead.
  cps = trial.suggest_loguniform("changepoint_prior_scale", 0.001, 0.5)
C:\LocalHost\OptiBack\modulo_demanda\Algoritmo_Prophet\forecast_model.py:104: FutureWarning: suggest_loguniform has been deprecated in v3.0.0. This feature will be removed in v6.0.0. See https://github.com/optuna/optuna/releases/tag/v3.0.0. Use suggest_float(..., log=True) instead.
  sps = trial.suggest_loguniform("seasonality_prior_scale", 0.01, 10.0)
  0%|          | 0/2 [00:00<?, ?it/s] 50%|#####     | 1/2 [00:01<00:01,  1.53s/it]100%|##########| 2/2 [00:02<00:00,  1.01it/s]100%|##########| 2/2 [00:02<00:00,  1.07s/it]
