[I 2025-05-23 20:29:41,235] Trial 4 finished with value: 58.670603080694356 and parameters: {'changepoint_prior_scale': 0.001274453097166407, 'seasonality_prior_scale': 0.643063591884484, 'n_changepoints': 28}. Best is trial 3 with value: 19.387653718122763.
C:\LocalHost\OptiBack\modulo_demanda\Algoritmo_Prophet\forecast_model.py:103: FutureWarning: suggest_loguniform has been deprecated in v3.0.0. This feature will be removed in v6.0.0. See https://github.com/optuna/optuna/releases/tag/v3.0.0. Use suggest_float(..., log=True) instead.
  cps = trial.suggest_loguniform("changepoint_prior_scale", 0.001, 0.5)
C:\LocalHost\OptiBack\modulo_demanda\Algoritmo_Prophet\forecast_model.py:104: FutureWarning: suggest_loguniform has been deprecated in v3.0.0. This feature will be removed in v6.0.0. See https://github.com/optuna/optuna/releases/tag/v3.0.0. Use suggest_float(..., log=True) instead.
  sps = trial.suggest_loguniform("seasonality_prior_scale", 0.01, 10.0)
  0%|          | 0/2 [00:00<?, ?it/s] 50%|#####     | 1/2 [00:00<00:00,  1.02it/s]100%|##########| 2/2 [00:01<00:00,  1.34it/s]100%|##########| 2/2 [00:01<00:00,  1.28it/s]
[I 2025-05-23 20:29:43,720] Trial 5 finished with value: 61.427321625188185 and parameters: {'changepoint_prior_scale': 0.001999212804974864, 'seasonality_prior_scale': 0.6740466186214801, 'n_changepoints': 5}. Best is trial 3 with value: 19.387653718122763.
C:\LocalHost\OptiBack\modulo_demanda\Algoritmo_Prophet\forecast_model.py:103: FutureWarning: suggest_loguniform has been deprecated in v3.0.0. This feature will be removed in v6.0.0. See https://github.com/optuna/optuna/releases/tag/v3.0.0. Use suggest_float(..., log=True) instead.
  cps = trial.suggest_loguniform("changepoint_prior_scale", 0.001, 0.5)
C:\LocalHost\OptiBack\modulo_demanda\Algoritmo_Prophet\forecast_model.py:104: FutureWarning: suggest_loguniform has been deprecated in v3.0.0. This feature will be removed in v6.0.0. See https://github.com/optuna/optuna/releases/tag/v3.0.0. Use suggest_float(..., log=True) instead.
  sps = trial.suggest_loguniform("seasonality_prior_scale", 0.01, 10.0)
  0%|          | 0/2 [00:00<?, ?it/s] 50%|#####     | 1/2 [00:01<00:01,  1.64s/it]100%|##########| 2/2 [00:02<00:00,  1.04s/it]100%|##########| 2/2 [00:02<00:00,  1.13s/it]
[I 2025-05-23 20:29:46,740] Trial 6 finished with value: 55.024201331836395 and parameters: {'changepoint_prior_scale': 0.021163307697996122, 'seasonality_prior_scale': 0.2915536085966682, 'n_changepoints': 31}. Best is trial 3 with value: 19.387653718122763.
C:\LocalHost\OptiBack\modulo_demanda\Algoritmo_Prophet\forecast_model.py:103: FutureWarning: suggest_loguniform has been deprecated in v3.0.0. This feature will be removed in v6.0.0. See https://github.com/optuna/optuna/releases/tag/v3.0.0. Use suggest_float(..., log=True) instead.
  cps = trial.suggest_loguniform("changepoint_prior_scale", 0.001, 0.5)
C:\LocalHost\OptiBack\modulo_demanda\Algoritmo_Prophet\forecast_model.py:104: FutureWarning: suggest_loguniform has been deprecated in v3.0.0. This feature will be removed in v6.0.0. See https://github.com/optuna/optuna/releases/tag/v3.0.0. Use suggest_float(..., log=True) instead.
  sps = trial.suggest_loguniform("seasonality_prior_scale", 0.01, 10.0)
  0%|          | 0/2 [00:00<?, ?it/s] 50%|#####     | 1/2 [00:01<00:01,  1.87s/it]Optimization terminated abnormally. Falling back to Newton.
100%|##########| 2/2 [00:04<00:00,  2.25s/it]100%|##########| 2/2 [00:04<00:00,  2.19s/it]
[I 2025-05-23 20:29:52,195] Trial 7 finished with value: 58.84303941914711 and parameters: {'changepoint_prior_scale': 0.01201832352169541, 'seasonality_prior_scale': 1.9186218942864193, 'n_changepoints': 39}. Best is trial 3 with value: 19.387653718122763.
C:\LocalHost\OptiBack\modulo_demanda\Algoritmo_Prophet\forecast_model.py:103: FutureWarning: suggest_loguniform has been deprecated in v3.0.0. This feature will be removed in v6.0.0. See https://github.com/optuna/optuna/releases/tag/v3.0.0. Use suggest_float(..., log=True) instead.
  cps = trial.suggest_loguniform("changepoint_prior_scale", 0.001, 0.5)
C:\LocalHost\OptiBack\modulo_demanda\Algoritmo_Prophet\forecast_model.py:104: FutureWarning: suggest_loguniform has been deprecated in v3.0.0. This feature will be removed in v6.0.0. See https://github.com/optuna/optuna/releases/tag/v3.0.0. Use suggest_float(..., log=True) instead.
  sps = trial.suggest_loguniform("seasonality_prior_scale", 0.01, 10.0)
  0%|          | 0/2 [00:00<?, ?it/s] 50%|#####     | 1/2 [00:01<00:01,  1.05s/it]100%|##########| 2/2 [00:01<00:00,  1.07it/s]100%|##########| 2/2 [00:01<00:00,  1.05it/s]
[I 2025-05-23 20:29:55,053] Trial 8 finished with value: 57.78201962389176 and parameters: {'changepoint_prior_scale': 0.01254360816631551, 'seasonality_prior_scale': 0.38497132322601313, 'n_changepoints': 7}. Best is trial 3 with value: 19.387653718122763.
C:\LocalHost\OptiBack\modulo_demanda\Algoritmo_Prophet\forecast_model.py:103: FutureWarning: suggest_loguniform has been deprecated in v3.0.0. This feature will be removed in v6.0.0. See https://github.com/optuna/optuna/releases/tag/v3.0.0. Use suggest_float(..., log=True) instead.
  cps = trial.suggest_loguniform("changepoint_prior_scale", 0.001, 0.5)
C:\LocalHost\OptiBack\modulo_demanda\Algoritmo_Prophet\forecast_model.py:104: FutureWarning: suggest_loguniform has been deprecated in v3.0.0. This feature will be removed in v6.0.0. See https://github.com/optuna/optuna/releases/tag/v3.0.0. Use suggest_float(..., log=True) instead.
  sps = trial.suggest_loguniform("seasonality_prior_scale", 0.01, 10.0)
Optimization terminated abnormally. Falling back to Newton.
  0%|          | 0/2 [00:00<?, ?it/s] 50%|#####     | 1/2 [00:01<00:01,  1.00s/it]Optimization terminated abnormally. Falling back to Newton.
100%|##########| 2/2 [00:02<00:00,  1.20s/it]100%|##########| 2/2 [00:02<00:00,  1.17s/it]
[I 2025-05-23 20:29:59,103] Trial 9 finished with value: 58.875925016349655 and parameters: {'changepoint_prior_scale': 0.0023451444677873383, 'seasonality_prior_scale': 2.07173570866365, 'n_changepoints': 32}. Best is trial 3 with value: 19.387653718122763.
  0%|          | 0/2 [00:00<?, ?it/s] 50%|#####     | 1/2 [00:02<00:02,  2.79s/it]100%|##########| 2/2 [00:03<00:00,  1.51s/it]100%|##########| 2/2 [00:03<00:00,  1.70s/it]
Rendimiento para la combinación BMX_2-BMX_OXXO-BMX_3402:
  horizon         mse       rmse  ...     mdape     smape  coverage
0 21 days   52.202171   7.225107  ...  0.071441  0.107704  0.500000
1 28 days   57.585240   7.588494  ...  0.061847  0.108606  0.333333
2 35 days   81.707012   9.039193  ...  0.065658  0.133107  0.333333
3 42 days  165.645065  12.870317  ...  0.114933  0.171270  0.166667
4 49 days  205.968669  14.351609  ...  0.217402  0.217238  0.000000

[5 rows x 8 columns]
          ds       yhat  yhat_lower  yhat_upper       y     cutoff
0 2022-10-24  52.659321   47.716510   57.789407  49.000 2022-10-17
1 2022-10-31  52.643635   48.017050   57.943871  39.000 2022-10-17
2 2022-11-07  45.138840   39.624608   50.338271  38.625 2022-10-17
3 2022-11-14  46.803671   41.614448   52.266767  44.875 2022-10-17
4 2022-11-21  47.922684   42.804063   53.313733  30.750 2022-10-17
Contenido de df_prophet antes de model.fit:
            ds         y  day_of_week  week_of_year  month
0   2021-01-04   515.000            0             1      1
1   2021-01-11   470.000            0             2      1
2   2021-01-18   523.000            0             3      1
3   2021-01-25   640.000            0             4      1
4   2021-02-01   562.000            0             5      2
..         ...       ...          ...           ...    ...
151 2023-11-27  1244.750            0            48     11
152 2023-12-04  1237.375            0            49     12
153 2023-12-11  1438.500            0            50     12
154 2023-12-18  1452.375            0            51     12
155 2023-12-25  1512.875            0            52     12

[156 rows x 5 columns]
[I 2025-05-23 20:30:03,487] A new study created in memory with name: no-name-a20f6df5-0b3e-4cd8-b4d9-8c3ded056252
C:\LocalHost\OptiBack\modulo_demanda\Algoritmo_Prophet\forecast_model.py:103: FutureWarning: suggest_loguniform has been deprecated in v3.0.0. This feature will be removed in v6.0.0. See https://github.com/optuna/optuna/releases/tag/v3.0.0. Use suggest_float(..., log=True) instead.
  cps = trial.suggest_loguniform("changepoint_prior_scale", 0.001, 0.5)
C:\LocalHost\OptiBack\modulo_demanda\Algoritmo_Prophet\forecast_model.py:104: FutureWarning: suggest_loguniform has been deprecated in v3.0.0. This feature will be removed in v6.0.0. See https://github.com/optuna/optuna/releases/tag/v3.0.0. Use suggest_float(..., log=True) instead.
  sps = trial.suggest_loguniform("seasonality_prior_scale", 0.01, 10.0)
  0%|          | 0/2 [00:00<?, ?it/s] 50%|#####     | 1/2 [00:02<00:02,  2.88s/it]100%|##########| 2/2 [00:03<00:00,  1.63s/it]100%|##########| 2/2 [00:03<00:00,  1.82s/it]
[I 2025-05-23 20:30:08,317] Trial 0 finished with value: 393.83685679380557 and parameters: {'changepoint_prior_scale': 0.2638428560428277, 'seasonality_prior_scale': 1.5680048268790316, 'n_changepoints': 33}. Best is trial 0 with value: 393.83685679380557.
C:\LocalHost\OptiBack\modulo_demanda\Algoritmo_Prophet\forecast_model.py:103: FutureWarning: suggest_loguniform has been deprecated in v3.0.0. This feature will be removed in v6.0.0. See https://github.com/optuna/optuna/releases/tag/v3.0.0. Use suggest_float(..., log=True) instead.
  cps = trial.suggest_loguniform("changepoint_prior_scale", 0.001, 0.5)
C:\LocalHost\OptiBack\modulo_demanda\Algoritmo_Prophet\forecast_model.py:104: FutureWarning: suggest_loguniform has been deprecated in v3.0.0. This feature will be removed in v6.0.0. See https://github.com/optuna/optuna/releases/tag/v3.0.0. Use suggest_float(..., log=True) instead.
  sps = trial.suggest_loguniform("seasonality_prior_scale", 0.01, 10.0)
  0%|          | 0/2 [00:00<?, ?it/s] 50%|#####     | 1/2 [00:01<00:01,  1.18s/it]100%|##########| 2/2 [00:01<00:00,  1.22it/s]100%|##########| 2/2 [00:01<00:00,  1.14it/s]
[I 2025-05-23 20:30:10,999] Trial 1 finished with value: 527.065774468705 and parameters: {'changepoint_prior_scale': 0.005282183003944698, 'seasonality_prior_scale': 2.2040974935611968, 'n_changepoints': 15}. Best is trial 0 with value: 393.83685679380557.
C:\LocalHost\OptiBack\modulo_demanda\Algoritmo_Prophet\forecast_model.py:103: FutureWarning: suggest_loguniform has been deprecated in v3.0.0. This feature will be removed in v6.0.0. See https://github.com/optuna/optuna/releases/tag/v3.0.0. Use suggest_float(..., log=True) instead.
  cps = trial.suggest_loguniform("changepoint_prior_scale", 0.001, 0.5)
C:\LocalHost\OptiBack\modulo_demanda\Algoritmo_Prophet\forecast_model.py:104: FutureWarning: suggest_loguniform has been deprecated in v3.0.0. This feature will be removed in v6.0.0. See https://github.com/optuna/optuna/releases/tag/v3.0.0. Use suggest_float(..., log=True) instead.
  sps = trial.suggest_loguniform("seasonality_prior_scale", 0.01, 10.0)
  0%|          | 0/2 [00:00<?, ?it/s] 50%|#####     | 1/2 [00:02<00:02,  2.07s/it]100%|##########| 2/2 [00:02<00:00,  1.23s/it]100%|##########| 2/2 [00:02<00:00,  1.36s/it]
[I 2025-05-23 20:30:14,906] Trial 2 finished with value: 514.2460916860501 and parameters: {'changepoint_prior_scale': 0.027110203825518594, 'seasonality_prior_scale': 8.70374585765462, 'n_changepoints': 40}. Best is trial 0 with value: 393.83685679380557.
C:\LocalHost\OptiBack\modulo_demanda\Algoritmo_Prophet\forecast_model.py:103: FutureWarning: suggest_loguniform has been deprecated in v3.0.0. This feature will be removed in v6.0.0. See https://github.com/optuna/optuna/releases/tag/v3.0.0. Use suggest_float(..., log=True) instead.
  cps = trial.suggest_loguniform("changepoint_prior_scale", 0.001, 0.5)
C:\LocalHost\OptiBack\modulo_demanda\Algoritmo_Prophet\forecast_model.py:104: FutureWarning: suggest_loguniform has been deprecated in v3.0.0. This feature will be removed in v6.0.0. See https://github.com/optuna/optuna/releases/tag/v3.0.0. Use suggest_float(..., log=True) instead.
  sps = trial.suggest_loguniform("seasonality_prior_scale", 0.01, 10.0)
  0%|          | 0/2 [00:00<?, ?it/s] 50%|#####     | 1/2 [00:01<00:01,  1.44s/it]100%|##########| 2/2 [00:02<00:00,  1.26s/it]100%|##########| 2/2 [00:02<00:00,  1.29s/it]
[I 2025-05-23 20:30:19,272] Trial 3 finished with value: 526.0721975404442 and parameters: {'changepoint_prior_scale': 0.015425677195916348, 'seasonality_prior_scale': 1.1171128864842637, 'n_changepoints': 21}. Best is trial 0 with value: 393.83685679380557.
C:\LocalHost\OptiBack\modulo_demanda\Algoritmo_Prophet\forecast_model.py:103: FutureWarning: suggest_loguniform has been deprecated in v3.0.0. This feature will be removed in v6.0.0. See https://github.com/optuna/optuna/releases/tag/v3.0.0. Use suggest_float(..., log=True) instead.
  cps = trial.suggest_loguniform("changepoint_prior_scale", 0.001, 0.5)
C:\LocalHost\OptiBack\modulo_demanda\Algoritmo_Prophet\forecast_model.py:104: FutureWarning: suggest_loguniform has been deprecated in v3.0.0. This feature will be removed in v6.0.0. See https://github.com/optuna/optuna/releases/tag/v3.0.0. Use suggest_float(..., log=True) instead.
  sps = trial.suggest_loguniform("seasonality_prior_scale", 0.01, 10.0)
  0%|          | 0/2 [00:00<?, ?it/s] 50%|#####     | 1/2 [00:04<00:04,  4.16s/it]100%|##########| 2/2 [00:05<00:00,  2.27s/it]100%|##########| 2/2 [00:05<00:00,  2.55s/it]
[I 2025-05-23 20:30:25,572] Trial 4 finished with value: 370.86568848079185 and parameters: {'changepoint_prior_scale': 0.40658415635572315, 'seasonality_prior_scale': 0.021879316691495832, 'n_changepoints': 30}. Best is trial 4 with value: 370.86568848079185.
C:\LocalHost\OptiBack\modulo_demanda\Algoritmo_Prophet\forecast_model.py:103: FutureWarning: suggest_loguniform has been deprecated in v3.0.0. This feature will be removed in v6.0.0. See https://github.com/optuna/optuna/releases/tag/v3.0.0. Use suggest_float(..., log=True) instead.
  cps = trial.suggest_loguniform("changepoint_prior_scale", 0.001, 0.5)
C:\LocalHost\OptiBack\modulo_demanda\Algoritmo_Prophet\forecast_model.py:104: FutureWarning: suggest_loguniform has been deprecated in v3.0.0. This feature will be removed in v6.0.0. See https://github.com/optuna/optuna/releases/tag/v3.0.0. Use suggest_float(..., log=True) instead.
  sps = trial.suggest_loguniform("seasonality_prior_scale", 0.01, 10.0)
  0%|          | 0/2 [00:00<?, ?it/s] 50%|#####     | 1/2 [00:01<00:01,  1.10s/it]100%|##########| 2/2 [00:02<00:00,  1.01it/s]100%|##########| 2/2 [00:02<00:00,  1.01s/it]
[I 2025-05-23 20:30:28,998] Trial 5 finished with value: 526.3352031053125 and parameters: {'changepoint_prior_scale': 0.016152314523763048, 'seasonality_prior_scale': 0.4833567718633106, 'n_changepoints': 6}. Best is trial 4 with value: 370.86568848079185.
C:\LocalHost\OptiBack\modulo_demanda\Algoritmo_Prophet\forecast_model.py:103: FutureWarning: suggest_loguniform has been deprecated in v3.0.0. This feature will be removed in v6.0.0. See https://github.com/optuna/optuna/releases/tag/v3.0.0. Use suggest_float(..., log=True) instead.
  cps = trial.suggest_loguniform("changepoint_prior_scale", 0.001, 0.5)
C:\LocalHost\OptiBack\modulo_demanda\Algoritmo_Prophet\forecast_model.py:104: FutureWarning: suggest_loguniform has been deprecated in v3.0.0. This feature will be removed in v6.0.0. See https://github.com/optuna/optuna/releases/tag/v3.0.0. Use suggest_float(..., log=True) instead.
  sps = trial.suggest_loguniform("seasonality_prior_scale", 0.01, 10.0)
  0%|          | 0/2 [00:00<?, ?it/s] 50%|#####     | 1/2 [00:02<00:02,  2.27s/it]100%|##########| 2/2 [00:03<00:00,  1.50s/it]100%|##########| 2/2 [00:03<00:00,  1.62s/it]
[I 2025-05-23 20:30:33,279] Trial 6 finished with value: 521.6546254358304 and parameters: {'changepoint_prior_scale': 0.018893647435647903, 'seasonality_prior_scale': 0.018737032397782606, 'n_changepoints': 47}. Best is trial 4 with value: 370.86568848079185.
C:\LocalHost\OptiBack\modulo_demanda\Algoritmo_Prophet\forecast_model.py:103: FutureWarning: suggest_loguniform has been deprecated in v3.0.0. This feature will be removed in v6.0.0. See https://github.com/optuna/optuna/releases/tag/v3.0.0. Use suggest_float(..., log=True) instead.
  cps = trial.suggest_loguniform("changepoint_prior_scale", 0.001, 0.5)
C:\LocalHost\OptiBack\modulo_demanda\Algoritmo_Prophet\forecast_model.py:104: FutureWarning: suggest_loguniform has been deprecated in v3.0.0. This feature will be removed in v6.0.0. See https://github.com/optuna/optuna/releases/tag/v3.0.0. Use suggest_float(..., log=True) instead.
  sps = trial.suggest_loguniform("seasonality_prior_scale", 0.01, 10.0)
  0%|          | 0/2 [00:00<?, ?it/s] 50%|#####     | 1/2 [00:03<00:03,  3.70s/it]100%|##########| 2/2 [00:04<00:00,  1.92s/it]100%|##########| 2/2 [00:04<00:00,  2.18s/it]
[I 2025-05-23 20:30:38,624] Trial 7 finished with value: 387.5085032877851 and parameters: {'changepoint_prior_scale': 0.25896691054842613, 'seasonality_prior_scale': 0.8272350311480855, 'n_changepoints': 21}. Best is trial 4 with value: 370.86568848079185.
C:\LocalHost\OptiBack\modulo_demanda\Algoritmo_Prophet\forecast_model.py:103: FutureWarning: suggest_loguniform has been deprecated in v3.0.0. This feature will be removed in v6.0.0. See https://github.com/optuna/optuna/releases/tag/v3.0.0. Use suggest_float(..., log=True) instead.
  cps = trial.suggest_loguniform("changepoint_prior_scale", 0.001, 0.5)
C:\LocalHost\OptiBack\modulo_demanda\Algoritmo_Prophet\forecast_model.py:104: FutureWarning: suggest_loguniform has been deprecated in v3.0.0. This feature will be removed in v6.0.0. See https://github.com/optuna/optuna/releases/tag/v3.0.0. Use suggest_float(..., log=True) instead.
  sps = trial.suggest_loguniform("seasonality_prior_scale", 0.01, 10.0)
  0%|          | 0/2 [00:00<?, ?it/s] 50%|#####     | 1/2 [00:03<00:03,  3.10s/it]100%|##########| 2/2 [00:04<00:00,  1.81s/it]100%|##########| 2/2 [00:04<00:00,  2.00s/it]
[I 2025-05-23 20:30:43,764] Trial 8 finished with value: 505.2718136537988 and parameters: {'changepoint_prior_scale': 0.031311711015589, 'seasonality_prior_scale': 6.249095792379976, 'n_changepoints': 41}. Best is trial 4 with value: 370.86568848079185.
C:\LocalHost\OptiBack\modulo_demanda\Algoritmo_Prophet\forecast_model.py:103: FutureWarning: suggest_loguniform has been deprecated in v3.0.0. This feature will be removed in v6.0.0. See https://github.com/optuna/optuna/releases/tag/v3.0.0. Use suggest_float(..., log=True) instead.
  cps = trial.suggest_loguniform("changepoint_prior_scale", 0.001, 0.5)
C:\LocalHost\OptiBack\modulo_demanda\Algoritmo_Prophet\forecast_model.py:104: FutureWarning: suggest_loguniform has been deprecated in v3.0.0. This feature will be removed in v6.0.0. See https://github.com/optuna/optuna/releases/tag/v3.0.0. Use suggest_float(..., log=True) instead.
  sps = trial.suggest_loguniform("seasonality_prior_scale", 0.01, 10.0)
  0%|          | 0/2 [00:00<?, ?it/s] 50%|#####     | 1/2 [00:01<00:01,  1.75s/it]100%|##########| 2/2 [00:02<00:00,  1.13s/it]100%|##########| 2/2 [00:02<00:00,  1.22s/it]
