[I 2025-05-23 20:28:39,246] Trial 9 finished with value: 662.1705597818832 and parameters: {'changepoint_prior_scale': 0.07157229467708036, 'seasonality_prior_scale': 0.5768454104516595, 'n_changepoints': 32}. Best is trial 4 with value: 560.7659597914266.
Optimization terminated abnormally. Falling back to Newton.
  0%|          | 0/2 [00:00<?, ?it/s] 50%|#####     | 1/2 [00:01<00:01,  1.75s/it]100%|##########| 2/2 [00:02<00:00,  1.01it/s]100%|##########| 2/2 [00:02<00:00,  1.10s/it]
Rendimiento para la combinación BMX_2-BMX_OXXO-BMX_3001:
  horizon            mse        rmse  ...     mdape     smape  coverage
0 21 days   51403.495817  226.723391  ...  0.061270  0.060861  1.000000
1 28 days  140475.099902  374.800080  ...  0.082546  0.104974  0.666667
2 35 days  358566.089242  598.803882  ...  0.122307  0.185325  0.500000
3 42 days  387848.759148  622.775047  ...  0.193645  0.204440  0.333333
4 49 days  324057.738588  569.260695  ...  0.113648  0.176906  0.500000

[5 rows x 8 columns]
          ds         yhat   yhat_lower   yhat_upper         y     cutoff
0 2022-10-24  2901.368196  2611.531159  3214.689682  2618.125 2022-10-17
1 2022-10-31  2644.088834  2367.584261  2941.633669  2492.500 2022-10-17
2 2022-11-07  2601.260236  2318.089700  2879.466908  2772.375 2022-10-17
3 2022-11-14  2585.803861  2310.057636  2871.471665  2057.750 2022-10-17
4 2022-11-21  2853.000648  2558.417888  3123.057718  1735.875 2022-10-17
Contenido de df_prophet antes de model.fit:
            ds        y  day_of_week  week_of_year  month
0   2021-01-04  184.000            0             1      1
1   2021-01-11  148.000            0             2      1
2   2021-01-18  165.000            0             3      1
3   2021-01-25  181.000            0             4      1
4   2021-02-01  186.000            0             5      2
..         ...      ...          ...           ...    ...
151 2023-11-27  696.500            0            48     11
152 2023-12-04  792.000            0            49     12
153 2023-12-11  676.750            0            50     12
154 2023-12-18  789.750            0            51     12
155 2023-12-25  677.875            0            52     12

[156 rows x 5 columns]
[I 2025-05-23 20:28:43,501] A new study created in memory with name: no-name-fd271a13-134f-4921-8441-ba7e880b0fe0
C:\LocalHost\OptiBack\modulo_demanda\Algoritmo_Prophet\forecast_model.py:103: FutureWarning: suggest_loguniform has been deprecated in v3.0.0. This feature will be removed in v6.0.0. See https://github.com/optuna/optuna/releases/tag/v3.0.0. Use suggest_float(..., log=True) instead.
  cps = trial.suggest_loguniform("changepoint_prior_scale", 0.001, 0.5)
C:\LocalHost\OptiBack\modulo_demanda\Algoritmo_Prophet\forecast_model.py:104: FutureWarning: suggest_loguniform has been deprecated in v3.0.0. This feature will be removed in v6.0.0. See https://github.com/optuna/optuna/releases/tag/v3.0.0. Use suggest_float(..., log=True) instead.
  sps = trial.suggest_loguniform("seasonality_prior_scale", 0.01, 10.0)
Optimization terminated abnormally. Falling back to Newton.
  0%|          | 0/2 [00:00<?, ?it/s] 50%|#####     | 1/2 [00:01<00:01,  1.08s/it]Optimization terminated abnormally. Falling back to Newton.
100%|##########| 2/2 [00:02<00:00,  1.40s/it]100%|##########| 2/2 [00:02<00:00,  1.35s/it]
[I 2025-05-23 20:28:47,942] Trial 0 finished with value: 361.7989334357471 and parameters: {'changepoint_prior_scale': 0.002479567958621288, 'seasonality_prior_scale': 1.0378239452003957, 'n_changepoints': 23}. Best is trial 0 with value: 361.7989334357471.
C:\LocalHost\OptiBack\modulo_demanda\Algoritmo_Prophet\forecast_model.py:103: FutureWarning: suggest_loguniform has been deprecated in v3.0.0. This feature will be removed in v6.0.0. See https://github.com/optuna/optuna/releases/tag/v3.0.0. Use suggest_float(..., log=True) instead.
  cps = trial.suggest_loguniform("changepoint_prior_scale", 0.001, 0.5)
C:\LocalHost\OptiBack\modulo_demanda\Algoritmo_Prophet\forecast_model.py:104: FutureWarning: suggest_loguniform has been deprecated in v3.0.0. This feature will be removed in v6.0.0. See https://github.com/optuna/optuna/releases/tag/v3.0.0. Use suggest_float(..., log=True) instead.
  sps = trial.suggest_loguniform("seasonality_prior_scale", 0.01, 10.0)
  0%|          | 0/2 [00:00<?, ?it/s] 50%|#####     | 1/2 [00:01<00:01,  1.65s/it]100%|##########| 2/2 [00:02<00:00,  1.04it/s]100%|##########| 2/2 [00:02<00:00,  1.06s/it]
[I 2025-05-23 20:28:50,909] Trial 1 finished with value: 356.20435311311985 and parameters: {'changepoint_prior_scale': 0.02739456189061551, 'seasonality_prior_scale': 0.02441048956174504, 'n_changepoints': 22}. Best is trial 1 with value: 356.20435311311985.
C:\LocalHost\OptiBack\modulo_demanda\Algoritmo_Prophet\forecast_model.py:103: FutureWarning: suggest_loguniform has been deprecated in v3.0.0. This feature will be removed in v6.0.0. See https://github.com/optuna/optuna/releases/tag/v3.0.0. Use suggest_float(..., log=True) instead.
  cps = trial.suggest_loguniform("changepoint_prior_scale", 0.001, 0.5)
C:\LocalHost\OptiBack\modulo_demanda\Algoritmo_Prophet\forecast_model.py:104: FutureWarning: suggest_loguniform has been deprecated in v3.0.0. This feature will be removed in v6.0.0. See https://github.com/optuna/optuna/releases/tag/v3.0.0. Use suggest_float(..., log=True) instead.
  sps = trial.suggest_loguniform("seasonality_prior_scale", 0.01, 10.0)
  0%|          | 0/2 [00:00<?, ?it/s] 50%|#####     | 1/2 [00:02<00:02,  2.09s/it]100%|##########| 2/2 [00:02<00:00,  1.17s/it]100%|##########| 2/2 [00:02<00:00,  1.31s/it]
[I 2025-05-23 20:28:54,424] Trial 2 finished with value: 257.1703674447101 and parameters: {'changepoint_prior_scale': 0.15804188807205355, 'seasonality_prior_scale': 2.5099366579563784, 'n_changepoints': 14}. Best is trial 2 with value: 257.1703674447101.
C:\LocalHost\OptiBack\modulo_demanda\Algoritmo_Prophet\forecast_model.py:103: FutureWarning: suggest_loguniform has been deprecated in v3.0.0. This feature will be removed in v6.0.0. See https://github.com/optuna/optuna/releases/tag/v3.0.0. Use suggest_float(..., log=True) instead.
  cps = trial.suggest_loguniform("changepoint_prior_scale", 0.001, 0.5)
C:\LocalHost\OptiBack\modulo_demanda\Algoritmo_Prophet\forecast_model.py:104: FutureWarning: suggest_loguniform has been deprecated in v3.0.0. This feature will be removed in v6.0.0. See https://github.com/optuna/optuna/releases/tag/v3.0.0. Use suggest_float(..., log=True) instead.
  sps = trial.suggest_loguniform("seasonality_prior_scale", 0.01, 10.0)
  0%|          | 0/2 [00:00<?, ?it/s] 50%|#####     | 1/2 [00:01<00:01,  1.23s/it]100%|##########| 2/2 [00:01<00:00,  1.13it/s]100%|##########| 2/2 [00:01<00:00,  1.07it/s]
[I 2025-05-23 20:28:57,197] Trial 3 finished with value: 351.7453071206864 and parameters: {'changepoint_prior_scale': 0.007115971875374118, 'seasonality_prior_scale': 0.12690390985692057, 'n_changepoints': 22}. Best is trial 2 with value: 257.1703674447101.
C:\LocalHost\OptiBack\modulo_demanda\Algoritmo_Prophet\forecast_model.py:103: FutureWarning: suggest_loguniform has been deprecated in v3.0.0. This feature will be removed in v6.0.0. See https://github.com/optuna/optuna/releases/tag/v3.0.0. Use suggest_float(..., log=True) instead.
  cps = trial.suggest_loguniform("changepoint_prior_scale", 0.001, 0.5)
C:\LocalHost\OptiBack\modulo_demanda\Algoritmo_Prophet\forecast_model.py:104: FutureWarning: suggest_loguniform has been deprecated in v3.0.0. This feature will be removed in v6.0.0. See https://github.com/optuna/optuna/releases/tag/v3.0.0. Use suggest_float(..., log=True) instead.
  sps = trial.suggest_loguniform("seasonality_prior_scale", 0.01, 10.0)
  0%|          | 0/2 [00:00<?, ?it/s] 50%|#####     | 1/2 [00:03<00:03,  3.33s/it]100%|##########| 2/2 [00:04<00:00,  1.80s/it]100%|##########| 2/2 [00:04<00:00,  2.03s/it]
[I 2025-05-23 20:29:02,072] Trial 4 finished with value: 255.8389463458244 and parameters: {'changepoint_prior_scale': 0.22047956569043725, 'seasonality_prior_scale': 0.1316468521652621, 'n_changepoints': 44}. Best is trial 4 with value: 255.8389463458244.
C:\LocalHost\OptiBack\modulo_demanda\Algoritmo_Prophet\forecast_model.py:103: FutureWarning: suggest_loguniform has been deprecated in v3.0.0. This feature will be removed in v6.0.0. See https://github.com/optuna/optuna/releases/tag/v3.0.0. Use suggest_float(..., log=True) instead.
  cps = trial.suggest_loguniform("changepoint_prior_scale", 0.001, 0.5)
C:\LocalHost\OptiBack\modulo_demanda\Algoritmo_Prophet\forecast_model.py:104: FutureWarning: suggest_loguniform has been deprecated in v3.0.0. This feature will be removed in v6.0.0. See https://github.com/optuna/optuna/releases/tag/v3.0.0. Use suggest_float(..., log=True) instead.
  sps = trial.suggest_loguniform("seasonality_prior_scale", 0.01, 10.0)
  0%|          | 0/2 [00:00<?, ?it/s] 50%|#####     | 1/2 [00:01<00:01,  1.03s/it]100%|##########| 2/2 [00:01<00:00,  1.21it/s]100%|##########| 2/2 [00:01<00:00,  1.16it/s]
[I 2025-05-23 20:29:04,723] Trial 5 finished with value: 355.83812828465807 and parameters: {'changepoint_prior_scale': 0.0070721376517082326, 'seasonality_prior_scale': 1.1526670518713393, 'n_changepoints': 6}. Best is trial 4 with value: 255.8389463458244.
C:\LocalHost\OptiBack\modulo_demanda\Algoritmo_Prophet\forecast_model.py:103: FutureWarning: suggest_loguniform has been deprecated in v3.0.0. This feature will be removed in v6.0.0. See https://github.com/optuna/optuna/releases/tag/v3.0.0. Use suggest_float(..., log=True) instead.
  cps = trial.suggest_loguniform("changepoint_prior_scale", 0.001, 0.5)
C:\LocalHost\OptiBack\modulo_demanda\Algoritmo_Prophet\forecast_model.py:104: FutureWarning: suggest_loguniform has been deprecated in v3.0.0. This feature will be removed in v6.0.0. See https://github.com/optuna/optuna/releases/tag/v3.0.0. Use suggest_float(..., log=True) instead.
  sps = trial.suggest_loguniform("seasonality_prior_scale", 0.01, 10.0)
  0%|          | 0/2 [00:00<?, ?it/s] 50%|#####     | 1/2 [00:01<00:01,  1.31s/it]Optimization terminated abnormally. Falling back to Newton.
100%|##########| 2/2 [00:03<00:00,  1.60s/it]100%|##########| 2/2 [00:03<00:00,  1.56s/it]
[I 2025-05-23 20:29:08,673] Trial 6 finished with value: 368.8461547990383 and parameters: {'changepoint_prior_scale': 0.007686428655166952, 'seasonality_prior_scale': 0.011121763030734024, 'n_changepoints': 37}. Best is trial 4 with value: 255.8389463458244.
C:\LocalHost\OptiBack\modulo_demanda\Algoritmo_Prophet\forecast_model.py:103: FutureWarning: suggest_loguniform has been deprecated in v3.0.0. This feature will be removed in v6.0.0. See https://github.com/optuna/optuna/releases/tag/v3.0.0. Use suggest_float(..., log=True) instead.
  cps = trial.suggest_loguniform("changepoint_prior_scale", 0.001, 0.5)
C:\LocalHost\OptiBack\modulo_demanda\Algoritmo_Prophet\forecast_model.py:104: FutureWarning: suggest_loguniform has been deprecated in v3.0.0. This feature will be removed in v6.0.0. See https://github.com/optuna/optuna/releases/tag/v3.0.0. Use suggest_float(..., log=True) instead.
  sps = trial.suggest_loguniform("seasonality_prior_scale", 0.01, 10.0)
  0%|          | 0/2 [00:00<?, ?it/s] 50%|#####     | 1/2 [00:01<00:01,  1.61s/it]100%|##########| 2/2 [00:02<00:00,  1.03it/s]100%|##########| 2/2 [00:02<00:00,  1.07s/it]
[I 2025-05-23 20:29:11,658] Trial 7 finished with value: 360.31394343686355 and parameters: {'changepoint_prior_scale': 0.013640083681672596, 'seasonality_prior_scale': 1.8901481153735948, 'n_changepoints': 43}. Best is trial 4 with value: 255.8389463458244.
C:\LocalHost\OptiBack\modulo_demanda\Algoritmo_Prophet\forecast_model.py:103: FutureWarning: suggest_loguniform has been deprecated in v3.0.0. This feature will be removed in v6.0.0. See https://github.com/optuna/optuna/releases/tag/v3.0.0. Use suggest_float(..., log=True) instead.
  cps = trial.suggest_loguniform("changepoint_prior_scale", 0.001, 0.5)
C:\LocalHost\OptiBack\modulo_demanda\Algoritmo_Prophet\forecast_model.py:104: FutureWarning: suggest_loguniform has been deprecated in v3.0.0. This feature will be removed in v6.0.0. See https://github.com/optuna/optuna/releases/tag/v3.0.0. Use suggest_float(..., log=True) instead.
  sps = trial.suggest_loguniform("seasonality_prior_scale", 0.01, 10.0)
  0%|          | 0/2 [00:00<?, ?it/s] 50%|#####     | 1/2 [00:01<00:01,  1.29s/it]100%|##########| 2/2 [00:01<00:00,  1.22it/s]100%|##########| 2/2 [00:01<00:00,  1.13it/s]
[I 2025-05-23 20:29:14,221] Trial 8 finished with value: 338.8082891164791 and parameters: {'changepoint_prior_scale': 0.002564413687306222, 'seasonality_prior_scale': 0.047988430701808464, 'n_changepoints': 6}. Best is trial 4 with value: 255.8389463458244.
C:\LocalHost\OptiBack\modulo_demanda\Algoritmo_Prophet\forecast_model.py:103: FutureWarning: suggest_loguniform has been deprecated in v3.0.0. This feature will be removed in v6.0.0. See https://github.com/optuna/optuna/releases/tag/v3.0.0. Use suggest_float(..., log=True) instead.
  cps = trial.suggest_loguniform("changepoint_prior_scale", 0.001, 0.5)
C:\LocalHost\OptiBack\modulo_demanda\Algoritmo_Prophet\forecast_model.py:104: FutureWarning: suggest_loguniform has been deprecated in v3.0.0. This feature will be removed in v6.0.0. See https://github.com/optuna/optuna/releases/tag/v3.0.0. Use suggest_float(..., log=True) instead.
  sps = trial.suggest_loguniform("seasonality_prior_scale", 0.01, 10.0)
  0%|          | 0/2 [00:00<?, ?it/s] 50%|#####     | 1/2 [00:00<00:00,  1.20it/s]100%|##########| 2/2 [00:01<00:00,  1.44it/s]100%|##########| 2/2 [00:01<00:00,  1.40it/s]
[I 2025-05-23 20:29:16,678] Trial 9 finished with value: 344.4126114810207 and parameters: {'changepoint_prior_scale': 0.0028322482883927674, 'seasonality_prior_scale': 0.499118437534561, 'n_changepoints': 6}. Best is trial 4 with value: 255.8389463458244.
  0%|          | 0/2 [00:00<?, ?it/s] 50%|#####     | 1/2 [00:03<00:03,  3.34s/it]100%|##########| 2/2 [00:04<00:00,  1.78s/it]100%|##########| 2/2 [00:04<00:00,  2.01s/it]
Rendimiento para la combinación BMX_2-BMX_OXXO-BMX_3207:
  horizon           mse        rmse  ...     mdape     smape  coverage
0 21 days   2639.956322   51.380505  ...  0.067186  0.101235  0.333333
1 28 days   5034.014618   70.950790  ...  0.108737  0.128375  0.166667
2 35 days   7621.862672   87.303280  ...  0.145973  0.143710  0.166667
3 42 days   8645.121564   92.979146  ...  0.145973  0.155278  0.166667
4 49 days  13268.277158  115.188008  ...  0.155066  0.183089  0.000000

[5 rows x 8 columns]
          ds        yhat  yhat_lower  yhat_upper        y     cutoff
0 2022-10-24  340.134735  318.484858  363.189123  332.250 2022-10-17
1 2022-10-31  281.128908  256.693138  303.765361  327.625 2022-10-17
2 2022-11-07  288.093672  265.399476  311.003851  374.500 2022-10-17
3 2022-11-14  268.655090  244.901085  291.799384  286.750 2022-10-17
4 2022-11-21  291.088585  269.411844  315.159068  252.375 2022-10-17
Contenido de df_prophet antes de model.fit:
            ds        y  day_of_week  week_of_year  month
0   2021-01-04   30.000            0             1      1
1   2021-01-11   33.000            0             2      1
2   2021-01-18   40.125            0             3      1
3   2021-01-25   21.000            0             4      1
4   2021-02-01   34.000            0             5      2
..         ...      ...          ...           ...    ...
151 2023-11-27  115.625            0            48     11
152 2023-12-04  111.500            0            49     12
153 2023-12-11  102.625            0            50     12
154 2023-12-18  109.375            0            51     12
155 2023-12-25   93.750            0            52     12

[156 rows x 5 columns]
[I 2025-05-23 20:29:21,684] A new study created in memory with name: no-name-c4f3cb98-012b-4498-9b35-394c656191d1
C:\LocalHost\OptiBack\modulo_demanda\Algoritmo_Prophet\forecast_model.py:103: FutureWarning: suggest_loguniform has been deprecated in v3.0.0. This feature will be removed in v6.0.0. See https://github.com/optuna/optuna/releases/tag/v3.0.0. Use suggest_float(..., log=True) instead.
  cps = trial.suggest_loguniform("changepoint_prior_scale", 0.001, 0.5)
C:\LocalHost\OptiBack\modulo_demanda\Algoritmo_Prophet\forecast_model.py:104: FutureWarning: suggest_loguniform has been deprecated in v3.0.0. This feature will be removed in v6.0.0. See https://github.com/optuna/optuna/releases/tag/v3.0.0. Use suggest_float(..., log=True) instead.
  sps = trial.suggest_loguniform("seasonality_prior_scale", 0.01, 10.0)
Optimization terminated abnormally. Falling back to Newton.
  0%|          | 0/2 [00:00<?, ?it/s] 50%|#####     | 1/2 [00:00<00:00,  1.05it/s]Optimization terminated abnormally. Falling back to Newton.
100%|##########| 2/2 [00:02<00:00,  1.11s/it]100%|##########| 2/2 [00:02<00:00,  1.08s/it]
[I 2025-05-23 20:29:25,610] Trial 0 finished with value: 59.60798180001513 and parameters: {'changepoint_prior_scale': 0.0012090113832451208, 'seasonality_prior_scale': 5.732471701891444, 'n_changepoints': 25}. Best is trial 0 with value: 59.60798180001513.
C:\LocalHost\OptiBack\modulo_demanda\Algoritmo_Prophet\forecast_model.py:103: FutureWarning: suggest_loguniform has been deprecated in v3.0.0. This feature will be removed in v6.0.0. See https://github.com/optuna/optuna/releases/tag/v3.0.0. Use suggest_float(..., log=True) instead.
  cps = trial.suggest_loguniform("changepoint_prior_scale", 0.001, 0.5)
C:\LocalHost\OptiBack\modulo_demanda\Algoritmo_Prophet\forecast_model.py:104: FutureWarning: suggest_loguniform has been deprecated in v3.0.0. This feature will be removed in v6.0.0. See https://github.com/optuna/optuna/releases/tag/v3.0.0. Use suggest_float(..., log=True) instead.
  sps = trial.suggest_loguniform("seasonality_prior_scale", 0.01, 10.0)
  0%|          | 0/2 [00:00<?, ?it/s] 50%|#####     | 1/2 [00:01<00:01,  1.29s/it]100%|##########| 2/2 [00:01<00:00,  1.10it/s]100%|##########| 2/2 [00:01<00:00,  1.03it/s]
[I 2025-05-23 20:29:28,429] Trial 1 finished with value: 58.103073746630166 and parameters: {'changepoint_prior_scale': 0.015570979516588939, 'seasonality_prior_scale': 2.352288237976041, 'n_changepoints': 17}. Best is trial 1 with value: 58.103073746630166.
C:\LocalHost\OptiBack\modulo_demanda\Algoritmo_Prophet\forecast_model.py:103: FutureWarning: suggest_loguniform has been deprecated in v3.0.0. This feature will be removed in v6.0.0. See https://github.com/optuna/optuna/releases/tag/v3.0.0. Use suggest_float(..., log=True) instead.
  cps = trial.suggest_loguniform("changepoint_prior_scale", 0.001, 0.5)
C:\LocalHost\OptiBack\modulo_demanda\Algoritmo_Prophet\forecast_model.py:104: FutureWarning: suggest_loguniform has been deprecated in v3.0.0. This feature will be removed in v6.0.0. See https://github.com/optuna/optuna/releases/tag/v3.0.0. Use suggest_float(..., log=True) instead.
  sps = trial.suggest_loguniform("seasonality_prior_scale", 0.01, 10.0)
Optimization terminated abnormally. Falling back to Newton.
  0%|          | 0/2 [00:00<?, ?it/s] 50%|#####     | 1/2 [00:00<00:00,  1.02it/s]Optimization terminated abnormally. Falling back to Newton.
100%|##########| 2/2 [00:02<00:00,  1.15s/it]100%|##########| 2/2 [00:02<00:00,  1.13s/it]
[I 2025-05-23 20:29:32,063] Trial 2 finished with value: 59.60490917738172 and parameters: {'changepoint_prior_scale': 0.0013021168662792361, 'seasonality_prior_scale': 5.694052740785135, 'n_changepoints': 11}. Best is trial 1 with value: 58.103073746630166.
C:\LocalHost\OptiBack\modulo_demanda\Algoritmo_Prophet\forecast_model.py:103: FutureWarning: suggest_loguniform has been deprecated in v3.0.0. This feature will be removed in v6.0.0. See https://github.com/optuna/optuna/releases/tag/v3.0.0. Use suggest_float(..., log=True) instead.
  cps = trial.suggest_loguniform("changepoint_prior_scale", 0.001, 0.5)
C:\LocalHost\OptiBack\modulo_demanda\Algoritmo_Prophet\forecast_model.py:104: FutureWarning: suggest_loguniform has been deprecated in v3.0.0. This feature will be removed in v6.0.0. See https://github.com/optuna/optuna/releases/tag/v3.0.0. Use suggest_float(..., log=True) instead.
  sps = trial.suggest_loguniform("seasonality_prior_scale", 0.01, 10.0)
  0%|          | 0/2 [00:00<?, ?it/s] 50%|#####     | 1/2 [00:02<00:02,  2.71s/it]100%|##########| 2/2 [00:03<00:00,  1.49s/it]100%|##########| 2/2 [00:03<00:00,  1.68s/it]
[I 2025-05-23 20:29:36,435] Trial 3 finished with value: 19.387653718122763 and parameters: {'changepoint_prior_scale': 0.1752239154301222, 'seasonality_prior_scale': 2.133406647140271, 'n_changepoints': 50}. Best is trial 3 with value: 19.387653718122763.
C:\LocalHost\OptiBack\modulo_demanda\Algoritmo_Prophet\forecast_model.py:103: FutureWarning: suggest_loguniform has been deprecated in v3.0.0. This feature will be removed in v6.0.0. See https://github.com/optuna/optuna/releases/tag/v3.0.0. Use suggest_float(..., log=True) instead.
  cps = trial.suggest_loguniform("changepoint_prior_scale", 0.001, 0.5)
C:\LocalHost\OptiBack\modulo_demanda\Algoritmo_Prophet\forecast_model.py:104: FutureWarning: suggest_loguniform has been deprecated in v3.0.0. This feature will be removed in v6.0.0. See https://github.com/optuna/optuna/releases/tag/v3.0.0. Use suggest_float(..., log=True) instead.
  sps = trial.suggest_loguniform("seasonality_prior_scale", 0.01, 10.0)
Optimization terminated abnormally. Falling back to Newton.
  0%|          | 0/2 [00:00<?, ?it/s] 50%|#####     | 1/2 [00:01<00:01,  1.42s/it]Optimization terminated abnormally. Falling back to Newton.
100%|##########| 2/2 [00:03<00:00,  1.54s/it]100%|##########| 2/2 [00:03<00:00,  1.52s/it]
