[I 2025-05-23 20:22:19,860] Trial 8 finished with value: 9.358800335682966 and parameters: {'changepoint_prior_scale': 0.28385369130676735, 'seasonality_prior_scale': 0.012342321593935612, 'n_changepoints': 34}. Best is trial 8 with value: 9.358800335682966.
C:\LocalHost\OptiBack\modulo_demanda\Algoritmo_Prophet\forecast_model.py:103: FutureWarning: suggest_loguniform has been deprecated in v3.0.0. This feature will be removed in v6.0.0. See https://github.com/optuna/optuna/releases/tag/v3.0.0. Use suggest_float(..., log=True) instead.
  cps = trial.suggest_loguniform("changepoint_prior_scale", 0.001, 0.5)
C:\LocalHost\OptiBack\modulo_demanda\Algoritmo_Prophet\forecast_model.py:104: FutureWarning: suggest_loguniform has been deprecated in v3.0.0. This feature will be removed in v6.0.0. See https://github.com/optuna/optuna/releases/tag/v3.0.0. Use suggest_float(..., log=True) instead.
  sps = trial.suggest_loguniform("seasonality_prior_scale", 0.01, 10.0)
Optimization terminated abnormally. Falling back to Newton.
  0%|          | 0/2 [00:00<?, ?it/s] 50%|#####     | 1/2 [00:01<00:01,  1.28s/it]100%|##########| 2/2 [00:01<00:00,  1.08it/s]100%|##########| 2/2 [00:01<00:00,  1.02it/s]
[I 2025-05-23 20:22:24,019] Trial 9 finished with value: 16.156658147323846 and parameters: {'changepoint_prior_scale': 0.004903396586801107, 'seasonality_prior_scale': 0.6362830284758072, 'n_changepoints': 40}. Best is trial 8 with value: 9.358800335682966.
  0%|          | 0/2 [00:00<?, ?it/s] 50%|#####     | 1/2 [00:02<00:02,  2.13s/it]100%|##########| 2/2 [00:02<00:00,  1.35s/it]100%|##########| 2/2 [00:02<00:00,  1.47s/it]
Rendimiento para la combinación BMX_1727-BMX_AUTOSERVICIOS-BMX_3402:
  horizon        mse      rmse       mae     mdape     smape  coverage
0 21 days  14.357096  3.789076  2.937132  0.081644  0.140249  1.000000
1 28 days  56.367767  7.507847  5.295323  0.168523  0.230959  0.833333
2 35 days  80.947749  8.997097  7.723518  0.342297  0.362259  0.833333
3 42 days  76.467952  8.744596  7.444405  0.330634  0.355910  0.833333
4 49 days  82.541458  9.085233  8.004966  0.317132  0.377900  1.000000
          ds       yhat  yhat_lower  yhat_upper     y     cutoff
0 2022-10-24  19.496862    3.203292   35.107794  14.0 2022-10-17
1 2022-10-31  17.424771    0.759947   33.611006  17.0 2022-10-17
2 2022-11-07  19.622423    3.017817   33.879727  18.0 2022-10-17
3 2022-11-14  18.689879    1.928544   35.073780  13.0 2022-10-17
4 2022-11-21  32.917653   15.713925   50.018448  38.0 2022-10-17
Contenido de df_prophet antes de model.fit:
            ds      y  day_of_week  week_of_year  month
0   2021-01-04  197.0            0             1      1
1   2021-01-11  137.0            0             2      1
2   2021-01-18  244.0            0             3      1
3   2021-01-25  113.0            0             4      1
4   2021-02-01  171.0            0             5      2
..         ...    ...          ...           ...    ...
151 2023-11-27   86.0            0            48     11
152 2023-12-04   48.0            0            49     12
153 2023-12-11   97.0            0            50     12
154 2023-12-18  159.0            0            51     12
155 2023-12-25  134.0            0            52     12

[156 rows x 5 columns]
[I 2025-05-23 20:22:27,925] A new study created in memory with name: no-name-8cef6e00-611a-413e-a92e-a3fc92014eea
C:\LocalHost\OptiBack\modulo_demanda\Algoritmo_Prophet\forecast_model.py:103: FutureWarning: suggest_loguniform has been deprecated in v3.0.0. This feature will be removed in v6.0.0. See https://github.com/optuna/optuna/releases/tag/v3.0.0. Use suggest_float(..., log=True) instead.
  cps = trial.suggest_loguniform("changepoint_prior_scale", 0.001, 0.5)
C:\LocalHost\OptiBack\modulo_demanda\Algoritmo_Prophet\forecast_model.py:104: FutureWarning: suggest_loguniform has been deprecated in v3.0.0. This feature will be removed in v6.0.0. See https://github.com/optuna/optuna/releases/tag/v3.0.0. Use suggest_float(..., log=True) instead.
  sps = trial.suggest_loguniform("seasonality_prior_scale", 0.01, 10.0)
  0%|          | 0/2 [00:00<?, ?it/s] 50%|#####     | 1/2 [00:01<00:01,  1.87s/it]100%|##########| 2/2 [00:02<00:00,  1.17s/it]100%|##########| 2/2 [00:02<00:00,  1.27s/it]
[I 2025-05-23 20:22:32,068] Trial 0 finished with value: 48.19306469344046 and parameters: {'changepoint_prior_scale': 0.21687853900390477, 'seasonality_prior_scale': 0.09085925333146226, 'n_changepoints': 36}. Best is trial 0 with value: 48.19306469344046.
C:\LocalHost\OptiBack\modulo_demanda\Algoritmo_Prophet\forecast_model.py:103: FutureWarning: suggest_loguniform has been deprecated in v3.0.0. This feature will be removed in v6.0.0. See https://github.com/optuna/optuna/releases/tag/v3.0.0. Use suggest_float(..., log=True) instead.
  cps = trial.suggest_loguniform("changepoint_prior_scale", 0.001, 0.5)
C:\LocalHost\OptiBack\modulo_demanda\Algoritmo_Prophet\forecast_model.py:104: FutureWarning: suggest_loguniform has been deprecated in v3.0.0. This feature will be removed in v6.0.0. See https://github.com/optuna/optuna/releases/tag/v3.0.0. Use suggest_float(..., log=True) instead.
  sps = trial.suggest_loguniform("seasonality_prior_scale", 0.01, 10.0)
  0%|          | 0/2 [00:00<?, ?it/s] 50%|#####     | 1/2 [00:01<00:01,  1.75s/it]100%|##########| 2/2 [00:02<00:00,  1.19s/it]100%|##########| 2/2 [00:02<00:00,  1.28s/it]
[I 2025-05-23 20:22:35,705] Trial 1 finished with value: 51.042989780270275 and parameters: {'changepoint_prior_scale': 0.010182387591429415, 'seasonality_prior_scale': 0.04497069611524377, 'n_changepoints': 19}. Best is trial 0 with value: 48.19306469344046.
C:\LocalHost\OptiBack\modulo_demanda\Algoritmo_Prophet\forecast_model.py:103: FutureWarning: suggest_loguniform has been deprecated in v3.0.0. This feature will be removed in v6.0.0. See https://github.com/optuna/optuna/releases/tag/v3.0.0. Use suggest_float(..., log=True) instead.
  cps = trial.suggest_loguniform("changepoint_prior_scale", 0.001, 0.5)
C:\LocalHost\OptiBack\modulo_demanda\Algoritmo_Prophet\forecast_model.py:104: FutureWarning: suggest_loguniform has been deprecated in v3.0.0. This feature will be removed in v6.0.0. See https://github.com/optuna/optuna/releases/tag/v3.0.0. Use suggest_float(..., log=True) instead.
  sps = trial.suggest_loguniform("seasonality_prior_scale", 0.01, 10.0)
  0%|          | 0/2 [00:00<?, ?it/s] 50%|#####     | 1/2 [00:01<00:01,  1.42s/it]100%|##########| 2/2 [00:02<00:00,  1.07it/s]100%|##########| 2/2 [00:02<00:00,  1.01s/it]
[I 2025-05-23 20:22:38,981] Trial 2 finished with value: 54.35191309770059 and parameters: {'changepoint_prior_scale': 0.0086895433078192, 'seasonality_prior_scale': 3.7410675016860178, 'n_changepoints': 20}. Best is trial 0 with value: 48.19306469344046.
C:\LocalHost\OptiBack\modulo_demanda\Algoritmo_Prophet\forecast_model.py:103: FutureWarning: suggest_loguniform has been deprecated in v3.0.0. This feature will be removed in v6.0.0. See https://github.com/optuna/optuna/releases/tag/v3.0.0. Use suggest_float(..., log=True) instead.
  cps = trial.suggest_loguniform("changepoint_prior_scale", 0.001, 0.5)
C:\LocalHost\OptiBack\modulo_demanda\Algoritmo_Prophet\forecast_model.py:104: FutureWarning: suggest_loguniform has been deprecated in v3.0.0. This feature will be removed in v6.0.0. See https://github.com/optuna/optuna/releases/tag/v3.0.0. Use suggest_float(..., log=True) instead.
  sps = trial.suggest_loguniform("seasonality_prior_scale", 0.01, 10.0)
  0%|          | 0/2 [00:00<?, ?it/s] 50%|#####     | 1/2 [00:01<00:01,  1.56s/it]100%|##########| 2/2 [00:02<00:00,  1.01it/s]100%|##########| 2/2 [00:02<00:00,  1.07s/it]
[I 2025-05-23 20:22:42,246] Trial 3 finished with value: 49.83496455011662 and parameters: {'changepoint_prior_scale': 0.09835760286744298, 'seasonality_prior_scale': 2.524865680926713, 'n_changepoints': 23}. Best is trial 0 with value: 48.19306469344046.
C:\LocalHost\OptiBack\modulo_demanda\Algoritmo_Prophet\forecast_model.py:103: FutureWarning: suggest_loguniform has been deprecated in v3.0.0. This feature will be removed in v6.0.0. See https://github.com/optuna/optuna/releases/tag/v3.0.0. Use suggest_float(..., log=True) instead.
  cps = trial.suggest_loguniform("changepoint_prior_scale", 0.001, 0.5)
C:\LocalHost\OptiBack\modulo_demanda\Algoritmo_Prophet\forecast_model.py:104: FutureWarning: suggest_loguniform has been deprecated in v3.0.0. This feature will be removed in v6.0.0. See https://github.com/optuna/optuna/releases/tag/v3.0.0. Use suggest_float(..., log=True) instead.
  sps = trial.suggest_loguniform("seasonality_prior_scale", 0.01, 10.0)
  0%|          | 0/2 [00:00<?, ?it/s] 50%|#####     | 1/2 [00:01<00:01,  1.24s/it]Optimization terminated abnormally. Falling back to Newton.
100%|##########| 2/2 [00:02<00:00,  1.14s/it]100%|##########| 2/2 [00:02<00:00,  1.16s/it]
[I 2025-05-23 20:22:45,736] Trial 4 finished with value: 47.38547527437329 and parameters: {'changepoint_prior_scale': 0.001379936142257974, 'seasonality_prior_scale': 0.03309465157389637, 'n_changepoints': 25}. Best is trial 4 with value: 47.38547527437329.
C:\LocalHost\OptiBack\modulo_demanda\Algoritmo_Prophet\forecast_model.py:103: FutureWarning: suggest_loguniform has been deprecated in v3.0.0. This feature will be removed in v6.0.0. See https://github.com/optuna/optuna/releases/tag/v3.0.0. Use suggest_float(..., log=True) instead.
  cps = trial.suggest_loguniform("changepoint_prior_scale", 0.001, 0.5)
C:\LocalHost\OptiBack\modulo_demanda\Algoritmo_Prophet\forecast_model.py:104: FutureWarning: suggest_loguniform has been deprecated in v3.0.0. This feature will be removed in v6.0.0. See https://github.com/optuna/optuna/releases/tag/v3.0.0. Use suggest_float(..., log=True) instead.
  sps = trial.suggest_loguniform("seasonality_prior_scale", 0.01, 10.0)
  0%|          | 0/2 [00:00<?, ?it/s] 50%|#####     | 1/2 [00:01<00:01,  1.22s/it]100%|##########| 2/2 [00:01<00:00,  1.10it/s]100%|##########| 2/2 [00:01<00:00,  1.05it/s]
[I 2025-05-23 20:22:48,603] Trial 5 finished with value: 55.31362147549095 and parameters: {'changepoint_prior_scale': 0.02011545344543864, 'seasonality_prior_scale': 9.228225837948674, 'n_changepoints': 38}. Best is trial 4 with value: 47.38547527437329.
C:\LocalHost\OptiBack\modulo_demanda\Algoritmo_Prophet\forecast_model.py:103: FutureWarning: suggest_loguniform has been deprecated in v3.0.0. This feature will be removed in v6.0.0. See https://github.com/optuna/optuna/releases/tag/v3.0.0. Use suggest_float(..., log=True) instead.
  cps = trial.suggest_loguniform("changepoint_prior_scale", 0.001, 0.5)
C:\LocalHost\OptiBack\modulo_demanda\Algoritmo_Prophet\forecast_model.py:104: FutureWarning: suggest_loguniform has been deprecated in v3.0.0. This feature will be removed in v6.0.0. See https://github.com/optuna/optuna/releases/tag/v3.0.0. Use suggest_float(..., log=True) instead.
  sps = trial.suggest_loguniform("seasonality_prior_scale", 0.01, 10.0)
  0%|          | 0/2 [00:00<?, ?it/s] 50%|#####     | 1/2 [00:01<00:01,  1.21s/it]100%|##########| 2/2 [00:01<00:00,  1.18it/s]100%|##########| 2/2 [00:01<00:00,  1.11it/s]
[I 2025-05-23 20:22:51,356] Trial 6 finished with value: 55.225035812292816 and parameters: {'changepoint_prior_scale': 0.004881298328919357, 'seasonality_prior_scale': 8.945801219288967, 'n_changepoints': 13}. Best is trial 4 with value: 47.38547527437329.
C:\LocalHost\OptiBack\modulo_demanda\Algoritmo_Prophet\forecast_model.py:103: FutureWarning: suggest_loguniform has been deprecated in v3.0.0. This feature will be removed in v6.0.0. See https://github.com/optuna/optuna/releases/tag/v3.0.0. Use suggest_float(..., log=True) instead.
  cps = trial.suggest_loguniform("changepoint_prior_scale", 0.001, 0.5)
C:\LocalHost\OptiBack\modulo_demanda\Algoritmo_Prophet\forecast_model.py:104: FutureWarning: suggest_loguniform has been deprecated in v3.0.0. This feature will be removed in v6.0.0. See https://github.com/optuna/optuna/releases/tag/v3.0.0. Use suggest_float(..., log=True) instead.
  sps = trial.suggest_loguniform("seasonality_prior_scale", 0.01, 10.0)
  0%|          | 0/2 [00:00<?, ?it/s] 50%|#####     | 1/2 [00:01<00:01,  1.19s/it]100%|##########| 2/2 [00:01<00:00,  1.19it/s]100%|##########| 2/2 [00:01<00:00,  1.12it/s]
[I 2025-05-23 20:22:54,158] Trial 7 finished with value: 54.73919941679346 and parameters: {'changepoint_prior_scale': 0.015749924744059295, 'seasonality_prior_scale': 3.481269322346457, 'n_changepoints': 24}. Best is trial 4 with value: 47.38547527437329.
C:\LocalHost\OptiBack\modulo_demanda\Algoritmo_Prophet\forecast_model.py:103: FutureWarning: suggest_loguniform has been deprecated in v3.0.0. This feature will be removed in v6.0.0. See https://github.com/optuna/optuna/releases/tag/v3.0.0. Use suggest_float(..., log=True) instead.
  cps = trial.suggest_loguniform("changepoint_prior_scale", 0.001, 0.5)
C:\LocalHost\OptiBack\modulo_demanda\Algoritmo_Prophet\forecast_model.py:104: FutureWarning: suggest_loguniform has been deprecated in v3.0.0. This feature will be removed in v6.0.0. See https://github.com/optuna/optuna/releases/tag/v3.0.0. Use suggest_float(..., log=True) instead.
  sps = trial.suggest_loguniform("seasonality_prior_scale", 0.01, 10.0)
  0%|          | 0/2 [00:00<?, ?it/s] 50%|#####     | 1/2 [00:01<00:01,  1.46s/it]Optimization terminated abnormally. Falling back to Newton.
100%|##########| 2/2 [00:03<00:00,  1.54s/it]100%|##########| 2/2 [00:03<00:00,  1.53s/it]
[I 2025-05-23 20:22:58,096] Trial 8 finished with value: 53.6164544502572 and parameters: {'changepoint_prior_scale': 0.0011615387443236593, 'seasonality_prior_scale': 2.294001294108245, 'n_changepoints': 49}. Best is trial 4 with value: 47.38547527437329.
C:\LocalHost\OptiBack\modulo_demanda\Algoritmo_Prophet\forecast_model.py:103: FutureWarning: suggest_loguniform has been deprecated in v3.0.0. This feature will be removed in v6.0.0. See https://github.com/optuna/optuna/releases/tag/v3.0.0. Use suggest_float(..., log=True) instead.
  cps = trial.suggest_loguniform("changepoint_prior_scale", 0.001, 0.5)
C:\LocalHost\OptiBack\modulo_demanda\Algoritmo_Prophet\forecast_model.py:104: FutureWarning: suggest_loguniform has been deprecated in v3.0.0. This feature will be removed in v6.0.0. See https://github.com/optuna/optuna/releases/tag/v3.0.0. Use suggest_float(..., log=True) instead.
  sps = trial.suggest_loguniform("seasonality_prior_scale", 0.01, 10.0)
  0%|          | 0/2 [00:00<?, ?it/s] 50%|#####     | 1/2 [00:01<00:01,  1.35s/it]100%|##########| 2/2 [00:01<00:00,  1.11it/s]100%|##########| 2/2 [00:01<00:00,  1.03it/s]
[I 2025-05-23 20:23:00,929] Trial 9 finished with value: 53.48755992522848 and parameters: {'changepoint_prior_scale': 0.019117543127657337, 'seasonality_prior_scale': 0.11460375326945864, 'n_changepoints': 49}. Best is trial 4 with value: 47.38547527437329.
  0%|          | 0/2 [00:00<?, ?it/s] 50%|#####     | 1/2 [00:01<00:01,  1.07s/it]Optimization terminated abnormally. Falling back to Newton.
100%|##########| 2/2 [00:02<00:00,  1.24s/it]100%|##########| 2/2 [00:02<00:00,  1.22s/it]
Rendimiento para la combinación BMX_1727-BMX_AUTOSERVICIOS-BMX_3931:
  horizon          mse       rmse  ...     mdape     smape  coverage
0 21 days  6052.012343  77.794681  ...  0.175801  0.266038  0.833333
1 28 days  6971.396014  83.494886  ...  0.251080  0.335756  0.666667
2 35 days  3523.167077  59.356272  ...  0.179593  0.283731  0.666667
3 42 days  4334.674460  65.838245  ...  0.328685  0.318645  0.500000
4 49 days  3718.615319  60.980450  ...  0.252269  0.305619  0.666667

[5 rows x 8 columns]
          ds        yhat  yhat_lower  yhat_upper      y     cutoff
0 2022-10-24  195.404871  126.317999  266.253527  196.0 2022-10-17
1 2022-10-31  289.412378  217.103379  359.677717  111.0 2022-10-17
2 2022-11-07  189.525278  115.845465  255.563021  150.0 2022-10-17
3 2022-11-14  209.476881  141.204888  277.407415  135.0 2022-10-17
4 2022-11-21  206.184077  137.285400  278.029475   90.0 2022-10-17
Contenido de df_prophet antes de model.fit:
            ds       y  day_of_week  week_of_year  month
0   2021-01-04  121.75            0             1      1
1   2021-01-11  103.00            0             2      1
2   2021-01-18  111.00            0             3      1
3   2021-01-25  148.00            0             4      1
4   2021-02-01  150.00            0             5      2
..         ...     ...          ...           ...    ...
151 2023-11-27   18.00            0            48     11
152 2023-12-04   21.00            0            49     12
153 2023-12-11   23.00            0            50     12
154 2023-12-18    6.00            0            51     12
155 2023-12-25    7.00            0            52     12

[156 rows x 5 columns]
[I 2025-05-23 20:23:04,402] A new study created in memory with name: no-name-ccb6db4d-f06a-46d3-ae69-918927e33c3f
C:\LocalHost\OptiBack\modulo_demanda\Algoritmo_Prophet\forecast_model.py:103: FutureWarning: suggest_loguniform has been deprecated in v3.0.0. This feature will be removed in v6.0.0. See https://github.com/optuna/optuna/releases/tag/v3.0.0. Use suggest_float(..., log=True) instead.
  cps = trial.suggest_loguniform("changepoint_prior_scale", 0.001, 0.5)
C:\LocalHost\OptiBack\modulo_demanda\Algoritmo_Prophet\forecast_model.py:104: FutureWarning: suggest_loguniform has been deprecated in v3.0.0. This feature will be removed in v6.0.0. See https://github.com/optuna/optuna/releases/tag/v3.0.0. Use suggest_float(..., log=True) instead.
  sps = trial.suggest_loguniform("seasonality_prior_scale", 0.01, 10.0)
Optimization terminated abnormally. Falling back to Newton.
  0%|          | 0/2 [00:00<?, ?it/s] 50%|#####     | 1/2 [00:01<00:01,  1.35s/it]Optimization terminated abnormally. Falling back to Newton.
100%|##########| 2/2 [00:02<00:00,  1.51s/it]100%|##########| 2/2 [00:02<00:00,  1.49s/it]
[I 2025-05-23 20:23:08,960] Trial 0 finished with value: 68.60719126084206 and parameters: {'changepoint_prior_scale': 0.27323388221081407, 'seasonality_prior_scale': 0.039762438031309716, 'n_changepoints': 7}. Best is trial 0 with value: 68.60719126084206.
C:\LocalHost\OptiBack\modulo_demanda\Algoritmo_Prophet\forecast_model.py:103: FutureWarning: suggest_loguniform has been deprecated in v3.0.0. This feature will be removed in v6.0.0. See https://github.com/optuna/optuna/releases/tag/v3.0.0. Use suggest_float(..., log=True) instead.
  cps = trial.suggest_loguniform("changepoint_prior_scale", 0.001, 0.5)
C:\LocalHost\OptiBack\modulo_demanda\Algoritmo_Prophet\forecast_model.py:104: FutureWarning: suggest_loguniform has been deprecated in v3.0.0. This feature will be removed in v6.0.0. See https://github.com/optuna/optuna/releases/tag/v3.0.0. Use suggest_float(..., log=True) instead.
  sps = trial.suggest_loguniform("seasonality_prior_scale", 0.01, 10.0)
Optimization terminated abnormally. Falling back to Newton.
  0%|          | 0/2 [00:00<?, ?it/s] 50%|#####     | 1/2 [00:01<00:01,  1.19s/it]Optimization terminated abnormally. Falling back to Newton.
100%|##########| 2/2 [00:02<00:00,  1.33s/it]100%|##########| 2/2 [00:02<00:00,  1.31s/it]
[I 2025-05-23 20:23:13,706] Trial 1 finished with value: 44.45289298279484 and parameters: {'changepoint_prior_scale': 0.0010729729542751964, 'seasonality_prior_scale': 0.026345942862213503, 'n_changepoints': 29}. Best is trial 1 with value: 44.45289298279484.
C:\LocalHost\OptiBack\modulo_demanda\Algoritmo_Prophet\forecast_model.py:103: FutureWarning: suggest_loguniform has been deprecated in v3.0.0. This feature will be removed in v6.0.0. See https://github.com/optuna/optuna/releases/tag/v3.0.0. Use suggest_float(..., log=True) instead.
  cps = trial.suggest_loguniform("changepoint_prior_scale", 0.001, 0.5)
C:\LocalHost\OptiBack\modulo_demanda\Algoritmo_Prophet\forecast_model.py:104: FutureWarning: suggest_loguniform has been deprecated in v3.0.0. This feature will be removed in v6.0.0. See https://github.com/optuna/optuna/releases/tag/v3.0.0. Use suggest_float(..., log=True) instead.
  sps = trial.suggest_loguniform("seasonality_prior_scale", 0.01, 10.0)
  0%|          | 0/2 [00:00<?, ?it/s] 50%|#####     | 1/2 [00:01<00:01,  1.26s/it]100%|##########| 2/2 [00:01<00:00,  1.16it/s]100%|##########| 2/2 [00:01<00:00,  1.09it/s]
[I 2025-05-23 20:23:16,412] Trial 2 finished with value: 54.25016212646027 and parameters: {'changepoint_prior_scale': 0.011521465703164844, 'seasonality_prior_scale': 0.2484592824876418, 'n_changepoints': 45}. Best is trial 1 with value: 44.45289298279484.
C:\LocalHost\OptiBack\modulo_demanda\Algoritmo_Prophet\forecast_model.py:103: FutureWarning: suggest_loguniform has been deprecated in v3.0.0. This feature will be removed in v6.0.0. See https://github.com/optuna/optuna/releases/tag/v3.0.0. Use suggest_float(..., log=True) instead.
  cps = trial.suggest_loguniform("changepoint_prior_scale", 0.001, 0.5)
C:\LocalHost\OptiBack\modulo_demanda\Algoritmo_Prophet\forecast_model.py:104: FutureWarning: suggest_loguniform has been deprecated in v3.0.0. This feature will be removed in v6.0.0. See https://github.com/optuna/optuna/releases/tag/v3.0.0. Use suggest_float(..., log=True) instead.
  sps = trial.suggest_loguniform("seasonality_prior_scale", 0.01, 10.0)
Optimization terminated abnormally. Falling back to Newton.
  0%|          | 0/2 [00:00<?, ?it/s] 50%|#####     | 1/2 [00:02<00:02,  2.02s/it]Optimization terminated abnormally. Falling back to Newton.
100%|##########| 2/2 [00:05<00:00,  2.73s/it]100%|##########| 2/2 [00:05<00:00,  2.62s/it]
