[I 2025-05-23 20:21:19,540] Trial 1 finished with value: 59.48568789607501 and parameters: {'changepoint_prior_scale': 0.1275312348206572, 'seasonality_prior_scale': 0.12982231770499697, 'n_changepoints': 14}. Best is trial 1 with value: 59.48568789607501.
C:\LocalHost\OptiBack\modulo_demanda\Algoritmo_Prophet\forecast_model.py:103: FutureWarning: suggest_loguniform has been deprecated in v3.0.0. This feature will be removed in v6.0.0. See https://github.com/optuna/optuna/releases/tag/v3.0.0. Use suggest_float(..., log=True) instead.
  cps = trial.suggest_loguniform("changepoint_prior_scale", 0.001, 0.5)
C:\LocalHost\OptiBack\modulo_demanda\Algoritmo_Prophet\forecast_model.py:104: FutureWarning: suggest_loguniform has been deprecated in v3.0.0. This feature will be removed in v6.0.0. See https://github.com/optuna/optuna/releases/tag/v3.0.0. Use suggest_float(..., log=True) instead.
  sps = trial.suggest_loguniform("seasonality_prior_scale", 0.01, 10.0)
  0%|          | 0/2 [00:00<?, ?it/s] 50%|#####     | 1/2 [00:01<00:01,  1.07s/it]100%|##########| 2/2 [00:01<00:00,  1.20it/s]100%|##########| 2/2 [00:01<00:00,  1.15it/s]
[I 2025-05-23 20:21:22,079] Trial 2 finished with value: 52.84347489203507 and parameters: {'changepoint_prior_scale': 0.007158165280740889, 'seasonality_prior_scale': 0.010555647498960923, 'n_changepoints': 28}. Best is trial 2 with value: 52.84347489203507.
C:\LocalHost\OptiBack\modulo_demanda\Algoritmo_Prophet\forecast_model.py:103: FutureWarning: suggest_loguniform has been deprecated in v3.0.0. This feature will be removed in v6.0.0. See https://github.com/optuna/optuna/releases/tag/v3.0.0. Use suggest_float(..., log=True) instead.
  cps = trial.suggest_loguniform("changepoint_prior_scale", 0.001, 0.5)
C:\LocalHost\OptiBack\modulo_demanda\Algoritmo_Prophet\forecast_model.py:104: FutureWarning: suggest_loguniform has been deprecated in v3.0.0. This feature will be removed in v6.0.0. See https://github.com/optuna/optuna/releases/tag/v3.0.0. Use suggest_float(..., log=True) instead.
  sps = trial.suggest_loguniform("seasonality_prior_scale", 0.01, 10.0)
  0%|          | 0/2 [00:00<?, ?it/s] 50%|#####     | 1/2 [00:03<00:03,  3.33s/it]Optimization terminated abnormally. Falling back to Newton.
100%|##########| 2/2 [00:04<00:00,  2.16s/it]100%|##########| 2/2 [00:04<00:00,  2.34s/it]
[I 2025-05-23 20:21:27,781] Trial 3 finished with value: 51.25525711222855 and parameters: {'changepoint_prior_scale': 0.004177088633237376, 'seasonality_prior_scale': 0.01566553110938722, 'n_changepoints': 42}. Best is trial 3 with value: 51.25525711222855.
C:\LocalHost\OptiBack\modulo_demanda\Algoritmo_Prophet\forecast_model.py:103: FutureWarning: suggest_loguniform has been deprecated in v3.0.0. This feature will be removed in v6.0.0. See https://github.com/optuna/optuna/releases/tag/v3.0.0. Use suggest_float(..., log=True) instead.
  cps = trial.suggest_loguniform("changepoint_prior_scale", 0.001, 0.5)
C:\LocalHost\OptiBack\modulo_demanda\Algoritmo_Prophet\forecast_model.py:104: FutureWarning: suggest_loguniform has been deprecated in v3.0.0. This feature will be removed in v6.0.0. See https://github.com/optuna/optuna/releases/tag/v3.0.0. Use suggest_float(..., log=True) instead.
  sps = trial.suggest_loguniform("seasonality_prior_scale", 0.01, 10.0)
  0%|          | 0/2 [00:00<?, ?it/s] 50%|#####     | 1/2 [00:00<00:00,  1.10it/s]100%|##########| 2/2 [00:01<00:00,  1.45it/s]100%|##########| 2/2 [00:01<00:00,  1.38it/s]
[I 2025-05-23 20:21:30,153] Trial 4 finished with value: 57.948934857832 and parameters: {'changepoint_prior_scale': 0.052228891272746165, 'seasonality_prior_scale': 0.065436379222725, 'n_changepoints': 13}. Best is trial 3 with value: 51.25525711222855.
C:\LocalHost\OptiBack\modulo_demanda\Algoritmo_Prophet\forecast_model.py:103: FutureWarning: suggest_loguniform has been deprecated in v3.0.0. This feature will be removed in v6.0.0. See https://github.com/optuna/optuna/releases/tag/v3.0.0. Use suggest_float(..., log=True) instead.
  cps = trial.suggest_loguniform("changepoint_prior_scale", 0.001, 0.5)
C:\LocalHost\OptiBack\modulo_demanda\Algoritmo_Prophet\forecast_model.py:104: FutureWarning: suggest_loguniform has been deprecated in v3.0.0. This feature will be removed in v6.0.0. See https://github.com/optuna/optuna/releases/tag/v3.0.0. Use suggest_float(..., log=True) instead.
  sps = trial.suggest_loguniform("seasonality_prior_scale", 0.01, 10.0)
  0%|          | 0/2 [00:00<?, ?it/s] 50%|#####     | 1/2 [00:01<00:01,  1.12s/it]100%|##########| 2/2 [00:01<00:00,  1.18it/s]100%|##########| 2/2 [00:01<00:00,  1.13it/s]
[I 2025-05-23 20:21:32,947] Trial 5 finished with value: 58.626298955433924 and parameters: {'changepoint_prior_scale': 0.015030656005016907, 'seasonality_prior_scale': 0.03962650616585914, 'n_changepoints': 41}. Best is trial 3 with value: 51.25525711222855.
C:\LocalHost\OptiBack\modulo_demanda\Algoritmo_Prophet\forecast_model.py:103: FutureWarning: suggest_loguniform has been deprecated in v3.0.0. This feature will be removed in v6.0.0. See https://github.com/optuna/optuna/releases/tag/v3.0.0. Use suggest_float(..., log=True) instead.
  cps = trial.suggest_loguniform("changepoint_prior_scale", 0.001, 0.5)
C:\LocalHost\OptiBack\modulo_demanda\Algoritmo_Prophet\forecast_model.py:104: FutureWarning: suggest_loguniform has been deprecated in v3.0.0. This feature will be removed in v6.0.0. See https://github.com/optuna/optuna/releases/tag/v3.0.0. Use suggest_float(..., log=True) instead.
  sps = trial.suggest_loguniform("seasonality_prior_scale", 0.01, 10.0)
  0%|          | 0/2 [00:00<?, ?it/s] 50%|#####     | 1/2 [00:01<00:01,  1.23s/it]100%|##########| 2/2 [00:01<00:00,  1.10it/s]100%|##########| 2/2 [00:01<00:00,  1.04it/s]
[I 2025-05-23 20:21:35,888] Trial 6 finished with value: 62.09947170734877 and parameters: {'changepoint_prior_scale': 0.1130267204218307, 'seasonality_prior_scale': 2.7555678787698157, 'n_changepoints': 33}. Best is trial 3 with value: 51.25525711222855.
C:\LocalHost\OptiBack\modulo_demanda\Algoritmo_Prophet\forecast_model.py:103: FutureWarning: suggest_loguniform has been deprecated in v3.0.0. This feature will be removed in v6.0.0. See https://github.com/optuna/optuna/releases/tag/v3.0.0. Use suggest_float(..., log=True) instead.
  cps = trial.suggest_loguniform("changepoint_prior_scale", 0.001, 0.5)
C:\LocalHost\OptiBack\modulo_demanda\Algoritmo_Prophet\forecast_model.py:104: FutureWarning: suggest_loguniform has been deprecated in v3.0.0. This feature will be removed in v6.0.0. See https://github.com/optuna/optuna/releases/tag/v3.0.0. Use suggest_float(..., log=True) instead.
  sps = trial.suggest_loguniform("seasonality_prior_scale", 0.01, 10.0)
  0%|          | 0/2 [00:00<?, ?it/s] 50%|#####     | 1/2 [00:01<00:01,  1.63s/it]100%|##########| 2/2 [00:02<00:00,  1.02it/s]100%|##########| 2/2 [00:02<00:00,  1.08s/it]
[I 2025-05-23 20:21:38,830] Trial 7 finished with value: 68.10991009655451 and parameters: {'changepoint_prior_scale': 0.004330944170282588, 'seasonality_prior_scale': 0.9261403237148829, 'n_changepoints': 11}. Best is trial 3 with value: 51.25525711222855.
C:\LocalHost\OptiBack\modulo_demanda\Algoritmo_Prophet\forecast_model.py:103: FutureWarning: suggest_loguniform has been deprecated in v3.0.0. This feature will be removed in v6.0.0. See https://github.com/optuna/optuna/releases/tag/v3.0.0. Use suggest_float(..., log=True) instead.
  cps = trial.suggest_loguniform("changepoint_prior_scale", 0.001, 0.5)
C:\LocalHost\OptiBack\modulo_demanda\Algoritmo_Prophet\forecast_model.py:104: FutureWarning: suggest_loguniform has been deprecated in v3.0.0. This feature will be removed in v6.0.0. See https://github.com/optuna/optuna/releases/tag/v3.0.0. Use suggest_float(..., log=True) instead.
  sps = trial.suggest_loguniform("seasonality_prior_scale", 0.01, 10.0)
  0%|          | 0/2 [00:00<?, ?it/s] 50%|#####     | 1/2 [00:00<00:00,  1.17it/s]100%|##########| 2/2 [00:01<00:00,  1.26it/s]100%|##########| 2/2 [00:01<00:00,  1.25it/s]
[I 2025-05-23 20:21:41,281] Trial 8 finished with value: 69.0288156474288 and parameters: {'changepoint_prior_scale': 0.02193526554478495, 'seasonality_prior_scale': 9.155302934190324, 'n_changepoints': 15}. Best is trial 3 with value: 51.25525711222855.
C:\LocalHost\OptiBack\modulo_demanda\Algoritmo_Prophet\forecast_model.py:103: FutureWarning: suggest_loguniform has been deprecated in v3.0.0. This feature will be removed in v6.0.0. See https://github.com/optuna/optuna/releases/tag/v3.0.0. Use suggest_float(..., log=True) instead.
  cps = trial.suggest_loguniform("changepoint_prior_scale", 0.001, 0.5)
C:\LocalHost\OptiBack\modulo_demanda\Algoritmo_Prophet\forecast_model.py:104: FutureWarning: suggest_loguniform has been deprecated in v3.0.0. This feature will be removed in v6.0.0. See https://github.com/optuna/optuna/releases/tag/v3.0.0. Use suggest_float(..., log=True) instead.
  sps = trial.suggest_loguniform("seasonality_prior_scale", 0.01, 10.0)
  0%|          | 0/2 [00:00<?, ?it/s] 50%|#####     | 1/2 [00:01<00:01,  1.08s/it]Optimization terminated abnormally. Falling back to Newton.
100%|##########| 2/2 [00:02<00:00,  1.33s/it]100%|##########| 2/2 [00:02<00:00,  1.29s/it]
[I 2025-05-23 20:21:44,575] Trial 9 finished with value: 60.865700258116505 and parameters: {'changepoint_prior_scale': 0.0027641546387415514, 'seasonality_prior_scale': 3.948839401376478, 'n_changepoints': 27}. Best is trial 3 with value: 51.25525711222855.
  0%|          | 0/2 [00:00<?, ?it/s] 50%|#####     | 1/2 [00:03<00:03,  3.77s/it]Optimization terminated abnormally. Falling back to Newton.
100%|##########| 2/2 [00:05<00:00,  2.35s/it]100%|##########| 2/2 [00:05<00:00,  2.56s/it]
Rendimiento para la combinación BMX_1727-BMX_AUTOSERVICIOS-BMX_3207:
  horizon          mse       rmse        mae     mdape     smape  coverage
0 21 days  4533.236859  67.329316  58.006535  0.817704  0.727857  0.500000
1 28 days  3805.122406  61.685674  48.666550  0.547842  0.621894  0.666667
2 35 days  3254.522776  57.048425  42.429403  0.371121  0.594526  0.666667
3 42 days  1020.283170  31.941872  26.739984  0.328200  0.317710  0.833333
4 49 days  1338.987120  36.592173  31.637658  0.391440  0.376333  0.833333
          ds        yhat  yhat_lower  yhat_upper      y     cutoff
0 2022-10-24  107.009728   54.115510  161.263006   55.0 2022-10-17
1 2022-10-31  116.744498   65.206158  171.196840   71.0 2022-10-17
2 2022-11-07  130.878399   78.626172  186.741160  134.0 2022-10-17
3 2022-11-14  121.917139   67.512929  177.113002   84.0 2022-10-17
4 2022-11-21   43.094269  -10.192892   95.424442  101.0 2022-10-17
Contenido de df_prophet antes de model.fit:
            ds     y  day_of_week  week_of_year  month
0   2021-01-04  37.0            0             1      1
1   2021-01-11  51.0            0             2      1
2   2021-01-18  36.0            0             3      1
3   2021-01-25  45.0            0             4      1
4   2021-02-01  37.0            0             5      2
..         ...   ...          ...           ...    ...
151 2023-11-27  20.0            0            48     11
152 2023-12-04  22.0            0            49     12
153 2023-12-11  20.0            0            50     12
154 2023-12-18  30.0            0            51     12
155 2023-12-25  35.0            0            52     12

[156 rows x 5 columns]
[I 2025-05-23 20:21:50,679] A new study created in memory with name: no-name-038f3b71-a1b2-49ca-8704-501617c9c4af
C:\LocalHost\OptiBack\modulo_demanda\Algoritmo_Prophet\forecast_model.py:103: FutureWarning: suggest_loguniform has been deprecated in v3.0.0. This feature will be removed in v6.0.0. See https://github.com/optuna/optuna/releases/tag/v3.0.0. Use suggest_float(..., log=True) instead.
  cps = trial.suggest_loguniform("changepoint_prior_scale", 0.001, 0.5)
C:\LocalHost\OptiBack\modulo_demanda\Algoritmo_Prophet\forecast_model.py:104: FutureWarning: suggest_loguniform has been deprecated in v3.0.0. This feature will be removed in v6.0.0. See https://github.com/optuna/optuna/releases/tag/v3.0.0. Use suggest_float(..., log=True) instead.
  sps = trial.suggest_loguniform("seasonality_prior_scale", 0.01, 10.0)
  0%|          | 0/2 [00:00<?, ?it/s] 50%|#####     | 1/2 [00:02<00:02,  2.04s/it]100%|##########| 2/2 [00:02<00:00,  1.30s/it]100%|##########| 2/2 [00:02<00:00,  1.41s/it]
[I 2025-05-23 20:21:54,332] Trial 0 finished with value: 15.404176044514482 and parameters: {'changepoint_prior_scale': 0.028883805888496348, 'seasonality_prior_scale': 1.7840778568506994, 'n_changepoints': 47}. Best is trial 0 with value: 15.404176044514482.
C:\LocalHost\OptiBack\modulo_demanda\Algoritmo_Prophet\forecast_model.py:103: FutureWarning: suggest_loguniform has been deprecated in v3.0.0. This feature will be removed in v6.0.0. See https://github.com/optuna/optuna/releases/tag/v3.0.0. Use suggest_float(..., log=True) instead.
  cps = trial.suggest_loguniform("changepoint_prior_scale", 0.001, 0.5)
C:\LocalHost\OptiBack\modulo_demanda\Algoritmo_Prophet\forecast_model.py:104: FutureWarning: suggest_loguniform has been deprecated in v3.0.0. This feature will be removed in v6.0.0. See https://github.com/optuna/optuna/releases/tag/v3.0.0. Use suggest_float(..., log=True) instead.
  sps = trial.suggest_loguniform("seasonality_prior_scale", 0.01, 10.0)
  0%|          | 0/2 [00:00<?, ?it/s] 50%|#####     | 1/2 [00:01<00:01,  1.04s/it]100%|##########| 2/2 [00:01<00:00,  1.18it/s]100%|##########| 2/2 [00:01<00:00,  1.14it/s]
[I 2025-05-23 20:21:57,575] Trial 1 finished with value: 15.20668000183975 and parameters: {'changepoint_prior_scale': 0.014737133646570814, 'seasonality_prior_scale': 0.34401110069919255, 'n_changepoints': 13}. Best is trial 1 with value: 15.20668000183975.
C:\LocalHost\OptiBack\modulo_demanda\Algoritmo_Prophet\forecast_model.py:103: FutureWarning: suggest_loguniform has been deprecated in v3.0.0. This feature will be removed in v6.0.0. See https://github.com/optuna/optuna/releases/tag/v3.0.0. Use suggest_float(..., log=True) instead.
  cps = trial.suggest_loguniform("changepoint_prior_scale", 0.001, 0.5)
C:\LocalHost\OptiBack\modulo_demanda\Algoritmo_Prophet\forecast_model.py:104: FutureWarning: suggest_loguniform has been deprecated in v3.0.0. This feature will be removed in v6.0.0. See https://github.com/optuna/optuna/releases/tag/v3.0.0. Use suggest_float(..., log=True) instead.
  sps = trial.suggest_loguniform("seasonality_prior_scale", 0.01, 10.0)
  0%|          | 0/2 [00:00<?, ?it/s] 50%|#####     | 1/2 [00:01<00:01,  1.42s/it]100%|##########| 2/2 [00:01<00:00,  1.10it/s]100%|##########| 2/2 [00:01<00:00,  1.01it/s]
[I 2025-05-23 20:22:00,482] Trial 2 finished with value: 14.238443508329523 and parameters: {'changepoint_prior_scale': 0.04748329632740527, 'seasonality_prior_scale': 0.03947987796802551, 'n_changepoints': 32}. Best is trial 2 with value: 14.238443508329523.
C:\LocalHost\OptiBack\modulo_demanda\Algoritmo_Prophet\forecast_model.py:103: FutureWarning: suggest_loguniform has been deprecated in v3.0.0. This feature will be removed in v6.0.0. See https://github.com/optuna/optuna/releases/tag/v3.0.0. Use suggest_float(..., log=True) instead.
  cps = trial.suggest_loguniform("changepoint_prior_scale", 0.001, 0.5)
C:\LocalHost\OptiBack\modulo_demanda\Algoritmo_Prophet\forecast_model.py:104: FutureWarning: suggest_loguniform has been deprecated in v3.0.0. This feature will be removed in v6.0.0. See https://github.com/optuna/optuna/releases/tag/v3.0.0. Use suggest_float(..., log=True) instead.
  sps = trial.suggest_loguniform("seasonality_prior_scale", 0.01, 10.0)
  0%|          | 0/2 [00:00<?, ?it/s] 50%|#####     | 1/2 [00:00<00:00,  1.21it/s]100%|##########| 2/2 [00:01<00:00,  1.49it/s]100%|##########| 2/2 [00:01<00:00,  1.44it/s]
[I 2025-05-23 20:22:02,772] Trial 3 finished with value: 12.305589600655601 and parameters: {'changepoint_prior_scale': 0.11276293663463403, 'seasonality_prior_scale': 0.027486501141355237, 'n_changepoints': 6}. Best is trial 3 with value: 12.305589600655601.
C:\LocalHost\OptiBack\modulo_demanda\Algoritmo_Prophet\forecast_model.py:103: FutureWarning: suggest_loguniform has been deprecated in v3.0.0. This feature will be removed in v6.0.0. See https://github.com/optuna/optuna/releases/tag/v3.0.0. Use suggest_float(..., log=True) instead.
  cps = trial.suggest_loguniform("changepoint_prior_scale", 0.001, 0.5)
C:\LocalHost\OptiBack\modulo_demanda\Algoritmo_Prophet\forecast_model.py:104: FutureWarning: suggest_loguniform has been deprecated in v3.0.0. This feature will be removed in v6.0.0. See https://github.com/optuna/optuna/releases/tag/v3.0.0. Use suggest_float(..., log=True) instead.
  sps = trial.suggest_loguniform("seasonality_prior_scale", 0.01, 10.0)
  0%|          | 0/2 [00:00<?, ?it/s] 50%|#####     | 1/2 [00:01<00:01,  1.29s/it]100%|##########| 2/2 [00:01<00:00,  1.08it/s]100%|##########| 2/2 [00:01<00:00,  1.02it/s]
[I 2025-05-23 20:22:05,742] Trial 4 finished with value: 14.166351735967497 and parameters: {'changepoint_prior_scale': 0.16926714660529674, 'seasonality_prior_scale': 2.7254351147984335, 'n_changepoints': 6}. Best is trial 3 with value: 12.305589600655601.
C:\LocalHost\OptiBack\modulo_demanda\Algoritmo_Prophet\forecast_model.py:103: FutureWarning: suggest_loguniform has been deprecated in v3.0.0. This feature will be removed in v6.0.0. See https://github.com/optuna/optuna/releases/tag/v3.0.0. Use suggest_float(..., log=True) instead.
  cps = trial.suggest_loguniform("changepoint_prior_scale", 0.001, 0.5)
C:\LocalHost\OptiBack\modulo_demanda\Algoritmo_Prophet\forecast_model.py:104: FutureWarning: suggest_loguniform has been deprecated in v3.0.0. This feature will be removed in v6.0.0. See https://github.com/optuna/optuna/releases/tag/v3.0.0. Use suggest_float(..., log=True) instead.
  sps = trial.suggest_loguniform("seasonality_prior_scale", 0.01, 10.0)
Optimization terminated abnormally. Falling back to Newton.
  0%|          | 0/2 [00:00<?, ?it/s] 50%|#####     | 1/2 [00:01<00:01,  1.04s/it]100%|##########| 2/2 [00:01<00:00,  1.28it/s]100%|##########| 2/2 [00:01<00:00,  1.22it/s]
[I 2025-05-23 20:22:09,079] Trial 5 finished with value: 17.23420964264773 and parameters: {'changepoint_prior_scale': 0.001251807812416186, 'seasonality_prior_scale': 0.0109017199572802, 'n_changepoints': 29}. Best is trial 3 with value: 12.305589600655601.
C:\LocalHost\OptiBack\modulo_demanda\Algoritmo_Prophet\forecast_model.py:103: FutureWarning: suggest_loguniform has been deprecated in v3.0.0. This feature will be removed in v6.0.0. See https://github.com/optuna/optuna/releases/tag/v3.0.0. Use suggest_float(..., log=True) instead.
  cps = trial.suggest_loguniform("changepoint_prior_scale", 0.001, 0.5)
C:\LocalHost\OptiBack\modulo_demanda\Algoritmo_Prophet\forecast_model.py:104: FutureWarning: suggest_loguniform has been deprecated in v3.0.0. This feature will be removed in v6.0.0. See https://github.com/optuna/optuna/releases/tag/v3.0.0. Use suggest_float(..., log=True) instead.
  sps = trial.suggest_loguniform("seasonality_prior_scale", 0.01, 10.0)
Optimization terminated abnormally. Falling back to Newton.
  0%|          | 0/2 [00:00<?, ?it/s] 50%|#####     | 1/2 [00:00<00:00,  1.06it/s]100%|##########| 2/2 [00:01<00:00,  1.38it/s]100%|##########| 2/2 [00:01<00:00,  1.32it/s]
[I 2025-05-23 20:22:12,356] Trial 6 finished with value: 15.918348533713655 and parameters: {'changepoint_prior_scale': 0.005892209978728923, 'seasonality_prior_scale': 0.2664255859687305, 'n_changepoints': 35}. Best is trial 3 with value: 12.305589600655601.
C:\LocalHost\OptiBack\modulo_demanda\Algoritmo_Prophet\forecast_model.py:103: FutureWarning: suggest_loguniform has been deprecated in v3.0.0. This feature will be removed in v6.0.0. See https://github.com/optuna/optuna/releases/tag/v3.0.0. Use suggest_float(..., log=True) instead.
  cps = trial.suggest_loguniform("changepoint_prior_scale", 0.001, 0.5)
C:\LocalHost\OptiBack\modulo_demanda\Algoritmo_Prophet\forecast_model.py:104: FutureWarning: suggest_loguniform has been deprecated in v3.0.0. This feature will be removed in v6.0.0. See https://github.com/optuna/optuna/releases/tag/v3.0.0. Use suggest_float(..., log=True) instead.
  sps = trial.suggest_loguniform("seasonality_prior_scale", 0.01, 10.0)
  0%|          | 0/2 [00:00<?, ?it/s] 50%|#####     | 1/2 [00:02<00:02,  2.02s/it]100%|##########| 2/2 [00:02<00:00,  1.26s/it]100%|##########| 2/2 [00:02<00:00,  1.38s/it]
[I 2025-05-23 20:22:16,117] Trial 7 finished with value: 16.308079553961853 and parameters: {'changepoint_prior_scale': 0.05959938692199408, 'seasonality_prior_scale': 7.61653386575292, 'n_changepoints': 44}. Best is trial 3 with value: 12.305589600655601.
C:\LocalHost\OptiBack\modulo_demanda\Algoritmo_Prophet\forecast_model.py:103: FutureWarning: suggest_loguniform has been deprecated in v3.0.0. This feature will be removed in v6.0.0. See https://github.com/optuna/optuna/releases/tag/v3.0.0. Use suggest_float(..., log=True) instead.
  cps = trial.suggest_loguniform("changepoint_prior_scale", 0.001, 0.5)
C:\LocalHost\OptiBack\modulo_demanda\Algoritmo_Prophet\forecast_model.py:104: FutureWarning: suggest_loguniform has been deprecated in v3.0.0. This feature will be removed in v6.0.0. See https://github.com/optuna/optuna/releases/tag/v3.0.0. Use suggest_float(..., log=True) instead.
  sps = trial.suggest_loguniform("seasonality_prior_scale", 0.01, 10.0)
  0%|          | 0/2 [00:00<?, ?it/s] 50%|#####     | 1/2 [00:02<00:02,  2.17s/it]100%|##########| 2/2 [00:02<00:00,  1.34s/it]100%|##########| 2/2 [00:02<00:00,  1.46s/it]
