[I 2025-05-23 20:24:26,825] Trial 9 finished with value: 9.484662671047305 and parameters: {'changepoint_prior_scale': 0.0214930999041313, 'seasonality_prior_scale': 0.2593926907356952, 'n_changepoints': 25}. Best is trial 0 with value: 9.44370932416844.
Optimization terminated abnormally. Falling back to Newton.
  0%|          | 0/2 [00:00<?, ?it/s] 50%|#####     | 1/2 [00:01<00:01,  1.05s/it]100%|##########| 2/2 [00:01<00:00,  1.10it/s]100%|##########| 2/2 [00:01<00:00,  1.08it/s]
Rendimiento para la combinación BMX_1727-BMX_HOGAR-BMX_3931:
  horizon        mse      rmse  ...     mdape     smape  coverage
0 21 days  75.249518  8.674648  ...  0.473821  0.537826  0.500000
1 28 days  46.676849  6.832046  ...  0.375804  0.370949  0.500000
2 35 days  36.252872  6.021036  ...  0.159615  0.290001  0.666667
3 42 days  23.956235  4.894511  ...  0.310111  0.278817  0.833333
4 49 days   9.131451  3.021829  ...  0.195119  0.224665  1.000000

[5 rows x 8 columns]
          ds       yhat  yhat_lower  yhat_upper     y     cutoff
0 2022-10-24  17.250537   10.182730   24.020826  29.5 2022-10-17
1 2022-10-31  21.453693   14.510437   27.681307  14.0 2022-10-17
2 2022-11-07  18.782203   11.783922   25.326789   9.0 2022-10-17
3 2022-11-14  22.195209   15.392248   28.870451  12.0 2022-10-17
4 2022-11-21   6.085116   -0.471391   12.459805   6.0 2022-10-17
Contenido de df_prophet antes de model.fit:
            ds     y  day_of_week  week_of_year  month
0   2021-01-04  52.0            0             1      1
1   2021-01-11  29.0            0             2      1
2   2021-01-18  23.0            0             3      1
3   2021-01-25  61.0            0             4      1
4   2021-02-01  30.0            0             5      2
..         ...   ...          ...           ...    ...
151 2023-11-27  42.0            0            48     11
152 2023-12-04  35.0            0            49     12
153 2023-12-11  40.0            0            50     12
154 2023-12-18  47.0            0            51     12
155 2023-12-25  24.0            0            52     12

[156 rows x 5 columns]
[I 2025-05-23 20:24:30,971] A new study created in memory with name: no-name-eaeb97b6-e17c-4f8c-9e34-b62862816575
C:\LocalHost\OptiBack\modulo_demanda\Algoritmo_Prophet\forecast_model.py:103: FutureWarning: suggest_loguniform has been deprecated in v3.0.0. This feature will be removed in v6.0.0. See https://github.com/optuna/optuna/releases/tag/v3.0.0. Use suggest_float(..., log=True) instead.
  cps = trial.suggest_loguniform("changepoint_prior_scale", 0.001, 0.5)
C:\LocalHost\OptiBack\modulo_demanda\Algoritmo_Prophet\forecast_model.py:104: FutureWarning: suggest_loguniform has been deprecated in v3.0.0. This feature will be removed in v6.0.0. See https://github.com/optuna/optuna/releases/tag/v3.0.0. Use suggest_float(..., log=True) instead.
  sps = trial.suggest_loguniform("seasonality_prior_scale", 0.01, 10.0)
Optimization terminated abnormally. Falling back to Newton.
  0%|          | 0/2 [00:00<?, ?it/s] 50%|#####     | 1/2 [00:01<00:01,  1.25s/it]Optimization terminated abnormally. Falling back to Newton.
100%|##########| 2/2 [00:02<00:00,  1.34s/it]100%|##########| 2/2 [00:02<00:00,  1.32s/it]
[I 2025-05-23 20:24:35,892] Trial 0 finished with value: 11.298240279441202 and parameters: {'changepoint_prior_scale': 0.003952182724200997, 'seasonality_prior_scale': 1.385335598108597, 'n_changepoints': 22}. Best is trial 0 with value: 11.298240279441202.
C:\LocalHost\OptiBack\modulo_demanda\Algoritmo_Prophet\forecast_model.py:103: FutureWarning: suggest_loguniform has been deprecated in v3.0.0. This feature will be removed in v6.0.0. See https://github.com/optuna/optuna/releases/tag/v3.0.0. Use suggest_float(..., log=True) instead.
  cps = trial.suggest_loguniform("changepoint_prior_scale", 0.001, 0.5)
C:\LocalHost\OptiBack\modulo_demanda\Algoritmo_Prophet\forecast_model.py:104: FutureWarning: suggest_loguniform has been deprecated in v3.0.0. This feature will be removed in v6.0.0. See https://github.com/optuna/optuna/releases/tag/v3.0.0. Use suggest_float(..., log=True) instead.
  sps = trial.suggest_loguniform("seasonality_prior_scale", 0.01, 10.0)
  0%|          | 0/2 [00:00<?, ?it/s] 50%|#####     | 1/2 [00:02<00:02,  2.03s/it]100%|##########| 2/2 [00:02<00:00,  1.22s/it]100%|##########| 2/2 [00:02<00:00,  1.34s/it]
[I 2025-05-23 20:24:39,611] Trial 1 finished with value: 8.929564508493282 and parameters: {'changepoint_prior_scale': 0.011786362079467181, 'seasonality_prior_scale': 0.014313426391933661, 'n_changepoints': 48}. Best is trial 1 with value: 8.929564508493282.
C:\LocalHost\OptiBack\modulo_demanda\Algoritmo_Prophet\forecast_model.py:103: FutureWarning: suggest_loguniform has been deprecated in v3.0.0. This feature will be removed in v6.0.0. See https://github.com/optuna/optuna/releases/tag/v3.0.0. Use suggest_float(..., log=True) instead.
  cps = trial.suggest_loguniform("changepoint_prior_scale", 0.001, 0.5)
C:\LocalHost\OptiBack\modulo_demanda\Algoritmo_Prophet\forecast_model.py:104: FutureWarning: suggest_loguniform has been deprecated in v3.0.0. This feature will be removed in v6.0.0. See https://github.com/optuna/optuna/releases/tag/v3.0.0. Use suggest_float(..., log=True) instead.
  sps = trial.suggest_loguniform("seasonality_prior_scale", 0.01, 10.0)
  0%|          | 0/2 [00:00<?, ?it/s] 50%|#####     | 1/2 [00:01<00:01,  1.25s/it]100%|##########| 2/2 [00:01<00:00,  1.20it/s]100%|##########| 2/2 [00:01<00:00,  1.12it/s]
[I 2025-05-23 20:24:42,503] Trial 2 finished with value: 11.126491829381738 and parameters: {'changepoint_prior_scale': 0.02268168587029498, 'seasonality_prior_scale': 1.0368282750625848, 'n_changepoints': 39}. Best is trial 1 with value: 8.929564508493282.
C:\LocalHost\OptiBack\modulo_demanda\Algoritmo_Prophet\forecast_model.py:103: FutureWarning: suggest_loguniform has been deprecated in v3.0.0. This feature will be removed in v6.0.0. See https://github.com/optuna/optuna/releases/tag/v3.0.0. Use suggest_float(..., log=True) instead.
  cps = trial.suggest_loguniform("changepoint_prior_scale", 0.001, 0.5)
C:\LocalHost\OptiBack\modulo_demanda\Algoritmo_Prophet\forecast_model.py:104: FutureWarning: suggest_loguniform has been deprecated in v3.0.0. This feature will be removed in v6.0.0. See https://github.com/optuna/optuna/releases/tag/v3.0.0. Use suggest_float(..., log=True) instead.
  sps = trial.suggest_loguniform("seasonality_prior_scale", 0.01, 10.0)
Optimization terminated abnormally. Falling back to Newton.
  0%|          | 0/2 [00:00<?, ?it/s] 50%|#####     | 1/2 [00:09<00:09,  9.80s/it]Optimization terminated abnormally. Falling back to Newton.
100%|##########| 2/2 [00:11<00:00,  4.84s/it]100%|##########| 2/2 [00:11<00:00,  5.58s/it]
[I 2025-05-23 20:24:55,933] Trial 3 finished with value: 10.864416685500931 and parameters: {'changepoint_prior_scale': 0.0017517070486925332, 'seasonality_prior_scale': 0.2923642855026361, 'n_changepoints': 33}. Best is trial 1 with value: 8.929564508493282.
C:\LocalHost\OptiBack\modulo_demanda\Algoritmo_Prophet\forecast_model.py:103: FutureWarning: suggest_loguniform has been deprecated in v3.0.0. This feature will be removed in v6.0.0. See https://github.com/optuna/optuna/releases/tag/v3.0.0. Use suggest_float(..., log=True) instead.
  cps = trial.suggest_loguniform("changepoint_prior_scale", 0.001, 0.5)
C:\LocalHost\OptiBack\modulo_demanda\Algoritmo_Prophet\forecast_model.py:104: FutureWarning: suggest_loguniform has been deprecated in v3.0.0. This feature will be removed in v6.0.0. See https://github.com/optuna/optuna/releases/tag/v3.0.0. Use suggest_float(..., log=True) instead.
  sps = trial.suggest_loguniform("seasonality_prior_scale", 0.01, 10.0)
  0%|          | 0/2 [00:00<?, ?it/s] 50%|#####     | 1/2 [00:02<00:02,  2.98s/it]100%|##########| 2/2 [00:04<00:00,  1.95s/it]100%|##########| 2/2 [00:04<00:00,  2.10s/it]
[I 2025-05-23 20:25:01,793] Trial 4 finished with value: 13.588281517362464 and parameters: {'changepoint_prior_scale': 0.48990380712189147, 'seasonality_prior_scale': 0.5800847363180304, 'n_changepoints': 17}. Best is trial 1 with value: 8.929564508493282.
C:\LocalHost\OptiBack\modulo_demanda\Algoritmo_Prophet\forecast_model.py:103: FutureWarning: suggest_loguniform has been deprecated in v3.0.0. This feature will be removed in v6.0.0. See https://github.com/optuna/optuna/releases/tag/v3.0.0. Use suggest_float(..., log=True) instead.
  cps = trial.suggest_loguniform("changepoint_prior_scale", 0.001, 0.5)
C:\LocalHost\OptiBack\modulo_demanda\Algoritmo_Prophet\forecast_model.py:104: FutureWarning: suggest_loguniform has been deprecated in v3.0.0. This feature will be removed in v6.0.0. See https://github.com/optuna/optuna/releases/tag/v3.0.0. Use suggest_float(..., log=True) instead.
  sps = trial.suggest_loguniform("seasonality_prior_scale", 0.01, 10.0)
  0%|          | 0/2 [00:00<?, ?it/s] 50%|#####     | 1/2 [00:01<00:01,  1.03s/it]100%|##########| 2/2 [00:01<00:00,  1.25it/s]100%|##########| 2/2 [00:01<00:00,  1.20it/s]
[I 2025-05-23 20:25:04,401] Trial 5 finished with value: 9.660787524155472 and parameters: {'changepoint_prior_scale': 0.01019589075735509, 'seasonality_prior_scale': 0.024063126806471574, 'n_changepoints': 34}. Best is trial 1 with value: 8.929564508493282.
C:\LocalHost\OptiBack\modulo_demanda\Algoritmo_Prophet\forecast_model.py:103: FutureWarning: suggest_loguniform has been deprecated in v3.0.0. This feature will be removed in v6.0.0. See https://github.com/optuna/optuna/releases/tag/v3.0.0. Use suggest_float(..., log=True) instead.
  cps = trial.suggest_loguniform("changepoint_prior_scale", 0.001, 0.5)
C:\LocalHost\OptiBack\modulo_demanda\Algoritmo_Prophet\forecast_model.py:104: FutureWarning: suggest_loguniform has been deprecated in v3.0.0. This feature will be removed in v6.0.0. See https://github.com/optuna/optuna/releases/tag/v3.0.0. Use suggest_float(..., log=True) instead.
  sps = trial.suggest_loguniform("seasonality_prior_scale", 0.01, 10.0)
  0%|          | 0/2 [00:00<?, ?it/s] 50%|#####     | 1/2 [00:00<00:00,  1.28it/s]100%|##########| 2/2 [00:01<00:00,  1.41it/s]100%|##########| 2/2 [00:01<00:00,  1.39it/s]
[I 2025-05-23 20:25:06,790] Trial 6 finished with value: 9.274799355030304 and parameters: {'changepoint_prior_scale': 0.007280228499794927, 'seasonality_prior_scale': 0.015674257839408977, 'n_changepoints': 5}. Best is trial 1 with value: 8.929564508493282.
C:\LocalHost\OptiBack\modulo_demanda\Algoritmo_Prophet\forecast_model.py:103: FutureWarning: suggest_loguniform has been deprecated in v3.0.0. This feature will be removed in v6.0.0. See https://github.com/optuna/optuna/releases/tag/v3.0.0. Use suggest_float(..., log=True) instead.
  cps = trial.suggest_loguniform("changepoint_prior_scale", 0.001, 0.5)
C:\LocalHost\OptiBack\modulo_demanda\Algoritmo_Prophet\forecast_model.py:104: FutureWarning: suggest_loguniform has been deprecated in v3.0.0. This feature will be removed in v6.0.0. See https://github.com/optuna/optuna/releases/tag/v3.0.0. Use suggest_float(..., log=True) instead.
  sps = trial.suggest_loguniform("seasonality_prior_scale", 0.01, 10.0)
  0%|          | 0/2 [00:00<?, ?it/s] 50%|#####     | 1/2 [00:01<00:01,  1.52s/it]100%|##########| 2/2 [00:02<00:00,  1.05s/it]100%|##########| 2/2 [00:02<00:00,  1.12s/it]
[I 2025-05-23 20:25:09,892] Trial 7 finished with value: 11.000698646475277 and parameters: {'changepoint_prior_scale': 0.10576021978643375, 'seasonality_prior_scale': 0.2115641444739966, 'n_changepoints': 49}. Best is trial 1 with value: 8.929564508493282.
C:\LocalHost\OptiBack\modulo_demanda\Algoritmo_Prophet\forecast_model.py:103: FutureWarning: suggest_loguniform has been deprecated in v3.0.0. This feature will be removed in v6.0.0. See https://github.com/optuna/optuna/releases/tag/v3.0.0. Use suggest_float(..., log=True) instead.
  cps = trial.suggest_loguniform("changepoint_prior_scale", 0.001, 0.5)
C:\LocalHost\OptiBack\modulo_demanda\Algoritmo_Prophet\forecast_model.py:104: FutureWarning: suggest_loguniform has been deprecated in v3.0.0. This feature will be removed in v6.0.0. See https://github.com/optuna/optuna/releases/tag/v3.0.0. Use suggest_float(..., log=True) instead.
  sps = trial.suggest_loguniform("seasonality_prior_scale", 0.01, 10.0)
  0%|          | 0/2 [00:00<?, ?it/s] 50%|#####     | 1/2 [00:01<00:01,  1.07s/it]100%|##########| 2/2 [00:01<00:00,  1.21it/s]100%|##########| 2/2 [00:01<00:00,  1.16it/s]
[I 2025-05-23 20:25:12,672] Trial 8 finished with value: 11.111289731685742 and parameters: {'changepoint_prior_scale': 0.049579057842770245, 'seasonality_prior_scale': 0.5107801550939616, 'n_changepoints': 13}. Best is trial 1 with value: 8.929564508493282.
C:\LocalHost\OptiBack\modulo_demanda\Algoritmo_Prophet\forecast_model.py:103: FutureWarning: suggest_loguniform has been deprecated in v3.0.0. This feature will be removed in v6.0.0. See https://github.com/optuna/optuna/releases/tag/v3.0.0. Use suggest_float(..., log=True) instead.
  cps = trial.suggest_loguniform("changepoint_prior_scale", 0.001, 0.5)
C:\LocalHost\OptiBack\modulo_demanda\Algoritmo_Prophet\forecast_model.py:104: FutureWarning: suggest_loguniform has been deprecated in v3.0.0. This feature will be removed in v6.0.0. See https://github.com/optuna/optuna/releases/tag/v3.0.0. Use suggest_float(..., log=True) instead.
  sps = trial.suggest_loguniform("seasonality_prior_scale", 0.01, 10.0)
  0%|          | 0/2 [00:00<?, ?it/s] 50%|#####     | 1/2 [00:01<00:01,  1.25s/it]100%|##########| 2/2 [00:01<00:00,  1.05it/s]100%|##########| 2/2 [00:01<00:00,  1.00it/s]
[I 2025-05-23 20:25:15,809] Trial 9 finished with value: 9.558674322100536 and parameters: {'changepoint_prior_scale': 0.06412141898298158, 'seasonality_prior_scale': 0.017005609568664738, 'n_changepoints': 45}. Best is trial 1 with value: 8.929564508493282.
  0%|          | 0/2 [00:00<?, ?it/s] 50%|#####     | 1/2 [00:02<00:02,  2.52s/it]100%|##########| 2/2 [00:03<00:00,  1.40s/it]100%|##########| 2/2 [00:03<00:00,  1.57s/it]
Rendimiento para la combinación BMX_1727-BMX_HOGAR-BMX_3203:
  horizon        mse      rmse  ...     mdape     smape  coverage
0 21 days  81.025973  9.001443  ...  0.168103  0.202504  0.833333
1 28 days  57.115881  7.557505  ...  0.151796  0.165992  0.833333
2 35 days  50.548178  7.109724  ...  0.147851  0.146673  0.833333
3 42 days  50.012611  7.071959  ...  0.124729  0.136990  0.666667
4 49 days  24.459892  4.945694  ...  0.076321  0.084367  0.833333

[5 rows x 8 columns]
          ds       yhat  yhat_lower  yhat_upper     y     cutoff
0 2022-10-24  43.776459   34.066670   54.038680  29.0 2022-10-17
1 2022-10-31  43.200604   32.649994   53.239762  50.0 2022-10-17
2 2022-11-07  40.979441   31.506032   51.108246  47.0 2022-10-17
3 2022-11-14  37.613005   27.903236   47.940452  48.0 2022-10-17
4 2022-11-21  41.316566   31.506218   51.680851  45.0 2022-10-17
Contenido de df_prophet antes de model.fit:
            ds      y  day_of_week  week_of_year  month
0   2021-01-04   29.0            0             1      1
1   2021-01-11   12.0            0             2      1
2   2021-01-18   20.0            0             3      1
3   2021-01-25   43.0            0             4      1
4   2021-02-01   45.0            0             5      2
..         ...    ...          ...           ...    ...
151 2023-11-27  372.0            0            48     11
152 2023-12-04  414.0            0            49     12
153 2023-12-11  434.0            0            50     12
154 2023-12-18  427.0            0            51     12
155 2023-12-25  542.0            0            52     12

[156 rows x 5 columns]
[I 2025-05-23 20:25:19,942] A new study created in memory with name: no-name-db0b34e3-f7ad-462b-93ad-5caf30c83e94
C:\LocalHost\OptiBack\modulo_demanda\Algoritmo_Prophet\forecast_model.py:103: FutureWarning: suggest_loguniform has been deprecated in v3.0.0. This feature will be removed in v6.0.0. See https://github.com/optuna/optuna/releases/tag/v3.0.0. Use suggest_float(..., log=True) instead.
  cps = trial.suggest_loguniform("changepoint_prior_scale", 0.001, 0.5)
C:\LocalHost\OptiBack\modulo_demanda\Algoritmo_Prophet\forecast_model.py:104: FutureWarning: suggest_loguniform has been deprecated in v3.0.0. This feature will be removed in v6.0.0. See https://github.com/optuna/optuna/releases/tag/v3.0.0. Use suggest_float(..., log=True) instead.
  sps = trial.suggest_loguniform("seasonality_prior_scale", 0.01, 10.0)
  0%|          | 0/2 [00:00<?, ?it/s] 50%|#####     | 1/2 [00:01<00:01,  1.15s/it]100%|##########| 2/2 [00:01<00:00,  1.08it/s]100%|##########| 2/2 [00:01<00:00,  1.05it/s]
[I 2025-05-23 20:25:22,793] Trial 0 finished with value: 93.47532229056469 and parameters: {'changepoint_prior_scale': 0.0813124429974555, 'seasonality_prior_scale': 6.788634012921457, 'n_changepoints': 13}. Best is trial 0 with value: 93.47532229056469.
C:\LocalHost\OptiBack\modulo_demanda\Algoritmo_Prophet\forecast_model.py:103: FutureWarning: suggest_loguniform has been deprecated in v3.0.0. This feature will be removed in v6.0.0. See https://github.com/optuna/optuna/releases/tag/v3.0.0. Use suggest_float(..., log=True) instead.
  cps = trial.suggest_loguniform("changepoint_prior_scale", 0.001, 0.5)
C:\LocalHost\OptiBack\modulo_demanda\Algoritmo_Prophet\forecast_model.py:104: FutureWarning: suggest_loguniform has been deprecated in v3.0.0. This feature will be removed in v6.0.0. See https://github.com/optuna/optuna/releases/tag/v3.0.0. Use suggest_float(..., log=True) instead.
  sps = trial.suggest_loguniform("seasonality_prior_scale", 0.01, 10.0)
Optimization terminated abnormally. Falling back to Newton.
  0%|          | 0/2 [00:00<?, ?it/s] 50%|#####     | 1/2 [00:01<00:01,  1.22s/it]Optimization terminated abnormally. Falling back to Newton.
100%|##########| 2/2 [00:02<00:00,  1.36s/it]100%|##########| 2/2 [00:02<00:00,  1.34s/it]
[I 2025-05-23 20:25:27,582] Trial 1 finished with value: 137.87355725061894 and parameters: {'changepoint_prior_scale': 0.0012881298190212016, 'seasonality_prior_scale': 2.2340247352315963, 'n_changepoints': 46}. Best is trial 0 with value: 93.47532229056469.
C:\LocalHost\OptiBack\modulo_demanda\Algoritmo_Prophet\forecast_model.py:103: FutureWarning: suggest_loguniform has been deprecated in v3.0.0. This feature will be removed in v6.0.0. See https://github.com/optuna/optuna/releases/tag/v3.0.0. Use suggest_float(..., log=True) instead.
  cps = trial.suggest_loguniform("changepoint_prior_scale", 0.001, 0.5)
C:\LocalHost\OptiBack\modulo_demanda\Algoritmo_Prophet\forecast_model.py:104: FutureWarning: suggest_loguniform has been deprecated in v3.0.0. This feature will be removed in v6.0.0. See https://github.com/optuna/optuna/releases/tag/v3.0.0. Use suggest_float(..., log=True) instead.
  sps = trial.suggest_loguniform("seasonality_prior_scale", 0.01, 10.0)
  0%|          | 0/2 [00:00<?, ?it/s] 50%|#####     | 1/2 [00:01<00:01,  1.10s/it]100%|##########| 2/2 [00:01<00:00,  1.22it/s]100%|##########| 2/2 [00:01<00:00,  1.16it/s]
[I 2025-05-23 20:25:30,227] Trial 2 finished with value: 134.90434143301343 and parameters: {'changepoint_prior_scale': 0.01477993680042157, 'seasonality_prior_scale': 0.23119498042685102, 'n_changepoints': 12}. Best is trial 0 with value: 93.47532229056469.
C:\LocalHost\OptiBack\modulo_demanda\Algoritmo_Prophet\forecast_model.py:103: FutureWarning: suggest_loguniform has been deprecated in v3.0.0. This feature will be removed in v6.0.0. See https://github.com/optuna/optuna/releases/tag/v3.0.0. Use suggest_float(..., log=True) instead.
  cps = trial.suggest_loguniform("changepoint_prior_scale", 0.001, 0.5)
C:\LocalHost\OptiBack\modulo_demanda\Algoritmo_Prophet\forecast_model.py:104: FutureWarning: suggest_loguniform has been deprecated in v3.0.0. This feature will be removed in v6.0.0. See https://github.com/optuna/optuna/releases/tag/v3.0.0. Use suggest_float(..., log=True) instead.
  sps = trial.suggest_loguniform("seasonality_prior_scale", 0.01, 10.0)
  0%|          | 0/2 [00:00<?, ?it/s] 50%|#####     | 1/2 [00:00<00:00,  1.01it/s]100%|##########| 2/2 [00:01<00:00,  1.23it/s]100%|##########| 2/2 [00:01<00:00,  1.19it/s]
[I 2025-05-23 20:25:32,793] Trial 3 finished with value: 134.51068053502607 and parameters: {'changepoint_prior_scale': 0.014475359275156603, 'seasonality_prior_scale': 8.660066910276417, 'n_changepoints': 5}. Best is trial 0 with value: 93.47532229056469.
C:\LocalHost\OptiBack\modulo_demanda\Algoritmo_Prophet\forecast_model.py:103: FutureWarning: suggest_loguniform has been deprecated in v3.0.0. This feature will be removed in v6.0.0. See https://github.com/optuna/optuna/releases/tag/v3.0.0. Use suggest_float(..., log=True) instead.
  cps = trial.suggest_loguniform("changepoint_prior_scale", 0.001, 0.5)
C:\LocalHost\OptiBack\modulo_demanda\Algoritmo_Prophet\forecast_model.py:104: FutureWarning: suggest_loguniform has been deprecated in v3.0.0. This feature will be removed in v6.0.0. See https://github.com/optuna/optuna/releases/tag/v3.0.0. Use suggest_float(..., log=True) instead.
  sps = trial.suggest_loguniform("seasonality_prior_scale", 0.01, 10.0)
  0%|          | 0/2 [00:00<?, ?it/s] 50%|#####     | 1/2 [00:01<00:01,  1.21s/it]100%|##########| 2/2 [00:01<00:00,  1.23it/s]100%|##########| 2/2 [00:01<00:00,  1.15it/s]
