[I 2025-05-23 20:45:33,931] Trial 9 finished with value: 425.31837099058384 and parameters: {'changepoint_prior_scale': 0.09635194258428337, 'seasonality_prior_scale': 1.8715992397955998, 'n_changepoints': 45}. Best is trial 7 with value: 229.71008126273082.
  0%|          | 0/2 [00:00<?, ?it/s] 50%|#####     | 1/2 [00:02<00:02,  2.01s/it]100%|##########| 2/2 [00:03<00:00,  1.41s/it]100%|##########| 2/2 [00:03<00:00,  1.50s/it]
Rendimiento para la combinación BMX_6-BMX_HOGAR-BMX_3001:
  horizon           mse        rmse  ...     mdape     smape  coverage
0 21 days  27066.954985  164.520379  ...  0.146371  0.140571  0.333333
1 28 days  23458.359918  153.161222  ...  0.129165  0.129138  0.333333
2 35 days  18755.920701  136.952257  ...  0.124046  0.118389  0.333333
3 42 days   9102.156198   95.405221  ...  0.075401  0.078594  0.500000
4 49 days  10654.495494  103.220616  ...  0.086950  0.083648  0.500000

[5 rows x 8 columns]
          ds         yhat   yhat_lower   yhat_upper         y     cutoff
0 2022-10-24  1173.546271  1065.775162  1282.255427  1253.723 2022-10-17
1 2022-10-31  1000.749583   889.782303  1100.926410  1132.295 2022-10-17
2 2022-11-07   942.548355   830.159207  1043.747951  1164.674 2022-10-17
3 2022-11-14   813.337272   709.366666   926.712592   948.116 2022-10-17
4 2022-11-21  1054.140560   941.903785  1161.138159   926.786 2022-10-17
Contenido de df_prophet antes de model.fit:
            ds        y  day_of_week  week_of_year  month
0   2021-01-04  129.487            0             1      1
1   2021-01-11  128.036            0             2      1
2   2021-01-18  126.462            0             3      1
3   2021-01-25  163.842            0             4      1
4   2021-02-01  140.915            0             5      2
..         ...      ...          ...           ...    ...
151 2023-11-27  144.060            0            48     11
152 2023-12-04  128.105            0            49     12
153 2023-12-11  143.121            0            50     12
154 2023-12-18  145.060            0            51     12
155 2023-12-25   92.037            0            52     12

[156 rows x 5 columns]
[I 2025-05-23 20:45:38,509] A new study created in memory with name: no-name-68c47479-cbe0-4b50-b613-fca6186bb71a
C:\LocalHost\OptiBack\modulo_demanda\Algoritmo_Prophet\forecast_model.py:103: FutureWarning: suggest_loguniform has been deprecated in v3.0.0. This feature will be removed in v6.0.0. See https://github.com/optuna/optuna/releases/tag/v3.0.0. Use suggest_float(..., log=True) instead.
  cps = trial.suggest_loguniform("changepoint_prior_scale", 0.001, 0.5)
C:\LocalHost\OptiBack\modulo_demanda\Algoritmo_Prophet\forecast_model.py:104: FutureWarning: suggest_loguniform has been deprecated in v3.0.0. This feature will be removed in v6.0.0. See https://github.com/optuna/optuna/releases/tag/v3.0.0. Use suggest_float(..., log=True) instead.
  sps = trial.suggest_loguniform("seasonality_prior_scale", 0.01, 10.0)
  0%|          | 0/2 [00:00<?, ?it/s] 50%|#####     | 1/2 [00:01<00:01,  1.90s/it]100%|##########| 2/2 [00:02<00:00,  1.25s/it]100%|##########| 2/2 [00:02<00:00,  1.35s/it]
[I 2025-05-23 20:45:42,316] Trial 0 finished with value: 137.75315756735878 and parameters: {'changepoint_prior_scale': 0.04315050528677799, 'seasonality_prior_scale': 0.021878864530152368, 'n_changepoints': 11}. Best is trial 0 with value: 137.75315756735878.
C:\LocalHost\OptiBack\modulo_demanda\Algoritmo_Prophet\forecast_model.py:103: FutureWarning: suggest_loguniform has been deprecated in v3.0.0. This feature will be removed in v6.0.0. See https://github.com/optuna/optuna/releases/tag/v3.0.0. Use suggest_float(..., log=True) instead.
  cps = trial.suggest_loguniform("changepoint_prior_scale", 0.001, 0.5)
C:\LocalHost\OptiBack\modulo_demanda\Algoritmo_Prophet\forecast_model.py:104: FutureWarning: suggest_loguniform has been deprecated in v3.0.0. This feature will be removed in v6.0.0. See https://github.com/optuna/optuna/releases/tag/v3.0.0. Use suggest_float(..., log=True) instead.
  sps = trial.suggest_loguniform("seasonality_prior_scale", 0.01, 10.0)
Optimization terminated abnormally. Falling back to Newton.
  0%|          | 0/2 [00:00<?, ?it/s] 50%|#####     | 1/2 [00:01<00:01,  1.12s/it]Optimization terminated abnormally. Falling back to Newton.
100%|##########| 2/2 [00:03<00:00,  1.95s/it]100%|##########| 2/2 [00:03<00:00,  1.82s/it]
[I 2025-05-23 20:45:48,037] Trial 1 finished with value: 108.58209579552876 and parameters: {'changepoint_prior_scale': 0.0016590059796961175, 'seasonality_prior_scale': 0.023449525425230898, 'n_changepoints': 29}. Best is trial 1 with value: 108.58209579552876.
C:\LocalHost\OptiBack\modulo_demanda\Algoritmo_Prophet\forecast_model.py:103: FutureWarning: suggest_loguniform has been deprecated in v3.0.0. This feature will be removed in v6.0.0. See https://github.com/optuna/optuna/releases/tag/v3.0.0. Use suggest_float(..., log=True) instead.
  cps = trial.suggest_loguniform("changepoint_prior_scale", 0.001, 0.5)
C:\LocalHost\OptiBack\modulo_demanda\Algoritmo_Prophet\forecast_model.py:104: FutureWarning: suggest_loguniform has been deprecated in v3.0.0. This feature will be removed in v6.0.0. See https://github.com/optuna/optuna/releases/tag/v3.0.0. Use suggest_float(..., log=True) instead.
  sps = trial.suggest_loguniform("seasonality_prior_scale", 0.01, 10.0)
  0%|          | 0/2 [00:00<?, ?it/s] 50%|#####     | 1/2 [00:01<00:01,  1.12s/it]100%|##########| 2/2 [00:01<00:00,  1.05it/s]100%|##########| 2/2 [00:01<00:00,  1.02it/s]
[I 2025-05-23 20:45:51,405] Trial 2 finished with value: 104.58359249043764 and parameters: {'changepoint_prior_scale': 0.003855681856460768, 'seasonality_prior_scale': 8.52558072957333, 'n_changepoints': 16}. Best is trial 2 with value: 104.58359249043764.
C:\LocalHost\OptiBack\modulo_demanda\Algoritmo_Prophet\forecast_model.py:103: FutureWarning: suggest_loguniform has been deprecated in v3.0.0. This feature will be removed in v6.0.0. See https://github.com/optuna/optuna/releases/tag/v3.0.0. Use suggest_float(..., log=True) instead.
  cps = trial.suggest_loguniform("changepoint_prior_scale", 0.001, 0.5)
C:\LocalHost\OptiBack\modulo_demanda\Algoritmo_Prophet\forecast_model.py:104: FutureWarning: suggest_loguniform has been deprecated in v3.0.0. This feature will be removed in v6.0.0. See https://github.com/optuna/optuna/releases/tag/v3.0.0. Use suggest_float(..., log=True) instead.
  sps = trial.suggest_loguniform("seasonality_prior_scale", 0.01, 10.0)
  0%|          | 0/2 [00:00<?, ?it/s] 50%|#####     | 1/2 [00:01<00:01,  1.73s/it]100%|##########| 2/2 [00:02<00:00,  1.02s/it]100%|##########| 2/2 [00:02<00:00,  1.13s/it]
[I 2025-05-23 20:45:54,611] Trial 3 finished with value: 103.10390185190438 and parameters: {'changepoint_prior_scale': 0.027020516706919535, 'seasonality_prior_scale': 0.014314123175635834, 'n_changepoints': 29}. Best is trial 3 with value: 103.10390185190438.
C:\LocalHost\OptiBack\modulo_demanda\Algoritmo_Prophet\forecast_model.py:103: FutureWarning: suggest_loguniform has been deprecated in v3.0.0. This feature will be removed in v6.0.0. See https://github.com/optuna/optuna/releases/tag/v3.0.0. Use suggest_float(..., log=True) instead.
  cps = trial.suggest_loguniform("changepoint_prior_scale", 0.001, 0.5)
C:\LocalHost\OptiBack\modulo_demanda\Algoritmo_Prophet\forecast_model.py:104: FutureWarning: suggest_loguniform has been deprecated in v3.0.0. This feature will be removed in v6.0.0. See https://github.com/optuna/optuna/releases/tag/v3.0.0. Use suggest_float(..., log=True) instead.
  sps = trial.suggest_loguniform("seasonality_prior_scale", 0.01, 10.0)
  0%|          | 0/2 [00:00<?, ?it/s] 50%|#####     | 1/2 [00:01<00:01,  1.00s/it]100%|##########| 2/2 [00:01<00:00,  1.28it/s]100%|##########| 2/2 [00:01<00:00,  1.23it/s]
[I 2025-05-23 20:45:57,191] Trial 4 finished with value: 96.52596302781868 and parameters: {'changepoint_prior_scale': 0.003163247350660008, 'seasonality_prior_scale': 0.2394183986029732, 'n_changepoints': 10}. Best is trial 4 with value: 96.52596302781868.
C:\LocalHost\OptiBack\modulo_demanda\Algoritmo_Prophet\forecast_model.py:103: FutureWarning: suggest_loguniform has been deprecated in v3.0.0. This feature will be removed in v6.0.0. See https://github.com/optuna/optuna/releases/tag/v3.0.0. Use suggest_float(..., log=True) instead.
  cps = trial.suggest_loguniform("changepoint_prior_scale", 0.001, 0.5)
C:\LocalHost\OptiBack\modulo_demanda\Algoritmo_Prophet\forecast_model.py:104: FutureWarning: suggest_loguniform has been deprecated in v3.0.0. This feature will be removed in v6.0.0. See https://github.com/optuna/optuna/releases/tag/v3.0.0. Use suggest_float(..., log=True) instead.
  sps = trial.suggest_loguniform("seasonality_prior_scale", 0.01, 10.0)
Optimization terminated abnormally. Falling back to Newton.
  0%|          | 0/2 [00:00<?, ?it/s] 50%|#####     | 1/2 [00:01<00:01,  1.26s/it]Optimization terminated abnormally. Falling back to Newton.
100%|##########| 2/2 [00:02<00:00,  1.31s/it]100%|##########| 2/2 [00:02<00:00,  1.31s/it]
[I 2025-05-23 20:46:02,371] Trial 5 finished with value: 124.82926325081687 and parameters: {'changepoint_prior_scale': 0.0012429144084973166, 'seasonality_prior_scale': 5.433742210719113, 'n_changepoints': 28}. Best is trial 4 with value: 96.52596302781868.
C:\LocalHost\OptiBack\modulo_demanda\Algoritmo_Prophet\forecast_model.py:103: FutureWarning: suggest_loguniform has been deprecated in v3.0.0. This feature will be removed in v6.0.0. See https://github.com/optuna/optuna/releases/tag/v3.0.0. Use suggest_float(..., log=True) instead.
  cps = trial.suggest_loguniform("changepoint_prior_scale", 0.001, 0.5)
C:\LocalHost\OptiBack\modulo_demanda\Algoritmo_Prophet\forecast_model.py:104: FutureWarning: suggest_loguniform has been deprecated in v3.0.0. This feature will be removed in v6.0.0. See https://github.com/optuna/optuna/releases/tag/v3.0.0. Use suggest_float(..., log=True) instead.
  sps = trial.suggest_loguniform("seasonality_prior_scale", 0.01, 10.0)
  0%|          | 0/2 [00:00<?, ?it/s] 50%|#####     | 1/2 [00:01<00:01,  1.55s/it]Optimization terminated abnormally. Falling back to Newton.
100%|##########| 2/2 [00:03<00:00,  1.57s/it]100%|##########| 2/2 [00:03<00:00,  1.57s/it]
[I 2025-05-23 20:46:06,579] Trial 6 finished with value: 121.26901565569774 and parameters: {'changepoint_prior_scale': 0.0032909349727246523, 'seasonality_prior_scale': 0.3472152832847741, 'n_changepoints': 28}. Best is trial 4 with value: 96.52596302781868.
C:\LocalHost\OptiBack\modulo_demanda\Algoritmo_Prophet\forecast_model.py:103: FutureWarning: suggest_loguniform has been deprecated in v3.0.0. This feature will be removed in v6.0.0. See https://github.com/optuna/optuna/releases/tag/v3.0.0. Use suggest_float(..., log=True) instead.
  cps = trial.suggest_loguniform("changepoint_prior_scale", 0.001, 0.5)
C:\LocalHost\OptiBack\modulo_demanda\Algoritmo_Prophet\forecast_model.py:104: FutureWarning: suggest_loguniform has been deprecated in v3.0.0. This feature will be removed in v6.0.0. See https://github.com/optuna/optuna/releases/tag/v3.0.0. Use suggest_float(..., log=True) instead.
  sps = trial.suggest_loguniform("seasonality_prior_scale", 0.01, 10.0)
  0%|          | 0/2 [00:00<?, ?it/s] 50%|#####     | 1/2 [00:02<00:02,  2.05s/it]100%|##########| 2/2 [00:02<00:00,  1.10s/it]100%|##########| 2/2 [00:02<00:00,  1.24s/it]
[I 2025-05-23 20:46:10,120] Trial 7 finished with value: 162.00275336958254 and parameters: {'changepoint_prior_scale': 0.07699471230152186, 'seasonality_prior_scale': 7.669055486099166, 'n_changepoints': 10}. Best is trial 4 with value: 96.52596302781868.
C:\LocalHost\OptiBack\modulo_demanda\Algoritmo_Prophet\forecast_model.py:103: FutureWarning: suggest_loguniform has been deprecated in v3.0.0. This feature will be removed in v6.0.0. See https://github.com/optuna/optuna/releases/tag/v3.0.0. Use suggest_float(..., log=True) instead.
  cps = trial.suggest_loguniform("changepoint_prior_scale", 0.001, 0.5)
C:\LocalHost\OptiBack\modulo_demanda\Algoritmo_Prophet\forecast_model.py:104: FutureWarning: suggest_loguniform has been deprecated in v3.0.0. This feature will be removed in v6.0.0. See https://github.com/optuna/optuna/releases/tag/v3.0.0. Use suggest_float(..., log=True) instead.
  sps = trial.suggest_loguniform("seasonality_prior_scale", 0.01, 10.0)
  0%|          | 0/2 [00:00<?, ?it/s] 50%|#####     | 1/2 [00:02<00:02,  2.24s/it]100%|##########| 2/2 [00:02<00:00,  1.23s/it]100%|##########| 2/2 [00:02<00:00,  1.38s/it]
[I 2025-05-23 20:46:13,930] Trial 8 finished with value: 130.72190528078465 and parameters: {'changepoint_prior_scale': 0.04966665810377876, 'seasonality_prior_scale': 3.116903156179005, 'n_changepoints': 36}. Best is trial 4 with value: 96.52596302781868.
C:\LocalHost\OptiBack\modulo_demanda\Algoritmo_Prophet\forecast_model.py:103: FutureWarning: suggest_loguniform has been deprecated in v3.0.0. This feature will be removed in v6.0.0. See https://github.com/optuna/optuna/releases/tag/v3.0.0. Use suggest_float(..., log=True) instead.
  cps = trial.suggest_loguniform("changepoint_prior_scale", 0.001, 0.5)
C:\LocalHost\OptiBack\modulo_demanda\Algoritmo_Prophet\forecast_model.py:104: FutureWarning: suggest_loguniform has been deprecated in v3.0.0. This feature will be removed in v6.0.0. See https://github.com/optuna/optuna/releases/tag/v3.0.0. Use suggest_float(..., log=True) instead.
  sps = trial.suggest_loguniform("seasonality_prior_scale", 0.01, 10.0)
  0%|          | 0/2 [00:00<?, ?it/s] 50%|#####     | 1/2 [00:00<00:00,  1.00it/s]100%|##########| 2/2 [00:01<00:00,  1.38it/s]100%|##########| 2/2 [00:01<00:00,  1.31it/s]
[I 2025-05-23 20:46:16,393] Trial 9 finished with value: 86.5233167255843 and parameters: {'changepoint_prior_scale': 0.002582333065248864, 'seasonality_prior_scale': 0.010717834279108267, 'n_changepoints': 7}. Best is trial 9 with value: 86.5233167255843.
  0%|          | 0/2 [00:00<?, ?it/s] 50%|#####     | 1/2 [00:01<00:01,  1.03s/it]100%|##########| 2/2 [00:01<00:00,  1.38it/s]100%|##########| 2/2 [00:01<00:00,  1.29it/s]
Rendimiento para la combinación BMX_6-BMX_HOGAR-BMX_3931:
  horizon          mse       rmse  ...     mdape     smape  coverage
0 21 days  4527.005795  67.283028  ...  4.456994  1.275169  0.666667
1 28 days  6625.326929  81.396111  ...  4.471774  1.386125  0.500000
2 35 days  8221.720004  90.673701  ...  4.471774  1.409604  0.333333
3 42 days  8779.243691  93.697618  ...  6.375627  1.459398  0.333333
4 49 days  8773.075503  93.664697  ...  6.382400  1.469609  0.333333

[5 rows x 8 columns]
          ds       yhat  yhat_lower  yhat_upper      y     cutoff
0 2022-10-24  55.559644   -3.237595  117.017736  4.000 2022-10-17
1 2022-10-31  61.440832    2.409441  124.928647  3.000 2022-10-17
2 2022-11-07  46.093000  -15.622222  106.745523  5.000 2022-10-17
3 2022-11-14  48.188815  -13.074962  110.786705  2.000 2022-10-17
4 2022-11-21  91.022689   31.399837  155.537397  6.996 2022-10-17
Contenido de df_prophet antes de model.fit:
            ds        y  day_of_week  week_of_year  month
0   2021-01-04  280.001            0             1      1
1   2021-01-11  261.020            0             2      1
2   2021-01-18  289.896            0             3      1
3   2021-01-25  281.972            0             4      1
4   2021-02-01  303.061            0             5      2
..         ...      ...          ...           ...    ...
151 2023-11-27  369.991            0            48     11
152 2023-12-04  455.980            0            49     12
153 2023-12-11  426.982            0            50     12
154 2023-12-18  384.993            0            51     12
155 2023-12-25  296.000            0            52     12

[156 rows x 5 columns]
[I 2025-05-23 20:46:18,926] A new study created in memory with name: no-name-de036882-806f-4ab9-b7f9-c6801e1257c1
C:\LocalHost\OptiBack\modulo_demanda\Algoritmo_Prophet\forecast_model.py:103: FutureWarning: suggest_loguniform has been deprecated in v3.0.0. This feature will be removed in v6.0.0. See https://github.com/optuna/optuna/releases/tag/v3.0.0. Use suggest_float(..., log=True) instead.
  cps = trial.suggest_loguniform("changepoint_prior_scale", 0.001, 0.5)
C:\LocalHost\OptiBack\modulo_demanda\Algoritmo_Prophet\forecast_model.py:104: FutureWarning: suggest_loguniform has been deprecated in v3.0.0. This feature will be removed in v6.0.0. See https://github.com/optuna/optuna/releases/tag/v3.0.0. Use suggest_float(..., log=True) instead.
  sps = trial.suggest_loguniform("seasonality_prior_scale", 0.01, 10.0)
Optimization terminated abnormally. Falling back to Newton.
  0%|          | 0/2 [00:00<?, ?it/s] 50%|#####     | 1/2 [00:01<00:01,  1.50s/it]Optimization terminated abnormally. Falling back to Newton.
100%|##########| 2/2 [00:03<00:00,  1.83s/it]100%|##########| 2/2 [00:03<00:00,  1.78s/it]
[I 2025-05-23 20:46:25,032] Trial 0 finished with value: 55.45623793687955 and parameters: {'changepoint_prior_scale': 0.005935428034413579, 'seasonality_prior_scale': 0.05229147032053731, 'n_changepoints': 46}. Best is trial 0 with value: 55.45623793687955.
C:\LocalHost\OptiBack\modulo_demanda\Algoritmo_Prophet\forecast_model.py:103: FutureWarning: suggest_loguniform has been deprecated in v3.0.0. This feature will be removed in v6.0.0. See https://github.com/optuna/optuna/releases/tag/v3.0.0. Use suggest_float(..., log=True) instead.
  cps = trial.suggest_loguniform("changepoint_prior_scale", 0.001, 0.5)
C:\LocalHost\OptiBack\modulo_demanda\Algoritmo_Prophet\forecast_model.py:104: FutureWarning: suggest_loguniform has been deprecated in v3.0.0. This feature will be removed in v6.0.0. See https://github.com/optuna/optuna/releases/tag/v3.0.0. Use suggest_float(..., log=True) instead.
  sps = trial.suggest_loguniform("seasonality_prior_scale", 0.01, 10.0)
  0%|          | 0/2 [00:00<?, ?it/s] 50%|#####     | 1/2 [00:01<00:01,  1.72s/it]100%|##########| 2/2 [00:02<00:00,  1.15s/it]100%|##########| 2/2 [00:02<00:00,  1.24s/it]
[I 2025-05-23 20:46:28,358] Trial 1 finished with value: 56.20602899144473 and parameters: {'changepoint_prior_scale': 0.02179052674013858, 'seasonality_prior_scale': 0.9940565603628746, 'n_changepoints': 42}. Best is trial 0 with value: 55.45623793687955.
C:\LocalHost\OptiBack\modulo_demanda\Algoritmo_Prophet\forecast_model.py:103: FutureWarning: suggest_loguniform has been deprecated in v3.0.0. This feature will be removed in v6.0.0. See https://github.com/optuna/optuna/releases/tag/v3.0.0. Use suggest_float(..., log=True) instead.
  cps = trial.suggest_loguniform("changepoint_prior_scale", 0.001, 0.5)
C:\LocalHost\OptiBack\modulo_demanda\Algoritmo_Prophet\forecast_model.py:104: FutureWarning: suggest_loguniform has been deprecated in v3.0.0. This feature will be removed in v6.0.0. See https://github.com/optuna/optuna/releases/tag/v3.0.0. Use suggest_float(..., log=True) instead.
  sps = trial.suggest_loguniform("seasonality_prior_scale", 0.01, 10.0)
Optimization terminated abnormally. Falling back to Newton.
  0%|          | 0/2 [00:00<?, ?it/s] 50%|#####     | 1/2 [00:01<00:01,  1.83s/it]100%|##########| 2/2 [00:02<00:00,  1.10s/it]100%|##########| 2/2 [00:02<00:00,  1.21s/it]
[I 2025-05-23 20:46:33,338] Trial 2 finished with value: 61.964619883927895 and parameters: {'changepoint_prior_scale': 0.008448459796833237, 'seasonality_prior_scale': 5.996362766705564, 'n_changepoints': 47}. Best is trial 0 with value: 55.45623793687955.
C:\LocalHost\OptiBack\modulo_demanda\Algoritmo_Prophet\forecast_model.py:103: FutureWarning: suggest_loguniform has been deprecated in v3.0.0. This feature will be removed in v6.0.0. See https://github.com/optuna/optuna/releases/tag/v3.0.0. Use suggest_float(..., log=True) instead.
  cps = trial.suggest_loguniform("changepoint_prior_scale", 0.001, 0.5)
C:\LocalHost\OptiBack\modulo_demanda\Algoritmo_Prophet\forecast_model.py:104: FutureWarning: suggest_loguniform has been deprecated in v3.0.0. This feature will be removed in v6.0.0. See https://github.com/optuna/optuna/releases/tag/v3.0.0. Use suggest_float(..., log=True) instead.
  sps = trial.suggest_loguniform("seasonality_prior_scale", 0.01, 10.0)
  0%|          | 0/2 [00:00<?, ?it/s] 50%|#####     | 1/2 [00:03<00:03,  3.48s/it]100%|##########| 2/2 [00:04<00:00,  1.79s/it]100%|##########| 2/2 [00:04<00:00,  2.05s/it]
[I 2025-05-23 20:46:38,295] Trial 3 finished with value: 78.58614367717443 and parameters: {'changepoint_prior_scale': 0.19020785059466983, 'seasonality_prior_scale': 1.1629633988607944, 'n_changepoints': 42}. Best is trial 0 with value: 55.45623793687955.
C:\LocalHost\OptiBack\modulo_demanda\Algoritmo_Prophet\forecast_model.py:103: FutureWarning: suggest_loguniform has been deprecated in v3.0.0. This feature will be removed in v6.0.0. See https://github.com/optuna/optuna/releases/tag/v3.0.0. Use suggest_float(..., log=True) instead.
  cps = trial.suggest_loguniform("changepoint_prior_scale", 0.001, 0.5)
C:\LocalHost\OptiBack\modulo_demanda\Algoritmo_Prophet\forecast_model.py:104: FutureWarning: suggest_loguniform has been deprecated in v3.0.0. This feature will be removed in v6.0.0. See https://github.com/optuna/optuna/releases/tag/v3.0.0. Use suggest_float(..., log=True) instead.
  sps = trial.suggest_loguniform("seasonality_prior_scale", 0.01, 10.0)
Optimization terminated abnormally. Falling back to Newton.
  0%|          | 0/2 [00:00<?, ?it/s] 50%|#####     | 1/2 [00:01<00:01,  1.25s/it]100%|##########| 2/2 [00:01<00:00,  1.18it/s]100%|##########| 2/2 [00:01<00:00,  1.10it/s]
