[I 2025-05-23 20:38:10,521] Trial 4 finished with value: 116.51683286960267 and parameters: {'changepoint_prior_scale': 0.005651754302012172, 'seasonality_prior_scale': 5.196810757457659, 'n_changepoints': 14}. Best is trial 2 with value: 98.75484137535891.
C:\LocalHost\OptiBack\modulo_demanda\Algoritmo_Prophet\forecast_model.py:103: FutureWarning: suggest_loguniform has been deprecated in v3.0.0. This feature will be removed in v6.0.0. See https://github.com/optuna/optuna/releases/tag/v3.0.0. Use suggest_float(..., log=True) instead.
  cps = trial.suggest_loguniform("changepoint_prior_scale", 0.001, 0.5)
C:\LocalHost\OptiBack\modulo_demanda\Algoritmo_Prophet\forecast_model.py:104: FutureWarning: suggest_loguniform has been deprecated in v3.0.0. This feature will be removed in v6.0.0. See https://github.com/optuna/optuna/releases/tag/v3.0.0. Use suggest_float(..., log=True) instead.
  sps = trial.suggest_loguniform("seasonality_prior_scale", 0.01, 10.0)
  0%|          | 0/2 [00:00<?, ?it/s] 50%|#####     | 1/2 [00:01<00:01,  1.26s/it]100%|##########| 2/2 [00:01<00:00,  1.10it/s]100%|##########| 2/2 [00:01<00:00,  1.04it/s]
[I 2025-05-23 20:38:13,553] Trial 5 finished with value: 131.619677597194 and parameters: {'changepoint_prior_scale': 0.0013737964809109517, 'seasonality_prior_scale': 0.4238642430450702, 'n_changepoints': 15}. Best is trial 2 with value: 98.75484137535891.
C:\LocalHost\OptiBack\modulo_demanda\Algoritmo_Prophet\forecast_model.py:103: FutureWarning: suggest_loguniform has been deprecated in v3.0.0. This feature will be removed in v6.0.0. See https://github.com/optuna/optuna/releases/tag/v3.0.0. Use suggest_float(..., log=True) instead.
  cps = trial.suggest_loguniform("changepoint_prior_scale", 0.001, 0.5)
C:\LocalHost\OptiBack\modulo_demanda\Algoritmo_Prophet\forecast_model.py:104: FutureWarning: suggest_loguniform has been deprecated in v3.0.0. This feature will be removed in v6.0.0. See https://github.com/optuna/optuna/releases/tag/v3.0.0. Use suggest_float(..., log=True) instead.
  sps = trial.suggest_loguniform("seasonality_prior_scale", 0.01, 10.0)
  0%|          | 0/2 [00:00<?, ?it/s] 50%|#####     | 1/2 [00:02<00:02,  2.61s/it]100%|##########| 2/2 [00:03<00:00,  1.40s/it]100%|##########| 2/2 [00:03<00:00,  1.58s/it]
[I 2025-05-23 20:38:17,999] Trial 6 finished with value: 105.73560780959973 and parameters: {'changepoint_prior_scale': 0.05869249282274909, 'seasonality_prior_scale': 1.3210677195143536, 'n_changepoints': 39}. Best is trial 2 with value: 98.75484137535891.
C:\LocalHost\OptiBack\modulo_demanda\Algoritmo_Prophet\forecast_model.py:103: FutureWarning: suggest_loguniform has been deprecated in v3.0.0. This feature will be removed in v6.0.0. See https://github.com/optuna/optuna/releases/tag/v3.0.0. Use suggest_float(..., log=True) instead.
  cps = trial.suggest_loguniform("changepoint_prior_scale", 0.001, 0.5)
C:\LocalHost\OptiBack\modulo_demanda\Algoritmo_Prophet\forecast_model.py:104: FutureWarning: suggest_loguniform has been deprecated in v3.0.0. This feature will be removed in v6.0.0. See https://github.com/optuna/optuna/releases/tag/v3.0.0. Use suggest_float(..., log=True) instead.
  sps = trial.suggest_loguniform("seasonality_prior_scale", 0.01, 10.0)
  0%|          | 0/2 [00:00<?, ?it/s] 50%|#####     | 1/2 [00:02<00:02,  2.57s/it]100%|##########| 2/2 [00:03<00:00,  1.47s/it]100%|##########| 2/2 [00:03<00:00,  1.63s/it]
[I 2025-05-23 20:38:22,351] Trial 7 finished with value: 81.72095225503382 and parameters: {'changepoint_prior_scale': 0.2118339397230442, 'seasonality_prior_scale': 0.06632986359030854, 'n_changepoints': 19}. Best is trial 7 with value: 81.72095225503382.
C:\LocalHost\OptiBack\modulo_demanda\Algoritmo_Prophet\forecast_model.py:103: FutureWarning: suggest_loguniform has been deprecated in v3.0.0. This feature will be removed in v6.0.0. See https://github.com/optuna/optuna/releases/tag/v3.0.0. Use suggest_float(..., log=True) instead.
  cps = trial.suggest_loguniform("changepoint_prior_scale", 0.001, 0.5)
C:\LocalHost\OptiBack\modulo_demanda\Algoritmo_Prophet\forecast_model.py:104: FutureWarning: suggest_loguniform has been deprecated in v3.0.0. This feature will be removed in v6.0.0. See https://github.com/optuna/optuna/releases/tag/v3.0.0. Use suggest_float(..., log=True) instead.
  sps = trial.suggest_loguniform("seasonality_prior_scale", 0.01, 10.0)
  0%|          | 0/2 [00:00<?, ?it/s] 50%|#####     | 1/2 [00:01<00:01,  1.44s/it]100%|##########| 2/2 [00:02<00:00,  1.10s/it]100%|##########| 2/2 [00:02<00:00,  1.15s/it]
[I 2025-05-23 20:38:25,767] Trial 8 finished with value: 103.54949982584472 and parameters: {'changepoint_prior_scale': 0.03315992152434906, 'seasonality_prior_scale': 0.23358718486436125, 'n_changepoints': 16}. Best is trial 7 with value: 81.72095225503382.
C:\LocalHost\OptiBack\modulo_demanda\Algoritmo_Prophet\forecast_model.py:103: FutureWarning: suggest_loguniform has been deprecated in v3.0.0. This feature will be removed in v6.0.0. See https://github.com/optuna/optuna/releases/tag/v3.0.0. Use suggest_float(..., log=True) instead.
  cps = trial.suggest_loguniform("changepoint_prior_scale", 0.001, 0.5)
C:\LocalHost\OptiBack\modulo_demanda\Algoritmo_Prophet\forecast_model.py:104: FutureWarning: suggest_loguniform has been deprecated in v3.0.0. This feature will be removed in v6.0.0. See https://github.com/optuna/optuna/releases/tag/v3.0.0. Use suggest_float(..., log=True) instead.
  sps = trial.suggest_loguniform("seasonality_prior_scale", 0.01, 10.0)
  0%|          | 0/2 [00:00<?, ?it/s] 50%|#####     | 1/2 [00:01<00:01,  1.47s/it]100%|##########| 2/2 [00:02<00:00,  1.02it/s]100%|##########| 2/2 [00:02<00:00,  1.06s/it]
[I 2025-05-23 20:38:28,993] Trial 9 finished with value: 83.25848092409655 and parameters: {'changepoint_prior_scale': 0.016119857679733906, 'seasonality_prior_scale': 0.016077749182694084, 'n_changepoints': 38}. Best is trial 7 with value: 81.72095225503382.
  0%|          | 0/2 [00:00<?, ?it/s] 50%|#####     | 1/2 [00:02<00:02,  2.30s/it]100%|##########| 2/2 [00:03<00:00,  1.38s/it]100%|##########| 2/2 [00:03<00:00,  1.52s/it]
Rendimiento para la combinación BMX_310-BMX_HOGAR-BMX_3931:
  horizon           mse        rmse  ...     mdape     smape  coverage
0 21 days   4868.328374   69.773407  ...  0.530320  0.498096  0.333333
1 28 days   2660.537066   51.580394  ...  0.324157  0.402029  0.666667
2 35 days   1999.485910   44.715611  ...  0.422353  0.362696  0.500000
3 42 days   4009.668704   63.321945  ...  0.614836  0.477865  0.333333
4 49 days  17262.658246  131.387436  ...  0.944519  0.686706  0.000000

[5 rows x 8 columns]
          ds        yhat  yhat_lower  yhat_upper        y     cutoff
0 2022-10-24  195.694767  154.766720  239.532190   97.375 2022-10-17
1 2022-10-31  173.721900  132.361137  217.379823   72.625 2022-10-17
2 2022-11-07  127.043000   84.220004  170.552430   78.375 2022-10-17
3 2022-11-14   70.821496   29.483553  110.800120  105.750 2022-10-17
4 2022-11-21  146.897989  106.588596  188.261440   97.000 2022-10-17
Contenido de df_prophet antes de model.fit:
            ds      y  day_of_week  week_of_year  month
0   2021-01-04  152.0            0             1      1
1   2021-01-11   89.0            0             2      1
2   2021-01-18  126.5            0             3      1
3   2021-01-25  184.0            0             4      1
4   2021-02-01  101.0            0             5      2
..         ...    ...          ...           ...    ...
151 2023-11-27  169.0            0            48     11
152 2023-12-04  169.0            0            49     12
153 2023-12-11  198.0            0            50     12
154 2023-12-18  205.0            0            51     12
155 2023-12-25  156.0            0            52     12

[156 rows x 5 columns]
[I 2025-05-23 20:38:33,090] A new study created in memory with name: no-name-51cdef47-8fb5-4b51-a77c-c66468e1eb0d
C:\LocalHost\OptiBack\modulo_demanda\Algoritmo_Prophet\forecast_model.py:103: FutureWarning: suggest_loguniform has been deprecated in v3.0.0. This feature will be removed in v6.0.0. See https://github.com/optuna/optuna/releases/tag/v3.0.0. Use suggest_float(..., log=True) instead.
  cps = trial.suggest_loguniform("changepoint_prior_scale", 0.001, 0.5)
C:\LocalHost\OptiBack\modulo_demanda\Algoritmo_Prophet\forecast_model.py:104: FutureWarning: suggest_loguniform has been deprecated in v3.0.0. This feature will be removed in v6.0.0. See https://github.com/optuna/optuna/releases/tag/v3.0.0. Use suggest_float(..., log=True) instead.
  sps = trial.suggest_loguniform("seasonality_prior_scale", 0.01, 10.0)
  0%|          | 0/2 [00:00<?, ?it/s] 50%|#####     | 1/2 [00:02<00:02,  2.72s/it]100%|##########| 2/2 [00:03<00:00,  1.57s/it]100%|##########| 2/2 [00:03<00:00,  1.74s/it]
[I 2025-05-23 20:38:37,970] Trial 0 finished with value: 167.60258348163373 and parameters: {'changepoint_prior_scale': 0.08476961939963228, 'seasonality_prior_scale': 6.04414177701654, 'n_changepoints': 45}. Best is trial 0 with value: 167.60258348163373.
C:\LocalHost\OptiBack\modulo_demanda\Algoritmo_Prophet\forecast_model.py:103: FutureWarning: suggest_loguniform has been deprecated in v3.0.0. This feature will be removed in v6.0.0. See https://github.com/optuna/optuna/releases/tag/v3.0.0. Use suggest_float(..., log=True) instead.
  cps = trial.suggest_loguniform("changepoint_prior_scale", 0.001, 0.5)
C:\LocalHost\OptiBack\modulo_demanda\Algoritmo_Prophet\forecast_model.py:104: FutureWarning: suggest_loguniform has been deprecated in v3.0.0. This feature will be removed in v6.0.0. See https://github.com/optuna/optuna/releases/tag/v3.0.0. Use suggest_float(..., log=True) instead.
  sps = trial.suggest_loguniform("seasonality_prior_scale", 0.01, 10.0)
  0%|          | 0/2 [00:00<?, ?it/s] 50%|#####     | 1/2 [00:01<00:01,  1.71s/it]100%|##########| 2/2 [00:02<00:00,  1.06s/it]100%|##########| 2/2 [00:02<00:00,  1.16s/it]
[I 2025-05-23 20:38:41,589] Trial 1 finished with value: 104.81776721868795 and parameters: {'changepoint_prior_scale': 0.1958184385365838, 'seasonality_prior_scale': 0.024993295696367067, 'n_changepoints': 24}. Best is trial 1 with value: 104.81776721868795.
C:\LocalHost\OptiBack\modulo_demanda\Algoritmo_Prophet\forecast_model.py:103: FutureWarning: suggest_loguniform has been deprecated in v3.0.0. This feature will be removed in v6.0.0. See https://github.com/optuna/optuna/releases/tag/v3.0.0. Use suggest_float(..., log=True) instead.
  cps = trial.suggest_loguniform("changepoint_prior_scale", 0.001, 0.5)
C:\LocalHost\OptiBack\modulo_demanda\Algoritmo_Prophet\forecast_model.py:104: FutureWarning: suggest_loguniform has been deprecated in v3.0.0. This feature will be removed in v6.0.0. See https://github.com/optuna/optuna/releases/tag/v3.0.0. Use suggest_float(..., log=True) instead.
  sps = trial.suggest_loguniform("seasonality_prior_scale", 0.01, 10.0)
  0%|          | 0/2 [00:00<?, ?it/s] 50%|#####     | 1/2 [00:04<00:04,  4.05s/it]100%|##########| 2/2 [00:04<00:00,  2.14s/it]100%|##########| 2/2 [00:04<00:00,  2.43s/it]
[I 2025-05-23 20:38:47,576] Trial 2 finished with value: 146.6555674914336 and parameters: {'changepoint_prior_scale': 0.22018129777408513, 'seasonality_prior_scale': 0.11207255484525733, 'n_changepoints': 46}. Best is trial 1 with value: 104.81776721868795.
C:\LocalHost\OptiBack\modulo_demanda\Algoritmo_Prophet\forecast_model.py:103: FutureWarning: suggest_loguniform has been deprecated in v3.0.0. This feature will be removed in v6.0.0. See https://github.com/optuna/optuna/releases/tag/v3.0.0. Use suggest_float(..., log=True) instead.
  cps = trial.suggest_loguniform("changepoint_prior_scale", 0.001, 0.5)
C:\LocalHost\OptiBack\modulo_demanda\Algoritmo_Prophet\forecast_model.py:104: FutureWarning: suggest_loguniform has been deprecated in v3.0.0. This feature will be removed in v6.0.0. See https://github.com/optuna/optuna/releases/tag/v3.0.0. Use suggest_float(..., log=True) instead.
  sps = trial.suggest_loguniform("seasonality_prior_scale", 0.01, 10.0)
  0%|          | 0/2 [00:00<?, ?it/s] 50%|#####     | 1/2 [00:01<00:01,  1.20s/it]100%|##########| 2/2 [00:01<00:00,  1.08it/s]100%|##########| 2/2 [00:01<00:00,  1.03it/s]
[I 2025-05-23 20:38:50,734] Trial 3 finished with value: 126.4882886783614 and parameters: {'changepoint_prior_scale': 0.01288885558654901, 'seasonality_prior_scale': 0.020277124864832005, 'n_changepoints': 46}. Best is trial 1 with value: 104.81776721868795.
C:\LocalHost\OptiBack\modulo_demanda\Algoritmo_Prophet\forecast_model.py:103: FutureWarning: suggest_loguniform has been deprecated in v3.0.0. This feature will be removed in v6.0.0. See https://github.com/optuna/optuna/releases/tag/v3.0.0. Use suggest_float(..., log=True) instead.
  cps = trial.suggest_loguniform("changepoint_prior_scale", 0.001, 0.5)
C:\LocalHost\OptiBack\modulo_demanda\Algoritmo_Prophet\forecast_model.py:104: FutureWarning: suggest_loguniform has been deprecated in v3.0.0. This feature will be removed in v6.0.0. See https://github.com/optuna/optuna/releases/tag/v3.0.0. Use suggest_float(..., log=True) instead.
  sps = trial.suggest_loguniform("seasonality_prior_scale", 0.01, 10.0)
  0%|          | 0/2 [00:00<?, ?it/s] 50%|#####     | 1/2 [00:01<00:01,  1.28s/it]100%|##########| 2/2 [00:02<00:00,  1.02it/s]100%|##########| 2/2 [00:02<00:00,  1.03s/it]
[I 2025-05-23 20:38:53,686] Trial 4 finished with value: 111.34945922993731 and parameters: {'changepoint_prior_scale': 0.006666548537421226, 'seasonality_prior_scale': 0.010937592666563656, 'n_changepoints': 23}. Best is trial 1 with value: 104.81776721868795.
C:\LocalHost\OptiBack\modulo_demanda\Algoritmo_Prophet\forecast_model.py:103: FutureWarning: suggest_loguniform has been deprecated in v3.0.0. This feature will be removed in v6.0.0. See https://github.com/optuna/optuna/releases/tag/v3.0.0. Use suggest_float(..., log=True) instead.
  cps = trial.suggest_loguniform("changepoint_prior_scale", 0.001, 0.5)
C:\LocalHost\OptiBack\modulo_demanda\Algoritmo_Prophet\forecast_model.py:104: FutureWarning: suggest_loguniform has been deprecated in v3.0.0. This feature will be removed in v6.0.0. See https://github.com/optuna/optuna/releases/tag/v3.0.0. Use suggest_float(..., log=True) instead.
  sps = trial.suggest_loguniform("seasonality_prior_scale", 0.01, 10.0)
  0%|          | 0/2 [00:00<?, ?it/s] 50%|#####     | 1/2 [00:01<00:01,  1.93s/it]100%|##########| 2/2 [00:02<00:00,  1.18s/it]100%|##########| 2/2 [00:02<00:00,  1.29s/it]
[I 2025-05-23 20:38:57,285] Trial 5 finished with value: 200.5445737549063 and parameters: {'changepoint_prior_scale': 0.2536860059345858, 'seasonality_prior_scale': 6.575702308291427, 'n_changepoints': 25}. Best is trial 1 with value: 104.81776721868795.
C:\LocalHost\OptiBack\modulo_demanda\Algoritmo_Prophet\forecast_model.py:103: FutureWarning: suggest_loguniform has been deprecated in v3.0.0. This feature will be removed in v6.0.0. See https://github.com/optuna/optuna/releases/tag/v3.0.0. Use suggest_float(..., log=True) instead.
  cps = trial.suggest_loguniform("changepoint_prior_scale", 0.001, 0.5)
C:\LocalHost\OptiBack\modulo_demanda\Algoritmo_Prophet\forecast_model.py:104: FutureWarning: suggest_loguniform has been deprecated in v3.0.0. This feature will be removed in v6.0.0. See https://github.com/optuna/optuna/releases/tag/v3.0.0. Use suggest_float(..., log=True) instead.
  sps = trial.suggest_loguniform("seasonality_prior_scale", 0.01, 10.0)
  0%|          | 0/2 [00:00<?, ?it/s] 50%|#####     | 1/2 [00:01<00:01,  1.43s/it]100%|##########| 2/2 [00:02<00:00,  1.05s/it]100%|##########| 2/2 [00:02<00:00,  1.11s/it]
[I 2025-05-23 20:39:00,563] Trial 6 finished with value: 159.1489129755298 and parameters: {'changepoint_prior_scale': 0.013275993158876391, 'seasonality_prior_scale': 2.361289799476952, 'n_changepoints': 39}. Best is trial 1 with value: 104.81776721868795.
C:\LocalHost\OptiBack\modulo_demanda\Algoritmo_Prophet\forecast_model.py:103: FutureWarning: suggest_loguniform has been deprecated in v3.0.0. This feature will be removed in v6.0.0. See https://github.com/optuna/optuna/releases/tag/v3.0.0. Use suggest_float(..., log=True) instead.
  cps = trial.suggest_loguniform("changepoint_prior_scale", 0.001, 0.5)
C:\LocalHost\OptiBack\modulo_demanda\Algoritmo_Prophet\forecast_model.py:104: FutureWarning: suggest_loguniform has been deprecated in v3.0.0. This feature will be removed in v6.0.0. See https://github.com/optuna/optuna/releases/tag/v3.0.0. Use suggest_float(..., log=True) instead.
  sps = trial.suggest_loguniform("seasonality_prior_scale", 0.01, 10.0)
  0%|          | 0/2 [00:00<?, ?it/s] 50%|#####     | 1/2 [00:01<00:01,  1.69s/it]100%|##########| 2/2 [00:02<00:00,  1.02s/it]100%|##########| 2/2 [00:02<00:00,  1.12s/it]
[I 2025-05-23 20:39:03,687] Trial 7 finished with value: 154.10056257717932 and parameters: {'changepoint_prior_scale': 0.05871173542914405, 'seasonality_prior_scale': 2.0770279788765897, 'n_changepoints': 48}. Best is trial 1 with value: 104.81776721868795.
C:\LocalHost\OptiBack\modulo_demanda\Algoritmo_Prophet\forecast_model.py:103: FutureWarning: suggest_loguniform has been deprecated in v3.0.0. This feature will be removed in v6.0.0. See https://github.com/optuna/optuna/releases/tag/v3.0.0. Use suggest_float(..., log=True) instead.
  cps = trial.suggest_loguniform("changepoint_prior_scale", 0.001, 0.5)
C:\LocalHost\OptiBack\modulo_demanda\Algoritmo_Prophet\forecast_model.py:104: FutureWarning: suggest_loguniform has been deprecated in v3.0.0. This feature will be removed in v6.0.0. See https://github.com/optuna/optuna/releases/tag/v3.0.0. Use suggest_float(..., log=True) instead.
  sps = trial.suggest_loguniform("seasonality_prior_scale", 0.01, 10.0)
  0%|          | 0/2 [00:00<?, ?it/s] 50%|#####     | 1/2 [00:01<00:01,  1.11s/it]100%|##########| 2/2 [00:01<00:00,  1.07it/s]100%|##########| 2/2 [00:01<00:00,  1.04it/s]
[I 2025-05-23 20:39:06,452] Trial 8 finished with value: 146.6264587912914 and parameters: {'changepoint_prior_scale': 0.01772501212245711, 'seasonality_prior_scale': 0.2425580379210892, 'n_changepoints': 21}. Best is trial 1 with value: 104.81776721868795.
C:\LocalHost\OptiBack\modulo_demanda\Algoritmo_Prophet\forecast_model.py:103: FutureWarning: suggest_loguniform has been deprecated in v3.0.0. This feature will be removed in v6.0.0. See https://github.com/optuna/optuna/releases/tag/v3.0.0. Use suggest_float(..., log=True) instead.
  cps = trial.suggest_loguniform("changepoint_prior_scale", 0.001, 0.5)
C:\LocalHost\OptiBack\modulo_demanda\Algoritmo_Prophet\forecast_model.py:104: FutureWarning: suggest_loguniform has been deprecated in v3.0.0. This feature will be removed in v6.0.0. See https://github.com/optuna/optuna/releases/tag/v3.0.0. Use suggest_float(..., log=True) instead.
  sps = trial.suggest_loguniform("seasonality_prior_scale", 0.01, 10.0)
  0%|          | 0/2 [00:00<?, ?it/s] 50%|#####     | 1/2 [00:00<00:00,  1.11it/s]Optimization terminated abnormally. Falling back to Newton.
100%|##########| 2/2 [00:02<00:00,  1.11s/it]100%|##########| 2/2 [00:02<00:00,  1.08s/it]
