[I 2025-05-23 20:46:41,860] Trial 4 finished with value: 53.89247180408481 and parameters: {'changepoint_prior_scale': 0.0056629589708338535, 'seasonality_prior_scale': 0.023667441072308178, 'n_changepoints': 27}. Best is trial 4 with value: 53.89247180408481.
C:\LocalHost\OptiBack\modulo_demanda\Algoritmo_Prophet\forecast_model.py:103: FutureWarning: suggest_loguniform has been deprecated in v3.0.0. This feature will be removed in v6.0.0. See https://github.com/optuna/optuna/releases/tag/v3.0.0. Use suggest_float(..., log=True) instead.
  cps = trial.suggest_loguniform("changepoint_prior_scale", 0.001, 0.5)
C:\LocalHost\OptiBack\modulo_demanda\Algoritmo_Prophet\forecast_model.py:104: FutureWarning: suggest_loguniform has been deprecated in v3.0.0. This feature will be removed in v6.0.0. See https://github.com/optuna/optuna/releases/tag/v3.0.0. Use suggest_float(..., log=True) instead.
  sps = trial.suggest_loguniform("seasonality_prior_scale", 0.01, 10.0)
  0%|          | 0/2 [00:00<?, ?it/s] 50%|#####     | 1/2 [00:02<00:02,  2.42s/it]100%|##########| 2/2 [00:03<00:00,  1.40s/it]100%|##########| 2/2 [00:03<00:00,  1.55s/it]
[I 2025-05-23 20:46:45,814] Trial 5 finished with value: 57.63235617971893 and parameters: {'changepoint_prior_scale': 0.04922478834155114, 'seasonality_prior_scale': 1.0842974237210066, 'n_changepoints': 39}. Best is trial 4 with value: 53.89247180408481.
C:\LocalHost\OptiBack\modulo_demanda\Algoritmo_Prophet\forecast_model.py:103: FutureWarning: suggest_loguniform has been deprecated in v3.0.0. This feature will be removed in v6.0.0. See https://github.com/optuna/optuna/releases/tag/v3.0.0. Use suggest_float(..., log=True) instead.
  cps = trial.suggest_loguniform("changepoint_prior_scale", 0.001, 0.5)
C:\LocalHost\OptiBack\modulo_demanda\Algoritmo_Prophet\forecast_model.py:104: FutureWarning: suggest_loguniform has been deprecated in v3.0.0. This feature will be removed in v6.0.0. See https://github.com/optuna/optuna/releases/tag/v3.0.0. Use suggest_float(..., log=True) instead.
  sps = trial.suggest_loguniform("seasonality_prior_scale", 0.01, 10.0)
  0%|          | 0/2 [00:00<?, ?it/s] 50%|#####     | 1/2 [00:03<00:03,  3.87s/it]100%|##########| 2/2 [00:04<00:00,  2.15s/it]100%|##########| 2/2 [00:04<00:00,  2.41s/it]
[I 2025-05-23 20:46:52,041] Trial 6 finished with value: 90.04880780411176 and parameters: {'changepoint_prior_scale': 0.4167671380947781, 'seasonality_prior_scale': 0.33125273826032847, 'n_changepoints': 32}. Best is trial 4 with value: 53.89247180408481.
C:\LocalHost\OptiBack\modulo_demanda\Algoritmo_Prophet\forecast_model.py:103: FutureWarning: suggest_loguniform has been deprecated in v3.0.0. This feature will be removed in v6.0.0. See https://github.com/optuna/optuna/releases/tag/v3.0.0. Use suggest_float(..., log=True) instead.
  cps = trial.suggest_loguniform("changepoint_prior_scale", 0.001, 0.5)
C:\LocalHost\OptiBack\modulo_demanda\Algoritmo_Prophet\forecast_model.py:104: FutureWarning: suggest_loguniform has been deprecated in v3.0.0. This feature will be removed in v6.0.0. See https://github.com/optuna/optuna/releases/tag/v3.0.0. Use suggest_float(..., log=True) instead.
  sps = trial.suggest_loguniform("seasonality_prior_scale", 0.01, 10.0)
  0%|          | 0/2 [00:00<?, ?it/s] 50%|#####     | 1/2 [00:00<00:00,  1.02it/s]100%|##########| 2/2 [00:01<00:00,  1.28it/s]100%|##########| 2/2 [00:01<00:00,  1.23it/s]
[I 2025-05-23 20:46:54,788] Trial 7 finished with value: 55.62699881915172 and parameters: {'changepoint_prior_scale': 0.007707596427888853, 'seasonality_prior_scale': 0.1429298051251863, 'n_changepoints': 9}. Best is trial 4 with value: 53.89247180408481.
C:\LocalHost\OptiBack\modulo_demanda\Algoritmo_Prophet\forecast_model.py:103: FutureWarning: suggest_loguniform has been deprecated in v3.0.0. This feature will be removed in v6.0.0. See https://github.com/optuna/optuna/releases/tag/v3.0.0. Use suggest_float(..., log=True) instead.
  cps = trial.suggest_loguniform("changepoint_prior_scale", 0.001, 0.5)
C:\LocalHost\OptiBack\modulo_demanda\Algoritmo_Prophet\forecast_model.py:104: FutureWarning: suggest_loguniform has been deprecated in v3.0.0. This feature will be removed in v6.0.0. See https://github.com/optuna/optuna/releases/tag/v3.0.0. Use suggest_float(..., log=True) instead.
  sps = trial.suggest_loguniform("seasonality_prior_scale", 0.01, 10.0)
  0%|          | 0/2 [00:00<?, ?it/s] 50%|#####     | 1/2 [00:03<00:03,  3.89s/it]100%|##########| 2/2 [00:04<00:00,  1.97s/it]100%|##########| 2/2 [00:04<00:00,  2.26s/it]
[I 2025-05-23 20:47:00,329] Trial 8 finished with value: 104.19769964299843 and parameters: {'changepoint_prior_scale': 0.41121695412823506, 'seasonality_prior_scale': 0.019229581557858345, 'n_changepoints': 46}. Best is trial 4 with value: 53.89247180408481.
C:\LocalHost\OptiBack\modulo_demanda\Algoritmo_Prophet\forecast_model.py:103: FutureWarning: suggest_loguniform has been deprecated in v3.0.0. This feature will be removed in v6.0.0. See https://github.com/optuna/optuna/releases/tag/v3.0.0. Use suggest_float(..., log=True) instead.
  cps = trial.suggest_loguniform("changepoint_prior_scale", 0.001, 0.5)
C:\LocalHost\OptiBack\modulo_demanda\Algoritmo_Prophet\forecast_model.py:104: FutureWarning: suggest_loguniform has been deprecated in v3.0.0. This feature will be removed in v6.0.0. See https://github.com/optuna/optuna/releases/tag/v3.0.0. Use suggest_float(..., log=True) instead.
  sps = trial.suggest_loguniform("seasonality_prior_scale", 0.01, 10.0)
Optimization terminated abnormally. Falling back to Newton.
  0%|          | 0/2 [00:00<?, ?it/s] 50%|#####     | 1/2 [00:01<00:01,  1.24s/it]Optimization terminated abnormally. Falling back to Newton.
100%|##########| 2/2 [00:02<00:00,  1.22s/it]100%|##########| 2/2 [00:02<00:00,  1.22s/it]
[I 2025-05-23 20:47:04,525] Trial 9 finished with value: 59.16448304988394 and parameters: {'changepoint_prior_scale': 0.001408013604775628, 'seasonality_prior_scale': 0.8806628392025333, 'n_changepoints': 14}. Best is trial 4 with value: 53.89247180408481.
Optimization terminated abnormally. Falling back to Newton.
  0%|          | 0/2 [00:00<?, ?it/s] 50%|#####     | 1/2 [00:01<00:01,  1.05s/it]100%|##########| 2/2 [00:01<00:00,  1.18it/s]100%|##########| 2/2 [00:01<00:00,  1.14it/s]
Rendimiento para la combinación BMX_6-BMX_HOGAR-BMX_3203:
  horizon          mse       rmse  ...     mdape     smape  coverage
0 21 days  7742.646238  87.992308  ...  0.218027  0.191578  0.333333
1 28 days  6981.726856  83.556728  ...  0.201618  0.187085  0.166667
2 35 days  5694.017008  75.458711  ...  0.175989  0.173309  0.166667
3 42 days  4356.692615  66.005247  ...  0.141861  0.146971  0.166667
4 49 days  3061.259096  55.328646  ...  0.112812  0.114615  0.500000

[5 rows x 8 columns]
          ds        yhat  yhat_lower  yhat_upper        y     cutoff
0 2022-10-24  400.156489  355.243221  446.145504  427.007 2022-10-17
1 2022-10-31  363.661300  319.049393  408.572026  478.014 2022-10-17
2 2022-11-07  381.010731  332.682961  428.356468  412.013 2022-10-17
3 2022-11-14  386.059551  342.757018  431.431614  320.008 2022-10-17
4 2022-11-21  400.709414  354.101244  446.979044  320.012 2022-10-17
Contenido de df_prophet antes de model.fit:
            ds         y  day_of_week  week_of_year  month
0   2021-01-04   775.000            0             1      1
1   2021-01-11   550.000            0             2      1
2   2021-01-18   716.000            0             3      1
3   2021-01-25   804.000            0             4      1
4   2021-02-01   801.000            0             5      2
..         ...       ...          ...           ...    ...
151 2023-11-27  1079.000            0            48     11
152 2023-12-04  1331.958            0            49     12
153 2023-12-11  1286.958            0            50     12
154 2023-12-18  1399.000            0            51     12
155 2023-12-25  1073.958            0            52     12

[156 rows x 5 columns]
[I 2025-05-23 20:47:08,112] A new study created in memory with name: no-name-e331ab35-d71e-43aa-8874-fb381b89b973
C:\LocalHost\OptiBack\modulo_demanda\Algoritmo_Prophet\forecast_model.py:103: FutureWarning: suggest_loguniform has been deprecated in v3.0.0. This feature will be removed in v6.0.0. See https://github.com/optuna/optuna/releases/tag/v3.0.0. Use suggest_float(..., log=True) instead.
  cps = trial.suggest_loguniform("changepoint_prior_scale", 0.001, 0.5)
C:\LocalHost\OptiBack\modulo_demanda\Algoritmo_Prophet\forecast_model.py:104: FutureWarning: suggest_loguniform has been deprecated in v3.0.0. This feature will be removed in v6.0.0. See https://github.com/optuna/optuna/releases/tag/v3.0.0. Use suggest_float(..., log=True) instead.
  sps = trial.suggest_loguniform("seasonality_prior_scale", 0.01, 10.0)
  0%|          | 0/2 [00:00<?, ?it/s] 50%|#####     | 1/2 [00:02<00:02,  2.50s/it]100%|##########| 2/2 [00:03<00:00,  1.52s/it]100%|##########| 2/2 [00:03<00:00,  1.66s/it]
[I 2025-05-23 20:47:12,443] Trial 0 finished with value: 417.1450315990684 and parameters: {'changepoint_prior_scale': 0.17729759670050182, 'seasonality_prior_scale': 0.01697424540610129, 'n_changepoints': 40}. Best is trial 0 with value: 417.1450315990684.
C:\LocalHost\OptiBack\modulo_demanda\Algoritmo_Prophet\forecast_model.py:103: FutureWarning: suggest_loguniform has been deprecated in v3.0.0. This feature will be removed in v6.0.0. See https://github.com/optuna/optuna/releases/tag/v3.0.0. Use suggest_float(..., log=True) instead.
  cps = trial.suggest_loguniform("changepoint_prior_scale", 0.001, 0.5)
C:\LocalHost\OptiBack\modulo_demanda\Algoritmo_Prophet\forecast_model.py:104: FutureWarning: suggest_loguniform has been deprecated in v3.0.0. This feature will be removed in v6.0.0. See https://github.com/optuna/optuna/releases/tag/v3.0.0. Use suggest_float(..., log=True) instead.
  sps = trial.suggest_loguniform("seasonality_prior_scale", 0.01, 10.0)
  0%|          | 0/2 [00:00<?, ?it/s] 50%|#####     | 1/2 [00:01<00:01,  1.18s/it]100%|##########| 2/2 [00:02<00:00,  1.02it/s]100%|##########| 2/2 [00:02<00:00,  1.01s/it]
[I 2025-05-23 20:47:15,514] Trial 1 finished with value: 330.85648457838084 and parameters: {'changepoint_prior_scale': 0.10524364390015263, 'seasonality_prior_scale': 0.33366053179552674, 'n_changepoints': 13}. Best is trial 1 with value: 330.85648457838084.
C:\LocalHost\OptiBack\modulo_demanda\Algoritmo_Prophet\forecast_model.py:103: FutureWarning: suggest_loguniform has been deprecated in v3.0.0. This feature will be removed in v6.0.0. See https://github.com/optuna/optuna/releases/tag/v3.0.0. Use suggest_float(..., log=True) instead.
  cps = trial.suggest_loguniform("changepoint_prior_scale", 0.001, 0.5)
C:\LocalHost\OptiBack\modulo_demanda\Algoritmo_Prophet\forecast_model.py:104: FutureWarning: suggest_loguniform has been deprecated in v3.0.0. This feature will be removed in v6.0.0. See https://github.com/optuna/optuna/releases/tag/v3.0.0. Use suggest_float(..., log=True) instead.
  sps = trial.suggest_loguniform("seasonality_prior_scale", 0.01, 10.0)
  0%|          | 0/2 [00:00<?, ?it/s] 50%|#####     | 1/2 [00:03<00:03,  3.29s/it]100%|##########| 2/2 [00:03<00:00,  1.70s/it]100%|##########| 2/2 [00:03<00:00,  1.94s/it]
[I 2025-05-23 20:47:20,623] Trial 2 finished with value: 346.55235333170737 and parameters: {'changepoint_prior_scale': 0.08886578520282556, 'seasonality_prior_scale': 0.04643225512318318, 'n_changepoints': 45}. Best is trial 1 with value: 330.85648457838084.
C:\LocalHost\OptiBack\modulo_demanda\Algoritmo_Prophet\forecast_model.py:103: FutureWarning: suggest_loguniform has been deprecated in v3.0.0. This feature will be removed in v6.0.0. See https://github.com/optuna/optuna/releases/tag/v3.0.0. Use suggest_float(..., log=True) instead.
  cps = trial.suggest_loguniform("changepoint_prior_scale", 0.001, 0.5)
C:\LocalHost\OptiBack\modulo_demanda\Algoritmo_Prophet\forecast_model.py:104: FutureWarning: suggest_loguniform has been deprecated in v3.0.0. This feature will be removed in v6.0.0. See https://github.com/optuna/optuna/releases/tag/v3.0.0. Use suggest_float(..., log=True) instead.
  sps = trial.suggest_loguniform("seasonality_prior_scale", 0.01, 10.0)
  0%|          | 0/2 [00:00<?, ?it/s] 50%|#####     | 1/2 [00:01<00:01,  1.35s/it]100%|##########| 2/2 [00:01<00:00,  1.17it/s]100%|##########| 2/2 [00:01<00:00,  1.08it/s]
[I 2025-05-23 20:47:23,611] Trial 3 finished with value: 447.2302599312438 and parameters: {'changepoint_prior_scale': 0.16223966365903894, 'seasonality_prior_scale': 1.5841957890993463, 'n_changepoints': 17}. Best is trial 1 with value: 330.85648457838084.
C:\LocalHost\OptiBack\modulo_demanda\Algoritmo_Prophet\forecast_model.py:103: FutureWarning: suggest_loguniform has been deprecated in v3.0.0. This feature will be removed in v6.0.0. See https://github.com/optuna/optuna/releases/tag/v3.0.0. Use suggest_float(..., log=True) instead.
  cps = trial.suggest_loguniform("changepoint_prior_scale", 0.001, 0.5)
C:\LocalHost\OptiBack\modulo_demanda\Algoritmo_Prophet\forecast_model.py:104: FutureWarning: suggest_loguniform has been deprecated in v3.0.0. This feature will be removed in v6.0.0. See https://github.com/optuna/optuna/releases/tag/v3.0.0. Use suggest_float(..., log=True) instead.
  sps = trial.suggest_loguniform("seasonality_prior_scale", 0.01, 10.0)
  0%|          | 0/2 [00:00<?, ?it/s] 50%|#####     | 1/2 [00:01<00:01,  1.63s/it]100%|##########| 2/2 [00:02<00:00,  1.06s/it]100%|##########| 2/2 [00:02<00:00,  1.15s/it]
[I 2025-05-23 20:47:26,830] Trial 4 finished with value: 336.73102367477645 and parameters: {'changepoint_prior_scale': 0.05057756760107908, 'seasonality_prior_scale': 0.9902246075997593, 'n_changepoints': 27}. Best is trial 1 with value: 330.85648457838084.
C:\LocalHost\OptiBack\modulo_demanda\Algoritmo_Prophet\forecast_model.py:103: FutureWarning: suggest_loguniform has been deprecated in v3.0.0. This feature will be removed in v6.0.0. See https://github.com/optuna/optuna/releases/tag/v3.0.0. Use suggest_float(..., log=True) instead.
  cps = trial.suggest_loguniform("changepoint_prior_scale", 0.001, 0.5)
C:\LocalHost\OptiBack\modulo_demanda\Algoritmo_Prophet\forecast_model.py:104: FutureWarning: suggest_loguniform has been deprecated in v3.0.0. This feature will be removed in v6.0.0. See https://github.com/optuna/optuna/releases/tag/v3.0.0. Use suggest_float(..., log=True) instead.
  sps = trial.suggest_loguniform("seasonality_prior_scale", 0.01, 10.0)
Optimization terminated abnormally. Falling back to Newton.
  0%|          | 0/2 [00:00<?, ?it/s] 50%|#####     | 1/2 [00:01<00:01,  1.09s/it]Optimization terminated abnormally. Falling back to Newton.
100%|##########| 2/2 [00:02<00:00,  1.25s/it]100%|##########| 2/2 [00:02<00:00,  1.22s/it]
[I 2025-05-23 20:47:31,375] Trial 5 finished with value: 300.28174894091126 and parameters: {'changepoint_prior_scale': 0.0013742382192972928, 'seasonality_prior_scale': 0.01998969770227653, 'n_changepoints': 36}. Best is trial 5 with value: 300.28174894091126.
C:\LocalHost\OptiBack\modulo_demanda\Algoritmo_Prophet\forecast_model.py:103: FutureWarning: suggest_loguniform has been deprecated in v3.0.0. This feature will be removed in v6.0.0. See https://github.com/optuna/optuna/releases/tag/v3.0.0. Use suggest_float(..., log=True) instead.
  cps = trial.suggest_loguniform("changepoint_prior_scale", 0.001, 0.5)
C:\LocalHost\OptiBack\modulo_demanda\Algoritmo_Prophet\forecast_model.py:104: FutureWarning: suggest_loguniform has been deprecated in v3.0.0. This feature will be removed in v6.0.0. See https://github.com/optuna/optuna/releases/tag/v3.0.0. Use suggest_float(..., log=True) instead.
  sps = trial.suggest_loguniform("seasonality_prior_scale", 0.01, 10.0)
  0%|          | 0/2 [00:00<?, ?it/s] 50%|#####     | 1/2 [00:01<00:01,  1.15s/it]100%|##########| 2/2 [00:01<00:00,  1.20it/s]100%|##########| 2/2 [00:01<00:00,  1.14it/s]
[I 2025-05-23 20:47:34,024] Trial 6 finished with value: 297.99312550572256 and parameters: {'changepoint_prior_scale': 0.012980065614897158, 'seasonality_prior_scale': 0.018800136621887096, 'n_changepoints': 37}. Best is trial 6 with value: 297.99312550572256.
C:\LocalHost\OptiBack\modulo_demanda\Algoritmo_Prophet\forecast_model.py:103: FutureWarning: suggest_loguniform has been deprecated in v3.0.0. This feature will be removed in v6.0.0. See https://github.com/optuna/optuna/releases/tag/v3.0.0. Use suggest_float(..., log=True) instead.
  cps = trial.suggest_loguniform("changepoint_prior_scale", 0.001, 0.5)
C:\LocalHost\OptiBack\modulo_demanda\Algoritmo_Prophet\forecast_model.py:104: FutureWarning: suggest_loguniform has been deprecated in v3.0.0. This feature will be removed in v6.0.0. See https://github.com/optuna/optuna/releases/tag/v3.0.0. Use suggest_float(..., log=True) instead.
  sps = trial.suggest_loguniform("seasonality_prior_scale", 0.01, 10.0)
  0%|          | 0/2 [00:00<?, ?it/s] 50%|#####     | 1/2 [00:01<00:01,  1.53s/it]100%|##########| 2/2 [00:02<00:00,  1.02s/it]100%|##########| 2/2 [00:02<00:00,  1.10s/it]
[I 2025-05-23 20:47:37,009] Trial 7 finished with value: 311.5010492165807 and parameters: {'changepoint_prior_scale': 0.02821224555084769, 'seasonality_prior_scale': 0.016631702723782917, 'n_changepoints': 25}. Best is trial 6 with value: 297.99312550572256.
C:\LocalHost\OptiBack\modulo_demanda\Algoritmo_Prophet\forecast_model.py:103: FutureWarning: suggest_loguniform has been deprecated in v3.0.0. This feature will be removed in v6.0.0. See https://github.com/optuna/optuna/releases/tag/v3.0.0. Use suggest_float(..., log=True) instead.
  cps = trial.suggest_loguniform("changepoint_prior_scale", 0.001, 0.5)
C:\LocalHost\OptiBack\modulo_demanda\Algoritmo_Prophet\forecast_model.py:104: FutureWarning: suggest_loguniform has been deprecated in v3.0.0. This feature will be removed in v6.0.0. See https://github.com/optuna/optuna/releases/tag/v3.0.0. Use suggest_float(..., log=True) instead.
  sps = trial.suggest_loguniform("seasonality_prior_scale", 0.01, 10.0)
Optimization terminated abnormally. Falling back to Newton.
  0%|          | 0/2 [00:00<?, ?it/s] 50%|#####     | 1/2 [00:01<00:01,  1.18s/it]Optimization terminated abnormally. Falling back to Newton.
100%|##########| 2/2 [00:02<00:00,  1.33s/it]100%|##########| 2/2 [00:02<00:00,  1.31s/it]
[I 2025-05-23 20:47:41,911] Trial 8 finished with value: 301.84717031065725 and parameters: {'changepoint_prior_scale': 0.0018433965210550272, 'seasonality_prior_scale': 0.28506058499399733, 'n_changepoints': 38}. Best is trial 6 with value: 297.99312550572256.
C:\LocalHost\OptiBack\modulo_demanda\Algoritmo_Prophet\forecast_model.py:103: FutureWarning: suggest_loguniform has been deprecated in v3.0.0. This feature will be removed in v6.0.0. See https://github.com/optuna/optuna/releases/tag/v3.0.0. Use suggest_float(..., log=True) instead.
  cps = trial.suggest_loguniform("changepoint_prior_scale", 0.001, 0.5)
C:\LocalHost\OptiBack\modulo_demanda\Algoritmo_Prophet\forecast_model.py:104: FutureWarning: suggest_loguniform has been deprecated in v3.0.0. This feature will be removed in v6.0.0. See https://github.com/optuna/optuna/releases/tag/v3.0.0. Use suggest_float(..., log=True) instead.
  sps = trial.suggest_loguniform("seasonality_prior_scale", 0.01, 10.0)
  0%|          | 0/2 [00:00<?, ?it/s] 50%|#####     | 1/2 [00:01<00:01,  1.19s/it]100%|##########| 2/2 [00:01<00:00,  1.05it/s]100%|##########| 2/2 [00:01<00:00,  1.02it/s]
