[I 2025-05-23 20:54:06,877] Trial 9 finished with value: 7.117785163733723 and parameters: {'changepoint_prior_scale': 0.06806559604416787, 'seasonality_prior_scale': 0.06368629321900213, 'n_changepoints': 25}. Best is trial 0 with value: 6.7602046995798935.
  0%|          | 0/2 [00:00<?, ?it/s] 50%|#####     | 1/2 [00:01<00:01,  1.05s/it]100%|##########| 2/2 [00:01<00:00,  1.23it/s]100%|##########| 2/2 [00:01<00:00,  1.18it/s]
Rendimiento para la combinación BMX_997-BMX_HOGAR-BMX_3203:
  horizon        mse      rmse  ...     mdape     smape  coverage
0 21 days  26.579750  5.155555  ...  0.124781  0.120779  1.000000
1 28 days  16.014201  4.001775  ...  0.086705  0.090600  1.000000
2 35 days   9.969211  3.157406  ...  0.072563  0.074695  1.000000
3 42 days  18.630801  4.316341  ...  0.065462  0.090430  0.833333
4 49 days  53.186291  7.292893  ...  0.143583  0.158983  0.500000

[5 rows x 8 columns]
          ds       yhat  yhat_lower  yhat_upper       y     cutoff
0 2022-10-24  40.928933   32.844732   49.483687  33.999 2022-10-17
1 2022-10-31  38.364215   28.992174   47.295517  41.000 2022-10-17
2 2022-11-07  36.406178   27.300891   44.971367  34.000 2022-10-17
3 2022-11-14  36.791730   28.142753   45.206549  41.000 2022-10-17
4 2022-11-21  39.753341   31.292422   48.693658  37.002 2022-10-17
Contenido de df_prophet antes de model.fit:
            ds       y  day_of_week  week_of_year  month
0   2021-01-04   382.0            0             1      1
1   2021-01-11   508.0            0             2      1
2   2021-01-18   574.0            0             3      1
3   2021-01-25   465.0            0             4      1
4   2021-02-01   414.0            0             5      2
..         ...     ...          ...           ...    ...
151 2023-11-27  1498.0            0            48     11
152 2023-12-04  1084.0            0            49     12
153 2023-12-11  1181.0            0            50     12
154 2023-12-18  1464.0            0            51     12
155 2023-12-25   908.0            0            52     12

[156 rows x 5 columns]
[I 2025-05-23 20:54:09,605] A new study created in memory with name: no-name-2a98378d-d9ba-4103-a65c-8eaf849fa34b
C:\LocalHost\OptiBack\modulo_demanda\Algoritmo_Prophet\forecast_model.py:103: FutureWarning: suggest_loguniform has been deprecated in v3.0.0. This feature will be removed in v6.0.0. See https://github.com/optuna/optuna/releases/tag/v3.0.0. Use suggest_float(..., log=True) instead.
  cps = trial.suggest_loguniform("changepoint_prior_scale", 0.001, 0.5)
C:\LocalHost\OptiBack\modulo_demanda\Algoritmo_Prophet\forecast_model.py:104: FutureWarning: suggest_loguniform has been deprecated in v3.0.0. This feature will be removed in v6.0.0. See https://github.com/optuna/optuna/releases/tag/v3.0.0. Use suggest_float(..., log=True) instead.
  sps = trial.suggest_loguniform("seasonality_prior_scale", 0.01, 10.0)
  0%|          | 0/2 [00:00<?, ?it/s] 50%|#####     | 1/2 [00:01<00:01,  1.09s/it]100%|##########| 2/2 [00:01<00:00,  1.22it/s]100%|##########| 2/2 [00:01<00:00,  1.16it/s]
[I 2025-05-23 20:54:12,248] Trial 0 finished with value: 167.34272539944467 and parameters: {'changepoint_prior_scale': 0.03923885529539612, 'seasonality_prior_scale': 6.211357134246791, 'n_changepoints': 17}. Best is trial 0 with value: 167.34272539944467.
C:\LocalHost\OptiBack\modulo_demanda\Algoritmo_Prophet\forecast_model.py:103: FutureWarning: suggest_loguniform has been deprecated in v3.0.0. This feature will be removed in v6.0.0. See https://github.com/optuna/optuna/releases/tag/v3.0.0. Use suggest_float(..., log=True) instead.
  cps = trial.suggest_loguniform("changepoint_prior_scale", 0.001, 0.5)
C:\LocalHost\OptiBack\modulo_demanda\Algoritmo_Prophet\forecast_model.py:104: FutureWarning: suggest_loguniform has been deprecated in v3.0.0. This feature will be removed in v6.0.0. See https://github.com/optuna/optuna/releases/tag/v3.0.0. Use suggest_float(..., log=True) instead.
  sps = trial.suggest_loguniform("seasonality_prior_scale", 0.01, 10.0)
  0%|          | 0/2 [00:00<?, ?it/s] 50%|#####     | 1/2 [00:03<00:03,  3.32s/it]100%|##########| 2/2 [00:03<00:00,  1.66s/it]100%|##########| 2/2 [00:03<00:00,  1.91s/it]
[I 2025-05-23 20:54:17,128] Trial 1 finished with value: 150.19553892243337 and parameters: {'changepoint_prior_scale': 0.2542902169246341, 'seasonality_prior_scale': 1.8420320327628599, 'n_changepoints': 36}. Best is trial 1 with value: 150.19553892243337.
C:\LocalHost\OptiBack\modulo_demanda\Algoritmo_Prophet\forecast_model.py:103: FutureWarning: suggest_loguniform has been deprecated in v3.0.0. This feature will be removed in v6.0.0. See https://github.com/optuna/optuna/releases/tag/v3.0.0. Use suggest_float(..., log=True) instead.
  cps = trial.suggest_loguniform("changepoint_prior_scale", 0.001, 0.5)
C:\LocalHost\OptiBack\modulo_demanda\Algoritmo_Prophet\forecast_model.py:104: FutureWarning: suggest_loguniform has been deprecated in v3.0.0. This feature will be removed in v6.0.0. See https://github.com/optuna/optuna/releases/tag/v3.0.0. Use suggest_float(..., log=True) instead.
  sps = trial.suggest_loguniform("seasonality_prior_scale", 0.01, 10.0)
  0%|          | 0/2 [00:00<?, ?it/s] 50%|#####     | 1/2 [00:01<00:01,  1.14s/it]100%|##########| 2/2 [00:01<00:00,  1.13it/s]100%|##########| 2/2 [00:01<00:00,  1.08it/s]
[I 2025-05-23 20:54:19,829] Trial 2 finished with value: 151.89396876231567 and parameters: {'changepoint_prior_scale': 0.0051478291062739415, 'seasonality_prior_scale': 0.12310355378096563, 'n_changepoints': 42}. Best is trial 1 with value: 150.19553892243337.
C:\LocalHost\OptiBack\modulo_demanda\Algoritmo_Prophet\forecast_model.py:103: FutureWarning: suggest_loguniform has been deprecated in v3.0.0. This feature will be removed in v6.0.0. See https://github.com/optuna/optuna/releases/tag/v3.0.0. Use suggest_float(..., log=True) instead.
  cps = trial.suggest_loguniform("changepoint_prior_scale", 0.001, 0.5)
C:\LocalHost\OptiBack\modulo_demanda\Algoritmo_Prophet\forecast_model.py:104: FutureWarning: suggest_loguniform has been deprecated in v3.0.0. This feature will be removed in v6.0.0. See https://github.com/optuna/optuna/releases/tag/v3.0.0. Use suggest_float(..., log=True) instead.
  sps = trial.suggest_loguniform("seasonality_prior_scale", 0.01, 10.0)
  0%|          | 0/2 [00:00<?, ?it/s] 50%|#####     | 1/2 [00:01<00:01,  1.24s/it]100%|##########| 2/2 [00:01<00:00,  1.10it/s]100%|##########| 2/2 [00:01<00:00,  1.04it/s]
[I 2025-05-23 20:54:22,567] Trial 3 finished with value: 159.98606668406927 and parameters: {'changepoint_prior_scale': 0.010059990582168919, 'seasonality_prior_scale': 2.4489625047305243, 'n_changepoints': 34}. Best is trial 1 with value: 150.19553892243337.
C:\LocalHost\OptiBack\modulo_demanda\Algoritmo_Prophet\forecast_model.py:103: FutureWarning: suggest_loguniform has been deprecated in v3.0.0. This feature will be removed in v6.0.0. See https://github.com/optuna/optuna/releases/tag/v3.0.0. Use suggest_float(..., log=True) instead.
  cps = trial.suggest_loguniform("changepoint_prior_scale", 0.001, 0.5)
C:\LocalHost\OptiBack\modulo_demanda\Algoritmo_Prophet\forecast_model.py:104: FutureWarning: suggest_loguniform has been deprecated in v3.0.0. This feature will be removed in v6.0.0. See https://github.com/optuna/optuna/releases/tag/v3.0.0. Use suggest_float(..., log=True) instead.
  sps = trial.suggest_loguniform("seasonality_prior_scale", 0.01, 10.0)
  0%|          | 0/2 [00:00<?, ?it/s] 50%|#####     | 1/2 [00:00<00:00,  1.06it/s]100%|##########| 2/2 [00:01<00:00,  1.23it/s]100%|##########| 2/2 [00:01<00:00,  1.20it/s]
[I 2025-05-23 20:54:25,047] Trial 4 finished with value: 150.26447885726193 and parameters: {'changepoint_prior_scale': 0.06417681521083997, 'seasonality_prior_scale': 0.015554727139451599, 'n_changepoints': 15}. Best is trial 1 with value: 150.19553892243337.
C:\LocalHost\OptiBack\modulo_demanda\Algoritmo_Prophet\forecast_model.py:103: FutureWarning: suggest_loguniform has been deprecated in v3.0.0. This feature will be removed in v6.0.0. See https://github.com/optuna/optuna/releases/tag/v3.0.0. Use suggest_float(..., log=True) instead.
  cps = trial.suggest_loguniform("changepoint_prior_scale", 0.001, 0.5)
C:\LocalHost\OptiBack\modulo_demanda\Algoritmo_Prophet\forecast_model.py:104: FutureWarning: suggest_loguniform has been deprecated in v3.0.0. This feature will be removed in v6.0.0. See https://github.com/optuna/optuna/releases/tag/v3.0.0. Use suggest_float(..., log=True) instead.
  sps = trial.suggest_loguniform("seasonality_prior_scale", 0.01, 10.0)
  0%|          | 0/2 [00:00<?, ?it/s] 50%|#####     | 1/2 [00:01<00:01,  1.11s/it]100%|##########| 2/2 [00:01<00:00,  1.10it/s]100%|##########| 2/2 [00:01<00:00,  1.07it/s]
[I 2025-05-23 20:54:27,968] Trial 5 finished with value: 149.15353476136318 and parameters: {'changepoint_prior_scale': 0.05413873069492308, 'seasonality_prior_scale': 0.034868212314018626, 'n_changepoints': 18}. Best is trial 5 with value: 149.15353476136318.
C:\LocalHost\OptiBack\modulo_demanda\Algoritmo_Prophet\forecast_model.py:103: FutureWarning: suggest_loguniform has been deprecated in v3.0.0. This feature will be removed in v6.0.0. See https://github.com/optuna/optuna/releases/tag/v3.0.0. Use suggest_float(..., log=True) instead.
  cps = trial.suggest_loguniform("changepoint_prior_scale", 0.001, 0.5)
C:\LocalHost\OptiBack\modulo_demanda\Algoritmo_Prophet\forecast_model.py:104: FutureWarning: suggest_loguniform has been deprecated in v3.0.0. This feature will be removed in v6.0.0. See https://github.com/optuna/optuna/releases/tag/v3.0.0. Use suggest_float(..., log=True) instead.
  sps = trial.suggest_loguniform("seasonality_prior_scale", 0.01, 10.0)
  0%|          | 0/2 [00:00<?, ?it/s] 50%|#####     | 1/2 [00:01<00:01,  1.72s/it]100%|##########| 2/2 [00:02<00:00,  1.05s/it]100%|##########| 2/2 [00:02<00:00,  1.15s/it]
[I 2025-05-23 20:54:31,049] Trial 6 finished with value: 154.3457801508717 and parameters: {'changepoint_prior_scale': 0.026596403026520173, 'seasonality_prior_scale': 0.4299214922854205, 'n_changepoints': 35}. Best is trial 5 with value: 149.15353476136318.
C:\LocalHost\OptiBack\modulo_demanda\Algoritmo_Prophet\forecast_model.py:103: FutureWarning: suggest_loguniform has been deprecated in v3.0.0. This feature will be removed in v6.0.0. See https://github.com/optuna/optuna/releases/tag/v3.0.0. Use suggest_float(..., log=True) instead.
  cps = trial.suggest_loguniform("changepoint_prior_scale", 0.001, 0.5)
C:\LocalHost\OptiBack\modulo_demanda\Algoritmo_Prophet\forecast_model.py:104: FutureWarning: suggest_loguniform has been deprecated in v3.0.0. This feature will be removed in v6.0.0. See https://github.com/optuna/optuna/releases/tag/v3.0.0. Use suggest_float(..., log=True) instead.
  sps = trial.suggest_loguniform("seasonality_prior_scale", 0.01, 10.0)
  0%|          | 0/2 [00:00<?, ?it/s] 50%|#####     | 1/2 [00:02<00:02,  2.54s/it]100%|##########| 2/2 [00:03<00:00,  1.38s/it]100%|##########| 2/2 [00:03<00:00,  1.55s/it]
[I 2025-05-23 20:54:35,066] Trial 7 finished with value: 148.3300172314052 and parameters: {'changepoint_prior_scale': 0.29538163143204266, 'seasonality_prior_scale': 1.2619742879526197, 'n_changepoints': 34}. Best is trial 7 with value: 148.3300172314052.
C:\LocalHost\OptiBack\modulo_demanda\Algoritmo_Prophet\forecast_model.py:103: FutureWarning: suggest_loguniform has been deprecated in v3.0.0. This feature will be removed in v6.0.0. See https://github.com/optuna/optuna/releases/tag/v3.0.0. Use suggest_float(..., log=True) instead.
  cps = trial.suggest_loguniform("changepoint_prior_scale", 0.001, 0.5)
C:\LocalHost\OptiBack\modulo_demanda\Algoritmo_Prophet\forecast_model.py:104: FutureWarning: suggest_loguniform has been deprecated in v3.0.0. This feature will be removed in v6.0.0. See https://github.com/optuna/optuna/releases/tag/v3.0.0. Use suggest_float(..., log=True) instead.
  sps = trial.suggest_loguniform("seasonality_prior_scale", 0.01, 10.0)
  0%|          | 0/2 [00:00<?, ?it/s] 50%|#####     | 1/2 [00:01<00:01,  1.68s/it]100%|##########| 2/2 [00:02<00:00,  1.04s/it]100%|##########| 2/2 [00:02<00:00,  1.14s/it]
[I 2025-05-23 20:54:38,365] Trial 8 finished with value: 162.51328976112504 and parameters: {'changepoint_prior_scale': 0.1573559870272106, 'seasonality_prior_scale': 0.012729172346598419, 'n_changepoints': 26}. Best is trial 7 with value: 148.3300172314052.
C:\LocalHost\OptiBack\modulo_demanda\Algoritmo_Prophet\forecast_model.py:103: FutureWarning: suggest_loguniform has been deprecated in v3.0.0. This feature will be removed in v6.0.0. See https://github.com/optuna/optuna/releases/tag/v3.0.0. Use suggest_float(..., log=True) instead.
  cps = trial.suggest_loguniform("changepoint_prior_scale", 0.001, 0.5)
C:\LocalHost\OptiBack\modulo_demanda\Algoritmo_Prophet\forecast_model.py:104: FutureWarning: suggest_loguniform has been deprecated in v3.0.0. This feature will be removed in v6.0.0. See https://github.com/optuna/optuna/releases/tag/v3.0.0. Use suggest_float(..., log=True) instead.
  sps = trial.suggest_loguniform("seasonality_prior_scale", 0.01, 10.0)
  0%|          | 0/2 [00:00<?, ?it/s] 50%|#####     | 1/2 [00:01<00:01,  1.28s/it]100%|##########| 2/2 [00:01<00:00,  1.12it/s]100%|##########| 2/2 [00:01<00:00,  1.05it/s]
[I 2025-05-23 20:54:41,192] Trial 9 finished with value: 143.6925731602749 and parameters: {'changepoint_prior_scale': 0.15567141348976501, 'seasonality_prior_scale': 0.033887048733851954, 'n_changepoints': 15}. Best is trial 9 with value: 143.6925731602749.
  0%|          | 0/2 [00:00<?, ?it/s] 50%|#####     | 1/2 [00:01<00:01,  1.45s/it]100%|##########| 2/2 [00:02<00:00,  1.01s/it]100%|##########| 2/2 [00:02<00:00,  1.07s/it]
Rendimiento para la combinación BMX_997-BMX_TRADICIONAL-BMX_3001:
  horizon           mse        rmse  ...     mdape     smape  coverage
0 21 days   4145.877234   64.388487  ...  0.078066  0.072289  1.000000
1 28 days  27555.639540  165.998914  ...  0.100195  0.138088  0.666667
2 35 days  73447.337156  271.011692  ...  0.173571  0.219399  0.500000
3 42 days  72901.876936  270.003476  ...  0.173571  0.207963  0.500000
4 49 days  50449.094096  224.608758  ...  0.075158  0.144711  0.666667

[5 rows x 8 columns]
          ds        yhat  yhat_lower  yhat_upper         y     cutoff
0 2022-10-24  817.407688  734.351242  906.102910   755.999 2022-10-17
1 2022-10-31  863.284550  777.149986  944.955329   791.333 2022-10-17
2 2022-11-07  842.807548  754.701290  927.063283   846.833 2022-10-17
3 2022-11-14  815.906268  731.750892  900.407338  1168.000 2022-10-17
4 2022-11-21  665.333559  582.305832  742.486287  1193.666 2022-10-17
Contenido de df_prophet antes de model.fit:
            ds     y  day_of_week  week_of_year  month
0   2021-01-04   7.0            0             1      1
1   2021-01-11   7.0            0             2      1
2   2021-01-18   6.0            0             3      1
3   2021-01-25   8.0            0             4      1
4   2021-02-01   5.0            0             5      2
..         ...   ...          ...           ...    ...
151 2023-11-27  21.0            0            48     11
152 2023-12-04  17.0            0            49     12
153 2023-12-11  19.0            0            50     12
154 2023-12-18   9.0            0            51     12
155 2023-12-25   9.0            0            52     12

[156 rows x 5 columns]
[I 2025-05-23 20:54:44,293] A new study created in memory with name: no-name-eb095382-21f6-4c4f-88ab-a40d5dcf956c
C:\LocalHost\OptiBack\modulo_demanda\Algoritmo_Prophet\forecast_model.py:103: FutureWarning: suggest_loguniform has been deprecated in v3.0.0. This feature will be removed in v6.0.0. See https://github.com/optuna/optuna/releases/tag/v3.0.0. Use suggest_float(..., log=True) instead.
  cps = trial.suggest_loguniform("changepoint_prior_scale", 0.001, 0.5)
C:\LocalHost\OptiBack\modulo_demanda\Algoritmo_Prophet\forecast_model.py:104: FutureWarning: suggest_loguniform has been deprecated in v3.0.0. This feature will be removed in v6.0.0. See https://github.com/optuna/optuna/releases/tag/v3.0.0. Use suggest_float(..., log=True) instead.
  sps = trial.suggest_loguniform("seasonality_prior_scale", 0.01, 10.0)
  0%|          | 0/2 [00:00<?, ?it/s] 50%|#####     | 1/2 [00:01<00:01,  1.22s/it]100%|##########| 2/2 [00:01<00:00,  1.06it/s]100%|##########| 2/2 [00:01<00:00,  1.02it/s]
[I 2025-05-23 20:54:47,119] Trial 0 finished with value: 7.082321631271301 and parameters: {'changepoint_prior_scale': 0.015242001381013849, 'seasonality_prior_scale': 0.871775361112993, 'n_changepoints': 29}. Best is trial 0 with value: 7.082321631271301.
C:\LocalHost\OptiBack\modulo_demanda\Algoritmo_Prophet\forecast_model.py:103: FutureWarning: suggest_loguniform has been deprecated in v3.0.0. This feature will be removed in v6.0.0. See https://github.com/optuna/optuna/releases/tag/v3.0.0. Use suggest_float(..., log=True) instead.
  cps = trial.suggest_loguniform("changepoint_prior_scale", 0.001, 0.5)
C:\LocalHost\OptiBack\modulo_demanda\Algoritmo_Prophet\forecast_model.py:104: FutureWarning: suggest_loguniform has been deprecated in v3.0.0. This feature will be removed in v6.0.0. See https://github.com/optuna/optuna/releases/tag/v3.0.0. Use suggest_float(..., log=True) instead.
  sps = trial.suggest_loguniform("seasonality_prior_scale", 0.01, 10.0)
  0%|          | 0/2 [00:00<?, ?it/s] 50%|#####     | 1/2 [00:01<00:01,  1.19s/it]100%|##########| 2/2 [00:01<00:00,  1.18it/s]100%|##########| 2/2 [00:01<00:00,  1.11it/s]
[I 2025-05-23 20:54:49,731] Trial 1 finished with value: 7.04308839542203 and parameters: {'changepoint_prior_scale': 0.004225286972878419, 'seasonality_prior_scale': 1.3282655452561472, 'n_changepoints': 35}. Best is trial 1 with value: 7.04308839542203.
C:\LocalHost\OptiBack\modulo_demanda\Algoritmo_Prophet\forecast_model.py:103: FutureWarning: suggest_loguniform has been deprecated in v3.0.0. This feature will be removed in v6.0.0. See https://github.com/optuna/optuna/releases/tag/v3.0.0. Use suggest_float(..., log=True) instead.
  cps = trial.suggest_loguniform("changepoint_prior_scale", 0.001, 0.5)
C:\LocalHost\OptiBack\modulo_demanda\Algoritmo_Prophet\forecast_model.py:104: FutureWarning: suggest_loguniform has been deprecated in v3.0.0. This feature will be removed in v6.0.0. See https://github.com/optuna/optuna/releases/tag/v3.0.0. Use suggest_float(..., log=True) instead.
  sps = trial.suggest_loguniform("seasonality_prior_scale", 0.01, 10.0)
  0%|          | 0/2 [00:00<?, ?it/s] 50%|#####     | 1/2 [00:01<00:01,  1.14s/it]100%|##########| 2/2 [00:01<00:00,  1.12it/s]100%|##########| 2/2 [00:01<00:00,  1.08it/s]
[I 2025-05-23 20:54:52,360] Trial 2 finished with value: 7.069147157475139 and parameters: {'changepoint_prior_scale': 0.05107167552840476, 'seasonality_prior_scale': 1.3243550025667556, 'n_changepoints': 30}. Best is trial 1 with value: 7.04308839542203.
C:\LocalHost\OptiBack\modulo_demanda\Algoritmo_Prophet\forecast_model.py:103: FutureWarning: suggest_loguniform has been deprecated in v3.0.0. This feature will be removed in v6.0.0. See https://github.com/optuna/optuna/releases/tag/v3.0.0. Use suggest_float(..., log=True) instead.
  cps = trial.suggest_loguniform("changepoint_prior_scale", 0.001, 0.5)
C:\LocalHost\OptiBack\modulo_demanda\Algoritmo_Prophet\forecast_model.py:104: FutureWarning: suggest_loguniform has been deprecated in v3.0.0. This feature will be removed in v6.0.0. See https://github.com/optuna/optuna/releases/tag/v3.0.0. Use suggest_float(..., log=True) instead.
  sps = trial.suggest_loguniform("seasonality_prior_scale", 0.01, 10.0)
  0%|          | 0/2 [00:00<?, ?it/s] 50%|#####     | 1/2 [00:01<00:01,  1.15s/it]100%|##########| 2/2 [00:01<00:00,  1.24it/s]100%|##########| 2/2 [00:01<00:00,  1.17it/s]
[I 2025-05-23 20:54:54,886] Trial 3 finished with value: 6.734105866428567 and parameters: {'changepoint_prior_scale': 0.004165940869174288, 'seasonality_prior_scale': 0.021765645080624986, 'n_changepoints': 35}. Best is trial 3 with value: 6.734105866428567.
C:\LocalHost\OptiBack\modulo_demanda\Algoritmo_Prophet\forecast_model.py:103: FutureWarning: suggest_loguniform has been deprecated in v3.0.0. This feature will be removed in v6.0.0. See https://github.com/optuna/optuna/releases/tag/v3.0.0. Use suggest_float(..., log=True) instead.
  cps = trial.suggest_loguniform("changepoint_prior_scale", 0.001, 0.5)
C:\LocalHost\OptiBack\modulo_demanda\Algoritmo_Prophet\forecast_model.py:104: FutureWarning: suggest_loguniform has been deprecated in v3.0.0. This feature will be removed in v6.0.0. See https://github.com/optuna/optuna/releases/tag/v3.0.0. Use suggest_float(..., log=True) instead.
  sps = trial.suggest_loguniform("seasonality_prior_scale", 0.01, 10.0)
  0%|          | 0/2 [00:00<?, ?it/s] 50%|#####     | 1/2 [00:01<00:01,  1.33s/it]100%|##########| 2/2 [00:01<00:00,  1.11it/s]100%|##########| 2/2 [00:01<00:00,  1.04it/s]
